[5.736s] Invoking command in '/home/muc/MUC-Hardware/muc_ws_rpi/src/motor_control': PYTHONPATH=/home/muc/MUC-Hardware/muc_ws_rpi/build/motor_control/prefix_override:/usr/lib/python3/dist-packages/colcon_core/task/python/colcon_distutils_commands:/home/muc/MUC-Hardware/muc_ws_rpi/install/motor_control/lib/python3.10/site-packages:${PYTHONPATH} /usr/bin/python3 -W ignore:setup.py install is deprecated setup.py egg_info --egg-base ../../build/motor_control build --build-base /home/muc/MUC-Hardware/muc_ws_rpi/build/motor_control/build install --record /home/muc/MUC-Hardware/muc_ws_rpi/build/motor_control/install.log --single-version-externally-managed install_data
[7.222s] running egg_info
[7.222s] writing ../../build/motor_control/motor_control.egg-info/PKG-INFO
[7.223s] writing dependency_links to ../../build/motor_control/motor_control.egg-info/dependency_links.txt
[7.223s] writing entry points to ../../build/motor_control/motor_control.egg-info/entry_points.txt
[7.224s] writing requirements to ../../build/motor_control/motor_control.egg-info/requires.txt
[7.225s] writing top-level names to ../../build/motor_control/motor_control.egg-info/top_level.txt
[7.230s] reading manifest file '../../build/motor_control/motor_control.egg-info/SOURCES.txt'
[7.233s] writing manifest file '../../build/motor_control/motor_control.egg-info/SOURCES.txt'
[7.235s] running build
[7.236s] running build_py
[7.236s] running install
[7.237s] running install_lib
[7.241s] running install_data
[7.242s] running install_egg_info
[7.252s] removing '/home/muc/MUC-Hardware/muc_ws_rpi/install/motor_control/lib/python3.10/site-packages/motor_control-0.0.0-py3.10.egg-info' (and everything under it)
[7.254s] Copying ../../build/motor_control/motor_control.egg-info to /home/muc/MUC-Hardware/muc_ws_rpi/install/motor_control/lib/python3.10/site-packages/motor_control-0.0.0-py3.10.egg-info
[7.261s] running install_scripts
[7.373s] Installing motor_control_node script to /home/muc/MUC-Hardware/muc_ws_rpi/install/motor_control/lib/motor_control
[7.376s] writing list of installed files to '/home/muc/MUC-Hardware/muc_ws_rpi/build/motor_control/install.log'
[7.696s] Invoked command in '/home/muc/MUC-Hardware/muc_ws_rpi/src/motor_control' returned '0': PYTHONPATH=/home/muc/MUC-Hardware/muc_ws_rpi/build/motor_control/prefix_override:/usr/lib/python3/dist-packages/colcon_core/task/python/colcon_distutils_commands:/home/muc/MUC-Hardware/muc_ws_rpi/install/motor_control/lib/python3.10/site-packages:${PYTHONPATH} /usr/bin/python3 -W ignore:setup.py install is deprecated setup.py egg_info --egg-base ../../build/motor_control build --build-base /home/muc/MUC-Hardware/muc_ws_rpi/build/motor_control/build install --record /home/muc/MUC-Hardware/muc_ws_rpi/build/motor_control/install.log --single-version-externally-managed install_data
