[3.428s] Invoking command in '/home/muc/MUC-Hardware-/muc_ws_rpi/src/encoder_reader': PYTHONPATH=/home/muc/MUC-Hardware-/muc_ws_rpi/build/encoder_reader/prefix_override:/usr/lib/python3/dist-packages/colcon_core/task/python/colcon_distutils_commands:/home/muc/MUC-Hardware-/muc_ws_rpi/install/encoder_reader/lib/python3.10/site-packages: /usr/bin/python3 -W ignore:setup.py install is deprecated setup.py egg_info --egg-base ../../build/encoder_reader build --build-base /home/muc/MUC-Hardware-/muc_ws_rpi/build/encoder_reader/build install --record /home/muc/MUC-Hardware-/muc_ws_rpi/build/encoder_reader/install.log --single-version-externally-managed install_data
[4.337s] running egg_info
[4.345s] writing ../../build/encoder_reader/encoder_reader.egg-info/PKG-INFO
[4.350s] writing dependency_links to ../../build/encoder_reader/encoder_reader.egg-info/dependency_links.txt
[4.351s] writing entry points to ../../build/encoder_reader/encoder_reader.egg-info/entry_points.txt
[4.352s] writing requirements to ../../build/encoder_reader/encoder_reader.egg-info/requires.txt
[4.353s] writing top-level names to ../../build/encoder_reader/encoder_reader.egg-info/top_level.txt
[4.361s] reading manifest file '../../build/encoder_reader/encoder_reader.egg-info/SOURCES.txt'
[4.366s] writing manifest file '../../build/encoder_reader/encoder_reader.egg-info/SOURCES.txt'
[4.366s] running build
[4.367s] running build_py
[4.371s] running install
[4.372s] running install_lib
[4.380s] running install_data
[4.383s] running install_egg_info
[4.391s] removing '/home/muc/MUC-Hardware-/muc_ws_rpi/install/encoder_reader/lib/python3.10/site-packages/encoder_reader-0.0.0-py3.10.egg-info' (and everything under it)
[4.393s] Copying ../../build/encoder_reader/encoder_reader.egg-info to /home/muc/MUC-Hardware-/muc_ws_rpi/install/encoder_reader/lib/python3.10/site-packages/encoder_reader-0.0.0-py3.10.egg-info
[4.401s] running install_scripts
[4.484s] Installing encoder_reader_node script to /home/muc/MUC-Hardware-/muc_ws_rpi/install/encoder_reader/lib/encoder_reader
[4.488s] writing list of installed files to '/home/muc/MUC-Hardware-/muc_ws_rpi/build/encoder_reader/install.log'
[4.658s] Invoked command in '/home/muc/MUC-Hardware-/muc_ws_rpi/src/encoder_reader' returned '0': PYTHONPATH=/home/muc/MUC-Hardware-/muc_ws_rpi/build/encoder_reader/prefix_override:/usr/lib/python3/dist-packages/colcon_core/task/python/colcon_distutils_commands:/home/muc/MUC-Hardware-/muc_ws_rpi/install/encoder_reader/lib/python3.10/site-packages: /usr/bin/python3 -W ignore:setup.py install is deprecated setup.py egg_info --egg-base ../../build/encoder_reader build --build-base /home/muc/MUC-Hardware-/muc_ws_rpi/build/encoder_reader/build install --record /home/muc/MUC-Hardware-/muc_ws_rpi/build/encoder_reader/install.log --single-version-externally-managed install_data
