[0.434s] DEBUG:colcon:Command line arguments: ['/usr/bin/colcon', 'build']
[0.434s] DEBUG:colcon:Parsed command line arguments: Namespace(log_base=None, log_level=None, verb_name='build', build_base='build', install_base='install', merge_install=False, symlink_install=False, test_result_base=None, continue_on_error=False, executor='parallel', parallel_workers=4, event_handlers=None, ignore_user_meta=False, metas=['./colcon.meta'], base_paths=['.'], packages_ignore=None, packages_ignore_regex=None, paths=None, packages_up_to=None, packages_up_to_regex=None, packages_above=None, packages_above_and_dependencies=None, packages_above_depth=None, packages_select_by_dep=None, packages_skip_by_dep=None, packages_skip_up_to=None, packages_select_build_failed=False, packages_skip_build_finished=False, packages_select_test_failures=False, packages_skip_test_passed=False, packages_select=None, packages_skip=None, packages_select_regex=None, packages_skip_regex=None, packages_start=None, packages_end=None, allow_overriding=[], cmake_args=None, cmake_target=None, cmake_target_skip_unavailable=False, cmake_clean_cache=False, cmake_clean_first=False, cmake_force_configure=False, ament_cmake_args=None, catkin_cmake_args=None, catkin_skip_building_tests=False, verb_parser=<colcon_defaults.argument_parser.defaults.DefaultArgumentsDecorator object at 0xffff8150f9d0>, verb_extension=<colcon_core.verb.build.BuildVerb object at 0xffff81694640>, main=<bound method BuildVerb.main of <colcon_core.verb.build.BuildVerb object at 0xffff81694640>>)
[1.196s] Level 1:colcon.colcon_core.package_discovery:discover_packages(colcon_meta) check parameters
[1.197s] Level 1:colcon.colcon_core.package_discovery:discover_packages(recursive) check parameters
[1.197s] Level 1:colcon.colcon_core.package_discovery:discover_packages(ignore) check parameters
[1.197s] Level 1:colcon.colcon_core.package_discovery:discover_packages(path) check parameters
[1.197s] Level 1:colcon.colcon_core.package_discovery:discover_packages(colcon_meta) discover
[1.197s] Level 1:colcon.colcon_core.package_discovery:discover_packages(recursive) discover
[1.197s] INFO:colcon.colcon_core.package_discovery:Crawling recursively for packages in '/home/muc/MUC-Hardware/muc_ws_rpi'
[1.198s] Level 1:colcon.colcon_core.package_identification:_identify(.) by extensions ['ignore', 'ignore_ament_install']
[1.198s] Level 1:colcon.colcon_core.package_identification:_identify(.) by extension 'ignore'
[1.198s] Level 1:colcon.colcon_core.package_identification:_identify(.) by extension 'ignore_ament_install'
[1.199s] Level 1:colcon.colcon_core.package_identification:_identify(.) by extensions ['colcon_pkg']
[1.199s] Level 1:colcon.colcon_core.package_identification:_identify(.) by extension 'colcon_pkg'
[1.199s] Level 1:colcon.colcon_core.package_identification:_identify(.) by extensions ['colcon_meta']
[1.199s] Level 1:colcon.colcon_core.package_identification:_identify(.) by extension 'colcon_meta'
[1.199s] Level 1:colcon.colcon_core.package_identification:_identify(.) by extensions ['ros']
[1.199s] Level 1:colcon.colcon_core.package_identification:_identify(.) by extension 'ros'
[1.247s] Level 1:colcon.colcon_core.package_identification:_identify(.) by extensions ['cmake', 'python']
[1.247s] Level 1:colcon.colcon_core.package_identification:_identify(.) by extension 'cmake'
[1.247s] Level 1:colcon.colcon_core.package_identification:_identify(.) by extension 'python'
[1.248s] Level 1:colcon.colcon_core.package_identification:_identify(.) by extensions ['python_setup_py']
[1.248s] Level 1:colcon.colcon_core.package_identification:_identify(.) by extension 'python_setup_py'
[1.248s] Level 1:colcon.colcon_core.package_identification:_identify(build) by extensions ['ignore', 'ignore_ament_install']
[1.249s] Level 1:colcon.colcon_core.package_identification:_identify(build) by extension 'ignore'
[1.249s] Level 1:colcon.colcon_core.package_identification:_identify(build) ignored
[1.249s] Level 1:colcon.colcon_core.package_identification:_identify(install) by extensions ['ignore', 'ignore_ament_install']
[1.250s] Level 1:colcon.colcon_core.package_identification:_identify(install) by extension 'ignore'
[1.250s] Level 1:colcon.colcon_core.package_identification:_identify(install) ignored
[1.250s] Level 1:colcon.colcon_core.package_identification:_identify(log) by extensions ['ignore', 'ignore_ament_install']
[1.251s] Level 1:colcon.colcon_core.package_identification:_identify(log) by extension 'ignore'
[1.251s] Level 1:colcon.colcon_core.package_identification:_identify(log) ignored
[1.251s] Level 1:colcon.colcon_core.package_identification:_identify(src) by extensions ['ignore', 'ignore_ament_install']
[1.252s] Level 1:colcon.colcon_core.package_identification:_identify(src) by extension 'ignore'
[1.252s] Level 1:colcon.colcon_core.package_identification:_identify(src) by extension 'ignore_ament_install'
[1.252s] Level 1:colcon.colcon_core.package_identification:_identify(src) by extensions ['colcon_pkg']
[1.252s] Level 1:colcon.colcon_core.package_identification:_identify(src) by extension 'colcon_pkg'
[1.252s] Level 1:colcon.colcon_core.package_identification:_identify(src) by extensions ['colcon_meta']
[1.252s] Level 1:colcon.colcon_core.package_identification:_identify(src) by extension 'colcon_meta'
[1.253s] Level 1:colcon.colcon_core.package_identification:_identify(src) by extensions ['ros']
[1.253s] Level 1:colcon.colcon_core.package_identification:_identify(src) by extension 'ros'
[1.253s] Level 1:colcon.colcon_core.package_identification:_identify(src) by extensions ['cmake', 'python']
[1.253s] Level 1:colcon.colcon_core.package_identification:_identify(src) by extension 'cmake'
[1.253s] Level 1:colcon.colcon_core.package_identification:_identify(src) by extension 'python'
[1.253s] Level 1:colcon.colcon_core.package_identification:_identify(src) by extensions ['python_setup_py']
[1.254s] Level 1:colcon.colcon_core.package_identification:_identify(src) by extension 'python_setup_py'
[1.254s] Level 1:colcon.colcon_core.package_identification:_identify(src/encoder_reader) by extensions ['ignore', 'ignore_ament_install']
[1.254s] Level 1:colcon.colcon_core.package_identification:_identify(src/encoder_reader) by extension 'ignore'
[1.255s] Level 1:colcon.colcon_core.package_identification:_identify(src/encoder_reader) by extension 'ignore_ament_install'
[1.255s] Level 1:colcon.colcon_core.package_identification:_identify(src/encoder_reader) by extensions ['colcon_pkg']
[1.255s] Level 1:colcon.colcon_core.package_identification:_identify(src/encoder_reader) by extension 'colcon_pkg'
[1.255s] Level 1:colcon.colcon_core.package_identification:_identify(src/encoder_reader) by extensions ['colcon_meta']
[1.255s] Level 1:colcon.colcon_core.package_identification:_identify(src/encoder_reader) by extension 'colcon_meta'
[1.255s] Level 1:colcon.colcon_core.package_identification:_identify(src/encoder_reader) by extensions ['ros']
[1.255s] Level 1:colcon.colcon_core.package_identification:_identify(src/encoder_reader) by extension 'ros'
[1.264s] DEBUG:colcon.colcon_core.package_identification:Package 'src/encoder_reader' with type 'ros.ament_python' and name 'encoder_reader'
[1.265s] Level 1:colcon.colcon_core.package_identification:_identify(src/motor_control) by extensions ['ignore', 'ignore_ament_install']
[1.265s] Level 1:colcon.colcon_core.package_identification:_identify(src/motor_control) by extension 'ignore'
[1.266s] Level 1:colcon.colcon_core.package_identification:_identify(src/motor_control) by extension 'ignore_ament_install'
[1.266s] Level 1:colcon.colcon_core.package_identification:_identify(src/motor_control) by extensions ['colcon_pkg']
[1.266s] Level 1:colcon.colcon_core.package_identification:_identify(src/motor_control) by extension 'colcon_pkg'
[1.266s] Level 1:colcon.colcon_core.package_identification:_identify(src/motor_control) by extensions ['colcon_meta']
[1.266s] Level 1:colcon.colcon_core.package_identification:_identify(src/motor_control) by extension 'colcon_meta'
[1.266s] Level 1:colcon.colcon_core.package_identification:_identify(src/motor_control) by extensions ['ros']
[1.267s] Level 1:colcon.colcon_core.package_identification:_identify(src/motor_control) by extension 'ros'
[1.269s] DEBUG:colcon.colcon_core.package_identification:Package 'src/motor_control' with type 'ros.ament_python' and name 'motor_control'
[1.270s] Level 1:colcon.colcon_core.package_identification:_identify(src/publish_imu) by extensions ['ignore', 'ignore_ament_install']
[1.270s] Level 1:colcon.colcon_core.package_identification:_identify(src/publish_imu) by extension 'ignore'
[1.270s] Level 1:colcon.colcon_core.package_identification:_identify(src/publish_imu) by extension 'ignore_ament_install'
[1.271s] Level 1:colcon.colcon_core.package_identification:_identify(src/publish_imu) by extensions ['colcon_pkg']
[1.271s] Level 1:colcon.colcon_core.package_identification:_identify(src/publish_imu) by extension 'colcon_pkg'
[1.271s] Level 1:colcon.colcon_core.package_identification:_identify(src/publish_imu) by extensions ['colcon_meta']
[1.271s] Level 1:colcon.colcon_core.package_identification:_identify(src/publish_imu) by extension 'colcon_meta'
[1.271s] Level 1:colcon.colcon_core.package_identification:_identify(src/publish_imu) by extensions ['ros']
[1.271s] Level 1:colcon.colcon_core.package_identification:_identify(src/publish_imu) by extension 'ros'
[1.274s] DEBUG:colcon.colcon_core.package_identification:Package 'src/publish_imu' with type 'ros.ament_python' and name 'publish_imu'
[1.274s] Level 1:colcon.colcon_core.package_discovery:discover_packages(recursive) using defaults
[1.274s] Level 1:colcon.colcon_core.package_discovery:discover_packages(ignore) discover
[1.274s] Level 1:colcon.colcon_core.package_discovery:discover_packages(ignore) using defaults
[1.275s] Level 1:colcon.colcon_core.package_discovery:discover_packages(path) discover
[1.275s] Level 1:colcon.colcon_core.package_discovery:discover_packages(path) using defaults
[1.351s] Level 1:colcon.colcon_core.package_discovery:discover_packages(prefix_path) check parameters
[1.352s] Level 1:colcon.colcon_core.package_discovery:discover_packages(prefix_path) discover
[1.360s] DEBUG:colcon.colcon_installed_package_information.package_discovery:Found 2 installed packages in /home/muc/MUC-Hardware/muc_ws_rpi/install
[1.368s] DEBUG:colcon.colcon_installed_package_information.package_discovery:Found 270 installed packages in /opt/ros/humble
[1.375s] Level 1:colcon.colcon_core.package_discovery:discover_packages(prefix_path) using defaults
[1.576s] Level 5:colcon.colcon_core.verb:set package 'encoder_reader' build argument 'cmake_args' from command line to 'None'
[1.576s] Level 5:colcon.colcon_core.verb:set package 'encoder_reader' build argument 'cmake_target' from command line to 'None'
[1.576s] Level 5:colcon.colcon_core.verb:set package 'encoder_reader' build argument 'cmake_target_skip_unavailable' from command line to 'False'
[1.576s] Level 5:colcon.colcon_core.verb:set package 'encoder_reader' build argument 'cmake_clean_cache' from command line to 'False'
[1.577s] Level 5:colcon.colcon_core.verb:set package 'encoder_reader' build argument 'cmake_clean_first' from command line to 'False'
[1.577s] Level 5:colcon.colcon_core.verb:set package 'encoder_reader' build argument 'cmake_force_configure' from command line to 'False'
[1.577s] Level 5:colcon.colcon_core.verb:set package 'encoder_reader' build argument 'ament_cmake_args' from command line to 'None'
[1.577s] Level 5:colcon.colcon_core.verb:set package 'encoder_reader' build argument 'catkin_cmake_args' from command line to 'None'
[1.577s] Level 5:colcon.colcon_core.verb:set package 'encoder_reader' build argument 'catkin_skip_building_tests' from command line to 'False'
[1.577s] DEBUG:colcon.colcon_core.verb:Building package 'encoder_reader' with the following arguments: {'ament_cmake_args': None, 'build_base': '/home/muc/MUC-Hardware/muc_ws_rpi/build/encoder_reader', 'catkin_cmake_args': None, 'catkin_skip_building_tests': False, 'cmake_args': None, 'cmake_clean_cache': False, 'cmake_clean_first': False, 'cmake_force_configure': False, 'cmake_target': None, 'cmake_target_skip_unavailable': False, 'install_base': '/home/muc/MUC-Hardware/muc_ws_rpi/install/encoder_reader', 'merge_install': False, 'path': '/home/muc/MUC-Hardware/muc_ws_rpi/src/encoder_reader', 'symlink_install': False, 'test_result_base': None}
[1.579s] Level 5:colcon.colcon_core.verb:set package 'motor_control' build argument 'cmake_args' from command line to 'None'
[1.579s] Level 5:colcon.colcon_core.verb:set package 'motor_control' build argument 'cmake_target' from command line to 'None'
[1.579s] Level 5:colcon.colcon_core.verb:set package 'motor_control' build argument 'cmake_target_skip_unavailable' from command line to 'False'
[1.579s] Level 5:colcon.colcon_core.verb:set package 'motor_control' build argument 'cmake_clean_cache' from command line to 'False'
[1.579s] Level 5:colcon.colcon_core.verb:set package 'motor_control' build argument 'cmake_clean_first' from command line to 'False'
[1.579s] Level 5:colcon.colcon_core.verb:set package 'motor_control' build argument 'cmake_force_configure' from command line to 'False'
[1.579s] Level 5:colcon.colcon_core.verb:set package 'motor_control' build argument 'ament_cmake_args' from command line to 'None'
[1.579s] Level 5:colcon.colcon_core.verb:set package 'motor_control' build argument 'catkin_cmake_args' from command line to 'None'
[1.579s] Level 5:colcon.colcon_core.verb:set package 'motor_control' build argument 'catkin_skip_building_tests' from command line to 'False'
[1.580s] DEBUG:colcon.colcon_core.verb:Building package 'motor_control' with the following arguments: {'ament_cmake_args': None, 'build_base': '/home/muc/MUC-Hardware/muc_ws_rpi/build/motor_control', 'catkin_cmake_args': None, 'catkin_skip_building_tests': False, 'cmake_args': None, 'cmake_clean_cache': False, 'cmake_clean_first': False, 'cmake_force_configure': False, 'cmake_target': None, 'cmake_target_skip_unavailable': False, 'install_base': '/home/muc/MUC-Hardware/muc_ws_rpi/install/motor_control', 'merge_install': False, 'path': '/home/muc/MUC-Hardware/muc_ws_rpi/src/motor_control', 'symlink_install': False, 'test_result_base': None}
[1.581s] Level 5:colcon.colcon_core.verb:set package 'publish_imu' build argument 'cmake_args' from command line to 'None'
[1.581s] Level 5:colcon.colcon_core.verb:set package 'publish_imu' build argument 'cmake_target' from command line to 'None'
[1.581s] Level 5:colcon.colcon_core.verb:set package 'publish_imu' build argument 'cmake_target_skip_unavailable' from command line to 'False'
[1.581s] Level 5:colcon.colcon_core.verb:set package 'publish_imu' build argument 'cmake_clean_cache' from command line to 'False'
[1.581s] Level 5:colcon.colcon_core.verb:set package 'publish_imu' build argument 'cmake_clean_first' from command line to 'False'
[1.582s] Level 5:colcon.colcon_core.verb:set package 'publish_imu' build argument 'cmake_force_configure' from command line to 'False'
[1.582s] Level 5:colcon.colcon_core.verb:set package 'publish_imu' build argument 'ament_cmake_args' from command line to 'None'
[1.582s] Level 5:colcon.colcon_core.verb:set package 'publish_imu' build argument 'catkin_cmake_args' from command line to 'None'
[1.582s] Level 5:colcon.colcon_core.verb:set package 'publish_imu' build argument 'catkin_skip_building_tests' from command line to 'False'
[1.582s] DEBUG:colcon.colcon_core.verb:Building package 'publish_imu' with the following arguments: {'ament_cmake_args': None, 'build_base': '/home/muc/MUC-Hardware/muc_ws_rpi/build/publish_imu', 'catkin_cmake_args': None, 'catkin_skip_building_tests': False, 'cmake_args': None, 'cmake_clean_cache': False, 'cmake_clean_first': False, 'cmake_force_configure': False, 'cmake_target': None, 'cmake_target_skip_unavailable': False, 'install_base': '/home/muc/MUC-Hardware/muc_ws_rpi/install/publish_imu', 'merge_install': False, 'path': '/home/muc/MUC-Hardware/muc_ws_rpi/src/publish_imu', 'symlink_install': False, 'test_result_base': None}
[1.582s] INFO:colcon.colcon_core.executor:Executing jobs using 'parallel' executor
[1.586s] DEBUG:colcon.colcon_parallel_executor.executor.parallel:run_until_complete
[1.587s] INFO:colcon.colcon_ros.task.ament_python.build:Building ROS package in '/home/muc/MUC-Hardware/muc_ws_rpi/src/encoder_reader' with build type 'ament_python'
[1.587s] Level 1:colcon.colcon_core.shell:create_environment_hook('encoder_reader', 'ament_prefix_path')
[1.596s] INFO:colcon.colcon_core.plugin_system:Skipping extension 'colcon_core.shell.bat': Not used on non-Windows systems
[1.596s] INFO:colcon.colcon_core.shell:Creating environment hook '/home/muc/MUC-Hardware/muc_ws_rpi/install/encoder_reader/share/encoder_reader/hook/ament_prefix_path.ps1'
[1.599s] INFO:colcon.colcon_core.shell:Creating environment descriptor '/home/muc/MUC-Hardware/muc_ws_rpi/install/encoder_reader/share/encoder_reader/hook/ament_prefix_path.dsv'
[1.602s] INFO:colcon.colcon_core.shell:Creating environment hook '/home/muc/MUC-Hardware/muc_ws_rpi/install/encoder_reader/share/encoder_reader/hook/ament_prefix_path.sh'
[1.605s] INFO:colcon.colcon_core.shell:Skip shell extension 'powershell' for command environment: Not usable outside of PowerShell
[1.606s] DEBUG:colcon.colcon_core.shell:Skip shell extension 'dsv' for command environment
[1.623s] INFO:colcon.colcon_ros.task.ament_python.build:Building ROS package in '/home/muc/MUC-Hardware/muc_ws_rpi/src/motor_control' with build type 'ament_python'
[1.624s] Level 1:colcon.colcon_core.shell:create_environment_hook('motor_control', 'ament_prefix_path')
[1.625s] INFO:colcon.colcon_core.shell:Creating environment hook '/home/muc/MUC-Hardware/muc_ws_rpi/install/motor_control/share/motor_control/hook/ament_prefix_path.ps1'
[1.627s] INFO:colcon.colcon_core.shell:Creating environment descriptor '/home/muc/MUC-Hardware/muc_ws_rpi/install/motor_control/share/motor_control/hook/ament_prefix_path.dsv'
[1.630s] INFO:colcon.colcon_core.shell:Creating environment hook '/home/muc/MUC-Hardware/muc_ws_rpi/install/motor_control/share/motor_control/hook/ament_prefix_path.sh'
[1.632s] INFO:colcon.colcon_core.shell:Skip shell extension 'powershell' for command environment: Not usable outside of PowerShell
[1.633s] DEBUG:colcon.colcon_core.shell:Skip shell extension 'dsv' for command environment
[1.650s] INFO:colcon.colcon_ros.task.ament_python.build:Building ROS package in '/home/muc/MUC-Hardware/muc_ws_rpi/src/publish_imu' with build type 'ament_python'
[1.651s] Level 1:colcon.colcon_core.shell:create_environment_hook('publish_imu', 'ament_prefix_path')
[1.652s] INFO:colcon.colcon_core.shell:Creating environment hook '/home/muc/MUC-Hardware/muc_ws_rpi/install/publish_imu/share/publish_imu/hook/ament_prefix_path.ps1'
[1.654s] INFO:colcon.colcon_core.shell:Creating environment descriptor '/home/muc/MUC-Hardware/muc_ws_rpi/install/publish_imu/share/publish_imu/hook/ament_prefix_path.dsv'
[1.657s] INFO:colcon.colcon_core.shell:Creating environment hook '/home/muc/MUC-Hardware/muc_ws_rpi/install/publish_imu/share/publish_imu/hook/ament_prefix_path.sh'
[1.660s] INFO:colcon.colcon_core.shell:Skip shell extension 'powershell' for command environment: Not usable outside of PowerShell
[1.660s] DEBUG:colcon.colcon_core.shell:Skip shell extension 'dsv' for command environment
[2.799s] INFO:colcon.colcon_core.task.python.build:Building Python package in '/home/muc/MUC-Hardware/muc_ws_rpi/src/encoder_reader'
[2.800s] INFO:colcon.colcon_core.shell:Skip shell extension 'powershell' for command environment: Not usable outside of PowerShell
[2.801s] DEBUG:colcon.colcon_core.shell:Skip shell extension 'dsv' for command environment
[3.928s] INFO:colcon.colcon_core.task.python.build:Building Python package in '/home/muc/MUC-Hardware/muc_ws_rpi/src/motor_control'
[3.929s] INFO:colcon.colcon_core.shell:Skip shell extension 'powershell' for command environment: Not usable outside of PowerShell
[3.929s] DEBUG:colcon.colcon_core.shell:Skip shell extension 'dsv' for command environment
[5.046s] INFO:colcon.colcon_core.task.python.build:Building Python package in '/home/muc/MUC-Hardware/muc_ws_rpi/src/publish_imu'
[5.047s] INFO:colcon.colcon_core.shell:Skip shell extension 'powershell' for command environment: Not usable outside of PowerShell
[5.047s] DEBUG:colcon.colcon_core.shell:Skip shell extension 'dsv' for command environment
[7.016s] DEBUG:colcon.colcon_core.event_handler.log_command:Invoking command in '/home/muc/MUC-Hardware/muc_ws_rpi/src/motor_control': PYTHONPATH=/home/muc/MUC-Hardware/muc_ws_rpi/build/motor_control/prefix_override:/usr/lib/python3/dist-packages/colcon_core/task/python/colcon_distutils_commands:/home/muc/MUC-Hardware/muc_ws_rpi/install/motor_control/lib/python3.10/site-packages:${PYTHONPATH} /usr/bin/python3 -W ignore:setup.py install is deprecated setup.py egg_info --egg-base ../../build/motor_control build --build-base /home/muc/MUC-Hardware/muc_ws_rpi/build/motor_control/build install --record /home/muc/MUC-Hardware/muc_ws_rpi/build/motor_control/install.log --single-version-externally-managed install_data
[7.038s] DEBUG:colcon.colcon_core.event_handler.log_command:Invoking command in '/home/muc/MUC-Hardware/muc_ws_rpi/src/encoder_reader': PYTHONPATH=/home/muc/MUC-Hardware/muc_ws_rpi/build/encoder_reader/prefix_override:/usr/lib/python3/dist-packages/colcon_core/task/python/colcon_distutils_commands:/home/muc/MUC-Hardware/muc_ws_rpi/install/encoder_reader/lib/python3.10/site-packages:${PYTHONPATH} /usr/bin/python3 -W ignore:setup.py install is deprecated setup.py egg_info --egg-base ../../build/encoder_reader build --build-base /home/muc/MUC-Hardware/muc_ws_rpi/build/encoder_reader/build install --record /home/muc/MUC-Hardware/muc_ws_rpi/build/encoder_reader/install.log --single-version-externally-managed install_data
[7.054s] DEBUG:colcon.colcon_core.event_handler.log_command:Invoking command in '/home/muc/MUC-Hardware/muc_ws_rpi/src/publish_imu': PYTHONPATH=/home/muc/MUC-Hardware/muc_ws_rpi/build/publish_imu/prefix_override:/usr/lib/python3/dist-packages/colcon_core/task/python/colcon_distutils_commands:/home/muc/MUC-Hardware/muc_ws_rpi/install/publish_imu/lib/python3.10/site-packages:${PYTHONPATH} /usr/bin/python3 -W ignore:setup.py install is deprecated setup.py egg_info --egg-base ../../build/publish_imu build --build-base /home/muc/MUC-Hardware/muc_ws_rpi/build/publish_imu/build install --record /home/muc/MUC-Hardware/muc_ws_rpi/build/publish_imu/install.log --single-version-externally-managed install_data
[8.753s] DEBUG:colcon.colcon_core.event_handler.log_command:Invoked command in '/home/muc/MUC-Hardware/muc_ws_rpi/src/motor_control' returned '0': PYTHONPATH=/home/muc/MUC-Hardware/muc_ws_rpi/build/motor_control/prefix_override:/usr/lib/python3/dist-packages/colcon_core/task/python/colcon_distutils_commands:/home/muc/MUC-Hardware/muc_ws_rpi/install/motor_control/lib/python3.10/site-packages:${PYTHONPATH} /usr/bin/python3 -W ignore:setup.py install is deprecated setup.py egg_info --egg-base ../../build/motor_control build --build-base /home/muc/MUC-Hardware/muc_ws_rpi/build/motor_control/build install --record /home/muc/MUC-Hardware/muc_ws_rpi/build/motor_control/install.log --single-version-externally-managed install_data
[8.800s] Level 1:colcon.colcon_core.environment:checking '/home/muc/MUC-Hardware/muc_ws_rpi/install/motor_control' for CMake module files
[8.803s] Level 1:colcon.colcon_core.environment:checking '/home/muc/MUC-Hardware/muc_ws_rpi/install/motor_control' for CMake config files
[8.810s] Level 1:colcon.colcon_core.environment:checking '/home/muc/MUC-Hardware/muc_ws_rpi/install/motor_control/lib'
[8.811s] Level 1:colcon.colcon_core.environment:checking '/home/muc/MUC-Hardware/muc_ws_rpi/install/motor_control/bin'
[8.812s] Level 1:colcon.colcon_core.environment:checking '/home/muc/MUC-Hardware/muc_ws_rpi/install/motor_control/lib/pkgconfig/motor_control.pc'
[8.813s] Level 1:colcon.colcon_core.environment:checking '/home/muc/MUC-Hardware/muc_ws_rpi/install/motor_control/lib/python3.10/site-packages'
[8.814s] Level 1:colcon.colcon_core.shell:create_environment_hook('motor_control', 'pythonpath')
[8.815s] INFO:colcon.colcon_core.shell:Creating environment hook '/home/muc/MUC-Hardware/muc_ws_rpi/install/motor_control/share/motor_control/hook/pythonpath.ps1'
[8.818s] INFO:colcon.colcon_core.shell:Creating environment descriptor '/home/muc/MUC-Hardware/muc_ws_rpi/install/motor_control/share/motor_control/hook/pythonpath.dsv'
[8.820s] INFO:colcon.colcon_core.shell:Creating environment hook '/home/muc/MUC-Hardware/muc_ws_rpi/install/motor_control/share/motor_control/hook/pythonpath.sh'
[8.823s] Level 1:colcon.colcon_core.environment:checking '/home/muc/MUC-Hardware/muc_ws_rpi/install/motor_control/bin'
[8.823s] Level 1:colcon.colcon_core.environment:create_environment_scripts_only(motor_control)
[8.824s] INFO:colcon.colcon_core.shell:Creating package script '/home/muc/MUC-Hardware/muc_ws_rpi/install/motor_control/share/motor_control/package.ps1'
[8.829s] INFO:colcon.colcon_core.shell:Creating package descriptor '/home/muc/MUC-Hardware/muc_ws_rpi/install/motor_control/share/motor_control/package.dsv'
[8.833s] INFO:colcon.colcon_core.shell:Creating package script '/home/muc/MUC-Hardware/muc_ws_rpi/install/motor_control/share/motor_control/package.sh'
[8.837s] INFO:colcon.colcon_core.shell:Creating package script '/home/muc/MUC-Hardware/muc_ws_rpi/install/motor_control/share/motor_control/package.bash'
[8.841s] INFO:colcon.colcon_core.shell:Creating package script '/home/muc/MUC-Hardware/muc_ws_rpi/install/motor_control/share/motor_control/package.zsh'
[8.845s] Level 1:colcon.colcon_core.environment:create_file_with_runtime_dependencies(/home/muc/MUC-Hardware/muc_ws_rpi/install/motor_control/share/colcon-core/packages/motor_control)
[8.851s] Level 1:colcon.colcon_core.environment:checking '/home/muc/MUC-Hardware/muc_ws_rpi/install/encoder_reader' for CMake module files
[8.854s] DEBUG:colcon.colcon_core.event_handler.log_command:Invoked command in '/home/muc/MUC-Hardware/muc_ws_rpi/src/encoder_reader' returned '0': PYTHONPATH=/home/muc/MUC-Hardware/muc_ws_rpi/build/encoder_reader/prefix_override:/usr/lib/python3/dist-packages/colcon_core/task/python/colcon_distutils_commands:/home/muc/MUC-Hardware/muc_ws_rpi/install/encoder_reader/lib/python3.10/site-packages:${PYTHONPATH} /usr/bin/python3 -W ignore:setup.py install is deprecated setup.py egg_info --egg-base ../../build/encoder_reader build --build-base /home/muc/MUC-Hardware/muc_ws_rpi/build/encoder_reader/build install --record /home/muc/MUC-Hardware/muc_ws_rpi/build/encoder_reader/install.log --single-version-externally-managed install_data
[8.856s] Level 1:colcon.colcon_core.environment:checking '/home/muc/MUC-Hardware/muc_ws_rpi/install/encoder_reader' for CMake config files
[8.860s] Level 1:colcon.colcon_core.environment:checking '/home/muc/MUC-Hardware/muc_ws_rpi/install/encoder_reader/lib'
[8.861s] Level 1:colcon.colcon_core.environment:checking '/home/muc/MUC-Hardware/muc_ws_rpi/install/encoder_reader/bin'
[8.861s] Level 1:colcon.colcon_core.environment:checking '/home/muc/MUC-Hardware/muc_ws_rpi/install/encoder_reader/lib/pkgconfig/encoder_reader.pc'
[8.862s] Level 1:colcon.colcon_core.environment:checking '/home/muc/MUC-Hardware/muc_ws_rpi/install/encoder_reader/lib/python3.10/site-packages'
[8.862s] Level 1:colcon.colcon_core.shell:create_environment_hook('encoder_reader', 'pythonpath')
[8.863s] INFO:colcon.colcon_core.shell:Creating environment hook '/home/muc/MUC-Hardware/muc_ws_rpi/install/encoder_reader/share/encoder_reader/hook/pythonpath.ps1'
[8.866s] INFO:colcon.colcon_core.shell:Creating environment descriptor '/home/muc/MUC-Hardware/muc_ws_rpi/install/encoder_reader/share/encoder_reader/hook/pythonpath.dsv'
[8.868s] INFO:colcon.colcon_core.shell:Creating environment hook '/home/muc/MUC-Hardware/muc_ws_rpi/install/encoder_reader/share/encoder_reader/hook/pythonpath.sh'
[8.871s] Level 1:colcon.colcon_core.environment:checking '/home/muc/MUC-Hardware/muc_ws_rpi/install/encoder_reader/bin'
[8.871s] Level 1:colcon.colcon_core.environment:create_environment_scripts_only(encoder_reader)
[8.872s] INFO:colcon.colcon_core.shell:Creating package script '/home/muc/MUC-Hardware/muc_ws_rpi/install/encoder_reader/share/encoder_reader/package.ps1'
[8.875s] INFO:colcon.colcon_core.shell:Creating package descriptor '/home/muc/MUC-Hardware/muc_ws_rpi/install/encoder_reader/share/encoder_reader/package.dsv'
[8.877s] INFO:colcon.colcon_core.shell:Creating package script '/home/muc/MUC-Hardware/muc_ws_rpi/install/encoder_reader/share/encoder_reader/package.sh'
[8.879s] INFO:colcon.colcon_core.shell:Creating package script '/home/muc/MUC-Hardware/muc_ws_rpi/install/encoder_reader/share/encoder_reader/package.bash'
[8.882s] INFO:colcon.colcon_core.shell:Creating package script '/home/muc/MUC-Hardware/muc_ws_rpi/install/encoder_reader/share/encoder_reader/package.zsh'
[8.884s] Level 1:colcon.colcon_core.environment:create_file_with_runtime_dependencies(/home/muc/MUC-Hardware/muc_ws_rpi/install/encoder_reader/share/colcon-core/packages/encoder_reader)
[8.886s] Level 1:colcon.colcon_core.environment:checking '/home/muc/MUC-Hardware/muc_ws_rpi/install/publish_imu' for CMake module files
[8.890s] DEBUG:colcon.colcon_core.event_handler.log_command:Invoked command in '/home/muc/MUC-Hardware/muc_ws_rpi/src/publish_imu' returned '0': PYTHONPATH=/home/muc/MUC-Hardware/muc_ws_rpi/build/publish_imu/prefix_override:/usr/lib/python3/dist-packages/colcon_core/task/python/colcon_distutils_commands:/home/muc/MUC-Hardware/muc_ws_rpi/install/publish_imu/lib/python3.10/site-packages:${PYTHONPATH} /usr/bin/python3 -W ignore:setup.py install is deprecated setup.py egg_info --egg-base ../../build/publish_imu build --build-base /home/muc/MUC-Hardware/muc_ws_rpi/build/publish_imu/build install --record /home/muc/MUC-Hardware/muc_ws_rpi/build/publish_imu/install.log --single-version-externally-managed install_data
[8.890s] Level 1:colcon.colcon_core.environment:checking '/home/muc/MUC-Hardware/muc_ws_rpi/install/publish_imu' for CMake config files
[8.893s] Level 1:colcon.colcon_core.environment:checking '/home/muc/MUC-Hardware/muc_ws_rpi/install/publish_imu/lib'
[8.894s] Level 1:colcon.colcon_core.environment:checking '/home/muc/MUC-Hardware/muc_ws_rpi/install/publish_imu/bin'
[8.894s] Level 1:colcon.colcon_core.environment:checking '/home/muc/MUC-Hardware/muc_ws_rpi/install/publish_imu/lib/pkgconfig/publish_imu.pc'
[8.895s] Level 1:colcon.colcon_core.environment:checking '/home/muc/MUC-Hardware/muc_ws_rpi/install/publish_imu/lib/python3.10/site-packages'
[8.895s] Level 1:colcon.colcon_core.shell:create_environment_hook('publish_imu', 'pythonpath')
[8.896s] INFO:colcon.colcon_core.shell:Creating environment hook '/home/muc/MUC-Hardware/muc_ws_rpi/install/publish_imu/share/publish_imu/hook/pythonpath.ps1'
[8.898s] INFO:colcon.colcon_core.shell:Creating environment descriptor '/home/muc/MUC-Hardware/muc_ws_rpi/install/publish_imu/share/publish_imu/hook/pythonpath.dsv'
[8.900s] INFO:colcon.colcon_core.shell:Creating environment hook '/home/muc/MUC-Hardware/muc_ws_rpi/install/publish_imu/share/publish_imu/hook/pythonpath.sh'
[8.903s] Level 1:colcon.colcon_core.environment:checking '/home/muc/MUC-Hardware/muc_ws_rpi/install/publish_imu/bin'
[8.904s] Level 1:colcon.colcon_core.environment:create_environment_scripts_only(publish_imu)
[8.905s] INFO:colcon.colcon_core.shell:Creating package script '/home/muc/MUC-Hardware/muc_ws_rpi/install/publish_imu/share/publish_imu/package.ps1'
[8.908s] INFO:colcon.colcon_core.shell:Creating package descriptor '/home/muc/MUC-Hardware/muc_ws_rpi/install/publish_imu/share/publish_imu/package.dsv'
[8.910s] INFO:colcon.colcon_core.shell:Creating package script '/home/muc/MUC-Hardware/muc_ws_rpi/install/publish_imu/share/publish_imu/package.sh'
[8.912s] INFO:colcon.colcon_core.shell:Creating package script '/home/muc/MUC-Hardware/muc_ws_rpi/install/publish_imu/share/publish_imu/package.bash'
[8.913s] INFO:colcon.colcon_core.shell:Creating package script '/home/muc/MUC-Hardware/muc_ws_rpi/install/publish_imu/share/publish_imu/package.zsh'
[8.915s] Level 1:colcon.colcon_core.environment:create_file_with_runtime_dependencies(/home/muc/MUC-Hardware/muc_ws_rpi/install/publish_imu/share/colcon-core/packages/publish_imu)
[8.916s] DEBUG:colcon.colcon_parallel_executor.executor.parallel:closing loop
[8.917s] DEBUG:colcon.colcon_parallel_executor.executor.parallel:loop closed
[8.918s] DEBUG:colcon.colcon_parallel_executor.executor.parallel:run_until_complete finished with '0'
[8.918s] DEBUG:colcon.colcon_core.event_reactor:joining thread
[8.938s] INFO:colcon.colcon_core.plugin_system:Skipping extension 'colcon_notification.desktop_notification.terminal_notifier': Not used on non-Darwin systems
[8.939s] INFO:colcon.colcon_core.plugin_system:Skipping extension 'colcon_notification.desktop_notification.win32': Not used on non-Windows systems
[8.939s] INFO:colcon.colcon_notification.desktop_notification:Sending desktop notification using 'notify2'
[8.939s] DEBUG:colcon.colcon_notification.desktop_notification.notify2:Failed to initialize notify2: org.freedesktop.DBus.Error.NotSupported: Unable to autolaunch a dbus-daemon without a $DISPLAY for X11
[8.939s] DEBUG:colcon.colcon_core.event_reactor:joined thread
[8.940s] INFO:colcon.colcon_core.shell:Creating prefix script '/home/muc/MUC-Hardware/muc_ws_rpi/install/local_setup.ps1'
[8.944s] INFO:colcon.colcon_core.shell:Creating prefix util module '/home/muc/MUC-Hardware/muc_ws_rpi/install/_local_setup_util_ps1.py'
[8.951s] INFO:colcon.colcon_core.shell:Creating prefix chain script '/home/muc/MUC-Hardware/muc_ws_rpi/install/setup.ps1'
[8.956s] INFO:colcon.colcon_core.shell:Creating prefix script '/home/muc/MUC-Hardware/muc_ws_rpi/install/local_setup.sh'
[8.959s] INFO:colcon.colcon_core.shell:Creating prefix util module '/home/muc/MUC-Hardware/muc_ws_rpi/install/_local_setup_util_sh.py'
[8.961s] INFO:colcon.colcon_core.shell:Creating prefix chain script '/home/muc/MUC-Hardware/muc_ws_rpi/install/setup.sh'
[8.966s] INFO:colcon.colcon_core.shell:Creating prefix script '/home/muc/MUC-Hardware/muc_ws_rpi/install/local_setup.bash'
[8.970s] INFO:colcon.colcon_core.shell:Creating prefix chain script '/home/muc/MUC-Hardware/muc_ws_rpi/install/setup.bash'
[8.974s] INFO:colcon.colcon_core.shell:Creating prefix script '/home/muc/MUC-Hardware/muc_ws_rpi/install/local_setup.zsh'
[8.977s] INFO:colcon.colcon_core.shell:Creating prefix chain script '/home/muc/MUC-Hardware/muc_ws_rpi/install/setup.zsh'
