[0.831s] Invoking command in '/home/gnanasai/MUC-Hardware/muc_ws/src/odom_publisher': PYTHONPATH=/home/gnanasai/MUC-Hardware/muc_ws/build/odom_publisher/prefix_override:/usr/lib/python3/dist-packages/colcon_core/task/python/colcon_distutils_commands:/home/gnanasai/MUC-Hardware/muc_ws/install/odom_publisher/lib/python3.10/site-packages:${PYTHONPATH} /usr/bin/python3 -W ignore:setup.py install is deprecated -W ignore:easy_install command is deprecated setup.py egg_info --egg-base ../../build/odom_publisher build --build-base /home/gnanasai/MUC-Hardware/muc_ws/build/odom_publisher/build install --record /home/gnanasai/MUC-Hardware/muc_ws/build/odom_publisher/install.log --single-version-externally-managed
[0.991s] running egg_info
[0.992s] writing ../../build/odom_publisher/odom_publisher.egg-info/PKG-INFO
[0.992s] writing dependency_links to ../../build/odom_publisher/odom_publisher.egg-info/dependency_links.txt
[0.992s] writing entry points to ../../build/odom_publisher/odom_publisher.egg-info/entry_points.txt
[0.992s] writing requirements to ../../build/odom_publisher/odom_publisher.egg-info/requires.txt
[0.992s] writing top-level names to ../../build/odom_publisher/odom_publisher.egg-info/top_level.txt
[0.993s] reading manifest file '../../build/odom_publisher/odom_publisher.egg-info/SOURCES.txt'
[0.993s] writing manifest file '../../build/odom_publisher/odom_publisher.egg-info/SOURCES.txt'
[0.994s] running build
[0.994s] running build_py
[0.994s] running install
[0.994s] running install_lib
[0.995s] running install_egg_info
[0.996s] removing '/home/gnanasai/MUC-Hardware/muc_ws/install/odom_publisher/lib/python3.10/site-packages/odom_publisher-0.0.0-py3.10.egg-info' (and everything under it)
[0.996s] Copying ../../build/odom_publisher/odom_publisher.egg-info to /home/gnanasai/MUC-Hardware/muc_ws/install/odom_publisher/lib/python3.10/site-packages/odom_publisher-0.0.0-py3.10.egg-info
[0.997s] running install_scripts
[1.011s] Installing odom_publisher_node script to /home/gnanasai/MUC-Hardware/muc_ws/install/odom_publisher/lib/odom_publisher
[1.011s] writing list of installed files to '/home/gnanasai/MUC-Hardware/muc_ws/build/odom_publisher/install.log'
[1.029s] Invoked command in '/home/gnanasai/MUC-Hardware/muc_ws/src/odom_publisher' returned '0': PYTHONPATH=/home/gnanasai/MUC-Hardware/muc_ws/build/odom_publisher/prefix_override:/usr/lib/python3/dist-packages/colcon_core/task/python/colcon_distutils_commands:/home/gnanasai/MUC-Hardware/muc_ws/install/odom_publisher/lib/python3.10/site-packages:${PYTHONPATH} /usr/bin/python3 -W ignore:setup.py install is deprecated -W ignore:easy_install command is deprecated setup.py egg_info --egg-base ../../build/odom_publisher build --build-base /home/gnanasai/MUC-Hardware/muc_ws/build/odom_publisher/build install --record /home/gnanasai/MUC-Hardware/muc_ws/build/odom_publisher/install.log --single-version-externally-managed
