[4.247s] Invoking command in '/home/muc/MUC-Hardware/muc_ws_rpi/src/encoder_reader': PYTHONPATH=/home/muc/MUC-Hardware/muc_ws_rpi/build/encoder_reader/prefix_override:/usr/lib/python3/dist-packages/colcon_core/task/python/colcon_distutils_commands:/home/muc/MUC-Hardware/muc_ws_rpi/install/encoder_reader/lib/python3.10/site-packages:${PYTHONPATH} /usr/bin/python3 -W ignore:setup.py install is deprecated setup.py egg_info --egg-base ../../build/encoder_reader build --build-base /home/muc/MUC-Hardware/muc_ws_rpi/build/encoder_reader/build install --record /home/muc/MUC-Hardware/muc_ws_rpi/build/encoder_reader/install.log --single-version-externally-managed install_data
[5.441s] running egg_info
[5.443s] writing ../../build/encoder_reader/encoder_reader.egg-info/PKG-INFO
[5.448s] writing dependency_links to ../../build/encoder_reader/encoder_reader.egg-info/dependency_links.txt
[5.449s] writing entry points to ../../build/encoder_reader/encoder_reader.egg-info/entry_points.txt
[5.450s] writing requirements to ../../build/encoder_reader/encoder_reader.egg-info/requires.txt
[5.451s] writing top-level names to ../../build/encoder_reader/encoder_reader.egg-info/top_level.txt
[5.460s] reading manifest file '../../build/encoder_reader/encoder_reader.egg-info/SOURCES.txt'
[5.470s] writing manifest file '../../build/encoder_reader/encoder_reader.egg-info/SOURCES.txt'
[5.471s] running build
[5.472s] running build_py
[5.476s] running install
[5.477s] running install_lib
[5.485s] running install_data
[5.487s] running install_egg_info
[5.495s] removing '/home/muc/MUC-Hardware/muc_ws_rpi/install/encoder_reader/lib/python3.10/site-packages/encoder_reader-0.0.0-py3.10.egg-info' (and everything under it)
[5.497s] Copying ../../build/encoder_reader/encoder_reader.egg-info to /home/muc/MUC-Hardware/muc_ws_rpi/install/encoder_reader/lib/python3.10/site-packages/encoder_reader-0.0.0-py3.10.egg-info
[5.505s] running install_scripts
[5.598s] Installing encoder_reader_node script to /home/muc/MUC-Hardware/muc_ws_rpi/install/encoder_reader/lib/encoder_reader
[5.599s] writing list of installed files to '/home/muc/MUC-Hardware/muc_ws_rpi/build/encoder_reader/install.log'
[5.773s] Invoked command in '/home/muc/MUC-Hardware/muc_ws_rpi/src/encoder_reader' returned '0': PYTHONPATH=/home/muc/MUC-Hardware/muc_ws_rpi/build/encoder_reader/prefix_override:/usr/lib/python3/dist-packages/colcon_core/task/python/colcon_distutils_commands:/home/muc/MUC-Hardware/muc_ws_rpi/install/encoder_reader/lib/python3.10/site-packages:${PYTHONPATH} /usr/bin/python3 -W ignore:setup.py install is deprecated setup.py egg_info --egg-base ../../build/encoder_reader build --build-base /home/muc/MUC-Hardware/muc_ws_rpi/build/encoder_reader/build install --record /home/muc/MUC-Hardware/muc_ws_rpi/build/encoder_reader/install.log --single-version-externally-managed install_data
