[5.756s] Invoking command in '/home/muc/MUC-Hardware/muc_ws_rpi/src/encoder_reader': PYTHONPATH=/home/muc/MUC-Hardware/muc_ws_rpi/build/encoder_reader/prefix_override:/usr/lib/python3/dist-packages/colcon_core/task/python/colcon_distutils_commands:/home/muc/MUC-Hardware/muc_ws_rpi/install/encoder_reader/lib/python3.10/site-packages:${PYTHONPATH} /usr/bin/python3 -W ignore:setup.py install is deprecated setup.py egg_info --egg-base ../../build/encoder_reader build --build-base /home/muc/MUC-Hardware/muc_ws_rpi/build/encoder_reader/build install --record /home/muc/MUC-Hardware/muc_ws_rpi/build/encoder_reader/install.log --single-version-externally-managed install_data
[7.102s] running egg_info
[7.106s] writing ../../build/encoder_reader/encoder_reader.egg-info/PKG-INFO
[7.108s] writing dependency_links to ../../build/encoder_reader/encoder_reader.egg-info/dependency_links.txt
[7.110s] writing entry points to ../../build/encoder_reader/encoder_reader.egg-info/entry_points.txt
[7.111s] writing requirements to ../../build/encoder_reader/encoder_reader.egg-info/requires.txt
[7.112s] writing top-level names to ../../build/encoder_reader/encoder_reader.egg-info/top_level.txt
[7.122s] reading manifest file '../../build/encoder_reader/encoder_reader.egg-info/SOURCES.txt'
[7.129s] writing manifest file '../../build/encoder_reader/encoder_reader.egg-info/SOURCES.txt'
[7.130s] running build
[7.130s] running build_py
[7.133s] running install
[7.135s] running install_lib
[7.144s] running install_data
[7.147s] running install_egg_info
[7.156s] removing '/home/muc/MUC-Hardware/muc_ws_rpi/install/encoder_reader/lib/python3.10/site-packages/encoder_reader-0.0.0-py3.10.egg-info' (and everything under it)
[7.157s] Copying ../../build/encoder_reader/encoder_reader.egg-info to /home/muc/MUC-Hardware/muc_ws_rpi/install/encoder_reader/lib/python3.10/site-packages/encoder_reader-0.0.0-py3.10.egg-info
[7.168s] running install_scripts
[7.271s] Installing encoder_reader_node script to /home/muc/MUC-Hardware/muc_ws_rpi/install/encoder_reader/lib/encoder_reader
[7.275s] writing list of installed files to '/home/muc/MUC-Hardware/muc_ws_rpi/build/encoder_reader/install.log'
[7.518s] Invoked command in '/home/muc/MUC-Hardware/muc_ws_rpi/src/encoder_reader' returned '0': PYTHONPATH=/home/muc/MUC-Hardware/muc_ws_rpi/build/encoder_reader/prefix_override:/usr/lib/python3/dist-packages/colcon_core/task/python/colcon_distutils_commands:/home/muc/MUC-Hardware/muc_ws_rpi/install/encoder_reader/lib/python3.10/site-packages:${PYTHONPATH} /usr/bin/python3 -W ignore:setup.py install is deprecated setup.py egg_info --egg-base ../../build/encoder_reader build --build-base /home/muc/MUC-Hardware/muc_ws_rpi/build/encoder_reader/build install --record /home/muc/MUC-Hardware/muc_ws_rpi/build/encoder_reader/install.log --single-version-externally-managed install_data
