[0.000000] (-) TimerEvent: {}
[0.000890] (dev_sys) JobQueued: {'identifier': 'dev_sys', 'dependencies': OrderedDict()}
[0.001048] (odom_publisher) JobQueued: {'identifier': 'odom_publisher', 'dependencies': OrderedDict()}
[0.001079] (publish_pwm_values) JobQueued: {'identifier': 'publish_pwm_values', 'dependencies': OrderedDict()}
[0.001090] (subscribe_encoder_values) JobQueued: {'identifier': 'subscribe_encoder_values', 'dependencies': OrderedDict()}
[0.001101] (dev_sys) JobStarted: {'identifier': 'dev_sys'}
[0.007707] (odom_publisher) JobStarted: {'identifier': 'odom_publisher'}
[0.011328] (publish_pwm_values) JobStarted: {'identifier': 'publish_pwm_values'}
[0.033055] (subscribe_encoder_values) JobStarted: {'identifier': 'subscribe_encoder_values'}
[0.099713] (-) TimerEvent: {}
[0.200031] (-) TimerEvent: {}
[0.249075] (dev_sys) StderrLine: {'line': b'Traceback (most recent call last):\n  File "/usr/lib/python3/dist-packages/colcon_core/executor/__init__.py", line 91, in __call__\n    rc = await self.task(*args, **kwargs)\n  File "/usr/lib/python3/dist-packages/colcon_core/task/__init__.py", line 93, in __call__\n    return await task_method(*args, **kwargs)\n  File "/usr/lib/python3/dist-packages/colcon_ros/task/ament_python/build.py", line 51, in build\n    setup_py_data = get_setup_data(self.context.pkg, env)\n  File "/usr/lib/python3/dist-packages/colcon_core/task/python/__init__.py", line 20, in get_setup_data\n    return dict(pkg.metadata[key](env))\n  File "/usr/lib/python3/dist-packages/colcon_ros/package_augmentation/ros_ament_python.py", line 57, in getter\n    return get_setup_information(\n  File "/usr/lib/python3/dist-packages/colcon_python_setup_py/package_identification/python_setup_py.py", line 249, in get_setup_information\n    _setup_information_cache[hashable_env] = _get_setup_information(\n  File "/usr/lib/python3/dist-packages/colcon_python_setup_py/package_identification/python_setup_py.py", line 296, in _get_setup_information\n    result = subprocess.run(\n  File "/usr/lib/python3.10/subprocess.py", line 526, in run\n    raise CalledProcessError(retcode, process.args,\nsubprocess.CalledProcessError: Command \'[\'/usr/bin/python3\', \'-c\', \'import sys;from contextlib import suppress;exec("with suppress(ImportError):    from setuptools.extern.packaging.specifiers    import SpecifierSet");exec("with suppress(ImportError):    from packaging.specifiers import SpecifierSet");from distutils.core import run_setup;dist = run_setup(    \\\'setup.py\\\', script_args=(\\\'--dry-run\\\',), stop_after=\\\'config\\\');skip_keys = (\\\'cmdclass\\\', \\\'distclass\\\', \\\'ext_modules\\\', \\\'metadata\\\');data = {    key: value for key, value in dist.__dict__.items()     if (        not key.startswith(\\\'_\\\') and         not callable(value) and         key not in skip_keys and         key not in dist.display_option_names    )};data[\\\'metadata\\\'] = {    k: v for k, v in dist.metadata.__dict__.items()     if k not in (\\\'license_files\\\', \\\'provides_extras\\\')};sys.stdout.buffer.write(repr(data).encode(\\\'utf-8\\\'))\']\' returned non-zero exit status 1.\n'}
[0.249846] (dev_sys) JobEnded: {'identifier': 'dev_sys', 'rc': 1}
[0.300155] (-) TimerEvent: {}
[0.400423] (-) TimerEvent: {}
[0.500717] (-) TimerEvent: {}
[0.601053] (-) TimerEvent: {}
[0.659639] (odom_publisher) JobEnded: {'identifier': 'odom_publisher', 'rc': 'SIGINT'}
[0.659925] (publish_pwm_values) JobEnded: {'identifier': 'publish_pwm_values', 'rc': 'SIGINT'}
[0.660028] (subscribe_encoder_values) JobEnded: {'identifier': 'subscribe_encoder_values', 'rc': 'SIGINT'}
[0.670191] (-) EventReactorShutdown: {}
