[0.118s] DEBUG:colcon:Command line arguments: ['/usr/bin/colcon', 'build']
[0.118s] DEBUG:colcon:Parsed command line arguments: Namespace(log_base=None, log_level=None, verb_name='build', build_base='build', install_base='install', merge_install=False, symlink_install=False, test_result_base=None, continue_on_error=False, executor='parallel', parallel_workers=16, event_handlers=None, ignore_user_meta=False, metas=['./colcon.meta'], base_paths=['.'], packages_ignore=None, packages_ignore_regex=None, paths=None, packages_up_to=None, packages_up_to_regex=None, packages_above=None, packages_above_and_dependencies=None, packages_above_depth=None, packages_select_by_dep=None, packages_skip_by_dep=None, packages_skip_up_to=None, packages_select_build_failed=False, packages_skip_build_finished=False, packages_select_test_failures=False, packages_skip_test_passed=False, packages_select=None, packages_skip=None, packages_select_regex=None, packages_skip_regex=None, packages_start=None, packages_end=None, allow_overriding=[], cmake_args=None, cmake_target=None, cmake_target_skip_unavailable=False, cmake_clean_cache=False, cmake_clean_first=False, cmake_force_configure=False, ament_cmake_args=None, catkin_cmake_args=None, catkin_skip_building_tests=False, verb_parser=<colcon_defaults.argument_parser.defaults.DefaultArgumentsDecorator object at 0x7508e2f5d270>, verb_extension=<colcon_core.verb.build.BuildVerb object at 0x7508e2f5cc70>, main=<bound method BuildVerb.main of <colcon_core.verb.build.BuildVerb object at 0x7508e2f5cc70>>)
[0.305s] Level 1:colcon.colcon_core.package_discovery:discover_packages(colcon_meta) check parameters
[0.305s] Level 1:colcon.colcon_core.package_discovery:discover_packages(recursive) check parameters
[0.305s] Level 1:colcon.colcon_core.package_discovery:discover_packages(ignore) check parameters
[0.305s] Level 1:colcon.colcon_core.package_discovery:discover_packages(path) check parameters
[0.305s] Level 1:colcon.colcon_core.package_discovery:discover_packages(colcon_meta) discover
[0.305s] Level 1:colcon.colcon_core.package_discovery:discover_packages(recursive) discover
[0.305s] INFO:colcon.colcon_core.package_discovery:Crawling recursively for packages in '/home/gnanasai/MUC-Hardware/muc_ws'
[0.305s] Level 1:colcon.colcon_core.package_identification:_identify(.) by extensions ['ignore', 'ignore_ament_install']
[0.305s] Level 1:colcon.colcon_core.package_identification:_identify(.) by extension 'ignore'
[0.305s] Level 1:colcon.colcon_core.package_identification:_identify(.) by extension 'ignore_ament_install'
[0.305s] Level 1:colcon.colcon_core.package_identification:_identify(.) by extensions ['colcon_pkg']
[0.305s] Level 1:colcon.colcon_core.package_identification:_identify(.) by extension 'colcon_pkg'
[0.305s] Level 1:colcon.colcon_core.package_identification:_identify(.) by extensions ['colcon_meta']
[0.305s] Level 1:colcon.colcon_core.package_identification:_identify(.) by extension 'colcon_meta'
[0.306s] Level 1:colcon.colcon_core.package_identification:_identify(.) by extensions ['ros']
[0.306s] Level 1:colcon.colcon_core.package_identification:_identify(.) by extension 'ros'
[0.318s] Level 1:colcon.colcon_core.package_identification:_identify(.) by extensions ['cmake', 'python']
[0.318s] Level 1:colcon.colcon_core.package_identification:_identify(.) by extension 'cmake'
[0.318s] Level 1:colcon.colcon_core.package_identification:_identify(.) by extension 'python'
[0.318s] Level 1:colcon.colcon_core.package_identification:_identify(.) by extensions ['python_setup_py']
[0.318s] Level 1:colcon.colcon_core.package_identification:_identify(.) by extension 'python_setup_py'
[0.318s] Level 1:colcon.colcon_core.package_identification:_identify(build) by extensions ['ignore', 'ignore_ament_install']
[0.318s] Level 1:colcon.colcon_core.package_identification:_identify(build) by extension 'ignore'
[0.318s] Level 1:colcon.colcon_core.package_identification:_identify(build) ignored
[0.318s] Level 1:colcon.colcon_core.package_identification:_identify(install) by extensions ['ignore', 'ignore_ament_install']
[0.318s] Level 1:colcon.colcon_core.package_identification:_identify(install) by extension 'ignore'
[0.319s] Level 1:colcon.colcon_core.package_identification:_identify(install) ignored
[0.319s] Level 1:colcon.colcon_core.package_identification:_identify(log) by extensions ['ignore', 'ignore_ament_install']
[0.319s] Level 1:colcon.colcon_core.package_identification:_identify(log) by extension 'ignore'
[0.319s] Level 1:colcon.colcon_core.package_identification:_identify(log) ignored
[0.319s] Level 1:colcon.colcon_core.package_identification:_identify(src) by extensions ['ignore', 'ignore_ament_install']
[0.319s] Level 1:colcon.colcon_core.package_identification:_identify(src) by extension 'ignore'
[0.319s] Level 1:colcon.colcon_core.package_identification:_identify(src) by extension 'ignore_ament_install'
[0.319s] Level 1:colcon.colcon_core.package_identification:_identify(src) by extensions ['colcon_pkg']
[0.319s] Level 1:colcon.colcon_core.package_identification:_identify(src) by extension 'colcon_pkg'
[0.319s] Level 1:colcon.colcon_core.package_identification:_identify(src) by extensions ['colcon_meta']
[0.319s] Level 1:colcon.colcon_core.package_identification:_identify(src) by extension 'colcon_meta'
[0.319s] Level 1:colcon.colcon_core.package_identification:_identify(src) by extensions ['ros']
[0.319s] Level 1:colcon.colcon_core.package_identification:_identify(src) by extension 'ros'
[0.319s] Level 1:colcon.colcon_core.package_identification:_identify(src) by extensions ['cmake', 'python']
[0.319s] Level 1:colcon.colcon_core.package_identification:_identify(src) by extension 'cmake'
[0.319s] Level 1:colcon.colcon_core.package_identification:_identify(src) by extension 'python'
[0.319s] Level 1:colcon.colcon_core.package_identification:_identify(src) by extensions ['python_setup_py']
[0.319s] Level 1:colcon.colcon_core.package_identification:_identify(src) by extension 'python_setup_py'
[0.320s] Level 1:colcon.colcon_core.package_identification:_identify(src/dev_sys) by extensions ['ignore', 'ignore_ament_install']
[0.320s] Level 1:colcon.colcon_core.package_identification:_identify(src/dev_sys) by extension 'ignore'
[0.320s] Level 1:colcon.colcon_core.package_identification:_identify(src/dev_sys) by extension 'ignore_ament_install'
[0.320s] Level 1:colcon.colcon_core.package_identification:_identify(src/dev_sys) by extensions ['colcon_pkg']
[0.320s] Level 1:colcon.colcon_core.package_identification:_identify(src/dev_sys) by extension 'colcon_pkg'
[0.320s] Level 1:colcon.colcon_core.package_identification:_identify(src/dev_sys) by extensions ['colcon_meta']
[0.320s] Level 1:colcon.colcon_core.package_identification:_identify(src/dev_sys) by extension 'colcon_meta'
[0.320s] Level 1:colcon.colcon_core.package_identification:_identify(src/dev_sys) by extensions ['ros']
[0.320s] Level 1:colcon.colcon_core.package_identification:_identify(src/dev_sys) by extension 'ros'
[0.322s] DEBUG:colcon.colcon_core.package_identification:Package 'src/dev_sys' with type 'ros.ament_python' and name 'dev_sys'
[0.322s] Level 1:colcon.colcon_core.package_identification:_identify(src/odom_publisher) by extensions ['ignore', 'ignore_ament_install']
[0.322s] Level 1:colcon.colcon_core.package_identification:_identify(src/odom_publisher) by extension 'ignore'
[0.322s] Level 1:colcon.colcon_core.package_identification:_identify(src/odom_publisher) by extension 'ignore_ament_install'
[0.322s] Level 1:colcon.colcon_core.package_identification:_identify(src/odom_publisher) by extensions ['colcon_pkg']
[0.322s] Level 1:colcon.colcon_core.package_identification:_identify(src/odom_publisher) by extension 'colcon_pkg'
[0.322s] Level 1:colcon.colcon_core.package_identification:_identify(src/odom_publisher) by extensions ['colcon_meta']
[0.322s] Level 1:colcon.colcon_core.package_identification:_identify(src/odom_publisher) by extension 'colcon_meta'
[0.323s] Level 1:colcon.colcon_core.package_identification:_identify(src/odom_publisher) by extensions ['ros']
[0.323s] Level 1:colcon.colcon_core.package_identification:_identify(src/odom_publisher) by extension 'ros'
[0.323s] DEBUG:colcon.colcon_core.package_identification:Package 'src/odom_publisher' with type 'ros.ament_python' and name 'odom_publisher'
[0.323s] Level 1:colcon.colcon_core.package_identification:_identify(src/publish_pwm_values) by extensions ['ignore', 'ignore_ament_install']
[0.323s] Level 1:colcon.colcon_core.package_identification:_identify(src/publish_pwm_values) by extension 'ignore'
[0.323s] Level 1:colcon.colcon_core.package_identification:_identify(src/publish_pwm_values) by extension 'ignore_ament_install'
[0.323s] Level 1:colcon.colcon_core.package_identification:_identify(src/publish_pwm_values) by extensions ['colcon_pkg']
[0.324s] Level 1:colcon.colcon_core.package_identification:_identify(src/publish_pwm_values) by extension 'colcon_pkg'
[0.324s] Level 1:colcon.colcon_core.package_identification:_identify(src/publish_pwm_values) by extensions ['colcon_meta']
[0.324s] Level 1:colcon.colcon_core.package_identification:_identify(src/publish_pwm_values) by extension 'colcon_meta'
[0.324s] Level 1:colcon.colcon_core.package_identification:_identify(src/publish_pwm_values) by extensions ['ros']
[0.324s] Level 1:colcon.colcon_core.package_identification:_identify(src/publish_pwm_values) by extension 'ros'
[0.325s] DEBUG:colcon.colcon_core.package_identification:Package 'src/publish_pwm_values' with type 'ros.ament_python' and name 'publish_pwm_values'
[0.325s] Level 1:colcon.colcon_core.package_identification:_identify(src/subscribe_encoder_values) by extensions ['ignore', 'ignore_ament_install']
[0.325s] Level 1:colcon.colcon_core.package_identification:_identify(src/subscribe_encoder_values) by extension 'ignore'
[0.325s] Level 1:colcon.colcon_core.package_identification:_identify(src/subscribe_encoder_values) by extension 'ignore_ament_install'
[0.325s] Level 1:colcon.colcon_core.package_identification:_identify(src/subscribe_encoder_values) by extensions ['colcon_pkg']
[0.325s] Level 1:colcon.colcon_core.package_identification:_identify(src/subscribe_encoder_values) by extension 'colcon_pkg'
[0.325s] Level 1:colcon.colcon_core.package_identification:_identify(src/subscribe_encoder_values) by extensions ['colcon_meta']
[0.325s] Level 1:colcon.colcon_core.package_identification:_identify(src/subscribe_encoder_values) by extension 'colcon_meta'
[0.325s] Level 1:colcon.colcon_core.package_identification:_identify(src/subscribe_encoder_values) by extensions ['ros']
[0.325s] Level 1:colcon.colcon_core.package_identification:_identify(src/subscribe_encoder_values) by extension 'ros'
[0.326s] DEBUG:colcon.colcon_core.package_identification:Package 'src/subscribe_encoder_values' with type 'ros.ament_python' and name 'subscribe_encoder_values'
[0.326s] Level 1:colcon.colcon_core.package_discovery:discover_packages(recursive) using defaults
[0.326s] Level 1:colcon.colcon_core.package_discovery:discover_packages(ignore) discover
[0.326s] Level 1:colcon.colcon_core.package_discovery:discover_packages(ignore) using defaults
[0.326s] Level 1:colcon.colcon_core.package_discovery:discover_packages(path) discover
[0.326s] Level 1:colcon.colcon_core.package_discovery:discover_packages(path) using defaults
[0.360s] Level 1:colcon.colcon_core.package_discovery:discover_packages(prefix_path) check parameters
[0.360s] Level 1:colcon.colcon_core.package_discovery:discover_packages(prefix_path) discover
[0.363s] DEBUG:colcon.colcon_installed_package_information.package_discovery:Found 320 installed packages in /opt/ros/humble
[0.365s] Level 1:colcon.colcon_core.package_discovery:discover_packages(prefix_path) using defaults
[0.408s] Level 5:colcon.colcon_core.verb:set package 'dev_sys' build argument 'cmake_args' from command line to 'None'
[0.408s] Level 5:colcon.colcon_core.verb:set package 'dev_sys' build argument 'cmake_target' from command line to 'None'
[0.409s] Level 5:colcon.colcon_core.verb:set package 'dev_sys' build argument 'cmake_target_skip_unavailable' from command line to 'False'
[0.409s] Level 5:colcon.colcon_core.verb:set package 'dev_sys' build argument 'cmake_clean_cache' from command line to 'False'
[0.409s] Level 5:colcon.colcon_core.verb:set package 'dev_sys' build argument 'cmake_clean_first' from command line to 'False'
[0.409s] Level 5:colcon.colcon_core.verb:set package 'dev_sys' build argument 'cmake_force_configure' from command line to 'False'
[0.409s] Level 5:colcon.colcon_core.verb:set package 'dev_sys' build argument 'ament_cmake_args' from command line to 'None'
[0.409s] Level 5:colcon.colcon_core.verb:set package 'dev_sys' build argument 'catkin_cmake_args' from command line to 'None'
[0.409s] Level 5:colcon.colcon_core.verb:set package 'dev_sys' build argument 'catkin_skip_building_tests' from command line to 'False'
[0.409s] DEBUG:colcon.colcon_core.verb:Building package 'dev_sys' with the following arguments: {'ament_cmake_args': None, 'build_base': '/home/gnanasai/MUC-Hardware/muc_ws/build/dev_sys', 'catkin_cmake_args': None, 'catkin_skip_building_tests': False, 'cmake_args': None, 'cmake_clean_cache': False, 'cmake_clean_first': False, 'cmake_force_configure': False, 'cmake_target': None, 'cmake_target_skip_unavailable': False, 'install_base': '/home/gnanasai/MUC-Hardware/muc_ws/install/dev_sys', 'merge_install': False, 'path': '/home/gnanasai/MUC-Hardware/muc_ws/src/dev_sys', 'symlink_install': False, 'test_result_base': None}
[0.409s] Level 5:colcon.colcon_core.verb:set package 'odom_publisher' build argument 'cmake_args' from command line to 'None'
[0.409s] Level 5:colcon.colcon_core.verb:set package 'odom_publisher' build argument 'cmake_target' from command line to 'None'
[0.409s] Level 5:colcon.colcon_core.verb:set package 'odom_publisher' build argument 'cmake_target_skip_unavailable' from command line to 'False'
[0.409s] Level 5:colcon.colcon_core.verb:set package 'odom_publisher' build argument 'cmake_clean_cache' from command line to 'False'
[0.409s] Level 5:colcon.colcon_core.verb:set package 'odom_publisher' build argument 'cmake_clean_first' from command line to 'False'
[0.409s] Level 5:colcon.colcon_core.verb:set package 'odom_publisher' build argument 'cmake_force_configure' from command line to 'False'
[0.409s] Level 5:colcon.colcon_core.verb:set package 'odom_publisher' build argument 'ament_cmake_args' from command line to 'None'
[0.409s] Level 5:colcon.colcon_core.verb:set package 'odom_publisher' build argument 'catkin_cmake_args' from command line to 'None'
[0.409s] Level 5:colcon.colcon_core.verb:set package 'odom_publisher' build argument 'catkin_skip_building_tests' from command line to 'False'
[0.410s] DEBUG:colcon.colcon_core.verb:Building package 'odom_publisher' with the following arguments: {'ament_cmake_args': None, 'build_base': '/home/gnanasai/MUC-Hardware/muc_ws/build/odom_publisher', 'catkin_cmake_args': None, 'catkin_skip_building_tests': False, 'cmake_args': None, 'cmake_clean_cache': False, 'cmake_clean_first': False, 'cmake_force_configure': False, 'cmake_target': None, 'cmake_target_skip_unavailable': False, 'install_base': '/home/gnanasai/MUC-Hardware/muc_ws/install/odom_publisher', 'merge_install': False, 'path': '/home/gnanasai/MUC-Hardware/muc_ws/src/odom_publisher', 'symlink_install': False, 'test_result_base': None}
[0.410s] Level 5:colcon.colcon_core.verb:set package 'publish_pwm_values' build argument 'cmake_args' from command line to 'None'
[0.410s] Level 5:colcon.colcon_core.verb:set package 'publish_pwm_values' build argument 'cmake_target' from command line to 'None'
[0.410s] Level 5:colcon.colcon_core.verb:set package 'publish_pwm_values' build argument 'cmake_target_skip_unavailable' from command line to 'False'
[0.410s] Level 5:colcon.colcon_core.verb:set package 'publish_pwm_values' build argument 'cmake_clean_cache' from command line to 'False'
[0.410s] Level 5:colcon.colcon_core.verb:set package 'publish_pwm_values' build argument 'cmake_clean_first' from command line to 'False'
[0.410s] Level 5:colcon.colcon_core.verb:set package 'publish_pwm_values' build argument 'cmake_force_configure' from command line to 'False'
[0.410s] Level 5:colcon.colcon_core.verb:set package 'publish_pwm_values' build argument 'ament_cmake_args' from command line to 'None'
[0.410s] Level 5:colcon.colcon_core.verb:set package 'publish_pwm_values' build argument 'catkin_cmake_args' from command line to 'None'
[0.410s] Level 5:colcon.colcon_core.verb:set package 'publish_pwm_values' build argument 'catkin_skip_building_tests' from command line to 'False'
[0.410s] DEBUG:colcon.colcon_core.verb:Building package 'publish_pwm_values' with the following arguments: {'ament_cmake_args': None, 'build_base': '/home/gnanasai/MUC-Hardware/muc_ws/build/publish_pwm_values', 'catkin_cmake_args': None, 'catkin_skip_building_tests': False, 'cmake_args': None, 'cmake_clean_cache': False, 'cmake_clean_first': False, 'cmake_force_configure': False, 'cmake_target': None, 'cmake_target_skip_unavailable': False, 'install_base': '/home/gnanasai/MUC-Hardware/muc_ws/install/publish_pwm_values', 'merge_install': False, 'path': '/home/gnanasai/MUC-Hardware/muc_ws/src/publish_pwm_values', 'symlink_install': False, 'test_result_base': None}
[0.411s] Level 5:colcon.colcon_core.verb:set package 'subscribe_encoder_values' build argument 'cmake_args' from command line to 'None'
[0.411s] Level 5:colcon.colcon_core.verb:set package 'subscribe_encoder_values' build argument 'cmake_target' from command line to 'None'
[0.411s] Level 5:colcon.colcon_core.verb:set package 'subscribe_encoder_values' build argument 'cmake_target_skip_unavailable' from command line to 'False'
[0.411s] Level 5:colcon.colcon_core.verb:set package 'subscribe_encoder_values' build argument 'cmake_clean_cache' from command line to 'False'
[0.411s] Level 5:colcon.colcon_core.verb:set package 'subscribe_encoder_values' build argument 'cmake_clean_first' from command line to 'False'
[0.411s] Level 5:colcon.colcon_core.verb:set package 'subscribe_encoder_values' build argument 'cmake_force_configure' from command line to 'False'
[0.411s] Level 5:colcon.colcon_core.verb:set package 'subscribe_encoder_values' build argument 'ament_cmake_args' from command line to 'None'
[0.411s] Level 5:colcon.colcon_core.verb:set package 'subscribe_encoder_values' build argument 'catkin_cmake_args' from command line to 'None'
[0.411s] Level 5:colcon.colcon_core.verb:set package 'subscribe_encoder_values' build argument 'catkin_skip_building_tests' from command line to 'False'
[0.411s] DEBUG:colcon.colcon_core.verb:Building package 'subscribe_encoder_values' with the following arguments: {'ament_cmake_args': None, 'build_base': '/home/gnanasai/MUC-Hardware/muc_ws/build/subscribe_encoder_values', 'catkin_cmake_args': None, 'catkin_skip_building_tests': False, 'cmake_args': None, 'cmake_clean_cache': False, 'cmake_clean_first': False, 'cmake_force_configure': False, 'cmake_target': None, 'cmake_target_skip_unavailable': False, 'install_base': '/home/gnanasai/MUC-Hardware/muc_ws/install/subscribe_encoder_values', 'merge_install': False, 'path': '/home/gnanasai/MUC-Hardware/muc_ws/src/subscribe_encoder_values', 'symlink_install': False, 'test_result_base': None}
[0.411s] INFO:colcon.colcon_core.executor:Executing jobs using 'parallel' executor
[0.412s] DEBUG:colcon.colcon_parallel_executor.executor.parallel:run_until_complete
[0.412s] INFO:colcon.colcon_ros.task.ament_python.build:Building ROS package in '/home/gnanasai/MUC-Hardware/muc_ws/src/dev_sys' with build type 'ament_python'
[0.412s] Level 1:colcon.colcon_core.shell:create_environment_hook('dev_sys', 'ament_prefix_path')
[0.415s] INFO:colcon.colcon_core.plugin_system:Skipping extension 'colcon_core.shell.bat': Not used on non-Windows systems
[0.415s] INFO:colcon.colcon_core.shell:Creating environment hook '/home/gnanasai/MUC-Hardware/muc_ws/install/dev_sys/share/dev_sys/hook/ament_prefix_path.ps1'
[0.416s] INFO:colcon.colcon_core.shell:Creating environment descriptor '/home/gnanasai/MUC-Hardware/muc_ws/install/dev_sys/share/dev_sys/hook/ament_prefix_path.dsv'
[0.416s] INFO:colcon.colcon_core.shell:Creating environment hook '/home/gnanasai/MUC-Hardware/muc_ws/install/dev_sys/share/dev_sys/hook/ament_prefix_path.sh'
[0.417s] INFO:colcon.colcon_core.shell:Skip shell extension 'powershell' for command environment: Not usable outside of PowerShell
[0.417s] DEBUG:colcon.colcon_core.shell:Skip shell extension 'dsv' for command environment
[0.423s] INFO:colcon.colcon_ros.task.ament_python.build:Building ROS package in '/home/gnanasai/MUC-Hardware/muc_ws/src/odom_publisher' with build type 'ament_python'
[0.423s] Level 1:colcon.colcon_core.shell:create_environment_hook('odom_publisher', 'ament_prefix_path')
[0.424s] INFO:colcon.colcon_core.shell:Creating environment hook '/home/gnanasai/MUC-Hardware/muc_ws/install/odom_publisher/share/odom_publisher/hook/ament_prefix_path.ps1'
[0.424s] INFO:colcon.colcon_core.shell:Creating environment descriptor '/home/gnanasai/MUC-Hardware/muc_ws/install/odom_publisher/share/odom_publisher/hook/ament_prefix_path.dsv'
[0.424s] INFO:colcon.colcon_core.shell:Creating environment hook '/home/gnanasai/MUC-Hardware/muc_ws/install/odom_publisher/share/odom_publisher/hook/ament_prefix_path.sh'
[0.425s] INFO:colcon.colcon_core.shell:Skip shell extension 'powershell' for command environment: Not usable outside of PowerShell
[0.425s] DEBUG:colcon.colcon_core.shell:Skip shell extension 'dsv' for command environment
[0.428s] INFO:colcon.colcon_ros.task.ament_python.build:Building ROS package in '/home/gnanasai/MUC-Hardware/muc_ws/src/publish_pwm_values' with build type 'ament_python'
[0.428s] Level 1:colcon.colcon_core.shell:create_environment_hook('publish_pwm_values', 'ament_prefix_path')
[0.428s] INFO:colcon.colcon_core.shell:Creating environment hook '/home/gnanasai/MUC-Hardware/muc_ws/install/publish_pwm_values/share/publish_pwm_values/hook/ament_prefix_path.ps1'
[0.428s] INFO:colcon.colcon_core.shell:Creating environment descriptor '/home/gnanasai/MUC-Hardware/muc_ws/install/publish_pwm_values/share/publish_pwm_values/hook/ament_prefix_path.dsv'
[0.429s] INFO:colcon.colcon_core.shell:Creating environment hook '/home/gnanasai/MUC-Hardware/muc_ws/install/publish_pwm_values/share/publish_pwm_values/hook/ament_prefix_path.sh'
[0.429s] INFO:colcon.colcon_core.shell:Skip shell extension 'powershell' for command environment: Not usable outside of PowerShell
[0.429s] DEBUG:colcon.colcon_core.shell:Skip shell extension 'dsv' for command environment
[0.432s] INFO:colcon.colcon_ros.task.ament_python.build:Building ROS package in '/home/gnanasai/MUC-Hardware/muc_ws/src/subscribe_encoder_values' with build type 'ament_python'
[0.432s] Level 1:colcon.colcon_core.shell:create_environment_hook('subscribe_encoder_values', 'ament_prefix_path')
[0.433s] INFO:colcon.colcon_core.shell:Creating environment hook '/home/gnanasai/MUC-Hardware/muc_ws/install/subscribe_encoder_values/share/subscribe_encoder_values/hook/ament_prefix_path.ps1'
[0.433s] INFO:colcon.colcon_core.shell:Creating environment descriptor '/home/gnanasai/MUC-Hardware/muc_ws/install/subscribe_encoder_values/share/subscribe_encoder_values/hook/ament_prefix_path.dsv'
[0.434s] INFO:colcon.colcon_core.shell:Creating environment hook '/home/gnanasai/MUC-Hardware/muc_ws/install/subscribe_encoder_values/share/subscribe_encoder_values/hook/ament_prefix_path.sh'
[0.435s] INFO:colcon.colcon_core.shell:Skip shell extension 'powershell' for command environment: Not usable outside of PowerShell
[0.435s] DEBUG:colcon.colcon_core.shell:Skip shell extension 'dsv' for command environment
[0.721s] INFO:colcon.colcon_core.task.python.build:Building Python package in '/home/gnanasai/MUC-Hardware/muc_ws/src/dev_sys'
[0.721s] INFO:colcon.colcon_core.shell:Skip shell extension 'powershell' for command environment: Not usable outside of PowerShell
[0.721s] DEBUG:colcon.colcon_core.shell:Skip shell extension 'dsv' for command environment
[0.981s] WARNING:colcon.colcon_ros.task.ament_python.build:Package 'odom_publisher' doesn't explicitly install a marker in the package index (colcon-ros currently does it implicitly but that fallback will be removed in the future)
[0.982s] WARNING:colcon.colcon_ros.task.ament_python.build:Package 'odom_publisher' doesn't explicitly install the 'package.xml' file (colcon-ros currently does it implicitly but that fallback will be removed in the future)
[0.982s] INFO:colcon.colcon_core.task.python.build:Building Python package in '/home/gnanasai/MUC-Hardware/muc_ws/src/odom_publisher'
[0.982s] INFO:colcon.colcon_core.shell:Skip shell extension 'powershell' for command environment: Not usable outside of PowerShell
[0.982s] DEBUG:colcon.colcon_core.shell:Skip shell extension 'dsv' for command environment
[1.273s] INFO:colcon.colcon_core.task.python.build:Building Python package in '/home/gnanasai/MUC-Hardware/muc_ws/src/publish_pwm_values'
[1.273s] INFO:colcon.colcon_core.shell:Skip shell extension 'powershell' for command environment: Not usable outside of PowerShell
[1.273s] DEBUG:colcon.colcon_core.shell:Skip shell extension 'dsv' for command environment
[1.547s] INFO:colcon.colcon_core.task.python.build:Building Python package in '/home/gnanasai/MUC-Hardware/muc_ws/src/subscribe_encoder_values'
[1.547s] INFO:colcon.colcon_core.shell:Skip shell extension 'powershell' for command environment: Not usable outside of PowerShell
[1.547s] DEBUG:colcon.colcon_core.shell:Skip shell extension 'dsv' for command environment
[1.970s] DEBUG:colcon.colcon_core.event_handler.log_command:Invoking command in '/home/gnanasai/MUC-Hardware/muc_ws/src/odom_publisher': PYTHONPATH=/home/gnanasai/MUC-Hardware/muc_ws/build/odom_publisher/prefix_override:/usr/lib/python3/dist-packages/colcon_core/task/python/colcon_distutils_commands:/home/gnanasai/MUC-Hardware/muc_ws/install/odom_publisher/lib/python3.10/site-packages:${PYTHONPATH} /usr/bin/python3 -W ignore:setup.py install is deprecated -W ignore:easy_install command is deprecated setup.py egg_info --egg-base ../../build/odom_publisher build --build-base /home/gnanasai/MUC-Hardware/muc_ws/build/odom_publisher/build install --record /home/gnanasai/MUC-Hardware/muc_ws/build/odom_publisher/install.log --single-version-externally-managed
[1.980s] DEBUG:colcon.colcon_core.event_handler.log_command:Invoking command in '/home/gnanasai/MUC-Hardware/muc_ws/src/publish_pwm_values': PYTHONPATH=/home/gnanasai/MUC-Hardware/muc_ws/build/publish_pwm_values/prefix_override:/usr/lib/python3/dist-packages/colcon_core/task/python/colcon_distutils_commands:/home/gnanasai/MUC-Hardware/muc_ws/install/publish_pwm_values/lib/python3.10/site-packages:${PYTHONPATH} /usr/bin/python3 -W ignore:setup.py install is deprecated -W ignore:easy_install command is deprecated setup.py egg_info --egg-base ../../build/publish_pwm_values build --build-base /home/gnanasai/MUC-Hardware/muc_ws/build/publish_pwm_values/build install --record /home/gnanasai/MUC-Hardware/muc_ws/build/publish_pwm_values/install.log --single-version-externally-managed install_data
[1.993s] DEBUG:colcon.colcon_core.event_handler.log_command:Invoking command in '/home/gnanasai/MUC-Hardware/muc_ws/src/subscribe_encoder_values': PYTHONPATH=/home/gnanasai/MUC-Hardware/muc_ws/build/subscribe_encoder_values/prefix_override:/usr/lib/python3/dist-packages/colcon_core/task/python/colcon_distutils_commands:/home/gnanasai/MUC-Hardware/muc_ws/install/subscribe_encoder_values/lib/python3.10/site-packages:${PYTHONPATH} /usr/bin/python3 -W ignore:setup.py install is deprecated -W ignore:easy_install command is deprecated setup.py egg_info --egg-base ../../build/subscribe_encoder_values build --build-base /home/gnanasai/MUC-Hardware/muc_ws/build/subscribe_encoder_values/build install --record /home/gnanasai/MUC-Hardware/muc_ws/build/subscribe_encoder_values/install.log --single-version-externally-managed install_data
[1.996s] DEBUG:colcon.colcon_core.event_handler.log_command:Invoking command in '/home/gnanasai/MUC-Hardware/muc_ws/src/dev_sys': PYTHONPATH=/home/gnanasai/MUC-Hardware/muc_ws/build/dev_sys/prefix_override:/usr/lib/python3/dist-packages/colcon_core/task/python/colcon_distutils_commands:/home/gnanasai/MUC-Hardware/muc_ws/install/dev_sys/lib/python3.10/site-packages:${PYTHONPATH} /usr/bin/python3 -W ignore:setup.py install is deprecated -W ignore:easy_install command is deprecated setup.py egg_info --egg-base ../../build/dev_sys build --build-base /home/gnanasai/MUC-Hardware/muc_ws/build/dev_sys/build install --record /home/gnanasai/MUC-Hardware/muc_ws/build/dev_sys/install.log --single-version-externally-managed install_data
[2.307s] DEBUG:colcon.colcon_core.event_handler.log_command:Invoked command in '/home/gnanasai/MUC-Hardware/muc_ws/src/odom_publisher' returned '0': PYTHONPATH=/home/gnanasai/MUC-Hardware/muc_ws/build/odom_publisher/prefix_override:/usr/lib/python3/dist-packages/colcon_core/task/python/colcon_distutils_commands:/home/gnanasai/MUC-Hardware/muc_ws/install/odom_publisher/lib/python3.10/site-packages:${PYTHONPATH} /usr/bin/python3 -W ignore:setup.py install is deprecated -W ignore:easy_install command is deprecated setup.py egg_info --egg-base ../../build/odom_publisher build --build-base /home/gnanasai/MUC-Hardware/muc_ws/build/odom_publisher/build install --record /home/gnanasai/MUC-Hardware/muc_ws/build/odom_publisher/install.log --single-version-externally-managed
[2.310s] Level 1:colcon.colcon_core.environment:checking '/home/gnanasai/MUC-Hardware/muc_ws/install/odom_publisher' for CMake module files
[2.310s] Level 1:colcon.colcon_core.environment:checking '/home/gnanasai/MUC-Hardware/muc_ws/install/odom_publisher' for CMake config files
[2.311s] Level 1:colcon.colcon_core.environment:checking '/home/gnanasai/MUC-Hardware/muc_ws/install/odom_publisher/lib'
[2.311s] Level 1:colcon.colcon_core.environment:checking '/home/gnanasai/MUC-Hardware/muc_ws/install/odom_publisher/bin'
[2.311s] Level 1:colcon.colcon_core.environment:checking '/home/gnanasai/MUC-Hardware/muc_ws/install/odom_publisher/lib/pkgconfig/odom_publisher.pc'
[2.312s] Level 1:colcon.colcon_core.environment:checking '/home/gnanasai/MUC-Hardware/muc_ws/install/odom_publisher/lib/python3.10/site-packages'
[2.312s] Level 1:colcon.colcon_core.shell:create_environment_hook('odom_publisher', 'pythonpath')
[2.312s] INFO:colcon.colcon_core.shell:Creating environment hook '/home/gnanasai/MUC-Hardware/muc_ws/install/odom_publisher/share/odom_publisher/hook/pythonpath.ps1'
[2.313s] INFO:colcon.colcon_core.shell:Creating environment descriptor '/home/gnanasai/MUC-Hardware/muc_ws/install/odom_publisher/share/odom_publisher/hook/pythonpath.dsv'
[2.315s] INFO:colcon.colcon_core.shell:Creating environment hook '/home/gnanasai/MUC-Hardware/muc_ws/install/odom_publisher/share/odom_publisher/hook/pythonpath.sh'
[2.315s] Level 1:colcon.colcon_core.environment:checking '/home/gnanasai/MUC-Hardware/muc_ws/install/odom_publisher/bin'
[2.315s] Level 1:colcon.colcon_core.environment:create_environment_scripts_only(odom_publisher)
[2.316s] INFO:colcon.colcon_core.shell:Creating package script '/home/gnanasai/MUC-Hardware/muc_ws/install/odom_publisher/share/odom_publisher/package.ps1'
[2.317s] INFO:colcon.colcon_core.shell:Creating package descriptor '/home/gnanasai/MUC-Hardware/muc_ws/install/odom_publisher/share/odom_publisher/package.dsv'
[2.317s] INFO:colcon.colcon_core.shell:Creating package script '/home/gnanasai/MUC-Hardware/muc_ws/install/odom_publisher/share/odom_publisher/package.sh'
[2.322s] INFO:colcon.colcon_core.shell:Creating package script '/home/gnanasai/MUC-Hardware/muc_ws/install/odom_publisher/share/odom_publisher/package.bash'
[2.323s] INFO:colcon.colcon_core.shell:Creating package script '/home/gnanasai/MUC-Hardware/muc_ws/install/odom_publisher/share/odom_publisher/package.zsh'
[2.323s] Level 1:colcon.colcon_core.environment:create_file_with_runtime_dependencies(/home/gnanasai/MUC-Hardware/muc_ws/install/odom_publisher/share/colcon-core/packages/odom_publisher)
[2.325s] Level 1:colcon.colcon_core.environment:checking '/home/gnanasai/MUC-Hardware/muc_ws/install/publish_pwm_values' for CMake module files
[2.326s] DEBUG:colcon.colcon_core.event_handler.log_command:Invoked command in '/home/gnanasai/MUC-Hardware/muc_ws/src/publish_pwm_values' returned '0': PYTHONPATH=/home/gnanasai/MUC-Hardware/muc_ws/build/publish_pwm_values/prefix_override:/usr/lib/python3/dist-packages/colcon_core/task/python/colcon_distutils_commands:/home/gnanasai/MUC-Hardware/muc_ws/install/publish_pwm_values/lib/python3.10/site-packages:${PYTHONPATH} /usr/bin/python3 -W ignore:setup.py install is deprecated -W ignore:easy_install command is deprecated setup.py egg_info --egg-base ../../build/publish_pwm_values build --build-base /home/gnanasai/MUC-Hardware/muc_ws/build/publish_pwm_values/build install --record /home/gnanasai/MUC-Hardware/muc_ws/build/publish_pwm_values/install.log --single-version-externally-managed install_data
[2.326s] Level 1:colcon.colcon_core.environment:checking '/home/gnanasai/MUC-Hardware/muc_ws/install/publish_pwm_values' for CMake config files
[2.326s] Level 1:colcon.colcon_core.environment:checking '/home/gnanasai/MUC-Hardware/muc_ws/install/publish_pwm_values/lib'
[2.326s] Level 1:colcon.colcon_core.environment:checking '/home/gnanasai/MUC-Hardware/muc_ws/install/publish_pwm_values/bin'
[2.326s] Level 1:colcon.colcon_core.environment:checking '/home/gnanasai/MUC-Hardware/muc_ws/install/publish_pwm_values/lib/pkgconfig/publish_pwm_values.pc'
[2.327s] Level 1:colcon.colcon_core.environment:checking '/home/gnanasai/MUC-Hardware/muc_ws/install/publish_pwm_values/lib/python3.10/site-packages'
[2.327s] Level 1:colcon.colcon_core.shell:create_environment_hook('publish_pwm_values', 'pythonpath')
[2.327s] INFO:colcon.colcon_core.shell:Creating environment hook '/home/gnanasai/MUC-Hardware/muc_ws/install/publish_pwm_values/share/publish_pwm_values/hook/pythonpath.ps1'
[2.327s] INFO:colcon.colcon_core.shell:Creating environment descriptor '/home/gnanasai/MUC-Hardware/muc_ws/install/publish_pwm_values/share/publish_pwm_values/hook/pythonpath.dsv'
[2.328s] INFO:colcon.colcon_core.shell:Creating environment hook '/home/gnanasai/MUC-Hardware/muc_ws/install/publish_pwm_values/share/publish_pwm_values/hook/pythonpath.sh'
[2.328s] Level 1:colcon.colcon_core.environment:checking '/home/gnanasai/MUC-Hardware/muc_ws/install/publish_pwm_values/bin'
[2.329s] Level 1:colcon.colcon_core.environment:create_environment_scripts_only(publish_pwm_values)
[2.329s] INFO:colcon.colcon_core.shell:Creating package script '/home/gnanasai/MUC-Hardware/muc_ws/install/publish_pwm_values/share/publish_pwm_values/package.ps1'
[2.330s] INFO:colcon.colcon_core.shell:Creating package descriptor '/home/gnanasai/MUC-Hardware/muc_ws/install/publish_pwm_values/share/publish_pwm_values/package.dsv'
[2.330s] INFO:colcon.colcon_core.shell:Creating package script '/home/gnanasai/MUC-Hardware/muc_ws/install/publish_pwm_values/share/publish_pwm_values/package.sh'
[2.331s] INFO:colcon.colcon_core.shell:Creating package script '/home/gnanasai/MUC-Hardware/muc_ws/install/publish_pwm_values/share/publish_pwm_values/package.bash'
[2.331s] INFO:colcon.colcon_core.shell:Creating package script '/home/gnanasai/MUC-Hardware/muc_ws/install/publish_pwm_values/share/publish_pwm_values/package.zsh'
[2.332s] Level 1:colcon.colcon_core.environment:create_file_with_runtime_dependencies(/home/gnanasai/MUC-Hardware/muc_ws/install/publish_pwm_values/share/colcon-core/packages/publish_pwm_values)
[2.337s] Level 1:colcon.colcon_core.environment:checking '/home/gnanasai/MUC-Hardware/muc_ws/install/subscribe_encoder_values' for CMake module files
[2.337s] DEBUG:colcon.colcon_core.event_handler.log_command:Invoked command in '/home/gnanasai/MUC-Hardware/muc_ws/src/subscribe_encoder_values' returned '0': PYTHONPATH=/home/gnanasai/MUC-Hardware/muc_ws/build/subscribe_encoder_values/prefix_override:/usr/lib/python3/dist-packages/colcon_core/task/python/colcon_distutils_commands:/home/gnanasai/MUC-Hardware/muc_ws/install/subscribe_encoder_values/lib/python3.10/site-packages:${PYTHONPATH} /usr/bin/python3 -W ignore:setup.py install is deprecated -W ignore:easy_install command is deprecated setup.py egg_info --egg-base ../../build/subscribe_encoder_values build --build-base /home/gnanasai/MUC-Hardware/muc_ws/build/subscribe_encoder_values/build install --record /home/gnanasai/MUC-Hardware/muc_ws/build/subscribe_encoder_values/install.log --single-version-externally-managed install_data
[2.338s] Level 1:colcon.colcon_core.environment:checking '/home/gnanasai/MUC-Hardware/muc_ws/install/subscribe_encoder_values' for CMake config files
[2.338s] Level 1:colcon.colcon_core.environment:checking '/home/gnanasai/MUC-Hardware/muc_ws/install/subscribe_encoder_values/lib'
[2.338s] Level 1:colcon.colcon_core.environment:checking '/home/gnanasai/MUC-Hardware/muc_ws/install/subscribe_encoder_values/bin'
[2.338s] Level 1:colcon.colcon_core.environment:checking '/home/gnanasai/MUC-Hardware/muc_ws/install/subscribe_encoder_values/lib/pkgconfig/subscribe_encoder_values.pc'
[2.339s] Level 1:colcon.colcon_core.environment:checking '/home/gnanasai/MUC-Hardware/muc_ws/install/subscribe_encoder_values/lib/python3.10/site-packages'
[2.339s] Level 1:colcon.colcon_core.shell:create_environment_hook('subscribe_encoder_values', 'pythonpath')
[2.339s] INFO:colcon.colcon_core.shell:Creating environment hook '/home/gnanasai/MUC-Hardware/muc_ws/install/subscribe_encoder_values/share/subscribe_encoder_values/hook/pythonpath.ps1'
[2.339s] INFO:colcon.colcon_core.shell:Creating environment descriptor '/home/gnanasai/MUC-Hardware/muc_ws/install/subscribe_encoder_values/share/subscribe_encoder_values/hook/pythonpath.dsv'
[2.340s] INFO:colcon.colcon_core.shell:Creating environment hook '/home/gnanasai/MUC-Hardware/muc_ws/install/subscribe_encoder_values/share/subscribe_encoder_values/hook/pythonpath.sh'
[2.340s] Level 1:colcon.colcon_core.environment:checking '/home/gnanasai/MUC-Hardware/muc_ws/install/subscribe_encoder_values/bin'
[2.340s] Level 1:colcon.colcon_core.environment:create_environment_scripts_only(subscribe_encoder_values)
[2.341s] INFO:colcon.colcon_core.shell:Creating package script '/home/gnanasai/MUC-Hardware/muc_ws/install/subscribe_encoder_values/share/subscribe_encoder_values/package.ps1'
[2.341s] INFO:colcon.colcon_core.shell:Creating package descriptor '/home/gnanasai/MUC-Hardware/muc_ws/install/subscribe_encoder_values/share/subscribe_encoder_values/package.dsv'
[2.342s] INFO:colcon.colcon_core.shell:Creating package script '/home/gnanasai/MUC-Hardware/muc_ws/install/subscribe_encoder_values/share/subscribe_encoder_values/package.sh'
[2.342s] INFO:colcon.colcon_core.shell:Creating package script '/home/gnanasai/MUC-Hardware/muc_ws/install/subscribe_encoder_values/share/subscribe_encoder_values/package.bash'
[2.343s] INFO:colcon.colcon_core.shell:Creating package script '/home/gnanasai/MUC-Hardware/muc_ws/install/subscribe_encoder_values/share/subscribe_encoder_values/package.zsh'
[2.343s] Level 1:colcon.colcon_core.environment:create_file_with_runtime_dependencies(/home/gnanasai/MUC-Hardware/muc_ws/install/subscribe_encoder_values/share/colcon-core/packages/subscribe_encoder_values)
[2.346s] Level 1:colcon.colcon_core.environment:checking '/home/gnanasai/MUC-Hardware/muc_ws/install/dev_sys' for CMake module files
[2.347s] DEBUG:colcon.colcon_core.event_handler.log_command:Invoked command in '/home/gnanasai/MUC-Hardware/muc_ws/src/dev_sys' returned '0': PYTHONPATH=/home/gnanasai/MUC-Hardware/muc_ws/build/dev_sys/prefix_override:/usr/lib/python3/dist-packages/colcon_core/task/python/colcon_distutils_commands:/home/gnanasai/MUC-Hardware/muc_ws/install/dev_sys/lib/python3.10/site-packages:${PYTHONPATH} /usr/bin/python3 -W ignore:setup.py install is deprecated -W ignore:easy_install command is deprecated setup.py egg_info --egg-base ../../build/dev_sys build --build-base /home/gnanasai/MUC-Hardware/muc_ws/build/dev_sys/build install --record /home/gnanasai/MUC-Hardware/muc_ws/build/dev_sys/install.log --single-version-externally-managed install_data
[2.347s] Level 1:colcon.colcon_core.environment:checking '/home/gnanasai/MUC-Hardware/muc_ws/install/dev_sys' for CMake config files
[2.348s] Level 1:colcon.colcon_core.environment:checking '/home/gnanasai/MUC-Hardware/muc_ws/install/dev_sys/lib'
[2.348s] Level 1:colcon.colcon_core.environment:checking '/home/gnanasai/MUC-Hardware/muc_ws/install/dev_sys/bin'
[2.348s] Level 1:colcon.colcon_core.environment:checking '/home/gnanasai/MUC-Hardware/muc_ws/install/dev_sys/lib/pkgconfig/dev_sys.pc'
[2.348s] Level 1:colcon.colcon_core.environment:checking '/home/gnanasai/MUC-Hardware/muc_ws/install/dev_sys/lib/python3.10/site-packages'
[2.348s] Level 1:colcon.colcon_core.shell:create_environment_hook('dev_sys', 'pythonpath')
[2.348s] INFO:colcon.colcon_core.shell:Creating environment hook '/home/gnanasai/MUC-Hardware/muc_ws/install/dev_sys/share/dev_sys/hook/pythonpath.ps1'
[2.349s] INFO:colcon.colcon_core.shell:Creating environment descriptor '/home/gnanasai/MUC-Hardware/muc_ws/install/dev_sys/share/dev_sys/hook/pythonpath.dsv'
[2.349s] INFO:colcon.colcon_core.shell:Creating environment hook '/home/gnanasai/MUC-Hardware/muc_ws/install/dev_sys/share/dev_sys/hook/pythonpath.sh'
[2.350s] Level 1:colcon.colcon_core.environment:checking '/home/gnanasai/MUC-Hardware/muc_ws/install/dev_sys/bin'
[2.350s] Level 1:colcon.colcon_core.environment:create_environment_scripts_only(dev_sys)
[2.350s] INFO:colcon.colcon_core.shell:Creating package script '/home/gnanasai/MUC-Hardware/muc_ws/install/dev_sys/share/dev_sys/package.ps1'
[2.351s] INFO:colcon.colcon_core.shell:Creating package descriptor '/home/gnanasai/MUC-Hardware/muc_ws/install/dev_sys/share/dev_sys/package.dsv'
[2.351s] INFO:colcon.colcon_core.shell:Creating package script '/home/gnanasai/MUC-Hardware/muc_ws/install/dev_sys/share/dev_sys/package.sh'
[2.352s] INFO:colcon.colcon_core.shell:Creating package script '/home/gnanasai/MUC-Hardware/muc_ws/install/dev_sys/share/dev_sys/package.bash'
[2.352s] INFO:colcon.colcon_core.shell:Creating package script '/home/gnanasai/MUC-Hardware/muc_ws/install/dev_sys/share/dev_sys/package.zsh'
[2.353s] Level 1:colcon.colcon_core.environment:create_file_with_runtime_dependencies(/home/gnanasai/MUC-Hardware/muc_ws/install/dev_sys/share/colcon-core/packages/dev_sys)
[2.353s] DEBUG:colcon.colcon_parallel_executor.executor.parallel:closing loop
[2.354s] DEBUG:colcon.colcon_parallel_executor.executor.parallel:loop closed
[2.354s] DEBUG:colcon.colcon_parallel_executor.executor.parallel:run_until_complete finished with '0'
[2.354s] DEBUG:colcon.colcon_core.event_reactor:joining thread
[2.360s] INFO:colcon.colcon_core.plugin_system:Skipping extension 'colcon_notification.desktop_notification.terminal_notifier': Not used on non-Darwin systems
[2.360s] INFO:colcon.colcon_core.plugin_system:Skipping extension 'colcon_notification.desktop_notification.win32': Not used on non-Windows systems
[2.360s] INFO:colcon.colcon_notification.desktop_notification:Sending desktop notification using 'notify2'
[2.374s] DEBUG:colcon.colcon_core.event_reactor:joined thread
[2.375s] INFO:colcon.colcon_core.shell:Creating prefix script '/home/gnanasai/MUC-Hardware/muc_ws/install/local_setup.ps1'
[2.376s] INFO:colcon.colcon_core.shell:Creating prefix util module '/home/gnanasai/MUC-Hardware/muc_ws/install/_local_setup_util_ps1.py'
[2.378s] INFO:colcon.colcon_core.shell:Creating prefix chain script '/home/gnanasai/MUC-Hardware/muc_ws/install/setup.ps1'
[2.379s] INFO:colcon.colcon_core.shell:Creating prefix script '/home/gnanasai/MUC-Hardware/muc_ws/install/local_setup.sh'
[2.379s] INFO:colcon.colcon_core.shell:Creating prefix util module '/home/gnanasai/MUC-Hardware/muc_ws/install/_local_setup_util_sh.py'
[2.380s] INFO:colcon.colcon_core.shell:Creating prefix chain script '/home/gnanasai/MUC-Hardware/muc_ws/install/setup.sh'
[2.381s] INFO:colcon.colcon_core.shell:Creating prefix script '/home/gnanasai/MUC-Hardware/muc_ws/install/local_setup.bash'
[2.382s] INFO:colcon.colcon_core.shell:Creating prefix chain script '/home/gnanasai/MUC-Hardware/muc_ws/install/setup.bash'
[2.382s] INFO:colcon.colcon_core.shell:Creating prefix script '/home/gnanasai/MUC-Hardware/muc_ws/install/local_setup.zsh'
[2.383s] INFO:colcon.colcon_core.shell:Creating prefix chain script '/home/gnanasai/MUC-Hardware/muc_ws/install/setup.zsh'
