[1.989s] Invoking command in '/home/gnanasai/MUC-Hardware/muc_ws/src/publish_pwm_values': PYTHONPATH=/home/gnanasai/MUC-Hardware/muc_ws/build/publish_pwm_values/prefix_override:/usr/lib/python3/dist-packages/colcon_core/task/python/colcon_distutils_commands:/home/gnanasai/MUC-Hardware/muc_ws/install/publish_pwm_values/lib/python3.10/site-packages:${PYTHONPATH} /usr/bin/python3 -W ignore:setup.py install is deprecated -W ignore:easy_install command is deprecated setup.py egg_info --egg-base ../../build/publish_pwm_values build --build-base /home/gnanasai/MUC-Hardware/muc_ws/build/publish_pwm_values/build install --record /home/gnanasai/MUC-Hardware/muc_ws/build/publish_pwm_values/install.log --single-version-externally-managed install_data
[2.344s] running egg_info
[2.345s] writing ../../build/publish_pwm_values/publish_pwm_values.egg-info/PKG-INFO
[2.345s] writing dependency_links to ../../build/publish_pwm_values/publish_pwm_values.egg-info/dependency_links.txt
[2.346s] writing entry points to ../../build/publish_pwm_values/publish_pwm_values.egg-info/entry_points.txt
[2.346s] writing requirements to ../../build/publish_pwm_values/publish_pwm_values.egg-info/requires.txt
[2.346s] writing top-level names to ../../build/publish_pwm_values/publish_pwm_values.egg-info/top_level.txt
[2.349s] reading manifest file '../../build/publish_pwm_values/publish_pwm_values.egg-info/SOURCES.txt'
[2.350s] writing manifest file '../../build/publish_pwm_values/publish_pwm_values.egg-info/SOURCES.txt'
[2.350s] running build
[2.350s] running build_py
[2.351s] running install
[2.351s] running install_lib
[2.357s] running install_data
[2.358s] running install_egg_info
[2.358s] removing '/home/gnanasai/MUC-Hardware/muc_ws/install/publish_pwm_values/lib/python3.10/site-packages/publish_pwm_values-0.0.0-py3.10.egg-info' (and everything under it)
[2.358s] Copying ../../build/publish_pwm_values/publish_pwm_values.egg-info to /home/gnanasai/MUC-Hardware/muc_ws/install/publish_pwm_values/lib/python3.10/site-packages/publish_pwm_values-0.0.0-py3.10.egg-info
[2.359s] running install_scripts
[2.389s] Installing publish_pwm_values script to /home/gnanasai/MUC-Hardware/muc_ws/install/publish_pwm_values/lib/publish_pwm_values
[2.390s] writing list of installed files to '/home/gnanasai/MUC-Hardware/muc_ws/build/publish_pwm_values/install.log'
[2.424s] Invoked command in '/home/gnanasai/MUC-Hardware/muc_ws/src/publish_pwm_values' returned '0': PYTHONPATH=/home/gnanasai/MUC-Hardware/muc_ws/build/publish_pwm_values/prefix_override:/usr/lib/python3/dist-packages/colcon_core/task/python/colcon_distutils_commands:/home/gnanasai/MUC-Hardware/muc_ws/install/publish_pwm_values/lib/python3.10/site-packages:${PYTHONPATH} /usr/bin/python3 -W ignore:setup.py install is deprecated -W ignore:easy_install command is deprecated setup.py egg_info --egg-base ../../build/publish_pwm_values build --build-base /home/gnanasai/MUC-Hardware/muc_ws/build/publish_pwm_values/build install --record /home/gnanasai/MUC-Hardware/muc_ws/build/publish_pwm_values/install.log --single-version-externally-managed install_data
