[0.124s] DEBUG:colcon:Command line arguments: ['/usr/bin/colcon', 'build']
[0.125s] DEBUG:colcon:Parsed command line arguments: Namespace(log_base=None, log_level=None, verb_name='build', build_base='build', install_base='install', merge_install=False, symlink_install=False, test_result_base=None, continue_on_error=False, executor='parallel', parallel_workers=16, event_handlers=None, ignore_user_meta=False, metas=['./colcon.meta'], base_paths=['.'], packages_ignore=None, packages_ignore_regex=None, paths=None, packages_up_to=None, packages_up_to_regex=None, packages_above=None, packages_above_and_dependencies=None, packages_above_depth=None, packages_select_by_dep=None, packages_skip_by_dep=None, packages_skip_up_to=None, packages_select_build_failed=False, packages_skip_build_finished=False, packages_select_test_failures=False, packages_skip_test_passed=False, packages_select=None, packages_skip=None, packages_select_regex=None, packages_skip_regex=None, packages_start=None, packages_end=None, allow_overriding=[], cmake_args=None, cmake_target=None, cmake_target_skip_unavailable=False, cmake_clean_cache=False, cmake_clean_first=False, cmake_force_configure=False, ament_cmake_args=None, catkin_cmake_args=None, catkin_skip_building_tests=False, mixin_files=None, mixin=None, verb_parser=<colcon_mixin.mixin.mixin_argument.MixinArgumentDecorator object at 0x74a0527ffb20>, verb_extension=<colcon_core.verb.build.BuildVerb object at 0x74a0527ff550>, main=<bound method BuildVerb.main of <colcon_core.verb.build.BuildVerb object at 0x74a0527ff550>>, mixin_verb=('build',))
[0.317s] Level 1:colcon.colcon_core.package_discovery:discover_packages(colcon_meta) check parameters
[0.317s] Level 1:colcon.colcon_core.package_discovery:discover_packages(recursive) check parameters
[0.317s] Level 1:colcon.colcon_core.package_discovery:discover_packages(ignore) check parameters
[0.317s] Level 1:colcon.colcon_core.package_discovery:discover_packages(path) check parameters
[0.317s] Level 1:colcon.colcon_core.package_discovery:discover_packages(colcon_meta) discover
[0.317s] Level 1:colcon.colcon_core.package_discovery:discover_packages(recursive) discover
[0.317s] INFO:colcon.colcon_core.package_discovery:Crawling recursively for packages in '/home/anirudh/MUC-Hardware/muc_ws'
[0.317s] Level 1:colcon.colcon_core.package_identification:_identify(.) by extensions ['ignore', 'ignore_ament_install']
[0.317s] Level 1:colcon.colcon_core.package_identification:_identify(.) by extension 'ignore'
[0.317s] Level 1:colcon.colcon_core.package_identification:_identify(.) by extension 'ignore_ament_install'
[0.317s] Level 1:colcon.colcon_core.package_identification:_identify(.) by extensions ['colcon_pkg']
[0.317s] Level 1:colcon.colcon_core.package_identification:_identify(.) by extension 'colcon_pkg'
[0.318s] Level 1:colcon.colcon_core.package_identification:_identify(.) by extensions ['colcon_meta']
[0.318s] Level 1:colcon.colcon_core.package_identification:_identify(.) by extension 'colcon_meta'
[0.318s] Level 1:colcon.colcon_core.package_identification:_identify(.) by extensions ['ros']
[0.318s] Level 1:colcon.colcon_core.package_identification:_identify(.) by extension 'ros'
[0.330s] Level 1:colcon.colcon_core.package_identification:_identify(.) by extensions ['cmake', 'python']
[0.330s] Level 1:colcon.colcon_core.package_identification:_identify(.) by extension 'cmake'
[0.330s] Level 1:colcon.colcon_core.package_identification:_identify(.) by extension 'python'
[0.330s] Level 1:colcon.colcon_core.package_identification:_identify(.) by extensions ['python_setup_py']
[0.330s] Level 1:colcon.colcon_core.package_identification:_identify(.) by extension 'python_setup_py'
[0.330s] Level 1:colcon.colcon_core.package_identification:_identify(build) by extensions ['ignore', 'ignore_ament_install']
[0.330s] Level 1:colcon.colcon_core.package_identification:_identify(build) by extension 'ignore'
[0.330s] Level 1:colcon.colcon_core.package_identification:_identify(build) ignored
[0.331s] Level 1:colcon.colcon_core.package_identification:_identify(install) by extensions ['ignore', 'ignore_ament_install']
[0.331s] Level 1:colcon.colcon_core.package_identification:_identify(install) by extension 'ignore'
[0.331s] Level 1:colcon.colcon_core.package_identification:_identify(install) ignored
[0.331s] Level 1:colcon.colcon_core.package_identification:_identify(log) by extensions ['ignore', 'ignore_ament_install']
[0.331s] Level 1:colcon.colcon_core.package_identification:_identify(log) by extension 'ignore'
[0.331s] Level 1:colcon.colcon_core.package_identification:_identify(log) ignored
[0.331s] Level 1:colcon.colcon_core.package_identification:_identify(src) by extensions ['ignore', 'ignore_ament_install']
[0.331s] Level 1:colcon.colcon_core.package_identification:_identify(src) by extension 'ignore'
[0.331s] Level 1:colcon.colcon_core.package_identification:_identify(src) by extension 'ignore_ament_install'
[0.331s] Level 1:colcon.colcon_core.package_identification:_identify(src) by extensions ['colcon_pkg']
[0.331s] Level 1:colcon.colcon_core.package_identification:_identify(src) by extension 'colcon_pkg'
[0.331s] Level 1:colcon.colcon_core.package_identification:_identify(src) by extensions ['colcon_meta']
[0.331s] Level 1:colcon.colcon_core.package_identification:_identify(src) by extension 'colcon_meta'
[0.331s] Level 1:colcon.colcon_core.package_identification:_identify(src) by extensions ['ros']
[0.331s] Level 1:colcon.colcon_core.package_identification:_identify(src) by extension 'ros'
[0.331s] Level 1:colcon.colcon_core.package_identification:_identify(src) by extensions ['cmake', 'python']
[0.331s] Level 1:colcon.colcon_core.package_identification:_identify(src) by extension 'cmake'
[0.331s] Level 1:colcon.colcon_core.package_identification:_identify(src) by extension 'python'
[0.331s] Level 1:colcon.colcon_core.package_identification:_identify(src) by extensions ['python_setup_py']
[0.332s] Level 1:colcon.colcon_core.package_identification:_identify(src) by extension 'python_setup_py'
[0.332s] Level 1:colcon.colcon_core.package_identification:_identify(src/odom_publisher) by extensions ['ignore', 'ignore_ament_install']
[0.332s] Level 1:colcon.colcon_core.package_identification:_identify(src/odom_publisher) by extension 'ignore'
[0.332s] Level 1:colcon.colcon_core.package_identification:_identify(src/odom_publisher) by extension 'ignore_ament_install'
[0.332s] Level 1:colcon.colcon_core.package_identification:_identify(src/odom_publisher) by extensions ['colcon_pkg']
[0.332s] Level 1:colcon.colcon_core.package_identification:_identify(src/odom_publisher) by extension 'colcon_pkg'
[0.332s] Level 1:colcon.colcon_core.package_identification:_identify(src/odom_publisher) by extensions ['colcon_meta']
[0.332s] Level 1:colcon.colcon_core.package_identification:_identify(src/odom_publisher) by extension 'colcon_meta'
[0.332s] Level 1:colcon.colcon_core.package_identification:_identify(src/odom_publisher) by extensions ['ros']
[0.332s] Level 1:colcon.colcon_core.package_identification:_identify(src/odom_publisher) by extension 'ros'
[0.335s] DEBUG:colcon.colcon_core.package_identification:Package 'src/odom_publisher' with type 'ros.ament_python' and name 'odom_publisher'
[0.335s] Level 1:colcon.colcon_core.package_identification:_identify(src/publish_pwm_values) by extensions ['ignore', 'ignore_ament_install']
[0.335s] Level 1:colcon.colcon_core.package_identification:_identify(src/publish_pwm_values) by extension 'ignore'
[0.335s] Level 1:colcon.colcon_core.package_identification:_identify(src/publish_pwm_values) by extension 'ignore_ament_install'
[0.335s] Level 1:colcon.colcon_core.package_identification:_identify(src/publish_pwm_values) by extensions ['colcon_pkg']
[0.335s] Level 1:colcon.colcon_core.package_identification:_identify(src/publish_pwm_values) by extension 'colcon_pkg'
[0.335s] Level 1:colcon.colcon_core.package_identification:_identify(src/publish_pwm_values) by extensions ['colcon_meta']
[0.335s] Level 1:colcon.colcon_core.package_identification:_identify(src/publish_pwm_values) by extension 'colcon_meta'
[0.336s] Level 1:colcon.colcon_core.package_identification:_identify(src/publish_pwm_values) by extensions ['ros']
[0.336s] Level 1:colcon.colcon_core.package_identification:_identify(src/publish_pwm_values) by extension 'ros'
[0.336s] DEBUG:colcon.colcon_core.package_identification:Package 'src/publish_pwm_values' with type 'ros.ament_python' and name 'publish_pwm_values'
[0.336s] Level 1:colcon.colcon_core.package_identification:_identify(src/subscribe_encoder_values) by extensions ['ignore', 'ignore_ament_install']
[0.337s] Level 1:colcon.colcon_core.package_identification:_identify(src/subscribe_encoder_values) by extension 'ignore'
[0.337s] Level 1:colcon.colcon_core.package_identification:_identify(src/subscribe_encoder_values) by extension 'ignore_ament_install'
[0.337s] Level 1:colcon.colcon_core.package_identification:_identify(src/subscribe_encoder_values) by extensions ['colcon_pkg']
[0.337s] Level 1:colcon.colcon_core.package_identification:_identify(src/subscribe_encoder_values) by extension 'colcon_pkg'
[0.337s] Level 1:colcon.colcon_core.package_identification:_identify(src/subscribe_encoder_values) by extensions ['colcon_meta']
[0.337s] Level 1:colcon.colcon_core.package_identification:_identify(src/subscribe_encoder_values) by extension 'colcon_meta'
[0.337s] Level 1:colcon.colcon_core.package_identification:_identify(src/subscribe_encoder_values) by extensions ['ros']
[0.337s] Level 1:colcon.colcon_core.package_identification:_identify(src/subscribe_encoder_values) by extension 'ros'
[0.338s] DEBUG:colcon.colcon_core.package_identification:Package 'src/subscribe_encoder_values' with type 'ros.ament_python' and name 'subscribe_encoder_values'
[0.338s] Level 1:colcon.colcon_core.package_discovery:discover_packages(recursive) using defaults
[0.338s] Level 1:colcon.colcon_core.package_discovery:discover_packages(ignore) discover
[0.338s] Level 1:colcon.colcon_core.package_discovery:discover_packages(ignore) using defaults
[0.338s] Level 1:colcon.colcon_core.package_discovery:discover_packages(path) discover
[0.338s] Level 1:colcon.colcon_core.package_discovery:discover_packages(path) using defaults
[0.372s] Level 1:colcon.colcon_core.package_discovery:discover_packages(prefix_path) check parameters
[0.372s] Level 1:colcon.colcon_core.package_discovery:discover_packages(prefix_path) discover
[0.375s] DEBUG:colcon.colcon_installed_package_information.package_discovery:Found 3 installed packages in /home/anirudh/MUC-Hardware/muc_ws/install
[0.375s] DEBUG:colcon.colcon_installed_package_information.package_discovery:Found 1 installed packages in /home/anirudh/cognipilot/electrode/install
[0.376s] DEBUG:colcon.colcon_installed_package_information.package_discovery:Found 17 installed packages in /home/anirudh/cognipilot/cranium/install
[0.377s] DEBUG:colcon.colcon_installed_package_information.package_discovery:Found 329 installed packages in /opt/ros/humble
[0.379s] Level 1:colcon.colcon_core.package_discovery:discover_packages(prefix_path) using defaults
[0.423s] Level 5:colcon.colcon_core.verb:set package 'odom_publisher' build argument 'cmake_args' from command line to 'None'
[0.423s] Level 5:colcon.colcon_core.verb:set package 'odom_publisher' build argument 'cmake_target' from command line to 'None'
[0.423s] Level 5:colcon.colcon_core.verb:set package 'odom_publisher' build argument 'cmake_target_skip_unavailable' from command line to 'False'
[0.423s] Level 5:colcon.colcon_core.verb:set package 'odom_publisher' build argument 'cmake_clean_cache' from command line to 'False'
[0.423s] Level 5:colcon.colcon_core.verb:set package 'odom_publisher' build argument 'cmake_clean_first' from command line to 'False'
[0.423s] Level 5:colcon.colcon_core.verb:set package 'odom_publisher' build argument 'cmake_force_configure' from command line to 'False'
[0.423s] Level 5:colcon.colcon_core.verb:set package 'odom_publisher' build argument 'ament_cmake_args' from command line to 'None'
[0.423s] Level 5:colcon.colcon_core.verb:set package 'odom_publisher' build argument 'catkin_cmake_args' from command line to 'None'
[0.423s] Level 5:colcon.colcon_core.verb:set package 'odom_publisher' build argument 'catkin_skip_building_tests' from command line to 'False'
[0.424s] DEBUG:colcon.colcon_core.verb:Building package 'odom_publisher' with the following arguments: {'ament_cmake_args': None, 'build_base': '/home/anirudh/MUC-Hardware/muc_ws/build/odom_publisher', 'catkin_cmake_args': None, 'catkin_skip_building_tests': False, 'cmake_args': None, 'cmake_clean_cache': False, 'cmake_clean_first': False, 'cmake_force_configure': False, 'cmake_target': None, 'cmake_target_skip_unavailable': False, 'install_base': '/home/anirudh/MUC-Hardware/muc_ws/install/odom_publisher', 'merge_install': False, 'path': '/home/anirudh/MUC-Hardware/muc_ws/src/odom_publisher', 'symlink_install': False, 'test_result_base': None}
[0.424s] Level 5:colcon.colcon_core.verb:set package 'publish_pwm_values' build argument 'cmake_args' from command line to 'None'
[0.424s] Level 5:colcon.colcon_core.verb:set package 'publish_pwm_values' build argument 'cmake_target' from command line to 'None'
[0.424s] Level 5:colcon.colcon_core.verb:set package 'publish_pwm_values' build argument 'cmake_target_skip_unavailable' from command line to 'False'
[0.424s] Level 5:colcon.colcon_core.verb:set package 'publish_pwm_values' build argument 'cmake_clean_cache' from command line to 'False'
[0.424s] Level 5:colcon.colcon_core.verb:set package 'publish_pwm_values' build argument 'cmake_clean_first' from command line to 'False'
[0.424s] Level 5:colcon.colcon_core.verb:set package 'publish_pwm_values' build argument 'cmake_force_configure' from command line to 'False'
[0.424s] Level 5:colcon.colcon_core.verb:set package 'publish_pwm_values' build argument 'ament_cmake_args' from command line to 'None'
[0.424s] Level 5:colcon.colcon_core.verb:set package 'publish_pwm_values' build argument 'catkin_cmake_args' from command line to 'None'
[0.424s] Level 5:colcon.colcon_core.verb:set package 'publish_pwm_values' build argument 'catkin_skip_building_tests' from command line to 'False'
[0.424s] DEBUG:colcon.colcon_core.verb:Building package 'publish_pwm_values' with the following arguments: {'ament_cmake_args': None, 'build_base': '/home/anirudh/MUC-Hardware/muc_ws/build/publish_pwm_values', 'catkin_cmake_args': None, 'catkin_skip_building_tests': False, 'cmake_args': None, 'cmake_clean_cache': False, 'cmake_clean_first': False, 'cmake_force_configure': False, 'cmake_target': None, 'cmake_target_skip_unavailable': False, 'install_base': '/home/anirudh/MUC-Hardware/muc_ws/install/publish_pwm_values', 'merge_install': False, 'path': '/home/anirudh/MUC-Hardware/muc_ws/src/publish_pwm_values', 'symlink_install': False, 'test_result_base': None}
[0.425s] Level 5:colcon.colcon_core.verb:set package 'subscribe_encoder_values' build argument 'cmake_args' from command line to 'None'
[0.425s] Level 5:colcon.colcon_core.verb:set package 'subscribe_encoder_values' build argument 'cmake_target' from command line to 'None'
[0.425s] Level 5:colcon.colcon_core.verb:set package 'subscribe_encoder_values' build argument 'cmake_target_skip_unavailable' from command line to 'False'
[0.425s] Level 5:colcon.colcon_core.verb:set package 'subscribe_encoder_values' build argument 'cmake_clean_cache' from command line to 'False'
[0.425s] Level 5:colcon.colcon_core.verb:set package 'subscribe_encoder_values' build argument 'cmake_clean_first' from command line to 'False'
[0.425s] Level 5:colcon.colcon_core.verb:set package 'subscribe_encoder_values' build argument 'cmake_force_configure' from command line to 'False'
[0.425s] Level 5:colcon.colcon_core.verb:set package 'subscribe_encoder_values' build argument 'ament_cmake_args' from command line to 'None'
[0.425s] Level 5:colcon.colcon_core.verb:set package 'subscribe_encoder_values' build argument 'catkin_cmake_args' from command line to 'None'
[0.425s] Level 5:colcon.colcon_core.verb:set package 'subscribe_encoder_values' build argument 'catkin_skip_building_tests' from command line to 'False'
[0.425s] DEBUG:colcon.colcon_core.verb:Building package 'subscribe_encoder_values' with the following arguments: {'ament_cmake_args': None, 'build_base': '/home/anirudh/MUC-Hardware/muc_ws/build/subscribe_encoder_values', 'catkin_cmake_args': None, 'catkin_skip_building_tests': False, 'cmake_args': None, 'cmake_clean_cache': False, 'cmake_clean_first': False, 'cmake_force_configure': False, 'cmake_target': None, 'cmake_target_skip_unavailable': False, 'install_base': '/home/anirudh/MUC-Hardware/muc_ws/install/subscribe_encoder_values', 'merge_install': False, 'path': '/home/anirudh/MUC-Hardware/muc_ws/src/subscribe_encoder_values', 'symlink_install': False, 'test_result_base': None}
[0.425s] INFO:colcon.colcon_core.executor:Executing jobs using 'parallel' executor
[0.426s] DEBUG:colcon.colcon_parallel_executor.executor.parallel:run_until_complete
[0.427s] INFO:colcon.colcon_ros.task.ament_python.build:Building ROS package in '/home/anirudh/MUC-Hardware/muc_ws/src/odom_publisher' with build type 'ament_python'
[0.427s] Level 1:colcon.colcon_core.shell:create_environment_hook('odom_publisher', 'ament_prefix_path')
[0.429s] INFO:colcon.colcon_core.plugin_system:Skipping extension 'colcon_core.shell.bat': Not used on non-Windows systems
[0.429s] INFO:colcon.colcon_core.shell:Creating environment hook '/home/anirudh/MUC-Hardware/muc_ws/install/odom_publisher/share/odom_publisher/hook/ament_prefix_path.ps1'
[0.430s] INFO:colcon.colcon_core.shell:Creating environment descriptor '/home/anirudh/MUC-Hardware/muc_ws/install/odom_publisher/share/odom_publisher/hook/ament_prefix_path.dsv'
[0.430s] INFO:colcon.colcon_core.shell:Creating environment hook '/home/anirudh/MUC-Hardware/muc_ws/install/odom_publisher/share/odom_publisher/hook/ament_prefix_path.sh'
[0.431s] INFO:colcon.colcon_core.shell:Skip shell extension 'powershell' for command environment: Not usable outside of PowerShell
[0.431s] DEBUG:colcon.colcon_core.shell:Skip shell extension 'dsv' for command environment
[0.436s] INFO:colcon.colcon_ros.task.ament_python.build:Building ROS package in '/home/anirudh/MUC-Hardware/muc_ws/src/publish_pwm_values' with build type 'ament_python'
[0.436s] Level 1:colcon.colcon_core.shell:create_environment_hook('publish_pwm_values', 'ament_prefix_path')
[0.437s] INFO:colcon.colcon_core.shell:Creating environment hook '/home/anirudh/MUC-Hardware/muc_ws/install/publish_pwm_values/share/publish_pwm_values/hook/ament_prefix_path.ps1'
[0.437s] INFO:colcon.colcon_core.shell:Creating environment descriptor '/home/anirudh/MUC-Hardware/muc_ws/install/publish_pwm_values/share/publish_pwm_values/hook/ament_prefix_path.dsv'
[0.437s] INFO:colcon.colcon_core.shell:Creating environment hook '/home/anirudh/MUC-Hardware/muc_ws/install/publish_pwm_values/share/publish_pwm_values/hook/ament_prefix_path.sh'
[0.438s] INFO:colcon.colcon_core.shell:Skip shell extension 'powershell' for command environment: Not usable outside of PowerShell
[0.438s] DEBUG:colcon.colcon_core.shell:Skip shell extension 'dsv' for command environment
[0.443s] INFO:colcon.colcon_ros.task.ament_python.build:Building ROS package in '/home/anirudh/MUC-Hardware/muc_ws/src/subscribe_encoder_values' with build type 'ament_python'
[0.444s] Level 1:colcon.colcon_core.shell:create_environment_hook('subscribe_encoder_values', 'ament_prefix_path')
[0.444s] INFO:colcon.colcon_core.shell:Creating environment hook '/home/anirudh/MUC-Hardware/muc_ws/install/subscribe_encoder_values/share/subscribe_encoder_values/hook/ament_prefix_path.ps1'
[0.445s] INFO:colcon.colcon_core.shell:Creating environment descriptor '/home/anirudh/MUC-Hardware/muc_ws/install/subscribe_encoder_values/share/subscribe_encoder_values/hook/ament_prefix_path.dsv'
[0.445s] INFO:colcon.colcon_core.shell:Creating environment hook '/home/anirudh/MUC-Hardware/muc_ws/install/subscribe_encoder_values/share/subscribe_encoder_values/hook/ament_prefix_path.sh'
[0.446s] INFO:colcon.colcon_core.shell:Skip shell extension 'powershell' for command environment: Not usable outside of PowerShell
[0.446s] DEBUG:colcon.colcon_core.shell:Skip shell extension 'dsv' for command environment
[0.774s] WARNING:colcon.colcon_ros.task.ament_python.build:Package 'odom_publisher' doesn't explicitly install a marker in the package index (colcon-ros currently does it implicitly but that fallback will be removed in the future)
[0.774s] WARNING:colcon.colcon_ros.task.ament_python.build:Package 'odom_publisher' doesn't explicitly install the 'package.xml' file (colcon-ros currently does it implicitly but that fallback will be removed in the future)
[0.774s] INFO:colcon.colcon_core.task.python.build:Building Python package in '/home/anirudh/MUC-Hardware/muc_ws/src/odom_publisher'
[0.774s] INFO:colcon.colcon_core.shell:Skip shell extension 'powershell' for command environment: Not usable outside of PowerShell
[0.775s] DEBUG:colcon.colcon_core.shell:Skip shell extension 'dsv' for command environment
[1.086s] INFO:colcon.colcon_core.task.python.build:Building Python package in '/home/anirudh/MUC-Hardware/muc_ws/src/publish_pwm_values'
[1.087s] INFO:colcon.colcon_core.shell:Skip shell extension 'powershell' for command environment: Not usable outside of PowerShell
[1.087s] DEBUG:colcon.colcon_core.shell:Skip shell extension 'dsv' for command environment
[1.406s] INFO:colcon.colcon_core.task.python.build:Building Python package in '/home/anirudh/MUC-Hardware/muc_ws/src/subscribe_encoder_values'
[1.406s] INFO:colcon.colcon_core.shell:Skip shell extension 'powershell' for command environment: Not usable outside of PowerShell
[1.406s] DEBUG:colcon.colcon_core.shell:Skip shell extension 'dsv' for command environment
[1.988s] DEBUG:colcon.colcon_core.event_handler.log_command:Invoking command in '/home/anirudh/MUC-Hardware/muc_ws/src/odom_publisher': PYTHONPATH=/home/anirudh/MUC-Hardware/muc_ws/build/odom_publisher/prefix_override:/usr/lib/python3/dist-packages/colcon_core/task/python/colcon_distutils_commands:/home/anirudh/MUC-Hardware/muc_ws/install/odom_publisher/lib/python3.10/site-packages:${PYTHONPATH} /usr/bin/python3 -W ignore:setup.py install is deprecated -W ignore:easy_install command is deprecated setup.py egg_info --egg-base ../../build/odom_publisher build --build-base /home/anirudh/MUC-Hardware/muc_ws/build/odom_publisher/build install --record /home/anirudh/MUC-Hardware/muc_ws/build/odom_publisher/install.log --single-version-externally-managed
[1.991s] DEBUG:colcon.colcon_core.event_handler.log_command:Invoking command in '/home/anirudh/MUC-Hardware/muc_ws/src/publish_pwm_values': PYTHONPATH=/home/anirudh/MUC-Hardware/muc_ws/build/publish_pwm_values/prefix_override:/usr/lib/python3/dist-packages/colcon_core/task/python/colcon_distutils_commands:/home/anirudh/MUC-Hardware/muc_ws/install/publish_pwm_values/lib/python3.10/site-packages:${PYTHONPATH} /usr/bin/python3 -W ignore:setup.py install is deprecated -W ignore:easy_install command is deprecated setup.py egg_info --egg-base ../../build/publish_pwm_values build --build-base /home/anirudh/MUC-Hardware/muc_ws/build/publish_pwm_values/build install --record /home/anirudh/MUC-Hardware/muc_ws/build/publish_pwm_values/install.log --single-version-externally-managed install_data
[1.995s] DEBUG:colcon.colcon_core.event_handler.log_command:Invoking command in '/home/anirudh/MUC-Hardware/muc_ws/src/subscribe_encoder_values': PYTHONPATH=/home/anirudh/MUC-Hardware/muc_ws/build/subscribe_encoder_values/prefix_override:/usr/lib/python3/dist-packages/colcon_core/task/python/colcon_distutils_commands:/home/anirudh/MUC-Hardware/muc_ws/install/subscribe_encoder_values/lib/python3.10/site-packages:${PYTHONPATH} /usr/bin/python3 -W ignore:setup.py install is deprecated -W ignore:easy_install command is deprecated setup.py egg_info --egg-base ../../build/subscribe_encoder_values build --build-base /home/anirudh/MUC-Hardware/muc_ws/build/subscribe_encoder_values/build install --record /home/anirudh/MUC-Hardware/muc_ws/build/subscribe_encoder_values/install.log --single-version-externally-managed install_data
[2.397s] DEBUG:colcon.colcon_core.event_handler.log_command:Invoked command in '/home/anirudh/MUC-Hardware/muc_ws/src/odom_publisher' returned '0': PYTHONPATH=/home/anirudh/MUC-Hardware/muc_ws/build/odom_publisher/prefix_override:/usr/lib/python3/dist-packages/colcon_core/task/python/colcon_distutils_commands:/home/anirudh/MUC-Hardware/muc_ws/install/odom_publisher/lib/python3.10/site-packages:${PYTHONPATH} /usr/bin/python3 -W ignore:setup.py install is deprecated -W ignore:easy_install command is deprecated setup.py egg_info --egg-base ../../build/odom_publisher build --build-base /home/anirudh/MUC-Hardware/muc_ws/build/odom_publisher/build install --record /home/anirudh/MUC-Hardware/muc_ws/build/odom_publisher/install.log --single-version-externally-managed
[2.400s] Level 1:colcon.colcon_core.environment:checking '/home/anirudh/MUC-Hardware/muc_ws/install/odom_publisher' for CMake module files
[2.400s] Level 1:colcon.colcon_core.environment:checking '/home/anirudh/MUC-Hardware/muc_ws/install/odom_publisher' for CMake config files
[2.401s] Level 1:colcon.colcon_core.environment:checking '/home/anirudh/MUC-Hardware/muc_ws/install/odom_publisher/lib'
[2.401s] Level 1:colcon.colcon_core.environment:checking '/home/anirudh/MUC-Hardware/muc_ws/install/odom_publisher/bin'
[2.402s] Level 1:colcon.colcon_core.environment:checking '/home/anirudh/MUC-Hardware/muc_ws/install/odom_publisher/lib/pkgconfig/odom_publisher.pc'
[2.402s] Level 1:colcon.colcon_core.environment:checking '/home/anirudh/MUC-Hardware/muc_ws/install/odom_publisher/lib/python3.10/site-packages'
[2.402s] Level 1:colcon.colcon_core.shell:create_environment_hook('odom_publisher', 'pythonpath')
[2.402s] INFO:colcon.colcon_core.shell:Creating environment hook '/home/anirudh/MUC-Hardware/muc_ws/install/odom_publisher/share/odom_publisher/hook/pythonpath.ps1'
[2.403s] INFO:colcon.colcon_core.shell:Creating environment descriptor '/home/anirudh/MUC-Hardware/muc_ws/install/odom_publisher/share/odom_publisher/hook/pythonpath.dsv'
[2.403s] INFO:colcon.colcon_core.shell:Creating environment hook '/home/anirudh/MUC-Hardware/muc_ws/install/odom_publisher/share/odom_publisher/hook/pythonpath.sh'
[2.404s] Level 1:colcon.colcon_core.environment:checking '/home/anirudh/MUC-Hardware/muc_ws/install/odom_publisher/bin'
[2.404s] Level 1:colcon.colcon_core.environment:create_environment_scripts_only(odom_publisher)
[2.404s] INFO:colcon.colcon_core.shell:Creating package script '/home/anirudh/MUC-Hardware/muc_ws/install/odom_publisher/share/odom_publisher/package.ps1'
[2.406s] INFO:colcon.colcon_core.shell:Creating package descriptor '/home/anirudh/MUC-Hardware/muc_ws/install/odom_publisher/share/odom_publisher/package.dsv'
[2.406s] INFO:colcon.colcon_core.shell:Creating package script '/home/anirudh/MUC-Hardware/muc_ws/install/odom_publisher/share/odom_publisher/package.sh'
[2.407s] INFO:colcon.colcon_core.shell:Creating package script '/home/anirudh/MUC-Hardware/muc_ws/install/odom_publisher/share/odom_publisher/package.bash'
[2.408s] INFO:colcon.colcon_core.shell:Creating package script '/home/anirudh/MUC-Hardware/muc_ws/install/odom_publisher/share/odom_publisher/package.zsh'
[2.409s] Level 1:colcon.colcon_core.environment:create_file_with_runtime_dependencies(/home/anirudh/MUC-Hardware/muc_ws/install/odom_publisher/share/colcon-core/packages/odom_publisher)
[2.411s] Level 1:colcon.colcon_core.environment:checking '/home/anirudh/MUC-Hardware/muc_ws/install/publish_pwm_values' for CMake module files
[2.412s] Level 1:colcon.colcon_core.environment:checking '/home/anirudh/MUC-Hardware/muc_ws/install/publish_pwm_values' for CMake config files
[2.412s] DEBUG:colcon.colcon_core.event_handler.log_command:Invoked command in '/home/anirudh/MUC-Hardware/muc_ws/src/publish_pwm_values' returned '0': PYTHONPATH=/home/anirudh/MUC-Hardware/muc_ws/build/publish_pwm_values/prefix_override:/usr/lib/python3/dist-packages/colcon_core/task/python/colcon_distutils_commands:/home/anirudh/MUC-Hardware/muc_ws/install/publish_pwm_values/lib/python3.10/site-packages:${PYTHONPATH} /usr/bin/python3 -W ignore:setup.py install is deprecated -W ignore:easy_install command is deprecated setup.py egg_info --egg-base ../../build/publish_pwm_values build --build-base /home/anirudh/MUC-Hardware/muc_ws/build/publish_pwm_values/build install --record /home/anirudh/MUC-Hardware/muc_ws/build/publish_pwm_values/install.log --single-version-externally-managed install_data
[2.413s] Level 1:colcon.colcon_core.environment:checking '/home/anirudh/MUC-Hardware/muc_ws/install/publish_pwm_values/lib'
[2.413s] Level 1:colcon.colcon_core.environment:checking '/home/anirudh/MUC-Hardware/muc_ws/install/publish_pwm_values/bin'
[2.413s] Level 1:colcon.colcon_core.environment:checking '/home/anirudh/MUC-Hardware/muc_ws/install/publish_pwm_values/lib/pkgconfig/publish_pwm_values.pc'
[2.413s] Level 1:colcon.colcon_core.environment:checking '/home/anirudh/MUC-Hardware/muc_ws/install/publish_pwm_values/lib/python3.10/site-packages'
[2.413s] Level 1:colcon.colcon_core.shell:create_environment_hook('publish_pwm_values', 'pythonpath')
[2.414s] INFO:colcon.colcon_core.shell:Creating environment hook '/home/anirudh/MUC-Hardware/muc_ws/install/publish_pwm_values/share/publish_pwm_values/hook/pythonpath.ps1'
[2.414s] INFO:colcon.colcon_core.shell:Creating environment descriptor '/home/anirudh/MUC-Hardware/muc_ws/install/publish_pwm_values/share/publish_pwm_values/hook/pythonpath.dsv'
[2.415s] INFO:colcon.colcon_core.shell:Creating environment hook '/home/anirudh/MUC-Hardware/muc_ws/install/publish_pwm_values/share/publish_pwm_values/hook/pythonpath.sh'
[2.415s] Level 1:colcon.colcon_core.environment:checking '/home/anirudh/MUC-Hardware/muc_ws/install/publish_pwm_values/bin'
[2.415s] Level 1:colcon.colcon_core.environment:create_environment_scripts_only(publish_pwm_values)
[2.416s] INFO:colcon.colcon_core.shell:Creating package script '/home/anirudh/MUC-Hardware/muc_ws/install/publish_pwm_values/share/publish_pwm_values/package.ps1'
[2.416s] INFO:colcon.colcon_core.shell:Creating package descriptor '/home/anirudh/MUC-Hardware/muc_ws/install/publish_pwm_values/share/publish_pwm_values/package.dsv'
[2.417s] INFO:colcon.colcon_core.shell:Creating package script '/home/anirudh/MUC-Hardware/muc_ws/install/publish_pwm_values/share/publish_pwm_values/package.sh'
[2.417s] INFO:colcon.colcon_core.shell:Creating package script '/home/anirudh/MUC-Hardware/muc_ws/install/publish_pwm_values/share/publish_pwm_values/package.bash'
[2.418s] INFO:colcon.colcon_core.shell:Creating package script '/home/anirudh/MUC-Hardware/muc_ws/install/publish_pwm_values/share/publish_pwm_values/package.zsh'
[2.418s] Level 1:colcon.colcon_core.environment:create_file_with_runtime_dependencies(/home/anirudh/MUC-Hardware/muc_ws/install/publish_pwm_values/share/colcon-core/packages/publish_pwm_values)
[2.419s] Level 1:colcon.colcon_core.environment:checking '/home/anirudh/MUC-Hardware/muc_ws/install/subscribe_encoder_values' for CMake module files
[2.420s] DEBUG:colcon.colcon_core.event_handler.log_command:Invoked command in '/home/anirudh/MUC-Hardware/muc_ws/src/subscribe_encoder_values' returned '0': PYTHONPATH=/home/anirudh/MUC-Hardware/muc_ws/build/subscribe_encoder_values/prefix_override:/usr/lib/python3/dist-packages/colcon_core/task/python/colcon_distutils_commands:/home/anirudh/MUC-Hardware/muc_ws/install/subscribe_encoder_values/lib/python3.10/site-packages:${PYTHONPATH} /usr/bin/python3 -W ignore:setup.py install is deprecated -W ignore:easy_install command is deprecated setup.py egg_info --egg-base ../../build/subscribe_encoder_values build --build-base /home/anirudh/MUC-Hardware/muc_ws/build/subscribe_encoder_values/build install --record /home/anirudh/MUC-Hardware/muc_ws/build/subscribe_encoder_values/install.log --single-version-externally-managed install_data
[2.420s] Level 1:colcon.colcon_core.environment:checking '/home/anirudh/MUC-Hardware/muc_ws/install/subscribe_encoder_values' for CMake config files
[2.421s] Level 1:colcon.colcon_core.environment:checking '/home/anirudh/MUC-Hardware/muc_ws/install/subscribe_encoder_values/lib'
[2.421s] Level 1:colcon.colcon_core.environment:checking '/home/anirudh/MUC-Hardware/muc_ws/install/subscribe_encoder_values/bin'
[2.421s] Level 1:colcon.colcon_core.environment:checking '/home/anirudh/MUC-Hardware/muc_ws/install/subscribe_encoder_values/lib/pkgconfig/subscribe_encoder_values.pc'
[2.421s] Level 1:colcon.colcon_core.environment:checking '/home/anirudh/MUC-Hardware/muc_ws/install/subscribe_encoder_values/lib/python3.10/site-packages'
[2.421s] Level 1:colcon.colcon_core.shell:create_environment_hook('subscribe_encoder_values', 'pythonpath')
[2.422s] INFO:colcon.colcon_core.shell:Creating environment hook '/home/anirudh/MUC-Hardware/muc_ws/install/subscribe_encoder_values/share/subscribe_encoder_values/hook/pythonpath.ps1'
[2.422s] INFO:colcon.colcon_core.shell:Creating environment descriptor '/home/anirudh/MUC-Hardware/muc_ws/install/subscribe_encoder_values/share/subscribe_encoder_values/hook/pythonpath.dsv'
[2.423s] INFO:colcon.colcon_core.shell:Creating environment hook '/home/anirudh/MUC-Hardware/muc_ws/install/subscribe_encoder_values/share/subscribe_encoder_values/hook/pythonpath.sh'
[2.423s] Level 1:colcon.colcon_core.environment:checking '/home/anirudh/MUC-Hardware/muc_ws/install/subscribe_encoder_values/bin'
[2.423s] Level 1:colcon.colcon_core.environment:create_environment_scripts_only(subscribe_encoder_values)
[2.424s] INFO:colcon.colcon_core.shell:Creating package script '/home/anirudh/MUC-Hardware/muc_ws/install/subscribe_encoder_values/share/subscribe_encoder_values/package.ps1'
[2.425s] INFO:colcon.colcon_core.shell:Creating package descriptor '/home/anirudh/MUC-Hardware/muc_ws/install/subscribe_encoder_values/share/subscribe_encoder_values/package.dsv'
[2.425s] INFO:colcon.colcon_core.shell:Creating package script '/home/anirudh/MUC-Hardware/muc_ws/install/subscribe_encoder_values/share/subscribe_encoder_values/package.sh'
[2.425s] INFO:colcon.colcon_core.shell:Creating package script '/home/anirudh/MUC-Hardware/muc_ws/install/subscribe_encoder_values/share/subscribe_encoder_values/package.bash'
[2.426s] INFO:colcon.colcon_core.shell:Creating package script '/home/anirudh/MUC-Hardware/muc_ws/install/subscribe_encoder_values/share/subscribe_encoder_values/package.zsh'
[2.426s] Level 1:colcon.colcon_core.environment:create_file_with_runtime_dependencies(/home/anirudh/MUC-Hardware/muc_ws/install/subscribe_encoder_values/share/colcon-core/packages/subscribe_encoder_values)
[2.426s] DEBUG:colcon.colcon_parallel_executor.executor.parallel:closing loop
[2.427s] DEBUG:colcon.colcon_parallel_executor.executor.parallel:loop closed
[2.427s] DEBUG:colcon.colcon_parallel_executor.executor.parallel:run_until_complete finished with '0'
[2.427s] DEBUG:colcon.colcon_core.event_reactor:joining thread
[2.434s] INFO:colcon.colcon_core.plugin_system:Skipping extension 'colcon_notification.desktop_notification.terminal_notifier': Not used on non-Darwin systems
[2.434s] INFO:colcon.colcon_core.plugin_system:Skipping extension 'colcon_notification.desktop_notification.win32': Not used on non-Windows systems
[2.434s] INFO:colcon.colcon_notification.desktop_notification:Sending desktop notification using 'notify2'
[2.449s] DEBUG:colcon.colcon_core.event_reactor:joined thread
[2.450s] INFO:colcon.colcon_core.shell:Creating prefix script '/home/anirudh/MUC-Hardware/muc_ws/install/local_setup.ps1'
[2.451s] INFO:colcon.colcon_core.shell:Creating prefix util module '/home/anirudh/MUC-Hardware/muc_ws/install/_local_setup_util_ps1.py'
[2.452s] INFO:colcon.colcon_core.shell:Creating prefix chain script '/home/anirudh/MUC-Hardware/muc_ws/install/setup.ps1'
[2.454s] INFO:colcon.colcon_core.shell:Creating prefix script '/home/anirudh/MUC-Hardware/muc_ws/install/local_setup.sh'
[2.455s] INFO:colcon.colcon_core.shell:Creating prefix util module '/home/anirudh/MUC-Hardware/muc_ws/install/_local_setup_util_sh.py'
[2.456s] INFO:colcon.colcon_core.shell:Creating prefix chain script '/home/anirudh/MUC-Hardware/muc_ws/install/setup.sh'
[2.458s] INFO:colcon.colcon_core.shell:Creating prefix script '/home/anirudh/MUC-Hardware/muc_ws/install/local_setup.bash'
[2.459s] INFO:colcon.colcon_core.shell:Creating prefix chain script '/home/anirudh/MUC-Hardware/muc_ws/install/setup.bash'
[2.461s] INFO:colcon.colcon_core.shell:Creating prefix script '/home/anirudh/MUC-Hardware/muc_ws/install/local_setup.zsh'
[2.461s] INFO:colcon.colcon_core.shell:Creating prefix chain script '/home/anirudh/MUC-Hardware/muc_ws/install/setup.zsh'
