[5.507s] Invoking command in '/home/muc/MUC-Hardware/muc_ws/src/odom_publisher': PYTHONPATH=/home/muc/MUC-Hardware/muc_ws/build/odom_publisher/prefix_override:/usr/lib/python3/dist-packages/colcon_core/task/python/colcon_distutils_commands:/home/muc/MUC-Hardware/muc_ws/install/odom_publisher/lib/python3.10/site-packages:${PYTHONPATH} /usr/bin/python3 -W ignore:setup.py install is deprecated setup.py egg_info --egg-base ../../build/odom_publisher build --build-base /home/muc/MUC-Hardware/muc_ws/build/odom_publisher/build install --record /home/muc/MUC-Hardware/muc_ws/build/odom_publisher/install.log --single-version-externally-managed
[6.929s] running egg_info
[6.933s] writing ../../build/odom_publisher/odom_publisher.egg-info/PKG-INFO
[6.934s] writing dependency_links to ../../build/odom_publisher/odom_publisher.egg-info/dependency_links.txt
[6.935s] writing entry points to ../../build/odom_publisher/odom_publisher.egg-info/entry_points.txt
[6.936s] writing requirements to ../../build/odom_publisher/odom_publisher.egg-info/requires.txt
[6.937s] writing top-level names to ../../build/odom_publisher/odom_publisher.egg-info/top_level.txt
[6.948s] reading manifest file '../../build/odom_publisher/odom_publisher.egg-info/SOURCES.txt'
[6.952s] writing manifest file '../../build/odom_publisher/odom_publisher.egg-info/SOURCES.txt'
[6.953s] running build
[6.954s] running build_py
[6.955s] copying odom_publisher/odom_publisher_node.py -> /home/muc/MUC-Hardware/muc_ws/build/odom_publisher/build/lib/odom_publisher
[6.956s] running install
[6.958s] running install_lib
[6.962s] copying /home/muc/MUC-Hardware/muc_ws/build/odom_publisher/build/lib/odom_publisher/odom_publisher_node.py -> /home/muc/MUC-Hardware/muc_ws/install/odom_publisher/lib/python3.10/site-packages/odom_publisher
[6.965s] byte-compiling /home/muc/MUC-Hardware/muc_ws/install/odom_publisher/lib/python3.10/site-packages/odom_publisher/odom_publisher_node.py to odom_publisher_node.cpython-310.pyc
[6.973s] running install_egg_info
[6.981s] removing '/home/muc/MUC-Hardware/muc_ws/install/odom_publisher/lib/python3.10/site-packages/odom_publisher-0.0.0-py3.10.egg-info' (and everything under it)
[6.983s] Copying ../../build/odom_publisher/odom_publisher.egg-info to /home/muc/MUC-Hardware/muc_ws/install/odom_publisher/lib/python3.10/site-packages/odom_publisher-0.0.0-py3.10.egg-info
[6.991s] running install_scripts
[7.090s] Installing odom_publisher_node script to /home/muc/MUC-Hardware/muc_ws/install/odom_publisher/lib/odom_publisher
[7.092s] writing list of installed files to '/home/muc/MUC-Hardware/muc_ws/build/odom_publisher/install.log'
[7.272s] Invoked command in '/home/muc/MUC-Hardware/muc_ws/src/odom_publisher' returned '0': PYTHONPATH=/home/muc/MUC-Hardware/muc_ws/build/odom_publisher/prefix_override:/usr/lib/python3/dist-packages/colcon_core/task/python/colcon_distutils_commands:/home/muc/MUC-Hardware/muc_ws/install/odom_publisher/lib/python3.10/site-packages:${PYTHONPATH} /usr/bin/python3 -W ignore:setup.py install is deprecated setup.py egg_info --egg-base ../../build/odom_publisher build --build-base /home/muc/MUC-Hardware/muc_ws/build/odom_publisher/build install --record /home/muc/MUC-Hardware/muc_ws/build/odom_publisher/install.log --single-version-externally-managed
