[5.450s] Invoking command in '/home/muc/MUC-Hardware/muc_ws_rpi/src/encoder_reader': PYTHONPATH=/home/muc/MUC-Hardware/muc_ws_rpi/build/encoder_reader/prefix_override:/usr/lib/python3/dist-packages/colcon_core/task/python/colcon_distutils_commands:/home/muc/MUC-Hardware/muc_ws_rpi/install/encoder_reader/lib/python3.10/site-packages:${PYTHONPATH} /usr/bin/python3 -W ignore:setup.py install is deprecated setup.py egg_info --egg-base ../../build/encoder_reader build --build-base /home/muc/MUC-Hardware/muc_ws_rpi/build/encoder_reader/build install --record /home/muc/MUC-Hardware/muc_ws_rpi/build/encoder_reader/install.log --single-version-externally-managed install_data
[6.795s] running egg_info
[6.798s] writing ../../build/encoder_reader/encoder_reader.egg-info/PKG-INFO
[6.800s] writing dependency_links to ../../build/encoder_reader/encoder_reader.egg-info/dependency_links.txt
[6.802s] writing entry points to ../../build/encoder_reader/encoder_reader.egg-info/entry_points.txt
[6.806s] writing requirements to ../../build/encoder_reader/encoder_reader.egg-info/requires.txt
[6.807s] writing top-level names to ../../build/encoder_reader/encoder_reader.egg-info/top_level.txt
[6.814s] reading manifest file '../../build/encoder_reader/encoder_reader.egg-info/SOURCES.txt'
[6.818s] writing manifest file '../../build/encoder_reader/encoder_reader.egg-info/SOURCES.txt'
[6.820s] running build
[6.820s] running build_py
[6.822s] running install
[6.823s] running install_lib
[6.831s] running install_data
[6.832s] running install_egg_info
[6.840s] removing '/home/muc/MUC-Hardware/muc_ws_rpi/install/encoder_reader/lib/python3.10/site-packages/encoder_reader-0.0.0-py3.10.egg-info' (and everything under it)
[6.842s] Copying ../../build/encoder_reader/encoder_reader.egg-info to /home/muc/MUC-Hardware/muc_ws_rpi/install/encoder_reader/lib/python3.10/site-packages/encoder_reader-0.0.0-py3.10.egg-info
[6.850s] running install_scripts
[6.962s] Installing encoder_reader_node script to /home/muc/MUC-Hardware/muc_ws_rpi/install/encoder_reader/lib/encoder_reader
[6.965s] writing list of installed files to '/home/muc/MUC-Hardware/muc_ws_rpi/build/encoder_reader/install.log'
[7.265s] Invoked command in '/home/muc/MUC-Hardware/muc_ws_rpi/src/encoder_reader' returned '0': PYTHONPATH=/home/muc/MUC-Hardware/muc_ws_rpi/build/encoder_reader/prefix_override:/usr/lib/python3/dist-packages/colcon_core/task/python/colcon_distutils_commands:/home/muc/MUC-Hardware/muc_ws_rpi/install/encoder_reader/lib/python3.10/site-packages:${PYTHONPATH} /usr/bin/python3 -W ignore:setup.py install is deprecated setup.py egg_info --egg-base ../../build/encoder_reader build --build-base /home/muc/MUC-Hardware/muc_ws_rpi/build/encoder_reader/build install --record /home/muc/MUC-Hardware/muc_ws_rpi/build/encoder_reader/install.log --single-version-externally-managed install_data
