[0.794s] Invoking command in '/home/anirudh/MUC-Hardware/muc_ws/src/publish_pwm_values': PYTHONPATH=/home/anirudh/MUC-Hardware/muc_ws/build/publish_pwm_values/prefix_override:/usr/lib/python3/dist-packages/colcon_core/task/python/colcon_distutils_commands:/home/anirudh/MUC-Hardware/muc_ws/install/publish_pwm_values/lib/python3.10/site-packages:${PYTHONPATH} /usr/bin/python3 -W ignore:setup.py install is deprecated -W ignore:easy_install command is deprecated setup.py egg_info --egg-base ../../build/publish_pwm_values build --build-base /home/anirudh/MUC-Hardware/muc_ws/build/publish_pwm_values/build install --record /home/anirudh/MUC-Hardware/muc_ws/build/publish_pwm_values/install.log --single-version-externally-managed install_data
[0.948s] running egg_info
[0.949s] writing ../../build/publish_pwm_values/publish_pwm_values.egg-info/PKG-INFO
[0.949s] writing dependency_links to ../../build/publish_pwm_values/publish_pwm_values.egg-info/dependency_links.txt
[0.949s] writing entry points to ../../build/publish_pwm_values/publish_pwm_values.egg-info/entry_points.txt
[0.949s] writing requirements to ../../build/publish_pwm_values/publish_pwm_values.egg-info/requires.txt
[0.949s] writing top-level names to ../../build/publish_pwm_values/publish_pwm_values.egg-info/top_level.txt
[0.951s] reading manifest file '../../build/publish_pwm_values/publish_pwm_values.egg-info/SOURCES.txt'
[0.951s] writing manifest file '../../build/publish_pwm_values/publish_pwm_values.egg-info/SOURCES.txt'
[0.952s] running build
[0.952s] running build_py
[0.952s] running install
[0.952s] running install_lib
[0.953s] running install_data
[0.953s] running install_egg_info
[0.954s] removing '/home/anirudh/MUC-Hardware/muc_ws/install/publish_pwm_values/lib/python3.10/site-packages/publish_pwm_values-0.0.0-py3.10.egg-info' (and everything under it)
[0.954s] Copying ../../build/publish_pwm_values/publish_pwm_values.egg-info to /home/anirudh/MUC-Hardware/muc_ws/install/publish_pwm_values/lib/python3.10/site-packages/publish_pwm_values-0.0.0-py3.10.egg-info
[0.955s] running install_scripts
[0.970s] Installing publish_pwm_values script to /home/anirudh/MUC-Hardware/muc_ws/install/publish_pwm_values/lib/publish_pwm_values
[0.970s] writing list of installed files to '/home/anirudh/MUC-Hardware/muc_ws/build/publish_pwm_values/install.log'
[0.997s] Invoked command in '/home/anirudh/MUC-Hardware/muc_ws/src/publish_pwm_values' returned '0': PYTHONPATH=/home/anirudh/MUC-Hardware/muc_ws/build/publish_pwm_values/prefix_override:/usr/lib/python3/dist-packages/colcon_core/task/python/colcon_distutils_commands:/home/anirudh/MUC-Hardware/muc_ws/install/publish_pwm_values/lib/python3.10/site-packages:${PYTHONPATH} /usr/bin/python3 -W ignore:setup.py install is deprecated -W ignore:easy_install command is deprecated setup.py egg_info --egg-base ../../build/publish_pwm_values build --build-base /home/anirudh/MUC-Hardware/muc_ws/build/publish_pwm_values/build install --record /home/anirudh/MUC-Hardware/muc_ws/build/publish_pwm_values/install.log --single-version-externally-managed install_data
