[0.446s] DEBUG:colcon:Command line arguments: ['/usr/bin/colcon', 'build']
[0.447s] DEBUG:colcon:Parsed command line arguments: Namespace(log_base=None, log_level=None, verb_name='build', build_base='build', install_base='install', merge_install=False, symlink_install=False, test_result_base=None, continue_on_error=False, executor='parallel', parallel_workers=4, event_handlers=None, ignore_user_meta=False, metas=['./colcon.meta'], base_paths=['.'], packages_ignore=None, packages_ignore_regex=None, paths=None, packages_up_to=None, packages_up_to_regex=None, packages_above=None, packages_above_and_dependencies=None, packages_above_depth=None, packages_select_by_dep=None, packages_skip_by_dep=None, packages_skip_up_to=None, packages_select_build_failed=False, packages_skip_build_finished=False, packages_select_test_failures=False, packages_skip_test_passed=False, packages_select=None, packages_skip=None, packages_select_regex=None, packages_skip_regex=None, packages_start=None, packages_end=None, allow_overriding=[], cmake_args=None, cmake_target=None, cmake_target_skip_unavailable=False, cmake_clean_cache=False, cmake_clean_first=False, cmake_force_configure=False, ament_cmake_args=None, catkin_cmake_args=None, catkin_skip_building_tests=False, verb_parser=<colcon_defaults.argument_parser.defaults.DefaultArgumentsDecorator object at 0xffff892e35b0>, verb_extension=<colcon_core.verb.build.BuildVerb object at 0xffff89454220>, main=<bound method BuildVerb.main of <colcon_core.verb.build.BuildVerb object at 0xffff89454220>>)
[1.220s] Level 1:colcon.colcon_core.package_discovery:discover_packages(colcon_meta) check parameters
[1.220s] Level 1:colcon.colcon_core.package_discovery:discover_packages(recursive) check parameters
[1.220s] Level 1:colcon.colcon_core.package_discovery:discover_packages(ignore) check parameters
[1.221s] Level 1:colcon.colcon_core.package_discovery:discover_packages(path) check parameters
[1.221s] Level 1:colcon.colcon_core.package_discovery:discover_packages(colcon_meta) discover
[1.221s] Level 1:colcon.colcon_core.package_discovery:discover_packages(recursive) discover
[1.221s] INFO:colcon.colcon_core.package_discovery:Crawling recursively for packages in '/home/muc/MUC-Hardware/muc_ws'
[1.222s] Level 1:colcon.colcon_core.package_identification:_identify(.) by extensions ['ignore', 'ignore_ament_install']
[1.222s] Level 1:colcon.colcon_core.package_identification:_identify(.) by extension 'ignore'
[1.222s] Level 1:colcon.colcon_core.package_identification:_identify(.) by extension 'ignore_ament_install'
[1.222s] Level 1:colcon.colcon_core.package_identification:_identify(.) by extensions ['colcon_pkg']
[1.222s] Level 1:colcon.colcon_core.package_identification:_identify(.) by extension 'colcon_pkg'
[1.223s] Level 1:colcon.colcon_core.package_identification:_identify(.) by extensions ['colcon_meta']
[1.223s] Level 1:colcon.colcon_core.package_identification:_identify(.) by extension 'colcon_meta'
[1.223s] Level 1:colcon.colcon_core.package_identification:_identify(.) by extensions ['ros']
[1.223s] Level 1:colcon.colcon_core.package_identification:_identify(.) by extension 'ros'
[1.271s] Level 1:colcon.colcon_core.package_identification:_identify(.) by extensions ['cmake', 'python']
[1.271s] Level 1:colcon.colcon_core.package_identification:_identify(.) by extension 'cmake'
[1.271s] Level 1:colcon.colcon_core.package_identification:_identify(.) by extension 'python'
[1.271s] Level 1:colcon.colcon_core.package_identification:_identify(.) by extensions ['python_setup_py']
[1.271s] Level 1:colcon.colcon_core.package_identification:_identify(.) by extension 'python_setup_py'
[1.272s] Level 1:colcon.colcon_core.package_identification:_identify(build) by extensions ['ignore', 'ignore_ament_install']
[1.272s] Level 1:colcon.colcon_core.package_identification:_identify(build) by extension 'ignore'
[1.272s] Level 1:colcon.colcon_core.package_identification:_identify(build) ignored
[1.273s] Level 1:colcon.colcon_core.package_identification:_identify(install) by extensions ['ignore', 'ignore_ament_install']
[1.273s] Level 1:colcon.colcon_core.package_identification:_identify(install) by extension 'ignore'
[1.273s] Level 1:colcon.colcon_core.package_identification:_identify(install) ignored
[1.274s] Level 1:colcon.colcon_core.package_identification:_identify(log) by extensions ['ignore', 'ignore_ament_install']
[1.275s] Level 1:colcon.colcon_core.package_identification:_identify(log) by extension 'ignore'
[1.275s] Level 1:colcon.colcon_core.package_identification:_identify(log) ignored
[1.275s] Level 1:colcon.colcon_core.package_identification:_identify(src) by extensions ['ignore', 'ignore_ament_install']
[1.275s] Level 1:colcon.colcon_core.package_identification:_identify(src) by extension 'ignore'
[1.276s] Level 1:colcon.colcon_core.package_identification:_identify(src) by extension 'ignore_ament_install'
[1.276s] Level 1:colcon.colcon_core.package_identification:_identify(src) by extensions ['colcon_pkg']
[1.276s] Level 1:colcon.colcon_core.package_identification:_identify(src) by extension 'colcon_pkg'
[1.276s] Level 1:colcon.colcon_core.package_identification:_identify(src) by extensions ['colcon_meta']
[1.276s] Level 1:colcon.colcon_core.package_identification:_identify(src) by extension 'colcon_meta'
[1.276s] Level 1:colcon.colcon_core.package_identification:_identify(src) by extensions ['ros']
[1.276s] Level 1:colcon.colcon_core.package_identification:_identify(src) by extension 'ros'
[1.277s] Level 1:colcon.colcon_core.package_identification:_identify(src) by extensions ['cmake', 'python']
[1.277s] Level 1:colcon.colcon_core.package_identification:_identify(src) by extension 'cmake'
[1.277s] Level 1:colcon.colcon_core.package_identification:_identify(src) by extension 'python'
[1.277s] Level 1:colcon.colcon_core.package_identification:_identify(src) by extensions ['python_setup_py']
[1.277s] Level 1:colcon.colcon_core.package_identification:_identify(src) by extension 'python_setup_py'
[1.278s] Level 1:colcon.colcon_core.package_identification:_identify(src/odom_publisher) by extensions ['ignore', 'ignore_ament_install']
[1.278s] Level 1:colcon.colcon_core.package_identification:_identify(src/odom_publisher) by extension 'ignore'
[1.278s] Level 1:colcon.colcon_core.package_identification:_identify(src/odom_publisher) by extension 'ignore_ament_install'
[1.278s] Level 1:colcon.colcon_core.package_identification:_identify(src/odom_publisher) by extensions ['colcon_pkg']
[1.279s] Level 1:colcon.colcon_core.package_identification:_identify(src/odom_publisher) by extension 'colcon_pkg'
[1.279s] Level 1:colcon.colcon_core.package_identification:_identify(src/odom_publisher) by extensions ['colcon_meta']
[1.279s] Level 1:colcon.colcon_core.package_identification:_identify(src/odom_publisher) by extension 'colcon_meta'
[1.279s] Level 1:colcon.colcon_core.package_identification:_identify(src/odom_publisher) by extensions ['ros']
[1.279s] Level 1:colcon.colcon_core.package_identification:_identify(src/odom_publisher) by extension 'ros'
[1.288s] DEBUG:colcon.colcon_core.package_identification:Package 'src/odom_publisher' with type 'ros.ament_python' and name 'odom_publisher'
[1.289s] Level 1:colcon.colcon_core.package_identification:_identify(src/publish_pwm_values) by extensions ['ignore', 'ignore_ament_install']
[1.289s] Level 1:colcon.colcon_core.package_identification:_identify(src/publish_pwm_values) by extension 'ignore'
[1.289s] Level 1:colcon.colcon_core.package_identification:_identify(src/publish_pwm_values) by extension 'ignore_ament_install'
[1.290s] Level 1:colcon.colcon_core.package_identification:_identify(src/publish_pwm_values) by extensions ['colcon_pkg']
[1.290s] Level 1:colcon.colcon_core.package_identification:_identify(src/publish_pwm_values) by extension 'colcon_pkg'
[1.290s] Level 1:colcon.colcon_core.package_identification:_identify(src/publish_pwm_values) by extensions ['colcon_meta']
[1.290s] Level 1:colcon.colcon_core.package_identification:_identify(src/publish_pwm_values) by extension 'colcon_meta'
[1.290s] Level 1:colcon.colcon_core.package_identification:_identify(src/publish_pwm_values) by extensions ['ros']
[1.291s] Level 1:colcon.colcon_core.package_identification:_identify(src/publish_pwm_values) by extension 'ros'
[1.293s] DEBUG:colcon.colcon_core.package_identification:Package 'src/publish_pwm_values' with type 'ros.ament_python' and name 'publish_pwm_values'
[1.294s] Level 1:colcon.colcon_core.package_identification:_identify(src/subscribe_encoder_values) by extensions ['ignore', 'ignore_ament_install']
[1.294s] Level 1:colcon.colcon_core.package_identification:_identify(src/subscribe_encoder_values) by extension 'ignore'
[1.294s] Level 1:colcon.colcon_core.package_identification:_identify(src/subscribe_encoder_values) by extension 'ignore_ament_install'
[1.294s] Level 1:colcon.colcon_core.package_identification:_identify(src/subscribe_encoder_values) by extensions ['colcon_pkg']
[1.295s] Level 1:colcon.colcon_core.package_identification:_identify(src/subscribe_encoder_values) by extension 'colcon_pkg'
[1.295s] Level 1:colcon.colcon_core.package_identification:_identify(src/subscribe_encoder_values) by extensions ['colcon_meta']
[1.295s] Level 1:colcon.colcon_core.package_identification:_identify(src/subscribe_encoder_values) by extension 'colcon_meta'
[1.295s] Level 1:colcon.colcon_core.package_identification:_identify(src/subscribe_encoder_values) by extensions ['ros']
[1.295s] Level 1:colcon.colcon_core.package_identification:_identify(src/subscribe_encoder_values) by extension 'ros'
[1.298s] DEBUG:colcon.colcon_core.package_identification:Package 'src/subscribe_encoder_values' with type 'ros.ament_python' and name 'subscribe_encoder_values'
[1.298s] Level 1:colcon.colcon_core.package_discovery:discover_packages(recursive) using defaults
[1.298s] Level 1:colcon.colcon_core.package_discovery:discover_packages(ignore) discover
[1.299s] Level 1:colcon.colcon_core.package_discovery:discover_packages(ignore) using defaults
[1.299s] Level 1:colcon.colcon_core.package_discovery:discover_packages(path) discover
[1.299s] Level 1:colcon.colcon_core.package_discovery:discover_packages(path) using defaults
[1.378s] Level 1:colcon.colcon_core.package_discovery:discover_packages(prefix_path) check parameters
[1.378s] Level 1:colcon.colcon_core.package_discovery:discover_packages(prefix_path) discover
[1.386s] DEBUG:colcon.colcon_installed_package_information.package_discovery:Found 3 installed packages in /home/muc/MUC-Hardware/muc_ws/install
[1.395s] DEBUG:colcon.colcon_installed_package_information.package_discovery:Found 270 installed packages in /opt/ros/humble
[1.401s] Level 1:colcon.colcon_core.package_discovery:discover_packages(prefix_path) using defaults
[1.607s] Level 5:colcon.colcon_core.verb:set package 'odom_publisher' build argument 'cmake_args' from command line to 'None'
[1.608s] Level 5:colcon.colcon_core.verb:set package 'odom_publisher' build argument 'cmake_target' from command line to 'None'
[1.608s] Level 5:colcon.colcon_core.verb:set package 'odom_publisher' build argument 'cmake_target_skip_unavailable' from command line to 'False'
[1.608s] Level 5:colcon.colcon_core.verb:set package 'odom_publisher' build argument 'cmake_clean_cache' from command line to 'False'
[1.608s] Level 5:colcon.colcon_core.verb:set package 'odom_publisher' build argument 'cmake_clean_first' from command line to 'False'
[1.608s] Level 5:colcon.colcon_core.verb:set package 'odom_publisher' build argument 'cmake_force_configure' from command line to 'False'
[1.608s] Level 5:colcon.colcon_core.verb:set package 'odom_publisher' build argument 'ament_cmake_args' from command line to 'None'
[1.608s] Level 5:colcon.colcon_core.verb:set package 'odom_publisher' build argument 'catkin_cmake_args' from command line to 'None'
[1.608s] Level 5:colcon.colcon_core.verb:set package 'odom_publisher' build argument 'catkin_skip_building_tests' from command line to 'False'
[1.609s] DEBUG:colcon.colcon_core.verb:Building package 'odom_publisher' with the following arguments: {'ament_cmake_args': None, 'build_base': '/home/muc/MUC-Hardware/muc_ws/build/odom_publisher', 'catkin_cmake_args': None, 'catkin_skip_building_tests': False, 'cmake_args': None, 'cmake_clean_cache': False, 'cmake_clean_first': False, 'cmake_force_configure': False, 'cmake_target': None, 'cmake_target_skip_unavailable': False, 'install_base': '/home/muc/MUC-Hardware/muc_ws/install/odom_publisher', 'merge_install': False, 'path': '/home/muc/MUC-Hardware/muc_ws/src/odom_publisher', 'symlink_install': False, 'test_result_base': None}
[1.610s] Level 5:colcon.colcon_core.verb:set package 'publish_pwm_values' build argument 'cmake_args' from command line to 'None'
[1.610s] Level 5:colcon.colcon_core.verb:set package 'publish_pwm_values' build argument 'cmake_target' from command line to 'None'
[1.610s] Level 5:colcon.colcon_core.verb:set package 'publish_pwm_values' build argument 'cmake_target_skip_unavailable' from command line to 'False'
[1.610s] Level 5:colcon.colcon_core.verb:set package 'publish_pwm_values' build argument 'cmake_clean_cache' from command line to 'False'
[1.610s] Level 5:colcon.colcon_core.verb:set package 'publish_pwm_values' build argument 'cmake_clean_first' from command line to 'False'
[1.611s] Level 5:colcon.colcon_core.verb:set package 'publish_pwm_values' build argument 'cmake_force_configure' from command line to 'False'
[1.611s] Level 5:colcon.colcon_core.verb:set package 'publish_pwm_values' build argument 'ament_cmake_args' from command line to 'None'
[1.611s] Level 5:colcon.colcon_core.verb:set package 'publish_pwm_values' build argument 'catkin_cmake_args' from command line to 'None'
[1.611s] Level 5:colcon.colcon_core.verb:set package 'publish_pwm_values' build argument 'catkin_skip_building_tests' from command line to 'False'
[1.611s] DEBUG:colcon.colcon_core.verb:Building package 'publish_pwm_values' with the following arguments: {'ament_cmake_args': None, 'build_base': '/home/muc/MUC-Hardware/muc_ws/build/publish_pwm_values', 'catkin_cmake_args': None, 'catkin_skip_building_tests': False, 'cmake_args': None, 'cmake_clean_cache': False, 'cmake_clean_first': False, 'cmake_force_configure': False, 'cmake_target': None, 'cmake_target_skip_unavailable': False, 'install_base': '/home/muc/MUC-Hardware/muc_ws/install/publish_pwm_values', 'merge_install': False, 'path': '/home/muc/MUC-Hardware/muc_ws/src/publish_pwm_values', 'symlink_install': False, 'test_result_base': None}
[1.612s] Level 5:colcon.colcon_core.verb:set package 'subscribe_encoder_values' build argument 'cmake_args' from command line to 'None'
[1.613s] Level 5:colcon.colcon_core.verb:set package 'subscribe_encoder_values' build argument 'cmake_target' from command line to 'None'
[1.613s] Level 5:colcon.colcon_core.verb:set package 'subscribe_encoder_values' build argument 'cmake_target_skip_unavailable' from command line to 'False'
[1.613s] Level 5:colcon.colcon_core.verb:set package 'subscribe_encoder_values' build argument 'cmake_clean_cache' from command line to 'False'
[1.613s] Level 5:colcon.colcon_core.verb:set package 'subscribe_encoder_values' build argument 'cmake_clean_first' from command line to 'False'
[1.613s] Level 5:colcon.colcon_core.verb:set package 'subscribe_encoder_values' build argument 'cmake_force_configure' from command line to 'False'
[1.613s] Level 5:colcon.colcon_core.verb:set package 'subscribe_encoder_values' build argument 'ament_cmake_args' from command line to 'None'
[1.613s] Level 5:colcon.colcon_core.verb:set package 'subscribe_encoder_values' build argument 'catkin_cmake_args' from command line to 'None'
[1.613s] Level 5:colcon.colcon_core.verb:set package 'subscribe_encoder_values' build argument 'catkin_skip_building_tests' from command line to 'False'
[1.613s] DEBUG:colcon.colcon_core.verb:Building package 'subscribe_encoder_values' with the following arguments: {'ament_cmake_args': None, 'build_base': '/home/muc/MUC-Hardware/muc_ws/build/subscribe_encoder_values', 'catkin_cmake_args': None, 'catkin_skip_building_tests': False, 'cmake_args': None, 'cmake_clean_cache': False, 'cmake_clean_first': False, 'cmake_force_configure': False, 'cmake_target': None, 'cmake_target_skip_unavailable': False, 'install_base': '/home/muc/MUC-Hardware/muc_ws/install/subscribe_encoder_values', 'merge_install': False, 'path': '/home/muc/MUC-Hardware/muc_ws/src/subscribe_encoder_values', 'symlink_install': False, 'test_result_base': None}
[1.614s] INFO:colcon.colcon_core.executor:Executing jobs using 'parallel' executor
[1.617s] DEBUG:colcon.colcon_parallel_executor.executor.parallel:run_until_complete
[1.618s] INFO:colcon.colcon_ros.task.ament_python.build:Building ROS package in '/home/muc/MUC-Hardware/muc_ws/src/odom_publisher' with build type 'ament_python'
[1.618s] Level 1:colcon.colcon_core.shell:create_environment_hook('odom_publisher', 'ament_prefix_path')
[1.627s] INFO:colcon.colcon_core.plugin_system:Skipping extension 'colcon_core.shell.bat': Not used on non-Windows systems
[1.628s] INFO:colcon.colcon_core.shell:Creating environment hook '/home/muc/MUC-Hardware/muc_ws/install/odom_publisher/share/odom_publisher/hook/ament_prefix_path.ps1'
[1.631s] INFO:colcon.colcon_core.shell:Creating environment descriptor '/home/muc/MUC-Hardware/muc_ws/install/odom_publisher/share/odom_publisher/hook/ament_prefix_path.dsv'
[1.634s] INFO:colcon.colcon_core.shell:Creating environment hook '/home/muc/MUC-Hardware/muc_ws/install/odom_publisher/share/odom_publisher/hook/ament_prefix_path.sh'
[1.637s] INFO:colcon.colcon_core.shell:Skip shell extension 'powershell' for command environment: Not usable outside of PowerShell
[1.638s] DEBUG:colcon.colcon_core.shell:Skip shell extension 'dsv' for command environment
[1.656s] INFO:colcon.colcon_ros.task.ament_python.build:Building ROS package in '/home/muc/MUC-Hardware/muc_ws/src/publish_pwm_values' with build type 'ament_python'
[1.657s] Level 1:colcon.colcon_core.shell:create_environment_hook('publish_pwm_values', 'ament_prefix_path')
[1.658s] INFO:colcon.colcon_core.shell:Creating environment hook '/home/muc/MUC-Hardware/muc_ws/install/publish_pwm_values/share/publish_pwm_values/hook/ament_prefix_path.ps1'
[1.660s] INFO:colcon.colcon_core.shell:Creating environment descriptor '/home/muc/MUC-Hardware/muc_ws/install/publish_pwm_values/share/publish_pwm_values/hook/ament_prefix_path.dsv'
[1.662s] INFO:colcon.colcon_core.shell:Creating environment hook '/home/muc/MUC-Hardware/muc_ws/install/publish_pwm_values/share/publish_pwm_values/hook/ament_prefix_path.sh'
[1.665s] INFO:colcon.colcon_core.shell:Skip shell extension 'powershell' for command environment: Not usable outside of PowerShell
[1.666s] DEBUG:colcon.colcon_core.shell:Skip shell extension 'dsv' for command environment
[1.683s] INFO:colcon.colcon_ros.task.ament_python.build:Building ROS package in '/home/muc/MUC-Hardware/muc_ws/src/subscribe_encoder_values' with build type 'ament_python'
[1.684s] Level 1:colcon.colcon_core.shell:create_environment_hook('subscribe_encoder_values', 'ament_prefix_path')
[1.685s] INFO:colcon.colcon_core.shell:Creating environment hook '/home/muc/MUC-Hardware/muc_ws/install/subscribe_encoder_values/share/subscribe_encoder_values/hook/ament_prefix_path.ps1'
[1.688s] INFO:colcon.colcon_core.shell:Creating environment descriptor '/home/muc/MUC-Hardware/muc_ws/install/subscribe_encoder_values/share/subscribe_encoder_values/hook/ament_prefix_path.dsv'
[1.690s] INFO:colcon.colcon_core.shell:Creating environment hook '/home/muc/MUC-Hardware/muc_ws/install/subscribe_encoder_values/share/subscribe_encoder_values/hook/ament_prefix_path.sh'
[1.694s] INFO:colcon.colcon_core.shell:Skip shell extension 'powershell' for command environment: Not usable outside of PowerShell
[1.694s] DEBUG:colcon.colcon_core.shell:Skip shell extension 'dsv' for command environment
[2.847s] WARNING:colcon.colcon_ros.task.ament_python.build:Package 'odom_publisher' doesn't explicitly install a marker in the package index (colcon-ros currently does it implicitly but that fallback will be removed in the future)
[2.847s] WARNING:colcon.colcon_ros.task.ament_python.build:Package 'odom_publisher' doesn't explicitly install the 'package.xml' file (colcon-ros currently does it implicitly but that fallback will be removed in the future)
[2.849s] INFO:colcon.colcon_core.task.python.build:Building Python package in '/home/muc/MUC-Hardware/muc_ws/src/odom_publisher'
[2.850s] INFO:colcon.colcon_core.shell:Skip shell extension 'powershell' for command environment: Not usable outside of PowerShell
[2.850s] DEBUG:colcon.colcon_core.shell:Skip shell extension 'dsv' for command environment
[3.998s] INFO:colcon.colcon_core.task.python.build:Building Python package in '/home/muc/MUC-Hardware/muc_ws/src/publish_pwm_values'
[3.999s] INFO:colcon.colcon_core.shell:Skip shell extension 'powershell' for command environment: Not usable outside of PowerShell
[3.999s] DEBUG:colcon.colcon_core.shell:Skip shell extension 'dsv' for command environment
[5.150s] INFO:colcon.colcon_core.task.python.build:Building Python package in '/home/muc/MUC-Hardware/muc_ws/src/subscribe_encoder_values'
[5.151s] INFO:colcon.colcon_core.shell:Skip shell extension 'powershell' for command environment: Not usable outside of PowerShell
[5.151s] DEBUG:colcon.colcon_core.shell:Skip shell extension 'dsv' for command environment
[7.183s] DEBUG:colcon.colcon_core.event_handler.log_command:Invoking command in '/home/muc/MUC-Hardware/muc_ws/src/publish_pwm_values': PYTHONPATH=/home/muc/MUC-Hardware/muc_ws/build/publish_pwm_values/prefix_override:/usr/lib/python3/dist-packages/colcon_core/task/python/colcon_distutils_commands:/home/muc/MUC-Hardware/muc_ws/install/publish_pwm_values/lib/python3.10/site-packages:${PYTHONPATH} /usr/bin/python3 -W ignore:setup.py install is deprecated setup.py egg_info --egg-base ../../build/publish_pwm_values build --build-base /home/muc/MUC-Hardware/muc_ws/build/publish_pwm_values/build install --record /home/muc/MUC-Hardware/muc_ws/build/publish_pwm_values/install.log --single-version-externally-managed install_data
[7.223s] DEBUG:colcon.colcon_core.event_handler.log_command:Invoking command in '/home/muc/MUC-Hardware/muc_ws/src/odom_publisher': PYTHONPATH=/home/muc/MUC-Hardware/muc_ws/build/odom_publisher/prefix_override:/usr/lib/python3/dist-packages/colcon_core/task/python/colcon_distutils_commands:/home/muc/MUC-Hardware/muc_ws/install/odom_publisher/lib/python3.10/site-packages:${PYTHONPATH} /usr/bin/python3 -W ignore:setup.py install is deprecated setup.py egg_info --egg-base ../../build/odom_publisher build --build-base /home/muc/MUC-Hardware/muc_ws/build/odom_publisher/build install --record /home/muc/MUC-Hardware/muc_ws/build/odom_publisher/install.log --single-version-externally-managed
[7.293s] DEBUG:colcon.colcon_core.event_handler.log_command:Invoking command in '/home/muc/MUC-Hardware/muc_ws/src/subscribe_encoder_values': PYTHONPATH=/home/muc/MUC-Hardware/muc_ws/build/subscribe_encoder_values/prefix_override:/usr/lib/python3/dist-packages/colcon_core/task/python/colcon_distutils_commands:/home/muc/MUC-Hardware/muc_ws/install/subscribe_encoder_values/lib/python3.10/site-packages:${PYTHONPATH} /usr/bin/python3 -W ignore:setup.py install is deprecated setup.py egg_info --egg-base ../../build/subscribe_encoder_values build --build-base /home/muc/MUC-Hardware/muc_ws/build/subscribe_encoder_values/build install --record /home/muc/MUC-Hardware/muc_ws/build/subscribe_encoder_values/install.log --single-version-externally-managed install_data
[8.980s] DEBUG:colcon.colcon_core.event_handler.log_command:Invoked command in '/home/muc/MUC-Hardware/muc_ws/src/publish_pwm_values' returned '0': PYTHONPATH=/home/muc/MUC-Hardware/muc_ws/build/publish_pwm_values/prefix_override:/usr/lib/python3/dist-packages/colcon_core/task/python/colcon_distutils_commands:/home/muc/MUC-Hardware/muc_ws/install/publish_pwm_values/lib/python3.10/site-packages:${PYTHONPATH} /usr/bin/python3 -W ignore:setup.py install is deprecated setup.py egg_info --egg-base ../../build/publish_pwm_values build --build-base /home/muc/MUC-Hardware/muc_ws/build/publish_pwm_values/build install --record /home/muc/MUC-Hardware/muc_ws/build/publish_pwm_values/install.log --single-version-externally-managed install_data
[9.021s] Level 1:colcon.colcon_core.environment:checking '/home/muc/MUC-Hardware/muc_ws/install/publish_pwm_values' for CMake module files
[9.026s] Level 1:colcon.colcon_core.environment:checking '/home/muc/MUC-Hardware/muc_ws/install/publish_pwm_values' for CMake config files
[9.039s] Level 1:colcon.colcon_core.environment:checking '/home/muc/MUC-Hardware/muc_ws/install/publish_pwm_values/lib'
[9.042s] Level 1:colcon.colcon_core.environment:checking '/home/muc/MUC-Hardware/muc_ws/install/publish_pwm_values/bin'
[9.043s] Level 1:colcon.colcon_core.environment:checking '/home/muc/MUC-Hardware/muc_ws/install/publish_pwm_values/lib/pkgconfig/publish_pwm_values.pc'
[9.046s] Level 1:colcon.colcon_core.environment:checking '/home/muc/MUC-Hardware/muc_ws/install/publish_pwm_values/lib/python3.10/site-packages'
[9.047s] Level 1:colcon.colcon_core.shell:create_environment_hook('publish_pwm_values', 'pythonpath')
[9.049s] INFO:colcon.colcon_core.shell:Creating environment hook '/home/muc/MUC-Hardware/muc_ws/install/publish_pwm_values/share/publish_pwm_values/hook/pythonpath.ps1'
[9.057s] INFO:colcon.colcon_core.shell:Creating environment descriptor '/home/muc/MUC-Hardware/muc_ws/install/publish_pwm_values/share/publish_pwm_values/hook/pythonpath.dsv'
[9.061s] INFO:colcon.colcon_core.shell:Creating environment hook '/home/muc/MUC-Hardware/muc_ws/install/publish_pwm_values/share/publish_pwm_values/hook/pythonpath.sh'
[9.065s] Level 1:colcon.colcon_core.environment:checking '/home/muc/MUC-Hardware/muc_ws/install/publish_pwm_values/bin'
[9.066s] Level 1:colcon.colcon_core.environment:create_environment_scripts_only(publish_pwm_values)
[9.068s] INFO:colcon.colcon_core.shell:Creating package script '/home/muc/MUC-Hardware/muc_ws/install/publish_pwm_values/share/publish_pwm_values/package.ps1'
[9.074s] INFO:colcon.colcon_core.shell:Creating package descriptor '/home/muc/MUC-Hardware/muc_ws/install/publish_pwm_values/share/publish_pwm_values/package.dsv'
[9.078s] INFO:colcon.colcon_core.shell:Creating package script '/home/muc/MUC-Hardware/muc_ws/install/publish_pwm_values/share/publish_pwm_values/package.sh'
[9.083s] INFO:colcon.colcon_core.shell:Creating package script '/home/muc/MUC-Hardware/muc_ws/install/publish_pwm_values/share/publish_pwm_values/package.bash'
[9.088s] INFO:colcon.colcon_core.shell:Creating package script '/home/muc/MUC-Hardware/muc_ws/install/publish_pwm_values/share/publish_pwm_values/package.zsh'
[9.095s] Level 1:colcon.colcon_core.environment:create_file_with_runtime_dependencies(/home/muc/MUC-Hardware/muc_ws/install/publish_pwm_values/share/colcon-core/packages/publish_pwm_values)
[9.104s] Level 1:colcon.colcon_core.environment:checking '/home/muc/MUC-Hardware/muc_ws/install/odom_publisher' for CMake module files
[9.108s] DEBUG:colcon.colcon_core.event_handler.log_command:Invoked command in '/home/muc/MUC-Hardware/muc_ws/src/odom_publisher' returned '0': PYTHONPATH=/home/muc/MUC-Hardware/muc_ws/build/odom_publisher/prefix_override:/usr/lib/python3/dist-packages/colcon_core/task/python/colcon_distutils_commands:/home/muc/MUC-Hardware/muc_ws/install/odom_publisher/lib/python3.10/site-packages:${PYTHONPATH} /usr/bin/python3 -W ignore:setup.py install is deprecated setup.py egg_info --egg-base ../../build/odom_publisher build --build-base /home/muc/MUC-Hardware/muc_ws/build/odom_publisher/build install --record /home/muc/MUC-Hardware/muc_ws/build/odom_publisher/install.log --single-version-externally-managed
[9.111s] Level 1:colcon.colcon_core.environment:checking '/home/muc/MUC-Hardware/muc_ws/install/odom_publisher' for CMake config files
[9.116s] Level 1:colcon.colcon_core.environment:checking '/home/muc/MUC-Hardware/muc_ws/install/odom_publisher/lib'
[9.116s] Level 1:colcon.colcon_core.environment:checking '/home/muc/MUC-Hardware/muc_ws/install/odom_publisher/bin'
[9.117s] Level 1:colcon.colcon_core.environment:checking '/home/muc/MUC-Hardware/muc_ws/install/odom_publisher/lib/pkgconfig/odom_publisher.pc'
[9.118s] Level 1:colcon.colcon_core.environment:checking '/home/muc/MUC-Hardware/muc_ws/install/odom_publisher/lib/python3.10/site-packages'
[9.119s] Level 1:colcon.colcon_core.shell:create_environment_hook('odom_publisher', 'pythonpath')
[9.120s] INFO:colcon.colcon_core.shell:Creating environment hook '/home/muc/MUC-Hardware/muc_ws/install/odom_publisher/share/odom_publisher/hook/pythonpath.ps1'
[9.123s] INFO:colcon.colcon_core.shell:Creating environment descriptor '/home/muc/MUC-Hardware/muc_ws/install/odom_publisher/share/odom_publisher/hook/pythonpath.dsv'
[9.127s] INFO:colcon.colcon_core.shell:Creating environment hook '/home/muc/MUC-Hardware/muc_ws/install/odom_publisher/share/odom_publisher/hook/pythonpath.sh'
[9.131s] Level 1:colcon.colcon_core.environment:checking '/home/muc/MUC-Hardware/muc_ws/install/odom_publisher/bin'
[9.132s] Level 1:colcon.colcon_core.environment:create_environment_scripts_only(odom_publisher)
[9.134s] INFO:colcon.colcon_core.shell:Creating package script '/home/muc/MUC-Hardware/muc_ws/install/odom_publisher/share/odom_publisher/package.ps1'
[9.137s] INFO:colcon.colcon_core.shell:Creating package descriptor '/home/muc/MUC-Hardware/muc_ws/install/odom_publisher/share/odom_publisher/package.dsv'
[9.140s] INFO:colcon.colcon_core.shell:Creating package script '/home/muc/MUC-Hardware/muc_ws/install/odom_publisher/share/odom_publisher/package.sh'
[9.142s] INFO:colcon.colcon_core.shell:Creating package script '/home/muc/MUC-Hardware/muc_ws/install/odom_publisher/share/odom_publisher/package.bash'
[9.144s] INFO:colcon.colcon_core.shell:Creating package script '/home/muc/MUC-Hardware/muc_ws/install/odom_publisher/share/odom_publisher/package.zsh'
[9.146s] Level 1:colcon.colcon_core.environment:create_file_with_runtime_dependencies(/home/muc/MUC-Hardware/muc_ws/install/odom_publisher/share/colcon-core/packages/odom_publisher)
[9.150s] Level 1:colcon.colcon_core.environment:checking '/home/muc/MUC-Hardware/muc_ws/install/subscribe_encoder_values' for CMake module files
[9.153s] DEBUG:colcon.colcon_core.event_handler.log_command:Invoked command in '/home/muc/MUC-Hardware/muc_ws/src/subscribe_encoder_values' returned '0': PYTHONPATH=/home/muc/MUC-Hardware/muc_ws/build/subscribe_encoder_values/prefix_override:/usr/lib/python3/dist-packages/colcon_core/task/python/colcon_distutils_commands:/home/muc/MUC-Hardware/muc_ws/install/subscribe_encoder_values/lib/python3.10/site-packages:${PYTHONPATH} /usr/bin/python3 -W ignore:setup.py install is deprecated setup.py egg_info --egg-base ../../build/subscribe_encoder_values build --build-base /home/muc/MUC-Hardware/muc_ws/build/subscribe_encoder_values/build install --record /home/muc/MUC-Hardware/muc_ws/build/subscribe_encoder_values/install.log --single-version-externally-managed install_data
[9.154s] Level 1:colcon.colcon_core.environment:checking '/home/muc/MUC-Hardware/muc_ws/install/subscribe_encoder_values' for CMake config files
[9.158s] Level 1:colcon.colcon_core.environment:checking '/home/muc/MUC-Hardware/muc_ws/install/subscribe_encoder_values/lib'
[9.159s] Level 1:colcon.colcon_core.environment:checking '/home/muc/MUC-Hardware/muc_ws/install/subscribe_encoder_values/bin'
[9.159s] Level 1:colcon.colcon_core.environment:checking '/home/muc/MUC-Hardware/muc_ws/install/subscribe_encoder_values/lib/pkgconfig/subscribe_encoder_values.pc'
[9.161s] Level 1:colcon.colcon_core.environment:checking '/home/muc/MUC-Hardware/muc_ws/install/subscribe_encoder_values/lib/python3.10/site-packages'
[9.161s] Level 1:colcon.colcon_core.shell:create_environment_hook('subscribe_encoder_values', 'pythonpath')
[9.162s] INFO:colcon.colcon_core.shell:Creating environment hook '/home/muc/MUC-Hardware/muc_ws/install/subscribe_encoder_values/share/subscribe_encoder_values/hook/pythonpath.ps1'
[9.165s] INFO:colcon.colcon_core.shell:Creating environment descriptor '/home/muc/MUC-Hardware/muc_ws/install/subscribe_encoder_values/share/subscribe_encoder_values/hook/pythonpath.dsv'
[9.167s] INFO:colcon.colcon_core.shell:Creating environment hook '/home/muc/MUC-Hardware/muc_ws/install/subscribe_encoder_values/share/subscribe_encoder_values/hook/pythonpath.sh'
[9.171s] Level 1:colcon.colcon_core.environment:checking '/home/muc/MUC-Hardware/muc_ws/install/subscribe_encoder_values/bin'
[9.171s] Level 1:colcon.colcon_core.environment:create_environment_scripts_only(subscribe_encoder_values)
[9.173s] INFO:colcon.colcon_core.shell:Creating package script '/home/muc/MUC-Hardware/muc_ws/install/subscribe_encoder_values/share/subscribe_encoder_values/package.ps1'
[9.175s] INFO:colcon.colcon_core.shell:Creating package descriptor '/home/muc/MUC-Hardware/muc_ws/install/subscribe_encoder_values/share/subscribe_encoder_values/package.dsv'
[9.178s] INFO:colcon.colcon_core.shell:Creating package script '/home/muc/MUC-Hardware/muc_ws/install/subscribe_encoder_values/share/subscribe_encoder_values/package.sh'
[9.180s] INFO:colcon.colcon_core.shell:Creating package script '/home/muc/MUC-Hardware/muc_ws/install/subscribe_encoder_values/share/subscribe_encoder_values/package.bash'
[9.182s] INFO:colcon.colcon_core.shell:Creating package script '/home/muc/MUC-Hardware/muc_ws/install/subscribe_encoder_values/share/subscribe_encoder_values/package.zsh'
[9.184s] Level 1:colcon.colcon_core.environment:create_file_with_runtime_dependencies(/home/muc/MUC-Hardware/muc_ws/install/subscribe_encoder_values/share/colcon-core/packages/subscribe_encoder_values)
[9.185s] DEBUG:colcon.colcon_parallel_executor.executor.parallel:closing loop
[9.187s] DEBUG:colcon.colcon_parallel_executor.executor.parallel:loop closed
[9.187s] DEBUG:colcon.colcon_parallel_executor.executor.parallel:run_until_complete finished with '0'
[9.187s] DEBUG:colcon.colcon_core.event_reactor:joining thread
[9.208s] INFO:colcon.colcon_core.plugin_system:Skipping extension 'colcon_notification.desktop_notification.terminal_notifier': Not used on non-Darwin systems
[9.208s] INFO:colcon.colcon_core.plugin_system:Skipping extension 'colcon_notification.desktop_notification.win32': Not used on non-Windows systems
[9.208s] INFO:colcon.colcon_notification.desktop_notification:Sending desktop notification using 'notify2'
[9.209s] DEBUG:colcon.colcon_notification.desktop_notification.notify2:Failed to initialize notify2: org.freedesktop.DBus.Error.NotSupported: Unable to autolaunch a dbus-daemon without a $DISPLAY for X11
[9.209s] DEBUG:colcon.colcon_core.event_reactor:joined thread
[9.210s] INFO:colcon.colcon_core.shell:Creating prefix script '/home/muc/MUC-Hardware/muc_ws/install/local_setup.ps1'
[9.214s] INFO:colcon.colcon_core.shell:Creating prefix util module '/home/muc/MUC-Hardware/muc_ws/install/_local_setup_util_ps1.py'
[9.220s] INFO:colcon.colcon_core.shell:Creating prefix chain script '/home/muc/MUC-Hardware/muc_ws/install/setup.ps1'
[9.226s] INFO:colcon.colcon_core.shell:Creating prefix script '/home/muc/MUC-Hardware/muc_ws/install/local_setup.sh'
[9.229s] INFO:colcon.colcon_core.shell:Creating prefix util module '/home/muc/MUC-Hardware/muc_ws/install/_local_setup_util_sh.py'
[9.232s] INFO:colcon.colcon_core.shell:Creating prefix chain script '/home/muc/MUC-Hardware/muc_ws/install/setup.sh'
[9.238s] INFO:colcon.colcon_core.shell:Creating prefix script '/home/muc/MUC-Hardware/muc_ws/install/local_setup.bash'
[9.241s] INFO:colcon.colcon_core.shell:Creating prefix chain script '/home/muc/MUC-Hardware/muc_ws/install/setup.bash'
[9.245s] INFO:colcon.colcon_core.shell:Creating prefix script '/home/muc/MUC-Hardware/muc_ws/install/local_setup.zsh'
[9.248s] INFO:colcon.colcon_core.shell:Creating prefix chain script '/home/muc/MUC-Hardware/muc_ws/install/setup.zsh'
