[1.305s] Invoking command in '/home/gnanasai/MUC-Hardware/muc_ws/src/publish_pwm_values': PYTHONPATH=/home/gnanasai/MUC-Hardware/muc_ws/build/publish_pwm_values/prefix_override:/usr/lib/python3/dist-packages/colcon_core/task/python/colcon_distutils_commands:/home/gnanasai/MUC-Hardware/muc_ws/install/publish_pwm_values/lib/python3.10/site-packages:${PYTHONPATH} /usr/bin/python3 -W ignore:setup.py install is deprecated -W ignore:easy_install command is deprecated setup.py egg_info --egg-base ../../build/publish_pwm_values build --build-base /home/gnanasai/MUC-Hardware/muc_ws/build/publish_pwm_values/build install --record /home/gnanasai/MUC-Hardware/muc_ws/build/publish_pwm_values/install.log --single-version-externally-managed install_data
[1.573s] running egg_info
[1.573s] writing ../../build/publish_pwm_values/publish_pwm_values.egg-info/PKG-INFO
[1.574s] writing dependency_links to ../../build/publish_pwm_values/publish_pwm_values.egg-info/dependency_links.txt
[1.574s] writing entry points to ../../build/publish_pwm_values/publish_pwm_values.egg-info/entry_points.txt
[1.574s] writing requirements to ../../build/publish_pwm_values/publish_pwm_values.egg-info/requires.txt
[1.574s] writing top-level names to ../../build/publish_pwm_values/publish_pwm_values.egg-info/top_level.txt
[1.576s] reading manifest file '../../build/publish_pwm_values/publish_pwm_values.egg-info/SOURCES.txt'
[1.577s] writing manifest file '../../build/publish_pwm_values/publish_pwm_values.egg-info/SOURCES.txt'
[1.577s] running build
[1.577s] running build_py
[1.578s] running install
[1.578s] running install_lib
[1.581s] running install_data
[1.581s] running install_egg_info
[1.584s] removing '/home/gnanasai/MUC-Hardware/muc_ws/install/publish_pwm_values/lib/python3.10/site-packages/publish_pwm_values-0.0.0-py3.10.egg-info' (and everything under it)
[1.584s] Copying ../../build/publish_pwm_values/publish_pwm_values.egg-info to /home/gnanasai/MUC-Hardware/muc_ws/install/publish_pwm_values/lib/python3.10/site-packages/publish_pwm_values-0.0.0-py3.10.egg-info
[1.585s] running install_scripts
[1.617s] Installing publish_pwm_values script to /home/gnanasai/MUC-Hardware/muc_ws/install/publish_pwm_values/lib/publish_pwm_values
[1.617s] writing list of installed files to '/home/gnanasai/MUC-Hardware/muc_ws/build/publish_pwm_values/install.log'
[1.645s] Invoked command in '/home/gnanasai/MUC-Hardware/muc_ws/src/publish_pwm_values' returned '0': PYTHONPATH=/home/gnanasai/MUC-Hardware/muc_ws/build/publish_pwm_values/prefix_override:/usr/lib/python3/dist-packages/colcon_core/task/python/colcon_distutils_commands:/home/gnanasai/MUC-Hardware/muc_ws/install/publish_pwm_values/lib/python3.10/site-packages:${PYTHONPATH} /usr/bin/python3 -W ignore:setup.py install is deprecated -W ignore:easy_install command is deprecated setup.py egg_info --egg-base ../../build/publish_pwm_values build --build-base /home/gnanasai/MUC-Hardware/muc_ws/build/publish_pwm_values/build install --record /home/gnanasai/MUC-Hardware/muc_ws/build/publish_pwm_values/install.log --single-version-externally-managed install_data
