[2.505s] Invoking command in '/home/gnanasai/MUC-Hardware/muc_ws/src/publish_pwm_values': PYTHONPATH=/home/gnanasai/MUC-Hardware/muc_ws/build/publish_pwm_values/prefix_override:/usr/lib/python3/dist-packages/colcon_core/task/python/colcon_distutils_commands:/home/gnanasai/MUC-Hardware/muc_ws/install/publish_pwm_values/lib/python3.10/site-packages:${PYTHONPATH} /usr/bin/python3 -W ignore:setup.py install is deprecated -W ignore:easy_install command is deprecated setup.py egg_info --egg-base ../../build/publish_pwm_values build --build-base /home/gnanasai/MUC-Hardware/muc_ws/build/publish_pwm_values/build install --record /home/gnanasai/MUC-Hardware/muc_ws/build/publish_pwm_values/install.log --single-version-externally-managed install_data
[2.956s] running egg_info
[2.957s] writing ../../build/publish_pwm_values/publish_pwm_values.egg-info/PKG-INFO
[2.957s] writing dependency_links to ../../build/publish_pwm_values/publish_pwm_values.egg-info/dependency_links.txt
[2.957s] writing entry points to ../../build/publish_pwm_values/publish_pwm_values.egg-info/entry_points.txt
[2.957s] writing requirements to ../../build/publish_pwm_values/publish_pwm_values.egg-info/requires.txt
[2.958s] writing top-level names to ../../build/publish_pwm_values/publish_pwm_values.egg-info/top_level.txt
[2.961s] reading manifest file '../../build/publish_pwm_values/publish_pwm_values.egg-info/SOURCES.txt'
[2.962s] writing manifest file '../../build/publish_pwm_values/publish_pwm_values.egg-info/SOURCES.txt'
[2.963s] running build
[2.963s] running build_py
[2.963s] running install
[2.964s] running install_lib
[2.966s] running install_data
[2.966s] running install_egg_info
[2.970s] removing '/home/gnanasai/MUC-Hardware/muc_ws/install/publish_pwm_values/lib/python3.10/site-packages/publish_pwm_values-0.0.0-py3.10.egg-info' (and everything under it)
[2.970s] Copying ../../build/publish_pwm_values/publish_pwm_values.egg-info to /home/gnanasai/MUC-Hardware/muc_ws/install/publish_pwm_values/lib/python3.10/site-packages/publish_pwm_values-0.0.0-py3.10.egg-info
[2.971s] running install_scripts
[3.016s] Installing publish_pwm_values script to /home/gnanasai/MUC-Hardware/muc_ws/install/publish_pwm_values/lib/publish_pwm_values
[3.016s] writing list of installed files to '/home/gnanasai/MUC-Hardware/muc_ws/build/publish_pwm_values/install.log'
[3.080s] Invoked command in '/home/gnanasai/MUC-Hardware/muc_ws/src/publish_pwm_values' returned '0': PYTHONPATH=/home/gnanasai/MUC-Hardware/muc_ws/build/publish_pwm_values/prefix_override:/usr/lib/python3/dist-packages/colcon_core/task/python/colcon_distutils_commands:/home/gnanasai/MUC-Hardware/muc_ws/install/publish_pwm_values/lib/python3.10/site-packages:${PYTHONPATH} /usr/bin/python3 -W ignore:setup.py install is deprecated -W ignore:easy_install command is deprecated setup.py egg_info --egg-base ../../build/publish_pwm_values build --build-base /home/gnanasai/MUC-Hardware/muc_ws/build/publish_pwm_values/build install --record /home/gnanasai/MUC-Hardware/muc_ws/build/publish_pwm_values/install.log --single-version-externally-managed install_data
