[5.727s] Invoking command in '/home/muc/MUC-Hardware/muc_ws_rpi/src/encoder_reader': PYTHONPATH=/home/muc/MUC-Hardware/muc_ws_rpi/build/encoder_reader/prefix_override:/usr/lib/python3/dist-packages/colcon_core/task/python/colcon_distutils_commands:/home/muc/MUC-Hardware/muc_ws_rpi/install/encoder_reader/lib/python3.10/site-packages:${PYTHONPATH} /usr/bin/python3 -W ignore:setup.py install is deprecated setup.py egg_info --egg-base ../../build/encoder_reader build --build-base /home/muc/MUC-Hardware/muc_ws_rpi/build/encoder_reader/build install --record /home/muc/MUC-Hardware/muc_ws_rpi/build/encoder_reader/install.log --single-version-externally-managed install_data
[7.081s] running egg_info
[7.085s] writing ../../build/encoder_reader/encoder_reader.egg-info/PKG-INFO
[7.089s] writing dependency_links to ../../build/encoder_reader/encoder_reader.egg-info/dependency_links.txt
[7.091s] writing entry points to ../../build/encoder_reader/encoder_reader.egg-info/entry_points.txt
[7.092s] writing requirements to ../../build/encoder_reader/encoder_reader.egg-info/requires.txt
[7.093s] writing top-level names to ../../build/encoder_reader/encoder_reader.egg-info/top_level.txt
[7.104s] reading manifest file '../../build/encoder_reader/encoder_reader.egg-info/SOURCES.txt'
[7.109s] writing manifest file '../../build/encoder_reader/encoder_reader.egg-info/SOURCES.txt'
[7.112s] running build
[7.112s] running build_py
[7.115s] running install
[7.117s] running install_lib
[7.124s] running install_data
[7.127s] running install_egg_info
[7.135s] removing '/home/muc/MUC-Hardware/muc_ws_rpi/install/encoder_reader/lib/python3.10/site-packages/encoder_reader-0.0.0-py3.10.egg-info' (and everything under it)
[7.138s] Copying ../../build/encoder_reader/encoder_reader.egg-info to /home/muc/MUC-Hardware/muc_ws_rpi/install/encoder_reader/lib/python3.10/site-packages/encoder_reader-0.0.0-py3.10.egg-info
[7.148s] running install_scripts
[7.251s] Installing encoder_reader_node script to /home/muc/MUC-Hardware/muc_ws_rpi/install/encoder_reader/lib/encoder_reader
[7.253s] writing list of installed files to '/home/muc/MUC-Hardware/muc_ws_rpi/build/encoder_reader/install.log'
[7.490s] Invoked command in '/home/muc/MUC-Hardware/muc_ws_rpi/src/encoder_reader' returned '0': PYTHONPATH=/home/muc/MUC-Hardware/muc_ws_rpi/build/encoder_reader/prefix_override:/usr/lib/python3/dist-packages/colcon_core/task/python/colcon_distutils_commands:/home/muc/MUC-Hardware/muc_ws_rpi/install/encoder_reader/lib/python3.10/site-packages:${PYTHONPATH} /usr/bin/python3 -W ignore:setup.py install is deprecated setup.py egg_info --egg-base ../../build/encoder_reader build --build-base /home/muc/MUC-Hardware/muc_ws_rpi/build/encoder_reader/build install --record /home/muc/MUC-Hardware/muc_ws_rpi/build/encoder_reader/install.log --single-version-externally-managed install_data
