[0.180s] DEBUG:colcon:Command line arguments: ['/usr/bin/colcon', 'build']
[0.180s] DEBUG:colcon:Parsed command line arguments: Namespace(log_base=None, log_level=None, verb_name='build', build_base='build', install_base='install', merge_install=False, symlink_install=False, test_result_base=None, continue_on_error=False, executor='parallel', parallel_workers=16, event_handlers=None, ignore_user_meta=False, metas=['./colcon.meta'], base_paths=['.'], packages_ignore=None, packages_ignore_regex=None, paths=None, packages_up_to=None, packages_up_to_regex=None, packages_above=None, packages_above_and_dependencies=None, packages_above_depth=None, packages_select_by_dep=None, packages_skip_by_dep=None, packages_skip_up_to=None, packages_select_build_failed=False, packages_skip_build_finished=False, packages_select_test_failures=False, packages_skip_test_passed=False, packages_select=None, packages_skip=None, packages_select_regex=None, packages_skip_regex=None, packages_start=None, packages_end=None, allow_overriding=[], cmake_args=None, cmake_target=None, cmake_target_skip_unavailable=False, cmake_clean_cache=False, cmake_clean_first=False, cmake_force_configure=False, ament_cmake_args=None, catkin_cmake_args=None, catkin_skip_building_tests=False, verb_parser=<colcon_defaults.argument_parser.defaults.DefaultArgumentsDecorator object at 0x756de5040c70>, verb_extension=<colcon_core.verb.build.BuildVerb object at 0x756de5040070>, main=<bound method BuildVerb.main of <colcon_core.verb.build.BuildVerb object at 0x756de5040070>>)
[0.450s] Level 1:colcon.colcon_core.package_discovery:discover_packages(colcon_meta) check parameters
[0.451s] Level 1:colcon.colcon_core.package_discovery:discover_packages(recursive) check parameters
[0.451s] Level 1:colcon.colcon_core.package_discovery:discover_packages(ignore) check parameters
[0.451s] Level 1:colcon.colcon_core.package_discovery:discover_packages(path) check parameters
[0.451s] Level 1:colcon.colcon_core.package_discovery:discover_packages(colcon_meta) discover
[0.451s] Level 1:colcon.colcon_core.package_discovery:discover_packages(recursive) discover
[0.451s] INFO:colcon.colcon_core.package_discovery:Crawling recursively for packages in '/home/gnanasai/MUC-Hardware/muc_ws'
[0.451s] Level 1:colcon.colcon_core.package_identification:_identify(.) by extensions ['ignore', 'ignore_ament_install']
[0.451s] Level 1:colcon.colcon_core.package_identification:_identify(.) by extension 'ignore'
[0.451s] Level 1:colcon.colcon_core.package_identification:_identify(.) by extension 'ignore_ament_install'
[0.452s] Level 1:colcon.colcon_core.package_identification:_identify(.) by extensions ['colcon_pkg']
[0.452s] Level 1:colcon.colcon_core.package_identification:_identify(.) by extension 'colcon_pkg'
[0.452s] Level 1:colcon.colcon_core.package_identification:_identify(.) by extensions ['colcon_meta']
[0.452s] Level 1:colcon.colcon_core.package_identification:_identify(.) by extension 'colcon_meta'
[0.452s] Level 1:colcon.colcon_core.package_identification:_identify(.) by extensions ['ros']
[0.452s] Level 1:colcon.colcon_core.package_identification:_identify(.) by extension 'ros'
[0.473s] Level 1:colcon.colcon_core.package_identification:_identify(.) by extensions ['cmake', 'python']
[0.473s] Level 1:colcon.colcon_core.package_identification:_identify(.) by extension 'cmake'
[0.473s] Level 1:colcon.colcon_core.package_identification:_identify(.) by extension 'python'
[0.473s] Level 1:colcon.colcon_core.package_identification:_identify(.) by extensions ['python_setup_py']
[0.474s] Level 1:colcon.colcon_core.package_identification:_identify(.) by extension 'python_setup_py'
[0.474s] Level 1:colcon.colcon_core.package_identification:_identify(build) by extensions ['ignore', 'ignore_ament_install']
[0.474s] Level 1:colcon.colcon_core.package_identification:_identify(build) by extension 'ignore'
[0.474s] Level 1:colcon.colcon_core.package_identification:_identify(build) ignored
[0.474s] Level 1:colcon.colcon_core.package_identification:_identify(install) by extensions ['ignore', 'ignore_ament_install']
[0.474s] Level 1:colcon.colcon_core.package_identification:_identify(install) by extension 'ignore'
[0.474s] Level 1:colcon.colcon_core.package_identification:_identify(install) ignored
[0.475s] Level 1:colcon.colcon_core.package_identification:_identify(log) by extensions ['ignore', 'ignore_ament_install']
[0.475s] Level 1:colcon.colcon_core.package_identification:_identify(log) by extension 'ignore'
[0.475s] Level 1:colcon.colcon_core.package_identification:_identify(log) ignored
[0.475s] Level 1:colcon.colcon_core.package_identification:_identify(src) by extensions ['ignore', 'ignore_ament_install']
[0.475s] Level 1:colcon.colcon_core.package_identification:_identify(src) by extension 'ignore'
[0.475s] Level 1:colcon.colcon_core.package_identification:_identify(src) by extension 'ignore_ament_install'
[0.475s] Level 1:colcon.colcon_core.package_identification:_identify(src) by extensions ['colcon_pkg']
[0.475s] Level 1:colcon.colcon_core.package_identification:_identify(src) by extension 'colcon_pkg'
[0.475s] Level 1:colcon.colcon_core.package_identification:_identify(src) by extensions ['colcon_meta']
[0.475s] Level 1:colcon.colcon_core.package_identification:_identify(src) by extension 'colcon_meta'
[0.475s] Level 1:colcon.colcon_core.package_identification:_identify(src) by extensions ['ros']
[0.475s] Level 1:colcon.colcon_core.package_identification:_identify(src) by extension 'ros'
[0.475s] Level 1:colcon.colcon_core.package_identification:_identify(src) by extensions ['cmake', 'python']
[0.476s] Level 1:colcon.colcon_core.package_identification:_identify(src) by extension 'cmake'
[0.476s] Level 1:colcon.colcon_core.package_identification:_identify(src) by extension 'python'
[0.476s] Level 1:colcon.colcon_core.package_identification:_identify(src) by extensions ['python_setup_py']
[0.476s] Level 1:colcon.colcon_core.package_identification:_identify(src) by extension 'python_setup_py'
[0.476s] Level 1:colcon.colcon_core.package_identification:_identify(src/dev_sys) by extensions ['ignore', 'ignore_ament_install']
[0.476s] Level 1:colcon.colcon_core.package_identification:_identify(src/dev_sys) by extension 'ignore'
[0.476s] Level 1:colcon.colcon_core.package_identification:_identify(src/dev_sys) by extension 'ignore_ament_install'
[0.476s] Level 1:colcon.colcon_core.package_identification:_identify(src/dev_sys) by extensions ['colcon_pkg']
[0.476s] Level 1:colcon.colcon_core.package_identification:_identify(src/dev_sys) by extension 'colcon_pkg'
[0.476s] Level 1:colcon.colcon_core.package_identification:_identify(src/dev_sys) by extensions ['colcon_meta']
[0.476s] Level 1:colcon.colcon_core.package_identification:_identify(src/dev_sys) by extension 'colcon_meta'
[0.476s] Level 1:colcon.colcon_core.package_identification:_identify(src/dev_sys) by extensions ['ros']
[0.476s] Level 1:colcon.colcon_core.package_identification:_identify(src/dev_sys) by extension 'ros'
[0.481s] DEBUG:colcon.colcon_core.package_identification:Package 'src/dev_sys' with type 'ros.ament_python' and name 'dev_sys'
[0.481s] Level 1:colcon.colcon_core.package_identification:_identify(src/odom_publisher) by extensions ['ignore', 'ignore_ament_install']
[0.481s] Level 1:colcon.colcon_core.package_identification:_identify(src/odom_publisher) by extension 'ignore'
[0.481s] Level 1:colcon.colcon_core.package_identification:_identify(src/odom_publisher) by extension 'ignore_ament_install'
[0.481s] Level 1:colcon.colcon_core.package_identification:_identify(src/odom_publisher) by extensions ['colcon_pkg']
[0.481s] Level 1:colcon.colcon_core.package_identification:_identify(src/odom_publisher) by extension 'colcon_pkg'
[0.481s] Level 1:colcon.colcon_core.package_identification:_identify(src/odom_publisher) by extensions ['colcon_meta']
[0.481s] Level 1:colcon.colcon_core.package_identification:_identify(src/odom_publisher) by extension 'colcon_meta'
[0.481s] Level 1:colcon.colcon_core.package_identification:_identify(src/odom_publisher) by extensions ['ros']
[0.481s] Level 1:colcon.colcon_core.package_identification:_identify(src/odom_publisher) by extension 'ros'
[0.483s] DEBUG:colcon.colcon_core.package_identification:Package 'src/odom_publisher' with type 'ros.ament_python' and name 'odom_publisher'
[0.483s] Level 1:colcon.colcon_core.package_identification:_identify(src/publish_pwm_values) by extensions ['ignore', 'ignore_ament_install']
[0.483s] Level 1:colcon.colcon_core.package_identification:_identify(src/publish_pwm_values) by extension 'ignore'
[0.483s] Level 1:colcon.colcon_core.package_identification:_identify(src/publish_pwm_values) by extension 'ignore_ament_install'
[0.483s] Level 1:colcon.colcon_core.package_identification:_identify(src/publish_pwm_values) by extensions ['colcon_pkg']
[0.483s] Level 1:colcon.colcon_core.package_identification:_identify(src/publish_pwm_values) by extension 'colcon_pkg'
[0.483s] Level 1:colcon.colcon_core.package_identification:_identify(src/publish_pwm_values) by extensions ['colcon_meta']
[0.483s] Level 1:colcon.colcon_core.package_identification:_identify(src/publish_pwm_values) by extension 'colcon_meta'
[0.483s] Level 1:colcon.colcon_core.package_identification:_identify(src/publish_pwm_values) by extensions ['ros']
[0.483s] Level 1:colcon.colcon_core.package_identification:_identify(src/publish_pwm_values) by extension 'ros'
[0.485s] DEBUG:colcon.colcon_core.package_identification:Package 'src/publish_pwm_values' with type 'ros.ament_python' and name 'publish_pwm_values'
[0.485s] Level 1:colcon.colcon_core.package_identification:_identify(src/subscribe_encoder_values) by extensions ['ignore', 'ignore_ament_install']
[0.485s] Level 1:colcon.colcon_core.package_identification:_identify(src/subscribe_encoder_values) by extension 'ignore'
[0.485s] Level 1:colcon.colcon_core.package_identification:_identify(src/subscribe_encoder_values) by extension 'ignore_ament_install'
[0.485s] Level 1:colcon.colcon_core.package_identification:_identify(src/subscribe_encoder_values) by extensions ['colcon_pkg']
[0.485s] Level 1:colcon.colcon_core.package_identification:_identify(src/subscribe_encoder_values) by extension 'colcon_pkg'
[0.485s] Level 1:colcon.colcon_core.package_identification:_identify(src/subscribe_encoder_values) by extensions ['colcon_meta']
[0.485s] Level 1:colcon.colcon_core.package_identification:_identify(src/subscribe_encoder_values) by extension 'colcon_meta'
[0.485s] Level 1:colcon.colcon_core.package_identification:_identify(src/subscribe_encoder_values) by extensions ['ros']
[0.485s] Level 1:colcon.colcon_core.package_identification:_identify(src/subscribe_encoder_values) by extension 'ros'
[0.486s] DEBUG:colcon.colcon_core.package_identification:Package 'src/subscribe_encoder_values' with type 'ros.ament_python' and name 'subscribe_encoder_values'
[0.486s] Level 1:colcon.colcon_core.package_discovery:discover_packages(recursive) using defaults
[0.486s] Level 1:colcon.colcon_core.package_discovery:discover_packages(ignore) discover
[0.487s] Level 1:colcon.colcon_core.package_discovery:discover_packages(ignore) using defaults
[0.487s] Level 1:colcon.colcon_core.package_discovery:discover_packages(path) discover
[0.487s] Level 1:colcon.colcon_core.package_discovery:discover_packages(path) using defaults
[0.538s] Level 1:colcon.colcon_core.package_discovery:discover_packages(prefix_path) check parameters
[0.538s] Level 1:colcon.colcon_core.package_discovery:discover_packages(prefix_path) discover
[0.541s] DEBUG:colcon.colcon_installed_package_information.package_discovery:Found 4 installed packages in /home/gnanasai/MUC-Hardware/muc_ws/install
[0.543s] DEBUG:colcon.colcon_installed_package_information.package_discovery:Found 271 installed packages in /opt/ros/humble
[0.545s] Level 1:colcon.colcon_core.package_discovery:discover_packages(prefix_path) using defaults
[0.604s] Level 5:colcon.colcon_core.verb:set package 'dev_sys' build argument 'cmake_args' from command line to 'None'
[0.604s] Level 5:colcon.colcon_core.verb:set package 'dev_sys' build argument 'cmake_target' from command line to 'None'
[0.604s] Level 5:colcon.colcon_core.verb:set package 'dev_sys' build argument 'cmake_target_skip_unavailable' from command line to 'False'
[0.604s] Level 5:colcon.colcon_core.verb:set package 'dev_sys' build argument 'cmake_clean_cache' from command line to 'False'
[0.604s] Level 5:colcon.colcon_core.verb:set package 'dev_sys' build argument 'cmake_clean_first' from command line to 'False'
[0.604s] Level 5:colcon.colcon_core.verb:set package 'dev_sys' build argument 'cmake_force_configure' from command line to 'False'
[0.604s] Level 5:colcon.colcon_core.verb:set package 'dev_sys' build argument 'ament_cmake_args' from command line to 'None'
[0.604s] Level 5:colcon.colcon_core.verb:set package 'dev_sys' build argument 'catkin_cmake_args' from command line to 'None'
[0.604s] Level 5:colcon.colcon_core.verb:set package 'dev_sys' build argument 'catkin_skip_building_tests' from command line to 'False'
[0.604s] DEBUG:colcon.colcon_core.verb:Building package 'dev_sys' with the following arguments: {'ament_cmake_args': None, 'build_base': '/home/gnanasai/MUC-Hardware/muc_ws/build/dev_sys', 'catkin_cmake_args': None, 'catkin_skip_building_tests': False, 'cmake_args': None, 'cmake_clean_cache': False, 'cmake_clean_first': False, 'cmake_force_configure': False, 'cmake_target': None, 'cmake_target_skip_unavailable': False, 'install_base': '/home/gnanasai/MUC-Hardware/muc_ws/install/dev_sys', 'merge_install': False, 'path': '/home/gnanasai/MUC-Hardware/muc_ws/src/dev_sys', 'symlink_install': False, 'test_result_base': None}
[0.605s] Level 5:colcon.colcon_core.verb:set package 'odom_publisher' build argument 'cmake_args' from command line to 'None'
[0.605s] Level 5:colcon.colcon_core.verb:set package 'odom_publisher' build argument 'cmake_target' from command line to 'None'
[0.605s] Level 5:colcon.colcon_core.verb:set package 'odom_publisher' build argument 'cmake_target_skip_unavailable' from command line to 'False'
[0.605s] Level 5:colcon.colcon_core.verb:set package 'odom_publisher' build argument 'cmake_clean_cache' from command line to 'False'
[0.605s] Level 5:colcon.colcon_core.verb:set package 'odom_publisher' build argument 'cmake_clean_first' from command line to 'False'
[0.605s] Level 5:colcon.colcon_core.verb:set package 'odom_publisher' build argument 'cmake_force_configure' from command line to 'False'
[0.605s] Level 5:colcon.colcon_core.verb:set package 'odom_publisher' build argument 'ament_cmake_args' from command line to 'None'
[0.605s] Level 5:colcon.colcon_core.verb:set package 'odom_publisher' build argument 'catkin_cmake_args' from command line to 'None'
[0.605s] Level 5:colcon.colcon_core.verb:set package 'odom_publisher' build argument 'catkin_skip_building_tests' from command line to 'False'
[0.605s] DEBUG:colcon.colcon_core.verb:Building package 'odom_publisher' with the following arguments: {'ament_cmake_args': None, 'build_base': '/home/gnanasai/MUC-Hardware/muc_ws/build/odom_publisher', 'catkin_cmake_args': None, 'catkin_skip_building_tests': False, 'cmake_args': None, 'cmake_clean_cache': False, 'cmake_clean_first': False, 'cmake_force_configure': False, 'cmake_target': None, 'cmake_target_skip_unavailable': False, 'install_base': '/home/gnanasai/MUC-Hardware/muc_ws/install/odom_publisher', 'merge_install': False, 'path': '/home/gnanasai/MUC-Hardware/muc_ws/src/odom_publisher', 'symlink_install': False, 'test_result_base': None}
[0.606s] Level 5:colcon.colcon_core.verb:set package 'publish_pwm_values' build argument 'cmake_args' from command line to 'None'
[0.606s] Level 5:colcon.colcon_core.verb:set package 'publish_pwm_values' build argument 'cmake_target' from command line to 'None'
[0.606s] Level 5:colcon.colcon_core.verb:set package 'publish_pwm_values' build argument 'cmake_target_skip_unavailable' from command line to 'False'
[0.606s] Level 5:colcon.colcon_core.verb:set package 'publish_pwm_values' build argument 'cmake_clean_cache' from command line to 'False'
[0.606s] Level 5:colcon.colcon_core.verb:set package 'publish_pwm_values' build argument 'cmake_clean_first' from command line to 'False'
[0.606s] Level 5:colcon.colcon_core.verb:set package 'publish_pwm_values' build argument 'cmake_force_configure' from command line to 'False'
[0.606s] Level 5:colcon.colcon_core.verb:set package 'publish_pwm_values' build argument 'ament_cmake_args' from command line to 'None'
[0.606s] Level 5:colcon.colcon_core.verb:set package 'publish_pwm_values' build argument 'catkin_cmake_args' from command line to 'None'
[0.606s] Level 5:colcon.colcon_core.verb:set package 'publish_pwm_values' build argument 'catkin_skip_building_tests' from command line to 'False'
[0.606s] DEBUG:colcon.colcon_core.verb:Building package 'publish_pwm_values' with the following arguments: {'ament_cmake_args': None, 'build_base': '/home/gnanasai/MUC-Hardware/muc_ws/build/publish_pwm_values', 'catkin_cmake_args': None, 'catkin_skip_building_tests': False, 'cmake_args': None, 'cmake_clean_cache': False, 'cmake_clean_first': False, 'cmake_force_configure': False, 'cmake_target': None, 'cmake_target_skip_unavailable': False, 'install_base': '/home/gnanasai/MUC-Hardware/muc_ws/install/publish_pwm_values', 'merge_install': False, 'path': '/home/gnanasai/MUC-Hardware/muc_ws/src/publish_pwm_values', 'symlink_install': False, 'test_result_base': None}
[0.607s] Level 5:colcon.colcon_core.verb:set package 'subscribe_encoder_values' build argument 'cmake_args' from command line to 'None'
[0.607s] Level 5:colcon.colcon_core.verb:set package 'subscribe_encoder_values' build argument 'cmake_target' from command line to 'None'
[0.607s] Level 5:colcon.colcon_core.verb:set package 'subscribe_encoder_values' build argument 'cmake_target_skip_unavailable' from command line to 'False'
[0.607s] Level 5:colcon.colcon_core.verb:set package 'subscribe_encoder_values' build argument 'cmake_clean_cache' from command line to 'False'
[0.607s] Level 5:colcon.colcon_core.verb:set package 'subscribe_encoder_values' build argument 'cmake_clean_first' from command line to 'False'
[0.607s] Level 5:colcon.colcon_core.verb:set package 'subscribe_encoder_values' build argument 'cmake_force_configure' from command line to 'False'
[0.607s] Level 5:colcon.colcon_core.verb:set package 'subscribe_encoder_values' build argument 'ament_cmake_args' from command line to 'None'
[0.607s] Level 5:colcon.colcon_core.verb:set package 'subscribe_encoder_values' build argument 'catkin_cmake_args' from command line to 'None'
[0.607s] Level 5:colcon.colcon_core.verb:set package 'subscribe_encoder_values' build argument 'catkin_skip_building_tests' from command line to 'False'
[0.607s] DEBUG:colcon.colcon_core.verb:Building package 'subscribe_encoder_values' with the following arguments: {'ament_cmake_args': None, 'build_base': '/home/gnanasai/MUC-Hardware/muc_ws/build/subscribe_encoder_values', 'catkin_cmake_args': None, 'catkin_skip_building_tests': False, 'cmake_args': None, 'cmake_clean_cache': False, 'cmake_clean_first': False, 'cmake_force_configure': False, 'cmake_target': None, 'cmake_target_skip_unavailable': False, 'install_base': '/home/gnanasai/MUC-Hardware/muc_ws/install/subscribe_encoder_values', 'merge_install': False, 'path': '/home/gnanasai/MUC-Hardware/muc_ws/src/subscribe_encoder_values', 'symlink_install': False, 'test_result_base': None}
[0.607s] INFO:colcon.colcon_core.executor:Executing jobs using 'parallel' executor
[0.609s] DEBUG:colcon.colcon_parallel_executor.executor.parallel:run_until_complete
[0.609s] INFO:colcon.colcon_ros.task.ament_python.build:Building ROS package in '/home/gnanasai/MUC-Hardware/muc_ws/src/dev_sys' with build type 'ament_python'
[0.610s] Level 1:colcon.colcon_core.shell:create_environment_hook('dev_sys', 'ament_prefix_path')
[0.614s] INFO:colcon.colcon_core.plugin_system:Skipping extension 'colcon_core.shell.bat': Not used on non-Windows systems
[0.614s] INFO:colcon.colcon_core.shell:Creating environment hook '/home/gnanasai/MUC-Hardware/muc_ws/install/dev_sys/share/dev_sys/hook/ament_prefix_path.ps1'
[0.615s] INFO:colcon.colcon_core.shell:Creating environment descriptor '/home/gnanasai/MUC-Hardware/muc_ws/install/dev_sys/share/dev_sys/hook/ament_prefix_path.dsv'
[0.616s] INFO:colcon.colcon_core.shell:Creating environment hook '/home/gnanasai/MUC-Hardware/muc_ws/install/dev_sys/share/dev_sys/hook/ament_prefix_path.sh'
[0.617s] INFO:colcon.colcon_core.shell:Skip shell extension 'powershell' for command environment: Not usable outside of PowerShell
[0.617s] DEBUG:colcon.colcon_core.shell:Skip shell extension 'dsv' for command environment
[0.623s] INFO:colcon.colcon_ros.task.ament_python.build:Building ROS package in '/home/gnanasai/MUC-Hardware/muc_ws/src/odom_publisher' with build type 'ament_python'
[0.623s] Level 1:colcon.colcon_core.shell:create_environment_hook('odom_publisher', 'ament_prefix_path')
[0.623s] INFO:colcon.colcon_core.shell:Creating environment hook '/home/gnanasai/MUC-Hardware/muc_ws/install/odom_publisher/share/odom_publisher/hook/ament_prefix_path.ps1'
[0.625s] INFO:colcon.colcon_core.shell:Creating environment descriptor '/home/gnanasai/MUC-Hardware/muc_ws/install/odom_publisher/share/odom_publisher/hook/ament_prefix_path.dsv'
[0.626s] INFO:colcon.colcon_core.shell:Creating environment hook '/home/gnanasai/MUC-Hardware/muc_ws/install/odom_publisher/share/odom_publisher/hook/ament_prefix_path.sh'
[0.627s] INFO:colcon.colcon_core.shell:Skip shell extension 'powershell' for command environment: Not usable outside of PowerShell
[0.627s] DEBUG:colcon.colcon_core.shell:Skip shell extension 'dsv' for command environment
[0.632s] INFO:colcon.colcon_ros.task.ament_python.build:Building ROS package in '/home/gnanasai/MUC-Hardware/muc_ws/src/publish_pwm_values' with build type 'ament_python'
[0.632s] Level 1:colcon.colcon_core.shell:create_environment_hook('publish_pwm_values', 'ament_prefix_path')
[0.632s] INFO:colcon.colcon_core.shell:Creating environment hook '/home/gnanasai/MUC-Hardware/muc_ws/install/publish_pwm_values/share/publish_pwm_values/hook/ament_prefix_path.ps1'
[0.633s] INFO:colcon.colcon_core.shell:Creating environment descriptor '/home/gnanasai/MUC-Hardware/muc_ws/install/publish_pwm_values/share/publish_pwm_values/hook/ament_prefix_path.dsv'
[0.634s] INFO:colcon.colcon_core.shell:Creating environment hook '/home/gnanasai/MUC-Hardware/muc_ws/install/publish_pwm_values/share/publish_pwm_values/hook/ament_prefix_path.sh'
[0.635s] INFO:colcon.colcon_core.shell:Skip shell extension 'powershell' for command environment: Not usable outside of PowerShell
[0.635s] DEBUG:colcon.colcon_core.shell:Skip shell extension 'dsv' for command environment
[0.641s] INFO:colcon.colcon_ros.task.ament_python.build:Building ROS package in '/home/gnanasai/MUC-Hardware/muc_ws/src/subscribe_encoder_values' with build type 'ament_python'
[0.642s] Level 1:colcon.colcon_core.shell:create_environment_hook('subscribe_encoder_values', 'ament_prefix_path')
[0.643s] INFO:colcon.colcon_core.shell:Creating environment hook '/home/gnanasai/MUC-Hardware/muc_ws/install/subscribe_encoder_values/share/subscribe_encoder_values/hook/ament_prefix_path.ps1'
[0.644s] INFO:colcon.colcon_core.shell:Creating environment descriptor '/home/gnanasai/MUC-Hardware/muc_ws/install/subscribe_encoder_values/share/subscribe_encoder_values/hook/ament_prefix_path.dsv'
[0.645s] INFO:colcon.colcon_core.shell:Creating environment hook '/home/gnanasai/MUC-Hardware/muc_ws/install/subscribe_encoder_values/share/subscribe_encoder_values/hook/ament_prefix_path.sh'
[0.646s] INFO:colcon.colcon_core.shell:Skip shell extension 'powershell' for command environment: Not usable outside of PowerShell
[0.646s] DEBUG:colcon.colcon_core.shell:Skip shell extension 'dsv' for command environment
[1.072s] INFO:colcon.colcon_core.task.python.build:Building Python package in '/home/gnanasai/MUC-Hardware/muc_ws/src/dev_sys'
[1.073s] INFO:colcon.colcon_core.shell:Skip shell extension 'powershell' for command environment: Not usable outside of PowerShell
[1.073s] DEBUG:colcon.colcon_core.shell:Skip shell extension 'dsv' for command environment
[1.499s] WARNING:colcon.colcon_ros.task.ament_python.build:Package 'odom_publisher' doesn't explicitly install a marker in the package index (colcon-ros currently does it implicitly but that fallback will be removed in the future)
[1.500s] WARNING:colcon.colcon_ros.task.ament_python.build:Package 'odom_publisher' doesn't explicitly install the 'package.xml' file (colcon-ros currently does it implicitly but that fallback will be removed in the future)
[1.500s] INFO:colcon.colcon_core.task.python.build:Building Python package in '/home/gnanasai/MUC-Hardware/muc_ws/src/odom_publisher'
[1.500s] INFO:colcon.colcon_core.shell:Skip shell extension 'powershell' for command environment: Not usable outside of PowerShell
[1.501s] DEBUG:colcon.colcon_core.shell:Skip shell extension 'dsv' for command environment
[1.927s] INFO:colcon.colcon_core.task.python.build:Building Python package in '/home/gnanasai/MUC-Hardware/muc_ws/src/publish_pwm_values'
[1.927s] INFO:colcon.colcon_core.shell:Skip shell extension 'powershell' for command environment: Not usable outside of PowerShell
[1.928s] DEBUG:colcon.colcon_core.shell:Skip shell extension 'dsv' for command environment
[2.351s] INFO:colcon.colcon_core.task.python.build:Building Python package in '/home/gnanasai/MUC-Hardware/muc_ws/src/subscribe_encoder_values'
[2.351s] INFO:colcon.colcon_core.shell:Skip shell extension 'powershell' for command environment: Not usable outside of PowerShell
[2.351s] DEBUG:colcon.colcon_core.shell:Skip shell extension 'dsv' for command environment
[2.975s] DEBUG:colcon.colcon_core.event_handler.log_command:Invoking command in '/home/gnanasai/MUC-Hardware/muc_ws/src/publish_pwm_values': PYTHONPATH=/home/gnanasai/MUC-Hardware/muc_ws/build/publish_pwm_values/prefix_override:/usr/lib/python3/dist-packages/colcon_core/task/python/colcon_distutils_commands:/home/gnanasai/MUC-Hardware/muc_ws/install/publish_pwm_values/lib/python3.10/site-packages:${PYTHONPATH} /usr/bin/python3 -W ignore:setup.py install is deprecated -W ignore:easy_install command is deprecated setup.py egg_info --egg-base ../../build/publish_pwm_values build --build-base /home/gnanasai/MUC-Hardware/muc_ws/build/publish_pwm_values/build install --record /home/gnanasai/MUC-Hardware/muc_ws/build/publish_pwm_values/install.log --single-version-externally-managed install_data
[2.985s] DEBUG:colcon.colcon_core.event_handler.log_command:Invoking command in '/home/gnanasai/MUC-Hardware/muc_ws/src/dev_sys': PYTHONPATH=/home/gnanasai/MUC-Hardware/muc_ws/build/dev_sys/prefix_override:/usr/lib/python3/dist-packages/colcon_core/task/python/colcon_distutils_commands:/home/gnanasai/MUC-Hardware/muc_ws/install/dev_sys/lib/python3.10/site-packages:${PYTHONPATH} /usr/bin/python3 -W ignore:setup.py install is deprecated -W ignore:easy_install command is deprecated setup.py egg_info --egg-base ../../build/dev_sys build --build-base /home/gnanasai/MUC-Hardware/muc_ws/build/dev_sys/build install --record /home/gnanasai/MUC-Hardware/muc_ws/build/dev_sys/install.log --single-version-externally-managed install_data
[2.987s] DEBUG:colcon.colcon_core.event_handler.log_command:Invoking command in '/home/gnanasai/MUC-Hardware/muc_ws/src/odom_publisher': PYTHONPATH=/home/gnanasai/MUC-Hardware/muc_ws/build/odom_publisher/prefix_override:/usr/lib/python3/dist-packages/colcon_core/task/python/colcon_distutils_commands:/home/gnanasai/MUC-Hardware/muc_ws/install/odom_publisher/lib/python3.10/site-packages:${PYTHONPATH} /usr/bin/python3 -W ignore:setup.py install is deprecated -W ignore:easy_install command is deprecated setup.py egg_info --egg-base ../../build/odom_publisher build --build-base /home/gnanasai/MUC-Hardware/muc_ws/build/odom_publisher/build install --record /home/gnanasai/MUC-Hardware/muc_ws/build/odom_publisher/install.log --single-version-externally-managed
[2.994s] DEBUG:colcon.colcon_core.event_handler.log_command:Invoking command in '/home/gnanasai/MUC-Hardware/muc_ws/src/subscribe_encoder_values': PYTHONPATH=/home/gnanasai/MUC-Hardware/muc_ws/build/subscribe_encoder_values/prefix_override:/usr/lib/python3/dist-packages/colcon_core/task/python/colcon_distutils_commands:/home/gnanasai/MUC-Hardware/muc_ws/install/subscribe_encoder_values/lib/python3.10/site-packages:${PYTHONPATH} /usr/bin/python3 -W ignore:setup.py install is deprecated -W ignore:easy_install command is deprecated setup.py egg_info --egg-base ../../build/subscribe_encoder_values build --build-base /home/gnanasai/MUC-Hardware/muc_ws/build/subscribe_encoder_values/build install --record /home/gnanasai/MUC-Hardware/muc_ws/build/subscribe_encoder_values/install.log --single-version-externally-managed install_data
[3.515s] DEBUG:colcon.colcon_core.event_handler.log_command:Invoked command in '/home/gnanasai/MUC-Hardware/muc_ws/src/dev_sys' returned '0': PYTHONPATH=/home/gnanasai/MUC-Hardware/muc_ws/build/dev_sys/prefix_override:/usr/lib/python3/dist-packages/colcon_core/task/python/colcon_distutils_commands:/home/gnanasai/MUC-Hardware/muc_ws/install/dev_sys/lib/python3.10/site-packages:${PYTHONPATH} /usr/bin/python3 -W ignore:setup.py install is deprecated -W ignore:easy_install command is deprecated setup.py egg_info --egg-base ../../build/dev_sys build --build-base /home/gnanasai/MUC-Hardware/muc_ws/build/dev_sys/build install --record /home/gnanasai/MUC-Hardware/muc_ws/build/dev_sys/install.log --single-version-externally-managed install_data
[3.521s] Level 1:colcon.colcon_core.environment:checking '/home/gnanasai/MUC-Hardware/muc_ws/install/dev_sys' for CMake module files
[3.522s] Level 1:colcon.colcon_core.environment:checking '/home/gnanasai/MUC-Hardware/muc_ws/install/dev_sys' for CMake config files
[3.523s] Level 1:colcon.colcon_core.environment:checking '/home/gnanasai/MUC-Hardware/muc_ws/install/dev_sys/lib'
[3.523s] Level 1:colcon.colcon_core.environment:checking '/home/gnanasai/MUC-Hardware/muc_ws/install/dev_sys/bin'
[3.524s] Level 1:colcon.colcon_core.environment:checking '/home/gnanasai/MUC-Hardware/muc_ws/install/dev_sys/lib/pkgconfig/dev_sys.pc'
[3.524s] Level 1:colcon.colcon_core.environment:checking '/home/gnanasai/MUC-Hardware/muc_ws/install/dev_sys/lib/python3.10/site-packages'
[3.524s] Level 1:colcon.colcon_core.shell:create_environment_hook('dev_sys', 'pythonpath')
[3.525s] INFO:colcon.colcon_core.shell:Creating environment hook '/home/gnanasai/MUC-Hardware/muc_ws/install/dev_sys/share/dev_sys/hook/pythonpath.ps1'
[3.526s] INFO:colcon.colcon_core.shell:Creating environment descriptor '/home/gnanasai/MUC-Hardware/muc_ws/install/dev_sys/share/dev_sys/hook/pythonpath.dsv'
[3.526s] INFO:colcon.colcon_core.shell:Creating environment hook '/home/gnanasai/MUC-Hardware/muc_ws/install/dev_sys/share/dev_sys/hook/pythonpath.sh'
[3.528s] Level 1:colcon.colcon_core.environment:checking '/home/gnanasai/MUC-Hardware/muc_ws/install/dev_sys/bin'
[3.528s] Level 1:colcon.colcon_core.environment:create_environment_scripts_only(dev_sys)
[3.528s] INFO:colcon.colcon_core.shell:Creating package script '/home/gnanasai/MUC-Hardware/muc_ws/install/dev_sys/share/dev_sys/package.ps1'
[3.530s] INFO:colcon.colcon_core.shell:Creating package descriptor '/home/gnanasai/MUC-Hardware/muc_ws/install/dev_sys/share/dev_sys/package.dsv'
[3.531s] INFO:colcon.colcon_core.shell:Creating package script '/home/gnanasai/MUC-Hardware/muc_ws/install/dev_sys/share/dev_sys/package.sh'
[3.533s] INFO:colcon.colcon_core.shell:Creating package script '/home/gnanasai/MUC-Hardware/muc_ws/install/dev_sys/share/dev_sys/package.bash'
[3.534s] INFO:colcon.colcon_core.shell:Creating package script '/home/gnanasai/MUC-Hardware/muc_ws/install/dev_sys/share/dev_sys/package.zsh'
[3.535s] Level 1:colcon.colcon_core.environment:create_file_with_runtime_dependencies(/home/gnanasai/MUC-Hardware/muc_ws/install/dev_sys/share/colcon-core/packages/dev_sys)
[3.538s] Level 1:colcon.colcon_core.environment:checking '/home/gnanasai/MUC-Hardware/muc_ws/install/odom_publisher' for CMake module files
[3.539s] DEBUG:colcon.colcon_core.event_handler.log_command:Invoked command in '/home/gnanasai/MUC-Hardware/muc_ws/src/odom_publisher' returned '0': PYTHONPATH=/home/gnanasai/MUC-Hardware/muc_ws/build/odom_publisher/prefix_override:/usr/lib/python3/dist-packages/colcon_core/task/python/colcon_distutils_commands:/home/gnanasai/MUC-Hardware/muc_ws/install/odom_publisher/lib/python3.10/site-packages:${PYTHONPATH} /usr/bin/python3 -W ignore:setup.py install is deprecated -W ignore:easy_install command is deprecated setup.py egg_info --egg-base ../../build/odom_publisher build --build-base /home/gnanasai/MUC-Hardware/muc_ws/build/odom_publisher/build install --record /home/gnanasai/MUC-Hardware/muc_ws/build/odom_publisher/install.log --single-version-externally-managed
[3.540s] Level 1:colcon.colcon_core.environment:checking '/home/gnanasai/MUC-Hardware/muc_ws/install/odom_publisher' for CMake config files
[3.541s] Level 1:colcon.colcon_core.environment:checking '/home/gnanasai/MUC-Hardware/muc_ws/install/odom_publisher/lib'
[3.541s] Level 1:colcon.colcon_core.environment:checking '/home/gnanasai/MUC-Hardware/muc_ws/install/odom_publisher/bin'
[3.541s] Level 1:colcon.colcon_core.environment:checking '/home/gnanasai/MUC-Hardware/muc_ws/install/odom_publisher/lib/pkgconfig/odom_publisher.pc'
[3.541s] Level 1:colcon.colcon_core.environment:checking '/home/gnanasai/MUC-Hardware/muc_ws/install/odom_publisher/lib/python3.10/site-packages'
[3.541s] Level 1:colcon.colcon_core.shell:create_environment_hook('odom_publisher', 'pythonpath')
[3.542s] INFO:colcon.colcon_core.shell:Creating environment hook '/home/gnanasai/MUC-Hardware/muc_ws/install/odom_publisher/share/odom_publisher/hook/pythonpath.ps1'
[3.543s] INFO:colcon.colcon_core.shell:Creating environment descriptor '/home/gnanasai/MUC-Hardware/muc_ws/install/odom_publisher/share/odom_publisher/hook/pythonpath.dsv'
[3.543s] INFO:colcon.colcon_core.shell:Creating environment hook '/home/gnanasai/MUC-Hardware/muc_ws/install/odom_publisher/share/odom_publisher/hook/pythonpath.sh'
[3.544s] Level 1:colcon.colcon_core.environment:checking '/home/gnanasai/MUC-Hardware/muc_ws/install/odom_publisher/bin'
[3.544s] Level 1:colcon.colcon_core.environment:create_environment_scripts_only(odom_publisher)
[3.545s] INFO:colcon.colcon_core.shell:Creating package script '/home/gnanasai/MUC-Hardware/muc_ws/install/odom_publisher/share/odom_publisher/package.ps1'
[3.546s] INFO:colcon.colcon_core.shell:Creating package descriptor '/home/gnanasai/MUC-Hardware/muc_ws/install/odom_publisher/share/odom_publisher/package.dsv'
[3.546s] INFO:colcon.colcon_core.shell:Creating package script '/home/gnanasai/MUC-Hardware/muc_ws/install/odom_publisher/share/odom_publisher/package.sh'
[3.547s] INFO:colcon.colcon_core.shell:Creating package script '/home/gnanasai/MUC-Hardware/muc_ws/install/odom_publisher/share/odom_publisher/package.bash'
[3.548s] INFO:colcon.colcon_core.shell:Creating package script '/home/gnanasai/MUC-Hardware/muc_ws/install/odom_publisher/share/odom_publisher/package.zsh'
[3.548s] Level 1:colcon.colcon_core.environment:create_file_with_runtime_dependencies(/home/gnanasai/MUC-Hardware/muc_ws/install/odom_publisher/share/colcon-core/packages/odom_publisher)
[3.549s] Level 1:colcon.colcon_core.environment:checking '/home/gnanasai/MUC-Hardware/muc_ws/install/subscribe_encoder_values' for CMake module files
[3.551s] Level 1:colcon.colcon_core.environment:checking '/home/gnanasai/MUC-Hardware/muc_ws/install/subscribe_encoder_values' for CMake config files
[3.551s] DEBUG:colcon.colcon_core.event_handler.log_command:Invoked command in '/home/gnanasai/MUC-Hardware/muc_ws/src/subscribe_encoder_values' returned '0': PYTHONPATH=/home/gnanasai/MUC-Hardware/muc_ws/build/subscribe_encoder_values/prefix_override:/usr/lib/python3/dist-packages/colcon_core/task/python/colcon_distutils_commands:/home/gnanasai/MUC-Hardware/muc_ws/install/subscribe_encoder_values/lib/python3.10/site-packages:${PYTHONPATH} /usr/bin/python3 -W ignore:setup.py install is deprecated -W ignore:easy_install command is deprecated setup.py egg_info --egg-base ../../build/subscribe_encoder_values build --build-base /home/gnanasai/MUC-Hardware/muc_ws/build/subscribe_encoder_values/build install --record /home/gnanasai/MUC-Hardware/muc_ws/build/subscribe_encoder_values/install.log --single-version-externally-managed install_data
[3.552s] Level 1:colcon.colcon_core.environment:checking '/home/gnanasai/MUC-Hardware/muc_ws/install/subscribe_encoder_values/lib'
[3.552s] Level 1:colcon.colcon_core.environment:checking '/home/gnanasai/MUC-Hardware/muc_ws/install/subscribe_encoder_values/bin'
[3.552s] Level 1:colcon.colcon_core.environment:checking '/home/gnanasai/MUC-Hardware/muc_ws/install/subscribe_encoder_values/lib/pkgconfig/subscribe_encoder_values.pc'
[3.553s] Level 1:colcon.colcon_core.environment:checking '/home/gnanasai/MUC-Hardware/muc_ws/install/subscribe_encoder_values/lib/python3.10/site-packages'
[3.553s] Level 1:colcon.colcon_core.shell:create_environment_hook('subscribe_encoder_values', 'pythonpath')
[3.553s] INFO:colcon.colcon_core.shell:Creating environment hook '/home/gnanasai/MUC-Hardware/muc_ws/install/subscribe_encoder_values/share/subscribe_encoder_values/hook/pythonpath.ps1'
[3.554s] INFO:colcon.colcon_core.shell:Creating environment descriptor '/home/gnanasai/MUC-Hardware/muc_ws/install/subscribe_encoder_values/share/subscribe_encoder_values/hook/pythonpath.dsv'
[3.555s] INFO:colcon.colcon_core.shell:Creating environment hook '/home/gnanasai/MUC-Hardware/muc_ws/install/subscribe_encoder_values/share/subscribe_encoder_values/hook/pythonpath.sh'
[3.556s] Level 1:colcon.colcon_core.environment:checking '/home/gnanasai/MUC-Hardware/muc_ws/install/subscribe_encoder_values/bin'
[3.556s] Level 1:colcon.colcon_core.environment:create_environment_scripts_only(subscribe_encoder_values)
[3.557s] INFO:colcon.colcon_core.shell:Creating package script '/home/gnanasai/MUC-Hardware/muc_ws/install/subscribe_encoder_values/share/subscribe_encoder_values/package.ps1'
[3.558s] INFO:colcon.colcon_core.shell:Creating package descriptor '/home/gnanasai/MUC-Hardware/muc_ws/install/subscribe_encoder_values/share/subscribe_encoder_values/package.dsv'
[3.558s] INFO:colcon.colcon_core.shell:Creating package script '/home/gnanasai/MUC-Hardware/muc_ws/install/subscribe_encoder_values/share/subscribe_encoder_values/package.sh'
[3.559s] INFO:colcon.colcon_core.shell:Creating package script '/home/gnanasai/MUC-Hardware/muc_ws/install/subscribe_encoder_values/share/subscribe_encoder_values/package.bash'
[3.560s] INFO:colcon.colcon_core.shell:Creating package script '/home/gnanasai/MUC-Hardware/muc_ws/install/subscribe_encoder_values/share/subscribe_encoder_values/package.zsh'
[3.560s] Level 1:colcon.colcon_core.environment:create_file_with_runtime_dependencies(/home/gnanasai/MUC-Hardware/muc_ws/install/subscribe_encoder_values/share/colcon-core/packages/subscribe_encoder_values)
[3.563s] Level 1:colcon.colcon_core.environment:checking '/home/gnanasai/MUC-Hardware/muc_ws/install/publish_pwm_values' for CMake module files
[3.564s] DEBUG:colcon.colcon_core.event_handler.log_command:Invoked command in '/home/gnanasai/MUC-Hardware/muc_ws/src/publish_pwm_values' returned '0': PYTHONPATH=/home/gnanasai/MUC-Hardware/muc_ws/build/publish_pwm_values/prefix_override:/usr/lib/python3/dist-packages/colcon_core/task/python/colcon_distutils_commands:/home/gnanasai/MUC-Hardware/muc_ws/install/publish_pwm_values/lib/python3.10/site-packages:${PYTHONPATH} /usr/bin/python3 -W ignore:setup.py install is deprecated -W ignore:easy_install command is deprecated setup.py egg_info --egg-base ../../build/publish_pwm_values build --build-base /home/gnanasai/MUC-Hardware/muc_ws/build/publish_pwm_values/build install --record /home/gnanasai/MUC-Hardware/muc_ws/build/publish_pwm_values/install.log --single-version-externally-managed install_data
[3.565s] Level 1:colcon.colcon_core.environment:checking '/home/gnanasai/MUC-Hardware/muc_ws/install/publish_pwm_values' for CMake config files
[3.566s] Level 1:colcon.colcon_core.environment:checking '/home/gnanasai/MUC-Hardware/muc_ws/install/publish_pwm_values/lib'
[3.566s] Level 1:colcon.colcon_core.environment:checking '/home/gnanasai/MUC-Hardware/muc_ws/install/publish_pwm_values/bin'
[3.566s] Level 1:colcon.colcon_core.environment:checking '/home/gnanasai/MUC-Hardware/muc_ws/install/publish_pwm_values/lib/pkgconfig/publish_pwm_values.pc'
[3.566s] Level 1:colcon.colcon_core.environment:checking '/home/gnanasai/MUC-Hardware/muc_ws/install/publish_pwm_values/lib/python3.10/site-packages'
[3.566s] Level 1:colcon.colcon_core.shell:create_environment_hook('publish_pwm_values', 'pythonpath')
[3.567s] INFO:colcon.colcon_core.shell:Creating environment hook '/home/gnanasai/MUC-Hardware/muc_ws/install/publish_pwm_values/share/publish_pwm_values/hook/pythonpath.ps1'
[3.567s] INFO:colcon.colcon_core.shell:Creating environment descriptor '/home/gnanasai/MUC-Hardware/muc_ws/install/publish_pwm_values/share/publish_pwm_values/hook/pythonpath.dsv'
[3.568s] INFO:colcon.colcon_core.shell:Creating environment hook '/home/gnanasai/MUC-Hardware/muc_ws/install/publish_pwm_values/share/publish_pwm_values/hook/pythonpath.sh'
[3.569s] Level 1:colcon.colcon_core.environment:checking '/home/gnanasai/MUC-Hardware/muc_ws/install/publish_pwm_values/bin'
[3.569s] Level 1:colcon.colcon_core.environment:create_environment_scripts_only(publish_pwm_values)
[3.570s] INFO:colcon.colcon_core.shell:Creating package script '/home/gnanasai/MUC-Hardware/muc_ws/install/publish_pwm_values/share/publish_pwm_values/package.ps1'
[3.571s] INFO:colcon.colcon_core.shell:Creating package descriptor '/home/gnanasai/MUC-Hardware/muc_ws/install/publish_pwm_values/share/publish_pwm_values/package.dsv'
[3.571s] INFO:colcon.colcon_core.shell:Creating package script '/home/gnanasai/MUC-Hardware/muc_ws/install/publish_pwm_values/share/publish_pwm_values/package.sh'
[3.572s] INFO:colcon.colcon_core.shell:Creating package script '/home/gnanasai/MUC-Hardware/muc_ws/install/publish_pwm_values/share/publish_pwm_values/package.bash'
[3.572s] INFO:colcon.colcon_core.shell:Creating package script '/home/gnanasai/MUC-Hardware/muc_ws/install/publish_pwm_values/share/publish_pwm_values/package.zsh'
[3.573s] Level 1:colcon.colcon_core.environment:create_file_with_runtime_dependencies(/home/gnanasai/MUC-Hardware/muc_ws/install/publish_pwm_values/share/colcon-core/packages/publish_pwm_values)
[3.573s] DEBUG:colcon.colcon_parallel_executor.executor.parallel:closing loop
[3.574s] DEBUG:colcon.colcon_parallel_executor.executor.parallel:loop closed
[3.574s] DEBUG:colcon.colcon_parallel_executor.executor.parallel:run_until_complete finished with '0'
[3.574s] DEBUG:colcon.colcon_core.event_reactor:joining thread
[3.583s] INFO:colcon.colcon_core.plugin_system:Skipping extension 'colcon_notification.desktop_notification.terminal_notifier': Not used on non-Darwin systems
[3.583s] INFO:colcon.colcon_core.plugin_system:Skipping extension 'colcon_notification.desktop_notification.win32': Not used on non-Windows systems
[3.583s] INFO:colcon.colcon_notification.desktop_notification:Sending desktop notification using 'notify2'
[3.605s] DEBUG:colcon.colcon_core.event_reactor:joined thread
[3.606s] INFO:colcon.colcon_core.shell:Creating prefix script '/home/gnanasai/MUC-Hardware/muc_ws/install/local_setup.ps1'
[3.607s] INFO:colcon.colcon_core.shell:Creating prefix util module '/home/gnanasai/MUC-Hardware/muc_ws/install/_local_setup_util_ps1.py'
[3.610s] INFO:colcon.colcon_core.shell:Creating prefix chain script '/home/gnanasai/MUC-Hardware/muc_ws/install/setup.ps1'
[3.612s] INFO:colcon.colcon_core.shell:Creating prefix script '/home/gnanasai/MUC-Hardware/muc_ws/install/local_setup.sh'
[3.613s] INFO:colcon.colcon_core.shell:Creating prefix util module '/home/gnanasai/MUC-Hardware/muc_ws/install/_local_setup_util_sh.py'
[3.614s] INFO:colcon.colcon_core.shell:Creating prefix chain script '/home/gnanasai/MUC-Hardware/muc_ws/install/setup.sh'
[3.616s] INFO:colcon.colcon_core.shell:Creating prefix script '/home/gnanasai/MUC-Hardware/muc_ws/install/local_setup.bash'
[3.616s] INFO:colcon.colcon_core.shell:Creating prefix chain script '/home/gnanasai/MUC-Hardware/muc_ws/install/setup.bash'
[3.619s] INFO:colcon.colcon_core.shell:Creating prefix script '/home/gnanasai/MUC-Hardware/muc_ws/install/local_setup.zsh'
[3.620s] INFO:colcon.colcon_core.shell:Creating prefix chain script '/home/gnanasai/MUC-Hardware/muc_ws/install/setup.zsh'
