[0.007s] Invoking command in '/home/anirudh/MUC-Hardware/rplidar_ros/build/rplidar_ros': CMAKE_PREFIX_PATH=${CMAKE_PREFIX_PATH}:/home/anirudh/MUC-Hardware/muc_ws/install/subscribe_encoder_values:/home/anirudh/MUC-Hardware/muc_ws/install/publish_pwm_values:/home/anirudh/MUC-Hardware/muc_ws/install/odom_publisher:/home/anirudh/cognipilot/cranium/install/nxp_cup_vision:/home/anirudh/cognipilot/cranium/install/b3rb_ros_line_follower:/opt/ros/humble /usr/bin/cmake --build /home/anirudh/MUC-Hardware/rplidar_ros/build/rplidar_ros -- -j16 -l16
[0.038s] [35m[1mConsolidate compiler generated dependencies of target rplidar_client[0m
[0.040s] [35m[1mConsolidate compiler generated dependencies of target rplidar_composition[0m
[0.043s] [35m[1mConsolidate compiler generated dependencies of target rplidar_node[0m
[0.047s] [  5%] Built target rplidar_client
[0.056s] [ 52%] Built target rplidar_composition
[0.060s] [100%] Built target rplidar_node
[0.072s] Invoked command in '/home/anirudh/MUC-Hardware/rplidar_ros/build/rplidar_ros' returned '0': CMAKE_PREFIX_PATH=${CMAKE_PREFIX_PATH}:/home/anirudh/MUC-Hardware/muc_ws/install/subscribe_encoder_values:/home/anirudh/MUC-Hardware/muc_ws/install/publish_pwm_values:/home/anirudh/MUC-Hardware/muc_ws/install/odom_publisher:/home/anirudh/cognipilot/cranium/install/nxp_cup_vision:/home/anirudh/cognipilot/cranium/install/b3rb_ros_line_follower:/opt/ros/humble /usr/bin/cmake --build /home/anirudh/MUC-Hardware/rplidar_ros/build/rplidar_ros -- -j16 -l16
[0.080s] Invoking command in '/home/anirudh/MUC-Hardware/rplidar_ros/build/rplidar_ros': CMAKE_PREFIX_PATH=${CMAKE_PREFIX_PATH}:/home/anirudh/MUC-Hardware/muc_ws/install/subscribe_encoder_values:/home/anirudh/MUC-Hardware/muc_ws/install/publish_pwm_values:/home/anirudh/MUC-Hardware/muc_ws/install/odom_publisher:/home/anirudh/cognipilot/cranium/install/nxp_cup_vision:/home/anirudh/cognipilot/cranium/install/b3rb_ros_line_follower:/opt/ros/humble /usr/bin/cmake --install /home/anirudh/MUC-Hardware/rplidar_ros/build/rplidar_ros
[0.086s] -- Install configuration: ""
[0.086s] -- Up-to-date: /home/anirudh/MUC-Hardware/rplidar_ros/install/rplidar_ros/share/rplidar_ros/launch
[0.086s] -- Up-to-date: /home/anirudh/MUC-Hardware/rplidar_ros/install/rplidar_ros/share/rplidar_ros/launch/rplidar_s3_launch.py
[0.086s] -- Up-to-date: /home/anirudh/MUC-Hardware/rplidar_ros/install/rplidar_ros/share/rplidar_ros/launch/view_rplidar_a2m8_launch.py
[0.086s] -- Up-to-date: /home/anirudh/MUC-Hardware/rplidar_ros/install/rplidar_ros/share/rplidar_ros/launch/rplidar_t1_launch.py
[0.086s] -- Up-to-date: /home/anirudh/MUC-Hardware/rplidar_ros/install/rplidar_ros/share/rplidar_ros/launch/view_rplidar_a2m12_launch.py
[0.086s] -- Up-to-date: /home/anirudh/MUC-Hardware/rplidar_ros/install/rplidar_ros/share/rplidar_ros/launch/view_rplidar_s1_tcp_launch.py
[0.086s] -- Up-to-date: /home/anirudh/MUC-Hardware/rplidar_ros/install/rplidar_ros/share/rplidar_ros/launch/rplidar_s2e_launch.py
[0.086s] -- Up-to-date: /home/anirudh/MUC-Hardware/rplidar_ros/install/rplidar_ros/share/rplidar_ros/launch/rplidar_s2_launch.py
[0.087s] -- Up-to-date: /home/anirudh/MUC-Hardware/rplidar_ros/install/rplidar_ros/share/rplidar_ros/launch/view_rplidar_a1_launch.py
[0.087s] -- Up-to-date: /home/anirudh/MUC-Hardware/rplidar_ros/install/rplidar_ros/share/rplidar_ros/launch/view_rplidar_a2m7_launch.py
[0.087s] -- Up-to-date: /home/anirudh/MUC-Hardware/rplidar_ros/install/rplidar_ros/share/rplidar_ros/launch/view_rplidar_s1_launch.py
[0.087s] -- Up-to-date: /home/anirudh/MUC-Hardware/rplidar_ros/install/rplidar_ros/share/rplidar_ros/launch/rplidar_s1_tcp_launch.py
[0.087s] -- Up-to-date: /home/anirudh/MUC-Hardware/rplidar_ros/install/rplidar_ros/share/rplidar_ros/launch/rplidar_a1_launch.py
[0.087s] -- Up-to-date: /home/anirudh/MUC-Hardware/rplidar_ros/install/rplidar_ros/share/rplidar_ros/launch/view_rplidar_s2_launch.py
[0.087s] -- Up-to-date: /home/anirudh/MUC-Hardware/rplidar_ros/install/rplidar_ros/share/rplidar_ros/launch/view_rplidar_t1_launch.py
[0.087s] -- Up-to-date: /home/anirudh/MUC-Hardware/rplidar_ros/install/rplidar_ros/share/rplidar_ros/launch/view_rplidar_s3_launch.py
[0.087s] -- Up-to-date: /home/anirudh/MUC-Hardware/rplidar_ros/install/rplidar_ros/share/rplidar_ros/launch/rplidar_s1_launch.py
[0.087s] -- Up-to-date: /home/anirudh/MUC-Hardware/rplidar_ros/install/rplidar_ros/share/rplidar_ros/launch/rplidar_a2m8_launch.py
[0.087s] -- Up-to-date: /home/anirudh/MUC-Hardware/rplidar_ros/install/rplidar_ros/share/rplidar_ros/launch/rplidar_c1_launch.py
[0.087s] -- Up-to-date: /home/anirudh/MUC-Hardware/rplidar_ros/install/rplidar_ros/share/rplidar_ros/launch/rplidar_a3_launch.py
[0.087s] -- Up-to-date: /home/anirudh/MUC-Hardware/rplidar_ros/install/rplidar_ros/share/rplidar_ros/launch/rplidar_a2m7_launch.py
[0.087s] -- Up-to-date: /home/anirudh/MUC-Hardware/rplidar_ros/install/rplidar_ros/share/rplidar_ros/launch/view_rplidar_s2e_launch.py
[0.087s] -- Up-to-date: /home/anirudh/MUC-Hardware/rplidar_ros/install/rplidar_ros/share/rplidar_ros/launch/rplidar_a2m12_launch.py
[0.088s] -- Up-to-date: /home/anirudh/MUC-Hardware/rplidar_ros/install/rplidar_ros/share/rplidar_ros/launch/view_rplidar_a3_launch.py
[0.088s] -- Up-to-date: /home/anirudh/MUC-Hardware/rplidar_ros/install/rplidar_ros/share/rplidar_ros/launch/view_rplidar_c1_launch.py
[0.088s] -- Up-to-date: /home/anirudh/MUC-Hardware/rplidar_ros/install/rplidar_ros/share/rplidar_ros/rviz
[0.088s] -- Up-to-date: /home/anirudh/MUC-Hardware/rplidar_ros/install/rplidar_ros/share/rplidar_ros/rviz/rplidar_ros.rviz
[0.088s] -- Up-to-date: /home/anirudh/MUC-Hardware/rplidar_ros/install/rplidar_ros/lib/rplidar_ros/rplidar_node
[0.088s] -- Up-to-date: /home/anirudh/MUC-Hardware/rplidar_ros/install/rplidar_ros/lib/rplidar_ros/rplidar_composition
[0.088s] -- Up-to-date: /home/anirudh/MUC-Hardware/rplidar_ros/install/rplidar_ros/lib/rplidar_ros/rplidar_client
[0.088s] -- Up-to-date: /home/anirudh/MUC-Hardware/rplidar_ros/install/rplidar_ros/share/ament_index/resource_index/package_run_dependencies/rplidar_ros
[0.088s] -- Up-to-date: /home/anirudh/MUC-Hardware/rplidar_ros/install/rplidar_ros/share/ament_index/resource_index/parent_prefix_path/rplidar_ros
[0.088s] -- Up-to-date: /home/anirudh/MUC-Hardware/rplidar_ros/install/rplidar_ros/share/rplidar_ros/environment/ament_prefix_path.sh
[0.088s] -- Up-to-date: /home/anirudh/MUC-Hardware/rplidar_ros/install/rplidar_ros/share/rplidar_ros/environment/ament_prefix_path.dsv
[0.088s] -- Up-to-date: /home/anirudh/MUC-Hardware/rplidar_ros/install/rplidar_ros/share/rplidar_ros/environment/path.sh
[0.088s] -- Up-to-date: /home/anirudh/MUC-Hardware/rplidar_ros/install/rplidar_ros/share/rplidar_ros/environment/path.dsv
[0.088s] -- Up-to-date: /home/anirudh/MUC-Hardware/rplidar_ros/install/rplidar_ros/share/rplidar_ros/local_setup.bash
[0.088s] -- Up-to-date: /home/anirudh/MUC-Hardware/rplidar_ros/install/rplidar_ros/share/rplidar_ros/local_setup.sh
[0.088s] -- Up-to-date: /home/anirudh/MUC-Hardware/rplidar_ros/install/rplidar_ros/share/rplidar_ros/local_setup.zsh
[0.088s] -- Up-to-date: /home/anirudh/MUC-Hardware/rplidar_ros/install/rplidar_ros/share/rplidar_ros/local_setup.dsv
[0.088s] -- Installing: /home/anirudh/MUC-Hardware/rplidar_ros/install/rplidar_ros/share/rplidar_ros/package.dsv
[0.088s] -- Up-to-date: /home/anirudh/MUC-Hardware/rplidar_ros/install/rplidar_ros/share/ament_index/resource_index/packages/rplidar_ros
[0.088s] -- Up-to-date: /home/anirudh/MUC-Hardware/rplidar_ros/install/rplidar_ros/share/rplidar_ros/cmake/ament_cmake_export_dependencies-extras.cmake
[0.089s] -- Up-to-date: /home/anirudh/MUC-Hardware/rplidar_ros/install/rplidar_ros/share/rplidar_ros/cmake/ament_cmake_export_include_directories-extras.cmake
[0.089s] -- Up-to-date: /home/anirudh/MUC-Hardware/rplidar_ros/install/rplidar_ros/share/rplidar_ros/cmake/rplidar_rosConfig.cmake
[0.089s] -- Up-to-date: /home/anirudh/MUC-Hardware/rplidar_ros/install/rplidar_ros/share/rplidar_ros/cmake/rplidar_rosConfig-version.cmake
[0.089s] -- Up-to-date: /home/anirudh/MUC-Hardware/rplidar_ros/install/rplidar_ros/share/rplidar_ros/package.xml
[0.089s] Invoked command in '/home/anirudh/MUC-Hardware/rplidar_ros/build/rplidar_ros' returned '0': CMAKE_PREFIX_PATH=${CMAKE_PREFIX_PATH}:/home/anirudh/MUC-Hardware/muc_ws/install/subscribe_encoder_values:/home/anirudh/MUC-Hardware/muc_ws/install/publish_pwm_values:/home/anirudh/MUC-Hardware/muc_ws/install/odom_publisher:/home/anirudh/cognipilot/cranium/install/nxp_cup_vision:/home/anirudh/cognipilot/cranium/install/b3rb_ros_line_follower:/opt/ros/humble /usr/bin/cmake --install /home/anirudh/MUC-Hardware/rplidar_ros/build/rplidar_ros
