[0.543s] DEBUG:colcon:Command line arguments: ['/usr/bin/colcon', 'build']
[0.543s] DEBUG:colcon:Parsed command line arguments: Namespace(log_base=None, log_level=None, verb_name='build', build_base='build', install_base='install', merge_install=False, symlink_install=False, test_result_base=None, continue_on_error=False, executor='parallel', parallel_workers=4, event_handlers=None, ignore_user_meta=False, metas=['./colcon.meta'], base_paths=['.'], packages_ignore=None, packages_ignore_regex=None, paths=None, packages_up_to=None, packages_up_to_regex=None, packages_above=None, packages_above_and_dependencies=None, packages_above_depth=None, packages_select_by_dep=None, packages_skip_by_dep=None, packages_skip_up_to=None, packages_select_build_failed=False, packages_skip_build_finished=False, packages_select_test_failures=False, packages_skip_test_passed=False, packages_select=None, packages_skip=None, packages_select_regex=None, packages_skip_regex=None, packages_start=None, packages_end=None, allow_overriding=[], cmake_args=None, cmake_target=None, cmake_target_skip_unavailable=False, cmake_clean_cache=False, cmake_clean_first=False, cmake_force_configure=False, ament_cmake_args=None, catkin_cmake_args=None, catkin_skip_building_tests=False, verb_parser=<colcon_defaults.argument_parser.defaults.DefaultArgumentsDecorator object at 0xffff9be8aef0>, verb_extension=<colcon_core.verb.build.BuildVerb object at 0xffff9c01ba00>, main=<bound method BuildVerb.main of <colcon_core.verb.build.BuildVerb object at 0xffff9c01ba00>>)
[1.485s] Level 1:colcon.colcon_core.package_discovery:discover_packages(colcon_meta) check parameters
[1.486s] Level 1:colcon.colcon_core.package_discovery:discover_packages(recursive) check parameters
[1.486s] Level 1:colcon.colcon_core.package_discovery:discover_packages(ignore) check parameters
[1.486s] Level 1:colcon.colcon_core.package_discovery:discover_packages(path) check parameters
[1.486s] Level 1:colcon.colcon_core.package_discovery:discover_packages(colcon_meta) discover
[1.486s] Level 1:colcon.colcon_core.package_discovery:discover_packages(recursive) discover
[1.486s] INFO:colcon.colcon_core.package_discovery:Crawling recursively for packages in '/home/muc/MUC-Hardware-/muc_ws_rpi'
[1.487s] Level 1:colcon.colcon_core.package_identification:_identify(.) by extensions ['ignore', 'ignore_ament_install']
[1.487s] Level 1:colcon.colcon_core.package_identification:_identify(.) by extension 'ignore'
[1.488s] Level 1:colcon.colcon_core.package_identification:_identify(.) by extension 'ignore_ament_install'
[1.488s] Level 1:colcon.colcon_core.package_identification:_identify(.) by extensions ['colcon_pkg']
[1.488s] Level 1:colcon.colcon_core.package_identification:_identify(.) by extension 'colcon_pkg'
[1.488s] Level 1:colcon.colcon_core.package_identification:_identify(.) by extensions ['colcon_meta']
[1.488s] Level 1:colcon.colcon_core.package_identification:_identify(.) by extension 'colcon_meta'
[1.489s] Level 1:colcon.colcon_core.package_identification:_identify(.) by extensions ['ros']
[1.489s] Level 1:colcon.colcon_core.package_identification:_identify(.) by extension 'ros'
[1.566s] Level 1:colcon.colcon_core.package_identification:_identify(.) by extensions ['cmake', 'python']
[1.566s] Level 1:colcon.colcon_core.package_identification:_identify(.) by extension 'cmake'
[1.566s] Level 1:colcon.colcon_core.package_identification:_identify(.) by extension 'python'
[1.566s] Level 1:colcon.colcon_core.package_identification:_identify(.) by extensions ['python_setup_py']
[1.566s] Level 1:colcon.colcon_core.package_identification:_identify(.) by extension 'python_setup_py'
[1.567s] Level 1:colcon.colcon_core.package_identification:_identify(build) by extensions ['ignore', 'ignore_ament_install']
[1.567s] Level 1:colcon.colcon_core.package_identification:_identify(build) by extension 'ignore'
[1.567s] Level 1:colcon.colcon_core.package_identification:_identify(build) ignored
[1.568s] Level 1:colcon.colcon_core.package_identification:_identify(install) by extensions ['ignore', 'ignore_ament_install']
[1.568s] Level 1:colcon.colcon_core.package_identification:_identify(install) by extension 'ignore'
[1.568s] Level 1:colcon.colcon_core.package_identification:_identify(install) ignored
[1.569s] Level 1:colcon.colcon_core.package_identification:_identify(log) by extensions ['ignore', 'ignore_ament_install']
[1.569s] Level 1:colcon.colcon_core.package_identification:_identify(log) by extension 'ignore'
[1.569s] Level 1:colcon.colcon_core.package_identification:_identify(log) ignored
[1.570s] Level 1:colcon.colcon_core.package_identification:_identify(src) by extensions ['ignore', 'ignore_ament_install']
[1.570s] Level 1:colcon.colcon_core.package_identification:_identify(src) by extension 'ignore'
[1.570s] Level 1:colcon.colcon_core.package_identification:_identify(src) by extension 'ignore_ament_install'
[1.570s] Level 1:colcon.colcon_core.package_identification:_identify(src) by extensions ['colcon_pkg']
[1.571s] Level 1:colcon.colcon_core.package_identification:_identify(src) by extension 'colcon_pkg'
[1.571s] Level 1:colcon.colcon_core.package_identification:_identify(src) by extensions ['colcon_meta']
[1.571s] Level 1:colcon.colcon_core.package_identification:_identify(src) by extension 'colcon_meta'
[1.571s] Level 1:colcon.colcon_core.package_identification:_identify(src) by extensions ['ros']
[1.571s] Level 1:colcon.colcon_core.package_identification:_identify(src) by extension 'ros'
[1.572s] Level 1:colcon.colcon_core.package_identification:_identify(src) by extensions ['cmake', 'python']
[1.572s] Level 1:colcon.colcon_core.package_identification:_identify(src) by extension 'cmake'
[1.572s] Level 1:colcon.colcon_core.package_identification:_identify(src) by extension 'python'
[1.572s] Level 1:colcon.colcon_core.package_identification:_identify(src) by extensions ['python_setup_py']
[1.572s] Level 1:colcon.colcon_core.package_identification:_identify(src) by extension 'python_setup_py'
[1.573s] Level 1:colcon.colcon_core.package_identification:_identify(src/encoder_reader) by extensions ['ignore', 'ignore_ament_install']
[1.573s] Level 1:colcon.colcon_core.package_identification:_identify(src/encoder_reader) by extension 'ignore'
[1.573s] Level 1:colcon.colcon_core.package_identification:_identify(src/encoder_reader) by extension 'ignore_ament_install'
[1.573s] Level 1:colcon.colcon_core.package_identification:_identify(src/encoder_reader) by extensions ['colcon_pkg']
[1.573s] Level 1:colcon.colcon_core.package_identification:_identify(src/encoder_reader) by extension 'colcon_pkg'
[1.574s] Level 1:colcon.colcon_core.package_identification:_identify(src/encoder_reader) by extensions ['colcon_meta']
[1.574s] Level 1:colcon.colcon_core.package_identification:_identify(src/encoder_reader) by extension 'colcon_meta'
[1.574s] Level 1:colcon.colcon_core.package_identification:_identify(src/encoder_reader) by extensions ['ros']
[1.574s] Level 1:colcon.colcon_core.package_identification:_identify(src/encoder_reader) by extension 'ros'
[1.590s] DEBUG:colcon.colcon_core.package_identification:Package 'src/encoder_reader' with type 'ros.ament_python' and name 'encoder_reader'
[1.591s] Level 1:colcon.colcon_core.package_identification:_identify(src/motor_control) by extensions ['ignore', 'ignore_ament_install']
[1.591s] Level 1:colcon.colcon_core.package_identification:_identify(src/motor_control) by extension 'ignore'
[1.591s] Level 1:colcon.colcon_core.package_identification:_identify(src/motor_control) by extension 'ignore_ament_install'
[1.592s] Level 1:colcon.colcon_core.package_identification:_identify(src/motor_control) by extensions ['colcon_pkg']
[1.592s] Level 1:colcon.colcon_core.package_identification:_identify(src/motor_control) by extension 'colcon_pkg'
[1.592s] Level 1:colcon.colcon_core.package_identification:_identify(src/motor_control) by extensions ['colcon_meta']
[1.592s] Level 1:colcon.colcon_core.package_identification:_identify(src/motor_control) by extension 'colcon_meta'
[1.593s] Level 1:colcon.colcon_core.package_identification:_identify(src/motor_control) by extensions ['ros']
[1.593s] Level 1:colcon.colcon_core.package_identification:_identify(src/motor_control) by extension 'ros'
[1.597s] DEBUG:colcon.colcon_core.package_identification:Package 'src/motor_control' with type 'ros.ament_python' and name 'motor_control'
[1.598s] Level 1:colcon.colcon_core.package_discovery:discover_packages(recursive) using defaults
[1.598s] Level 1:colcon.colcon_core.package_discovery:discover_packages(ignore) discover
[1.598s] Level 1:colcon.colcon_core.package_discovery:discover_packages(ignore) using defaults
[1.598s] Level 1:colcon.colcon_core.package_discovery:discover_packages(path) discover
[1.598s] Level 1:colcon.colcon_core.package_discovery:discover_packages(path) using defaults
[1.750s] Level 1:colcon.colcon_core.package_discovery:discover_packages(prefix_path) check parameters
[1.750s] Level 1:colcon.colcon_core.package_discovery:discover_packages(prefix_path) discover
[1.759s] Level 1:colcon.colcon_core.package_discovery:discover_packages(prefix_path) using defaults
[1.766s] Level 5:colcon.colcon_core.verb:set package 'encoder_reader' build argument 'cmake_args' from command line to 'None'
[1.766s] Level 5:colcon.colcon_core.verb:set package 'encoder_reader' build argument 'cmake_target' from command line to 'None'
[1.767s] Level 5:colcon.colcon_core.verb:set package 'encoder_reader' build argument 'cmake_target_skip_unavailable' from command line to 'False'
[1.767s] Level 5:colcon.colcon_core.verb:set package 'encoder_reader' build argument 'cmake_clean_cache' from command line to 'False'
[1.767s] Level 5:colcon.colcon_core.verb:set package 'encoder_reader' build argument 'cmake_clean_first' from command line to 'False'
[1.767s] Level 5:colcon.colcon_core.verb:set package 'encoder_reader' build argument 'cmake_force_configure' from command line to 'False'
[1.767s] Level 5:colcon.colcon_core.verb:set package 'encoder_reader' build argument 'ament_cmake_args' from command line to 'None'
[1.767s] Level 5:colcon.colcon_core.verb:set package 'encoder_reader' build argument 'catkin_cmake_args' from command line to 'None'
[1.767s] Level 5:colcon.colcon_core.verb:set package 'encoder_reader' build argument 'catkin_skip_building_tests' from command line to 'False'
[1.768s] DEBUG:colcon.colcon_core.verb:Building package 'encoder_reader' with the following arguments: {'ament_cmake_args': None, 'build_base': '/home/muc/MUC-Hardware-/muc_ws_rpi/build/encoder_reader', 'catkin_cmake_args': None, 'catkin_skip_building_tests': False, 'cmake_args': None, 'cmake_clean_cache': False, 'cmake_clean_first': False, 'cmake_force_configure': False, 'cmake_target': None, 'cmake_target_skip_unavailable': False, 'install_base': '/home/muc/MUC-Hardware-/muc_ws_rpi/install/encoder_reader', 'merge_install': False, 'path': '/home/muc/MUC-Hardware-/muc_ws_rpi/src/encoder_reader', 'symlink_install': False, 'test_result_base': None}
[1.769s] Level 5:colcon.colcon_core.verb:set package 'motor_control' build argument 'cmake_args' from command line to 'None'
[1.769s] Level 5:colcon.colcon_core.verb:set package 'motor_control' build argument 'cmake_target' from command line to 'None'
[1.769s] Level 5:colcon.colcon_core.verb:set package 'motor_control' build argument 'cmake_target_skip_unavailable' from command line to 'False'
[1.770s] Level 5:colcon.colcon_core.verb:set package 'motor_control' build argument 'cmake_clean_cache' from command line to 'False'
[1.770s] Level 5:colcon.colcon_core.verb:set package 'motor_control' build argument 'cmake_clean_first' from command line to 'False'
[1.770s] Level 5:colcon.colcon_core.verb:set package 'motor_control' build argument 'cmake_force_configure' from command line to 'False'
[1.770s] Level 5:colcon.colcon_core.verb:set package 'motor_control' build argument 'ament_cmake_args' from command line to 'None'
[1.770s] Level 5:colcon.colcon_core.verb:set package 'motor_control' build argument 'catkin_cmake_args' from command line to 'None'
[1.770s] Level 5:colcon.colcon_core.verb:set package 'motor_control' build argument 'catkin_skip_building_tests' from command line to 'False'
[1.770s] DEBUG:colcon.colcon_core.verb:Building package 'motor_control' with the following arguments: {'ament_cmake_args': None, 'build_base': '/home/muc/MUC-Hardware-/muc_ws_rpi/build/motor_control', 'catkin_cmake_args': None, 'catkin_skip_building_tests': False, 'cmake_args': None, 'cmake_clean_cache': False, 'cmake_clean_first': False, 'cmake_force_configure': False, 'cmake_target': None, 'cmake_target_skip_unavailable': False, 'install_base': '/home/muc/MUC-Hardware-/muc_ws_rpi/install/motor_control', 'merge_install': False, 'path': '/home/muc/MUC-Hardware-/muc_ws_rpi/src/motor_control', 'symlink_install': False, 'test_result_base': None}
[1.771s] INFO:colcon.colcon_core.executor:Executing jobs using 'parallel' executor
[1.775s] DEBUG:colcon.colcon_parallel_executor.executor.parallel:run_until_complete
[1.776s] INFO:colcon.colcon_ros.task.ament_python.build:Building ROS package in '/home/muc/MUC-Hardware-/muc_ws_rpi/src/encoder_reader' with build type 'ament_python'
[1.776s] Level 1:colcon.colcon_core.shell:create_environment_hook('encoder_reader', 'ament_prefix_path')
[1.801s] INFO:colcon.colcon_core.plugin_system:Skipping extension 'colcon_core.shell.bat': Not used on non-Windows systems
[1.802s] INFO:colcon.colcon_core.shell:Creating environment hook '/home/muc/MUC-Hardware-/muc_ws_rpi/install/encoder_reader/share/encoder_reader/hook/ament_prefix_path.ps1'
[1.807s] INFO:colcon.colcon_core.shell:Creating environment descriptor '/home/muc/MUC-Hardware-/muc_ws_rpi/install/encoder_reader/share/encoder_reader/hook/ament_prefix_path.dsv'
[1.814s] INFO:colcon.colcon_core.shell:Creating environment hook '/home/muc/MUC-Hardware-/muc_ws_rpi/install/encoder_reader/share/encoder_reader/hook/ament_prefix_path.sh'
[1.819s] INFO:colcon.colcon_core.shell:Skip shell extension 'powershell' for command environment: Not usable outside of PowerShell
[1.819s] DEBUG:colcon.colcon_core.shell:Skip shell extension 'dsv' for command environment
[1.827s] INFO:colcon.colcon_ros.task.ament_python.build:Building ROS package in '/home/muc/MUC-Hardware-/muc_ws_rpi/src/motor_control' with build type 'ament_python'
[1.828s] Level 1:colcon.colcon_core.shell:create_environment_hook('motor_control', 'ament_prefix_path')
[1.829s] INFO:colcon.colcon_core.shell:Creating environment hook '/home/muc/MUC-Hardware-/muc_ws_rpi/install/motor_control/share/motor_control/hook/ament_prefix_path.ps1'
[1.832s] INFO:colcon.colcon_core.shell:Creating environment descriptor '/home/muc/MUC-Hardware-/muc_ws_rpi/install/motor_control/share/motor_control/hook/ament_prefix_path.dsv'
[1.834s] INFO:colcon.colcon_core.shell:Creating environment hook '/home/muc/MUC-Hardware-/muc_ws_rpi/install/motor_control/share/motor_control/hook/ament_prefix_path.sh'
[1.837s] INFO:colcon.colcon_core.shell:Skip shell extension 'powershell' for command environment: Not usable outside of PowerShell
[1.837s] DEBUG:colcon.colcon_core.shell:Skip shell extension 'dsv' for command environment
[2.715s] INFO:colcon.colcon_core.task.python.build:Building Python package in '/home/muc/MUC-Hardware-/muc_ws_rpi/src/encoder_reader'
[2.716s] INFO:colcon.colcon_core.shell:Skip shell extension 'powershell' for command environment: Not usable outside of PowerShell
[2.716s] DEBUG:colcon.colcon_core.shell:Skip shell extension 'dsv' for command environment
[3.595s] INFO:colcon.colcon_core.task.python.build:Building Python package in '/home/muc/MUC-Hardware-/muc_ws_rpi/src/motor_control'
[3.596s] INFO:colcon.colcon_core.shell:Skip shell extension 'powershell' for command environment: Not usable outside of PowerShell
[3.596s] DEBUG:colcon.colcon_core.shell:Skip shell extension 'dsv' for command environment
[5.206s] DEBUG:colcon.colcon_core.event_handler.log_command:Invoking command in '/home/muc/MUC-Hardware-/muc_ws_rpi/src/encoder_reader': PYTHONPATH=/home/muc/MUC-Hardware-/muc_ws_rpi/build/encoder_reader/prefix_override:/usr/lib/python3/dist-packages/colcon_core/task/python/colcon_distutils_commands:/home/muc/MUC-Hardware-/muc_ws_rpi/install/encoder_reader/lib/python3.10/site-packages: /usr/bin/python3 -W ignore:setup.py install is deprecated setup.py egg_info --egg-base ../../build/encoder_reader build --build-base /home/muc/MUC-Hardware-/muc_ws_rpi/build/encoder_reader/build install --record /home/muc/MUC-Hardware-/muc_ws_rpi/build/encoder_reader/install.log --single-version-externally-managed install_data
[5.230s] DEBUG:colcon.colcon_core.event_handler.log_command:Invoking command in '/home/muc/MUC-Hardware-/muc_ws_rpi/src/motor_control': PYTHONPATH=/home/muc/MUC-Hardware-/muc_ws_rpi/build/motor_control/prefix_override:/usr/lib/python3/dist-packages/colcon_core/task/python/colcon_distutils_commands:/home/muc/MUC-Hardware-/muc_ws_rpi/install/motor_control/lib/python3.10/site-packages: /usr/bin/python3 -W ignore:setup.py install is deprecated setup.py egg_info --egg-base ../../build/motor_control build --build-base /home/muc/MUC-Hardware-/muc_ws_rpi/build/motor_control/build install --record /home/muc/MUC-Hardware-/muc_ws_rpi/build/motor_control/install.log --single-version-externally-managed install_data
[6.435s] DEBUG:colcon.colcon_core.event_handler.log_command:Invoked command in '/home/muc/MUC-Hardware-/muc_ws_rpi/src/encoder_reader' returned '0': PYTHONPATH=/home/muc/MUC-Hardware-/muc_ws_rpi/build/encoder_reader/prefix_override:/usr/lib/python3/dist-packages/colcon_core/task/python/colcon_distutils_commands:/home/muc/MUC-Hardware-/muc_ws_rpi/install/encoder_reader/lib/python3.10/site-packages: /usr/bin/python3 -W ignore:setup.py install is deprecated setup.py egg_info --egg-base ../../build/encoder_reader build --build-base /home/muc/MUC-Hardware-/muc_ws_rpi/build/encoder_reader/build install --record /home/muc/MUC-Hardware-/muc_ws_rpi/build/encoder_reader/install.log --single-version-externally-managed install_data
[6.465s] Level 1:colcon.colcon_core.environment:checking '/home/muc/MUC-Hardware-/muc_ws_rpi/install/encoder_reader' for CMake module files
[6.468s] Level 1:colcon.colcon_core.environment:checking '/home/muc/MUC-Hardware-/muc_ws_rpi/install/encoder_reader' for CMake config files
[6.474s] Level 1:colcon.colcon_core.environment:checking '/home/muc/MUC-Hardware-/muc_ws_rpi/install/encoder_reader/lib'
[6.475s] Level 1:colcon.colcon_core.environment:checking '/home/muc/MUC-Hardware-/muc_ws_rpi/install/encoder_reader/bin'
[6.475s] Level 1:colcon.colcon_core.environment:checking '/home/muc/MUC-Hardware-/muc_ws_rpi/install/encoder_reader/lib/pkgconfig/encoder_reader.pc'
[6.476s] Level 1:colcon.colcon_core.environment:checking '/home/muc/MUC-Hardware-/muc_ws_rpi/install/encoder_reader/lib/python3.10/site-packages'
[6.476s] Level 1:colcon.colcon_core.shell:create_environment_hook('encoder_reader', 'pythonpath')
[6.477s] INFO:colcon.colcon_core.shell:Creating environment hook '/home/muc/MUC-Hardware-/muc_ws_rpi/install/encoder_reader/share/encoder_reader/hook/pythonpath.ps1'
[6.479s] INFO:colcon.colcon_core.shell:Creating environment descriptor '/home/muc/MUC-Hardware-/muc_ws_rpi/install/encoder_reader/share/encoder_reader/hook/pythonpath.dsv'
[6.481s] INFO:colcon.colcon_core.shell:Creating environment hook '/home/muc/MUC-Hardware-/muc_ws_rpi/install/encoder_reader/share/encoder_reader/hook/pythonpath.sh'
[6.484s] Level 1:colcon.colcon_core.environment:checking '/home/muc/MUC-Hardware-/muc_ws_rpi/install/encoder_reader/bin'
[6.485s] Level 1:colcon.colcon_core.environment:create_environment_scripts_only(encoder_reader)
[6.486s] INFO:colcon.colcon_core.shell:Creating package script '/home/muc/MUC-Hardware-/muc_ws_rpi/install/encoder_reader/share/encoder_reader/package.ps1'
[6.491s] INFO:colcon.colcon_core.shell:Creating package descriptor '/home/muc/MUC-Hardware-/muc_ws_rpi/install/encoder_reader/share/encoder_reader/package.dsv'
[6.494s] INFO:colcon.colcon_core.shell:Creating package script '/home/muc/MUC-Hardware-/muc_ws_rpi/install/encoder_reader/share/encoder_reader/package.sh'
[6.499s] INFO:colcon.colcon_core.shell:Creating package script '/home/muc/MUC-Hardware-/muc_ws_rpi/install/encoder_reader/share/encoder_reader/package.bash'
[6.504s] INFO:colcon.colcon_core.shell:Creating package script '/home/muc/MUC-Hardware-/muc_ws_rpi/install/encoder_reader/share/encoder_reader/package.zsh'
[6.509s] Level 1:colcon.colcon_core.environment:create_file_with_runtime_dependencies(/home/muc/MUC-Hardware-/muc_ws_rpi/install/encoder_reader/share/colcon-core/packages/encoder_reader)
[6.514s] Level 1:colcon.colcon_core.environment:checking '/home/muc/MUC-Hardware-/muc_ws_rpi/install/motor_control' for CMake module files
[6.516s] DEBUG:colcon.colcon_core.event_handler.log_command:Invoked command in '/home/muc/MUC-Hardware-/muc_ws_rpi/src/motor_control' returned '0': PYTHONPATH=/home/muc/MUC-Hardware-/muc_ws_rpi/build/motor_control/prefix_override:/usr/lib/python3/dist-packages/colcon_core/task/python/colcon_distutils_commands:/home/muc/MUC-Hardware-/muc_ws_rpi/install/motor_control/lib/python3.10/site-packages: /usr/bin/python3 -W ignore:setup.py install is deprecated setup.py egg_info --egg-base ../../build/motor_control build --build-base /home/muc/MUC-Hardware-/muc_ws_rpi/build/motor_control/build install --record /home/muc/MUC-Hardware-/muc_ws_rpi/build/motor_control/install.log --single-version-externally-managed install_data
[6.518s] Level 1:colcon.colcon_core.environment:checking '/home/muc/MUC-Hardware-/muc_ws_rpi/install/motor_control' for CMake config files
[6.521s] Level 1:colcon.colcon_core.environment:checking '/home/muc/MUC-Hardware-/muc_ws_rpi/install/motor_control/lib'
[6.522s] Level 1:colcon.colcon_core.environment:checking '/home/muc/MUC-Hardware-/muc_ws_rpi/install/motor_control/bin'
[6.522s] Level 1:colcon.colcon_core.environment:checking '/home/muc/MUC-Hardware-/muc_ws_rpi/install/motor_control/lib/pkgconfig/motor_control.pc'
[6.523s] Level 1:colcon.colcon_core.environment:checking '/home/muc/MUC-Hardware-/muc_ws_rpi/install/motor_control/lib/python3.10/site-packages'
[6.523s] Level 1:colcon.colcon_core.shell:create_environment_hook('motor_control', 'pythonpath')
[6.524s] INFO:colcon.colcon_core.shell:Creating environment hook '/home/muc/MUC-Hardware-/muc_ws_rpi/install/motor_control/share/motor_control/hook/pythonpath.ps1'
[6.527s] INFO:colcon.colcon_core.shell:Creating environment descriptor '/home/muc/MUC-Hardware-/muc_ws_rpi/install/motor_control/share/motor_control/hook/pythonpath.dsv'
[6.528s] INFO:colcon.colcon_core.shell:Creating environment hook '/home/muc/MUC-Hardware-/muc_ws_rpi/install/motor_control/share/motor_control/hook/pythonpath.sh'
[6.531s] Level 1:colcon.colcon_core.environment:checking '/home/muc/MUC-Hardware-/muc_ws_rpi/install/motor_control/bin'
[6.532s] Level 1:colcon.colcon_core.environment:create_environment_scripts_only(motor_control)
[6.533s] INFO:colcon.colcon_core.shell:Creating package script '/home/muc/MUC-Hardware-/muc_ws_rpi/install/motor_control/share/motor_control/package.ps1'
[6.535s] INFO:colcon.colcon_core.shell:Creating package descriptor '/home/muc/MUC-Hardware-/muc_ws_rpi/install/motor_control/share/motor_control/package.dsv'
[6.538s] INFO:colcon.colcon_core.shell:Creating package script '/home/muc/MUC-Hardware-/muc_ws_rpi/install/motor_control/share/motor_control/package.sh'
[6.540s] INFO:colcon.colcon_core.shell:Creating package script '/home/muc/MUC-Hardware-/muc_ws_rpi/install/motor_control/share/motor_control/package.bash'
[6.542s] INFO:colcon.colcon_core.shell:Creating package script '/home/muc/MUC-Hardware-/muc_ws_rpi/install/motor_control/share/motor_control/package.zsh'
[6.544s] Level 1:colcon.colcon_core.environment:create_file_with_runtime_dependencies(/home/muc/MUC-Hardware-/muc_ws_rpi/install/motor_control/share/colcon-core/packages/motor_control)
[6.545s] DEBUG:colcon.colcon_parallel_executor.executor.parallel:closing loop
[6.546s] DEBUG:colcon.colcon_parallel_executor.executor.parallel:loop closed
[6.547s] DEBUG:colcon.colcon_parallel_executor.executor.parallel:run_until_complete finished with '0'
[6.547s] DEBUG:colcon.colcon_core.event_reactor:joining thread
[6.574s] INFO:colcon.colcon_core.plugin_system:Skipping extension 'colcon_notification.desktop_notification.terminal_notifier': Not used on non-Darwin systems
[6.574s] INFO:colcon.colcon_core.plugin_system:Skipping extension 'colcon_notification.desktop_notification.win32': Not used on non-Windows systems
[6.574s] INFO:colcon.colcon_notification.desktop_notification:Sending desktop notification using 'notify2'
[6.574s] DEBUG:colcon.colcon_notification.desktop_notification.notify2:Failed to initialize notify2: org.freedesktop.DBus.Error.NotSupported: Unable to autolaunch a dbus-daemon without a $DISPLAY for X11
[6.575s] DEBUG:colcon.colcon_core.event_reactor:joined thread
[6.576s] INFO:colcon.colcon_core.shell:Creating prefix script '/home/muc/MUC-Hardware-/muc_ws_rpi/install/local_setup.ps1'
[6.582s] INFO:colcon.colcon_core.shell:Creating prefix util module '/home/muc/MUC-Hardware-/muc_ws_rpi/install/_local_setup_util_ps1.py'
[6.593s] INFO:colcon.colcon_core.shell:Creating prefix chain script '/home/muc/MUC-Hardware-/muc_ws_rpi/install/setup.ps1'
[6.600s] INFO:colcon.colcon_core.shell:Creating prefix script '/home/muc/MUC-Hardware-/muc_ws_rpi/install/local_setup.sh'
[6.605s] INFO:colcon.colcon_core.shell:Creating prefix util module '/home/muc/MUC-Hardware-/muc_ws_rpi/install/_local_setup_util_sh.py'
[6.608s] INFO:colcon.colcon_core.shell:Creating prefix chain script '/home/muc/MUC-Hardware-/muc_ws_rpi/install/setup.sh'
[6.613s] INFO:colcon.colcon_core.shell:Creating prefix script '/home/muc/MUC-Hardware-/muc_ws_rpi/install/local_setup.bash'
[6.617s] INFO:colcon.colcon_core.shell:Creating prefix chain script '/home/muc/MUC-Hardware-/muc_ws_rpi/install/setup.bash'
[6.621s] INFO:colcon.colcon_core.shell:Creating prefix script '/home/muc/MUC-Hardware-/muc_ws_rpi/install/local_setup.zsh'
[6.624s] INFO:colcon.colcon_core.shell:Creating prefix chain script '/home/muc/MUC-Hardware-/muc_ws_rpi/install/setup.zsh'
