running egg_info
creating ../../build/odom_publisher/odom_publisher.egg-info
writing ../../build/odom_publisher/odom_publisher.egg-info/PKG-INFO
writing dependency_links to ../../build/odom_publisher/odom_publisher.egg-info/dependency_links.txt
writing entry points to ../../build/odom_publisher/odom_publisher.egg-info/entry_points.txt
writing requirements to ../../build/odom_publisher/odom_publisher.egg-info/requires.txt
writing top-level names to ../../build/odom_publisher/odom_publisher.egg-info/top_level.txt
writing manifest file '../../build/odom_publisher/odom_publisher.egg-info/SOURCES.txt'
reading manifest file '../../build/odom_publisher/odom_publisher.egg-info/SOURCES.txt'
writing manifest file '../../build/odom_publisher/odom_publisher.egg-info/SOURCES.txt'
running build
running build_py
creating /home/anirudh/MUC-Hardware/muc_ws/build/odom_publisher/build
creating /home/anirudh/MUC-Hardware/muc_ws/build/odom_publisher/build/lib
creating /home/anirudh/MUC-Hardware/muc_ws/build/odom_publisher/build/lib/odom_publisher
copying odom_publisher/__init__.py -> /home/anirudh/MUC-Hardware/muc_ws/build/odom_publisher/build/lib/odom_publisher
copying odom_publisher/odom_publisher_node.py -> /home/anirudh/MUC-Hardware/muc_ws/build/odom_publisher/build/lib/odom_publisher
running install
running install_lib
creating /home/anirudh/MUC-Hardware/muc_ws/install/odom_publisher/lib/python3.10/site-packages/odom_publisher
copying /home/anirudh/MUC-Hardware/muc_ws/build/odom_publisher/build/lib/odom_publisher/__init__.py -> /home/anirudh/MUC-Hardware/muc_ws/install/odom_publisher/lib/python3.10/site-packages/odom_publisher
copying /home/anirudh/MUC-Hardware/muc_ws/build/odom_publisher/build/lib/odom_publisher/odom_publisher_node.py -> /home/anirudh/MUC-Hardware/muc_ws/install/odom_publisher/lib/python3.10/site-packages/odom_publisher
byte-compiling /home/anirudh/MUC-Hardware/muc_ws/install/odom_publisher/lib/python3.10/site-packages/odom_publisher/__init__.py to __init__.cpython-310.pyc
byte-compiling /home/anirudh/MUC-Hardware/muc_ws/install/odom_publisher/lib/python3.10/site-packages/odom_publisher/odom_publisher_node.py to odom_publisher_node.cpython-310.pyc
running install_data
creating /home/anirudh/MUC-Hardware/muc_ws/install/odom_publisher/share/ament_index
creating /home/anirudh/MUC-Hardware/muc_ws/install/odom_publisher/share/ament_index/resource_index
creating /home/anirudh/MUC-Hardware/muc_ws/install/odom_publisher/share/ament_index/resource_index/packages
copying resource/odom_publisher -> /home/anirudh/MUC-Hardware/muc_ws/install/odom_publisher/share/ament_index/resource_index/packages
copying package.xml -> /home/anirudh/MUC-Hardware/muc_ws/install/odom_publisher/share/odom_publisher
running install_egg_info
Copying ../../build/odom_publisher/odom_publisher.egg-info to /home/anirudh/MUC-Hardware/muc_ws/install/odom_publisher/lib/python3.10/site-packages/odom_publisher-0.0.0-py3.10.egg-info
running install_scripts
writing list of installed files to '/home/anirudh/MUC-Hardware/muc_ws/build/odom_publisher/install.log'
