running egg_info
writing ../../build/odom_publisher/odom_publisher.egg-info/PKG-INFO
writing dependency_links to ../../build/odom_publisher/odom_publisher.egg-info/dependency_links.txt
writing entry points to ../../build/odom_publisher/odom_publisher.egg-info/entry_points.txt
writing requirements to ../../build/odom_publisher/odom_publisher.egg-info/requires.txt
writing top-level names to ../../build/odom_publisher/odom_publisher.egg-info/top_level.txt
reading manifest file '../../build/odom_publisher/odom_publisher.egg-info/SOURCES.txt'
writing manifest file '../../build/odom_publisher/odom_publisher.egg-info/SOURCES.txt'
running build
running build_py
copying odom_publisher/odom_publisher_node.py -> /home/gnanasai/MUC-Hardware/muc_ws/build/odom_publisher/build/lib/odom_publisher
running install
running install_lib
copying /home/gnanasai/MUC-Hardware/muc_ws/build/odom_publisher/build/lib/odom_publisher/odom_publisher_node.py -> /home/gnanasai/MUC-Hardware/muc_ws/install/odom_publisher/lib/python3.10/site-packages/odom_publisher
byte-compiling /home/gnanasai/MUC-Hardware/muc_ws/install/odom_publisher/lib/python3.10/site-packages/odom_publisher/odom_publisher_node.py to odom_publisher_node.cpython-310.pyc
running install_egg_info
removing '/home/gnanasai/MUC-Hardware/muc_ws/install/odom_publisher/lib/python3.10/site-packages/odom_publisher-0.0.0-py3.10.egg-info' (and everything under it)
Copying ../../build/odom_publisher/odom_publisher.egg-info to /home/gnanasai/MUC-Hardware/muc_ws/install/odom_publisher/lib/python3.10/site-packages/odom_publisher-0.0.0-py3.10.egg-info
running install_scripts
Installing odom_publisher_node script to /home/gnanasai/MUC-Hardware/muc_ws/install/odom_publisher/lib/odom_publisher
writing list of installed files to '/home/gnanasai/MUC-Hardware/muc_ws/build/odom_publisher/install.log'
