[0.734s] DEBUG:colcon:Command line arguments: ['/usr/bin/colcon', 'build']
[0.734s] DEBUG:colcon:Parsed command line arguments: Namespace(log_base=None, log_level=None, verb_name='build', build_base='build', install_base='install', merge_install=False, symlink_install=False, test_result_base=None, continue_on_error=False, executor='parallel', parallel_workers=4, event_handlers=None, ignore_user_meta=False, metas=['./colcon.meta'], base_paths=['.'], packages_ignore=None, packages_ignore_regex=None, paths=None, packages_up_to=None, packages_up_to_regex=None, packages_above=None, packages_above_and_dependencies=None, packages_above_depth=None, packages_select_by_dep=None, packages_skip_by_dep=None, packages_skip_up_to=None, packages_select_build_failed=False, packages_skip_build_finished=False, packages_select_test_failures=False, packages_skip_test_passed=False, packages_select=None, packages_skip=None, packages_select_regex=None, packages_skip_regex=None, packages_start=None, packages_end=None, allow_overriding=[], cmake_args=None, cmake_target=None, cmake_target_skip_unavailable=False, cmake_clean_cache=False, cmake_clean_first=False, cmake_force_configure=False, ament_cmake_args=None, catkin_cmake_args=None, catkin_skip_building_tests=False, verb_parser=<colcon_defaults.argument_parser.defaults.DefaultArgumentsDecorator object at 0xffff7e6b7640>, verb_extension=<colcon_core.verb.build.BuildVerb object at 0xffff7e8202b0>, main=<bound method BuildVerb.main of <colcon_core.verb.build.BuildVerb object at 0xffff7e8202b0>>)
[1.975s] Level 1:colcon.colcon_core.package_discovery:discover_packages(colcon_meta) check parameters
[1.976s] Level 1:colcon.colcon_core.package_discovery:discover_packages(recursive) check parameters
[1.976s] Level 1:colcon.colcon_core.package_discovery:discover_packages(ignore) check parameters
[1.976s] Level 1:colcon.colcon_core.package_discovery:discover_packages(path) check parameters
[1.976s] Level 1:colcon.colcon_core.package_discovery:discover_packages(colcon_meta) discover
[1.976s] Level 1:colcon.colcon_core.package_discovery:discover_packages(recursive) discover
[1.976s] INFO:colcon.colcon_core.package_discovery:Crawling recursively for packages in '/home/muc/MUC-Hardware/muc_ws_rpi'
[1.977s] Level 1:colcon.colcon_core.package_identification:_identify(.) by extensions ['ignore', 'ignore_ament_install']
[1.977s] Level 1:colcon.colcon_core.package_identification:_identify(.) by extension 'ignore'
[1.978s] Level 1:colcon.colcon_core.package_identification:_identify(.) by extension 'ignore_ament_install'
[1.978s] Level 1:colcon.colcon_core.package_identification:_identify(.) by extensions ['colcon_pkg']
[1.978s] Level 1:colcon.colcon_core.package_identification:_identify(.) by extension 'colcon_pkg'
[1.978s] Level 1:colcon.colcon_core.package_identification:_identify(.) by extensions ['colcon_meta']
[1.978s] Level 1:colcon.colcon_core.package_identification:_identify(.) by extension 'colcon_meta'
[1.979s] Level 1:colcon.colcon_core.package_identification:_identify(.) by extensions ['ros']
[1.979s] Level 1:colcon.colcon_core.package_identification:_identify(.) by extension 'ros'
[2.055s] Level 1:colcon.colcon_core.package_identification:_identify(.) by extensions ['cmake', 'python']
[2.055s] Level 1:colcon.colcon_core.package_identification:_identify(.) by extension 'cmake'
[2.055s] Level 1:colcon.colcon_core.package_identification:_identify(.) by extension 'python'
[2.055s] Level 1:colcon.colcon_core.package_identification:_identify(.) by extensions ['python_setup_py']
[2.055s] Level 1:colcon.colcon_core.package_identification:_identify(.) by extension 'python_setup_py'
[2.056s] Level 1:colcon.colcon_core.package_identification:_identify(build) by extensions ['ignore', 'ignore_ament_install']
[2.056s] Level 1:colcon.colcon_core.package_identification:_identify(build) by extension 'ignore'
[2.056s] Level 1:colcon.colcon_core.package_identification:_identify(build) ignored
[2.057s] Level 1:colcon.colcon_core.package_identification:_identify(install) by extensions ['ignore', 'ignore_ament_install']
[2.057s] Level 1:colcon.colcon_core.package_identification:_identify(install) by extension 'ignore'
[2.058s] Level 1:colcon.colcon_core.package_identification:_identify(install) ignored
[2.058s] Level 1:colcon.colcon_core.package_identification:_identify(log) by extensions ['ignore', 'ignore_ament_install']
[2.059s] Level 1:colcon.colcon_core.package_identification:_identify(log) by extension 'ignore'
[2.059s] Level 1:colcon.colcon_core.package_identification:_identify(log) ignored
[2.062s] Level 1:colcon.colcon_core.package_identification:_identify(src) by extensions ['ignore', 'ignore_ament_install']
[2.062s] Level 1:colcon.colcon_core.package_identification:_identify(src) by extension 'ignore'
[2.063s] Level 1:colcon.colcon_core.package_identification:_identify(src) by extension 'ignore_ament_install'
[2.063s] Level 1:colcon.colcon_core.package_identification:_identify(src) by extensions ['colcon_pkg']
[2.063s] Level 1:colcon.colcon_core.package_identification:_identify(src) by extension 'colcon_pkg'
[2.063s] Level 1:colcon.colcon_core.package_identification:_identify(src) by extensions ['colcon_meta']
[2.063s] Level 1:colcon.colcon_core.package_identification:_identify(src) by extension 'colcon_meta'
[2.063s] Level 1:colcon.colcon_core.package_identification:_identify(src) by extensions ['ros']
[2.064s] Level 1:colcon.colcon_core.package_identification:_identify(src) by extension 'ros'
[2.064s] Level 1:colcon.colcon_core.package_identification:_identify(src) by extensions ['cmake', 'python']
[2.064s] Level 1:colcon.colcon_core.package_identification:_identify(src) by extension 'cmake'
[2.064s] Level 1:colcon.colcon_core.package_identification:_identify(src) by extension 'python'
[2.064s] Level 1:colcon.colcon_core.package_identification:_identify(src) by extensions ['python_setup_py']
[2.064s] Level 1:colcon.colcon_core.package_identification:_identify(src) by extension 'python_setup_py'
[2.066s] Level 1:colcon.colcon_core.package_identification:_identify(src/encoder_reader) by extensions ['ignore', 'ignore_ament_install']
[2.066s] Level 1:colcon.colcon_core.package_identification:_identify(src/encoder_reader) by extension 'ignore'
[2.066s] Level 1:colcon.colcon_core.package_identification:_identify(src/encoder_reader) by extension 'ignore_ament_install'
[2.066s] Level 1:colcon.colcon_core.package_identification:_identify(src/encoder_reader) by extensions ['colcon_pkg']
[2.067s] Level 1:colcon.colcon_core.package_identification:_identify(src/encoder_reader) by extension 'colcon_pkg'
[2.067s] Level 1:colcon.colcon_core.package_identification:_identify(src/encoder_reader) by extensions ['colcon_meta']
[2.067s] Level 1:colcon.colcon_core.package_identification:_identify(src/encoder_reader) by extension 'colcon_meta'
[2.067s] Level 1:colcon.colcon_core.package_identification:_identify(src/encoder_reader) by extensions ['ros']
[2.067s] Level 1:colcon.colcon_core.package_identification:_identify(src/encoder_reader) by extension 'ros'
[2.082s] DEBUG:colcon.colcon_core.package_identification:Package 'src/encoder_reader' with type 'ros.ament_python' and name 'encoder_reader'
[2.083s] Level 1:colcon.colcon_core.package_identification:_identify(src/motor_control) by extensions ['ignore', 'ignore_ament_install']
[2.084s] Level 1:colcon.colcon_core.package_identification:_identify(src/motor_control) by extension 'ignore'
[2.084s] Level 1:colcon.colcon_core.package_identification:_identify(src/motor_control) by extension 'ignore_ament_install'
[2.084s] Level 1:colcon.colcon_core.package_identification:_identify(src/motor_control) by extensions ['colcon_pkg']
[2.085s] Level 1:colcon.colcon_core.package_identification:_identify(src/motor_control) by extension 'colcon_pkg'
[2.085s] Level 1:colcon.colcon_core.package_identification:_identify(src/motor_control) by extensions ['colcon_meta']
[2.085s] Level 1:colcon.colcon_core.package_identification:_identify(src/motor_control) by extension 'colcon_meta'
[2.085s] Level 1:colcon.colcon_core.package_identification:_identify(src/motor_control) by extensions ['ros']
[2.085s] Level 1:colcon.colcon_core.package_identification:_identify(src/motor_control) by extension 'ros'
[2.089s] DEBUG:colcon.colcon_core.package_identification:Package 'src/motor_control' with type 'ros.ament_python' and name 'motor_control'
[2.091s] Level 1:colcon.colcon_core.package_identification:_identify(src/publish_imu) by extensions ['ignore', 'ignore_ament_install']
[2.091s] Level 1:colcon.colcon_core.package_identification:_identify(src/publish_imu) by extension 'ignore'
[2.091s] Level 1:colcon.colcon_core.package_identification:_identify(src/publish_imu) by extension 'ignore_ament_install'
[2.092s] Level 1:colcon.colcon_core.package_identification:_identify(src/publish_imu) by extensions ['colcon_pkg']
[2.092s] Level 1:colcon.colcon_core.package_identification:_identify(src/publish_imu) by extension 'colcon_pkg'
[2.092s] Level 1:colcon.colcon_core.package_identification:_identify(src/publish_imu) by extensions ['colcon_meta']
[2.092s] Level 1:colcon.colcon_core.package_identification:_identify(src/publish_imu) by extension 'colcon_meta'
[2.092s] Level 1:colcon.colcon_core.package_identification:_identify(src/publish_imu) by extensions ['ros']
[2.093s] Level 1:colcon.colcon_core.package_identification:_identify(src/publish_imu) by extension 'ros'
[2.096s] DEBUG:colcon.colcon_core.package_identification:Package 'src/publish_imu' with type 'ros.ament_python' and name 'publish_imu'
[2.096s] Level 1:colcon.colcon_core.package_discovery:discover_packages(recursive) using defaults
[2.096s] Level 1:colcon.colcon_core.package_discovery:discover_packages(ignore) discover
[2.097s] Level 1:colcon.colcon_core.package_discovery:discover_packages(ignore) using defaults
[2.097s] Level 1:colcon.colcon_core.package_discovery:discover_packages(path) discover
[2.097s] Level 1:colcon.colcon_core.package_discovery:discover_packages(path) using defaults
[2.234s] Level 1:colcon.colcon_core.package_discovery:discover_packages(prefix_path) check parameters
[2.234s] Level 1:colcon.colcon_core.package_discovery:discover_packages(prefix_path) discover
[2.250s] DEBUG:colcon.colcon_installed_package_information.package_discovery:Found 3 installed packages in /home/muc/MUC-Hardware/muc_ws_rpi/install
[2.260s] DEBUG:colcon.colcon_installed_package_information.package_discovery:Found 270 installed packages in /opt/ros/humble
[2.306s] Level 1:colcon.colcon_core.package_discovery:discover_packages(prefix_path) using defaults
[2.474s] Level 5:colcon.colcon_core.verb:set package 'encoder_reader' build argument 'cmake_args' from command line to 'None'
[2.475s] Level 5:colcon.colcon_core.verb:set package 'encoder_reader' build argument 'cmake_target' from command line to 'None'
[2.475s] Level 5:colcon.colcon_core.verb:set package 'encoder_reader' build argument 'cmake_target_skip_unavailable' from command line to 'False'
[2.475s] Level 5:colcon.colcon_core.verb:set package 'encoder_reader' build argument 'cmake_clean_cache' from command line to 'False'
[2.475s] Level 5:colcon.colcon_core.verb:set package 'encoder_reader' build argument 'cmake_clean_first' from command line to 'False'
[2.475s] Level 5:colcon.colcon_core.verb:set package 'encoder_reader' build argument 'cmake_force_configure' from command line to 'False'
[2.475s] Level 5:colcon.colcon_core.verb:set package 'encoder_reader' build argument 'ament_cmake_args' from command line to 'None'
[2.475s] Level 5:colcon.colcon_core.verb:set package 'encoder_reader' build argument 'catkin_cmake_args' from command line to 'None'
[2.475s] Level 5:colcon.colcon_core.verb:set package 'encoder_reader' build argument 'catkin_skip_building_tests' from command line to 'False'
[2.475s] DEBUG:colcon.colcon_core.verb:Building package 'encoder_reader' with the following arguments: {'ament_cmake_args': None, 'build_base': '/home/muc/MUC-Hardware/muc_ws_rpi/build/encoder_reader', 'catkin_cmake_args': None, 'catkin_skip_building_tests': False, 'cmake_args': None, 'cmake_clean_cache': False, 'cmake_clean_first': False, 'cmake_force_configure': False, 'cmake_target': None, 'cmake_target_skip_unavailable': False, 'install_base': '/home/muc/MUC-Hardware/muc_ws_rpi/install/encoder_reader', 'merge_install': False, 'path': '/home/muc/MUC-Hardware/muc_ws_rpi/src/encoder_reader', 'symlink_install': False, 'test_result_base': None}
[2.477s] Level 5:colcon.colcon_core.verb:set package 'motor_control' build argument 'cmake_args' from command line to 'None'
[2.477s] Level 5:colcon.colcon_core.verb:set package 'motor_control' build argument 'cmake_target' from command line to 'None'
[2.477s] Level 5:colcon.colcon_core.verb:set package 'motor_control' build argument 'cmake_target_skip_unavailable' from command line to 'False'
[2.477s] Level 5:colcon.colcon_core.verb:set package 'motor_control' build argument 'cmake_clean_cache' from command line to 'False'
[2.477s] Level 5:colcon.colcon_core.verb:set package 'motor_control' build argument 'cmake_clean_first' from command line to 'False'
[2.478s] Level 5:colcon.colcon_core.verb:set package 'motor_control' build argument 'cmake_force_configure' from command line to 'False'
[2.478s] Level 5:colcon.colcon_core.verb:set package 'motor_control' build argument 'ament_cmake_args' from command line to 'None'
[2.478s] Level 5:colcon.colcon_core.verb:set package 'motor_control' build argument 'catkin_cmake_args' from command line to 'None'
[2.478s] Level 5:colcon.colcon_core.verb:set package 'motor_control' build argument 'catkin_skip_building_tests' from command line to 'False'
[2.478s] DEBUG:colcon.colcon_core.verb:Building package 'motor_control' with the following arguments: {'ament_cmake_args': None, 'build_base': '/home/muc/MUC-Hardware/muc_ws_rpi/build/motor_control', 'catkin_cmake_args': None, 'catkin_skip_building_tests': False, 'cmake_args': None, 'cmake_clean_cache': False, 'cmake_clean_first': False, 'cmake_force_configure': False, 'cmake_target': None, 'cmake_target_skip_unavailable': False, 'install_base': '/home/muc/MUC-Hardware/muc_ws_rpi/install/motor_control', 'merge_install': False, 'path': '/home/muc/MUC-Hardware/muc_ws_rpi/src/motor_control', 'symlink_install': False, 'test_result_base': None}
[2.479s] Level 5:colcon.colcon_core.verb:set package 'publish_imu' build argument 'cmake_args' from command line to 'None'
[2.480s] Level 5:colcon.colcon_core.verb:set package 'publish_imu' build argument 'cmake_target' from command line to 'None'
[2.480s] Level 5:colcon.colcon_core.verb:set package 'publish_imu' build argument 'cmake_target_skip_unavailable' from command line to 'False'
[2.480s] Level 5:colcon.colcon_core.verb:set package 'publish_imu' build argument 'cmake_clean_cache' from command line to 'False'
[2.480s] Level 5:colcon.colcon_core.verb:set package 'publish_imu' build argument 'cmake_clean_first' from command line to 'False'
[2.480s] Level 5:colcon.colcon_core.verb:set package 'publish_imu' build argument 'cmake_force_configure' from command line to 'False'
[2.480s] Level 5:colcon.colcon_core.verb:set package 'publish_imu' build argument 'ament_cmake_args' from command line to 'None'
[2.480s] Level 5:colcon.colcon_core.verb:set package 'publish_imu' build argument 'catkin_cmake_args' from command line to 'None'
[2.480s] Level 5:colcon.colcon_core.verb:set package 'publish_imu' build argument 'catkin_skip_building_tests' from command line to 'False'
[2.480s] DEBUG:colcon.colcon_core.verb:Building package 'publish_imu' with the following arguments: {'ament_cmake_args': None, 'build_base': '/home/muc/MUC-Hardware/muc_ws_rpi/build/publish_imu', 'catkin_cmake_args': None, 'catkin_skip_building_tests': False, 'cmake_args': None, 'cmake_clean_cache': False, 'cmake_clean_first': False, 'cmake_force_configure': False, 'cmake_target': None, 'cmake_target_skip_unavailable': False, 'install_base': '/home/muc/MUC-Hardware/muc_ws_rpi/install/publish_imu', 'merge_install': False, 'path': '/home/muc/MUC-Hardware/muc_ws_rpi/src/publish_imu', 'symlink_install': False, 'test_result_base': None}
[2.481s] INFO:colcon.colcon_core.executor:Executing jobs using 'parallel' executor
[2.484s] DEBUG:colcon.colcon_parallel_executor.executor.parallel:run_until_complete
[2.485s] INFO:colcon.colcon_ros.task.ament_python.build:Building ROS package in '/home/muc/MUC-Hardware/muc_ws_rpi/src/encoder_reader' with build type 'ament_python'
[2.486s] Level 1:colcon.colcon_core.shell:create_environment_hook('encoder_reader', 'ament_prefix_path')
[2.510s] INFO:colcon.colcon_core.plugin_system:Skipping extension 'colcon_core.shell.bat': Not used on non-Windows systems
[2.511s] INFO:colcon.colcon_core.shell:Creating environment hook '/home/muc/MUC-Hardware/muc_ws_rpi/install/encoder_reader/share/encoder_reader/hook/ament_prefix_path.ps1'
[2.517s] INFO:colcon.colcon_core.shell:Creating environment descriptor '/home/muc/MUC-Hardware/muc_ws_rpi/install/encoder_reader/share/encoder_reader/hook/ament_prefix_path.dsv'
[2.521s] INFO:colcon.colcon_core.shell:Creating environment hook '/home/muc/MUC-Hardware/muc_ws_rpi/install/encoder_reader/share/encoder_reader/hook/ament_prefix_path.sh'
[2.527s] INFO:colcon.colcon_core.shell:Skip shell extension 'powershell' for command environment: Not usable outside of PowerShell
[2.527s] DEBUG:colcon.colcon_core.shell:Skip shell extension 'dsv' for command environment
[2.551s] INFO:colcon.colcon_ros.task.ament_python.build:Building ROS package in '/home/muc/MUC-Hardware/muc_ws_rpi/src/motor_control' with build type 'ament_python'
[2.551s] Level 1:colcon.colcon_core.shell:create_environment_hook('motor_control', 'ament_prefix_path')
[2.552s] INFO:colcon.colcon_core.shell:Creating environment hook '/home/muc/MUC-Hardware/muc_ws_rpi/install/motor_control/share/motor_control/hook/ament_prefix_path.ps1'
[2.555s] INFO:colcon.colcon_core.shell:Creating environment descriptor '/home/muc/MUC-Hardware/muc_ws_rpi/install/motor_control/share/motor_control/hook/ament_prefix_path.dsv'
[2.558s] INFO:colcon.colcon_core.shell:Creating environment hook '/home/muc/MUC-Hardware/muc_ws_rpi/install/motor_control/share/motor_control/hook/ament_prefix_path.sh'
[2.562s] INFO:colcon.colcon_core.shell:Skip shell extension 'powershell' for command environment: Not usable outside of PowerShell
[2.562s] DEBUG:colcon.colcon_core.shell:Skip shell extension 'dsv' for command environment
[2.582s] INFO:colcon.colcon_ros.task.ament_python.build:Building ROS package in '/home/muc/MUC-Hardware/muc_ws_rpi/src/publish_imu' with build type 'ament_python'
[2.583s] Level 1:colcon.colcon_core.shell:create_environment_hook('publish_imu', 'ament_prefix_path')
[2.584s] INFO:colcon.colcon_core.shell:Creating environment hook '/home/muc/MUC-Hardware/muc_ws_rpi/install/publish_imu/share/publish_imu/hook/ament_prefix_path.ps1'
[2.587s] INFO:colcon.colcon_core.shell:Creating environment descriptor '/home/muc/MUC-Hardware/muc_ws_rpi/install/publish_imu/share/publish_imu/hook/ament_prefix_path.dsv'
[2.589s] INFO:colcon.colcon_core.shell:Creating environment hook '/home/muc/MUC-Hardware/muc_ws_rpi/install/publish_imu/share/publish_imu/hook/ament_prefix_path.sh'
[2.593s] INFO:colcon.colcon_core.shell:Skip shell extension 'powershell' for command environment: Not usable outside of PowerShell
[2.593s] DEBUG:colcon.colcon_core.shell:Skip shell extension 'dsv' for command environment
[3.752s] INFO:colcon.colcon_core.task.python.build:Building Python package in '/home/muc/MUC-Hardware/muc_ws_rpi/src/encoder_reader'
[3.753s] INFO:colcon.colcon_core.shell:Skip shell extension 'powershell' for command environment: Not usable outside of PowerShell
[3.753s] DEBUG:colcon.colcon_core.shell:Skip shell extension 'dsv' for command environment
[4.897s] INFO:colcon.colcon_core.task.python.build:Building Python package in '/home/muc/MUC-Hardware/muc_ws_rpi/src/motor_control'
[4.898s] INFO:colcon.colcon_core.shell:Skip shell extension 'powershell' for command environment: Not usable outside of PowerShell
[4.898s] DEBUG:colcon.colcon_core.shell:Skip shell extension 'dsv' for command environment
[6.035s] INFO:colcon.colcon_core.task.python.build:Building Python package in '/home/muc/MUC-Hardware/muc_ws_rpi/src/publish_imu'
[6.036s] INFO:colcon.colcon_core.shell:Skip shell extension 'powershell' for command environment: Not usable outside of PowerShell
[6.036s] DEBUG:colcon.colcon_core.shell:Skip shell extension 'dsv' for command environment
[8.214s] DEBUG:colcon.colcon_core.event_handler.log_command:Invoking command in '/home/muc/MUC-Hardware/muc_ws_rpi/src/encoder_reader': PYTHONPATH=/home/muc/MUC-Hardware/muc_ws_rpi/build/encoder_reader/prefix_override:/usr/lib/python3/dist-packages/colcon_core/task/python/colcon_distutils_commands:/home/muc/MUC-Hardware/muc_ws_rpi/install/encoder_reader/lib/python3.10/site-packages:${PYTHONPATH} /usr/bin/python3 -W ignore:setup.py install is deprecated setup.py egg_info --egg-base ../../build/encoder_reader build --build-base /home/muc/MUC-Hardware/muc_ws_rpi/build/encoder_reader/build install --record /home/muc/MUC-Hardware/muc_ws_rpi/build/encoder_reader/install.log --single-version-externally-managed install_data
[8.247s] DEBUG:colcon.colcon_core.event_handler.log_command:Invoking command in '/home/muc/MUC-Hardware/muc_ws_rpi/src/publish_imu': PYTHONPATH=/home/muc/MUC-Hardware/muc_ws_rpi/build/publish_imu/prefix_override:/usr/lib/python3/dist-packages/colcon_core/task/python/colcon_distutils_commands:/home/muc/MUC-Hardware/muc_ws_rpi/install/publish_imu/lib/python3.10/site-packages:${PYTHONPATH} /usr/bin/python3 -W ignore:setup.py install is deprecated setup.py egg_info --egg-base ../../build/publish_imu build --build-base /home/muc/MUC-Hardware/muc_ws_rpi/build/publish_imu/build install --record /home/muc/MUC-Hardware/muc_ws_rpi/build/publish_imu/install.log --single-version-externally-managed install_data
[8.250s] DEBUG:colcon.colcon_core.event_handler.log_command:Invoking command in '/home/muc/MUC-Hardware/muc_ws_rpi/src/motor_control': PYTHONPATH=/home/muc/MUC-Hardware/muc_ws_rpi/build/motor_control/prefix_override:/usr/lib/python3/dist-packages/colcon_core/task/python/colcon_distutils_commands:/home/muc/MUC-Hardware/muc_ws_rpi/install/motor_control/lib/python3.10/site-packages:${PYTHONPATH} /usr/bin/python3 -W ignore:setup.py install is deprecated setup.py egg_info --egg-base ../../build/motor_control build --build-base /home/muc/MUC-Hardware/muc_ws_rpi/build/motor_control/build install --record /home/muc/MUC-Hardware/muc_ws_rpi/build/motor_control/install.log --single-version-externally-managed install_data
[9.978s] DEBUG:colcon.colcon_core.event_handler.log_command:Invoked command in '/home/muc/MUC-Hardware/muc_ws_rpi/src/encoder_reader' returned '0': PYTHONPATH=/home/muc/MUC-Hardware/muc_ws_rpi/build/encoder_reader/prefix_override:/usr/lib/python3/dist-packages/colcon_core/task/python/colcon_distutils_commands:/home/muc/MUC-Hardware/muc_ws_rpi/install/encoder_reader/lib/python3.10/site-packages:${PYTHONPATH} /usr/bin/python3 -W ignore:setup.py install is deprecated setup.py egg_info --egg-base ../../build/encoder_reader build --build-base /home/muc/MUC-Hardware/muc_ws_rpi/build/encoder_reader/build install --record /home/muc/MUC-Hardware/muc_ws_rpi/build/encoder_reader/install.log --single-version-externally-managed install_data
[10.019s] Level 1:colcon.colcon_core.environment:checking '/home/muc/MUC-Hardware/muc_ws_rpi/install/encoder_reader' for CMake module files
[10.022s] Level 1:colcon.colcon_core.environment:checking '/home/muc/MUC-Hardware/muc_ws_rpi/install/encoder_reader' for CMake config files
[10.026s] Level 1:colcon.colcon_core.environment:checking '/home/muc/MUC-Hardware/muc_ws_rpi/install/encoder_reader/lib'
[10.026s] Level 1:colcon.colcon_core.environment:checking '/home/muc/MUC-Hardware/muc_ws_rpi/install/encoder_reader/bin'
[10.027s] Level 1:colcon.colcon_core.environment:checking '/home/muc/MUC-Hardware/muc_ws_rpi/install/encoder_reader/lib/pkgconfig/encoder_reader.pc'
[10.028s] Level 1:colcon.colcon_core.environment:checking '/home/muc/MUC-Hardware/muc_ws_rpi/install/encoder_reader/lib/python3.10/site-packages'
[10.028s] Level 1:colcon.colcon_core.shell:create_environment_hook('encoder_reader', 'pythonpath')
[10.029s] INFO:colcon.colcon_core.shell:Creating environment hook '/home/muc/MUC-Hardware/muc_ws_rpi/install/encoder_reader/share/encoder_reader/hook/pythonpath.ps1'
[10.033s] INFO:colcon.colcon_core.shell:Creating environment descriptor '/home/muc/MUC-Hardware/muc_ws_rpi/install/encoder_reader/share/encoder_reader/hook/pythonpath.dsv'
[10.035s] INFO:colcon.colcon_core.shell:Creating environment hook '/home/muc/MUC-Hardware/muc_ws_rpi/install/encoder_reader/share/encoder_reader/hook/pythonpath.sh'
[10.038s] Level 1:colcon.colcon_core.environment:checking '/home/muc/MUC-Hardware/muc_ws_rpi/install/encoder_reader/bin'
[10.038s] Level 1:colcon.colcon_core.environment:create_environment_scripts_only(encoder_reader)
[10.039s] INFO:colcon.colcon_core.shell:Creating package script '/home/muc/MUC-Hardware/muc_ws_rpi/install/encoder_reader/share/encoder_reader/package.ps1'
[10.044s] INFO:colcon.colcon_core.shell:Creating package descriptor '/home/muc/MUC-Hardware/muc_ws_rpi/install/encoder_reader/share/encoder_reader/package.dsv'
[10.047s] INFO:colcon.colcon_core.shell:Creating package script '/home/muc/MUC-Hardware/muc_ws_rpi/install/encoder_reader/share/encoder_reader/package.sh'
[10.051s] INFO:colcon.colcon_core.shell:Creating package script '/home/muc/MUC-Hardware/muc_ws_rpi/install/encoder_reader/share/encoder_reader/package.bash'
[10.056s] INFO:colcon.colcon_core.shell:Creating package script '/home/muc/MUC-Hardware/muc_ws_rpi/install/encoder_reader/share/encoder_reader/package.zsh'
[10.060s] Level 1:colcon.colcon_core.environment:create_file_with_runtime_dependencies(/home/muc/MUC-Hardware/muc_ws_rpi/install/encoder_reader/share/colcon-core/packages/encoder_reader)
[10.066s] Level 1:colcon.colcon_core.environment:checking '/home/muc/MUC-Hardware/muc_ws_rpi/install/publish_imu' for CMake module files
[10.069s] DEBUG:colcon.colcon_core.event_handler.log_command:Invoked command in '/home/muc/MUC-Hardware/muc_ws_rpi/src/publish_imu' returned '0': PYTHONPATH=/home/muc/MUC-Hardware/muc_ws_rpi/build/publish_imu/prefix_override:/usr/lib/python3/dist-packages/colcon_core/task/python/colcon_distutils_commands:/home/muc/MUC-Hardware/muc_ws_rpi/install/publish_imu/lib/python3.10/site-packages:${PYTHONPATH} /usr/bin/python3 -W ignore:setup.py install is deprecated setup.py egg_info --egg-base ../../build/publish_imu build --build-base /home/muc/MUC-Hardware/muc_ws_rpi/build/publish_imu/build install --record /home/muc/MUC-Hardware/muc_ws_rpi/build/publish_imu/install.log --single-version-externally-managed install_data
[10.071s] Level 1:colcon.colcon_core.environment:checking '/home/muc/MUC-Hardware/muc_ws_rpi/install/publish_imu' for CMake config files
[10.077s] Level 1:colcon.colcon_core.environment:checking '/home/muc/MUC-Hardware/muc_ws_rpi/install/publish_imu/lib'
[10.078s] Level 1:colcon.colcon_core.environment:checking '/home/muc/MUC-Hardware/muc_ws_rpi/install/publish_imu/bin'
[10.078s] Level 1:colcon.colcon_core.environment:checking '/home/muc/MUC-Hardware/muc_ws_rpi/install/publish_imu/lib/pkgconfig/publish_imu.pc'
[10.079s] Level 1:colcon.colcon_core.environment:checking '/home/muc/MUC-Hardware/muc_ws_rpi/install/publish_imu/lib/python3.10/site-packages'
[10.080s] Level 1:colcon.colcon_core.shell:create_environment_hook('publish_imu', 'pythonpath')
[10.081s] INFO:colcon.colcon_core.shell:Creating environment hook '/home/muc/MUC-Hardware/muc_ws_rpi/install/publish_imu/share/publish_imu/hook/pythonpath.ps1'
[10.083s] INFO:colcon.colcon_core.shell:Creating environment descriptor '/home/muc/MUC-Hardware/muc_ws_rpi/install/publish_imu/share/publish_imu/hook/pythonpath.dsv'
[10.085s] INFO:colcon.colcon_core.shell:Creating environment hook '/home/muc/MUC-Hardware/muc_ws_rpi/install/publish_imu/share/publish_imu/hook/pythonpath.sh'
[10.089s] Level 1:colcon.colcon_core.environment:checking '/home/muc/MUC-Hardware/muc_ws_rpi/install/publish_imu/bin'
[10.089s] Level 1:colcon.colcon_core.environment:create_environment_scripts_only(publish_imu)
[10.091s] INFO:colcon.colcon_core.shell:Creating package script '/home/muc/MUC-Hardware/muc_ws_rpi/install/publish_imu/share/publish_imu/package.ps1'
[10.094s] INFO:colcon.colcon_core.shell:Creating package descriptor '/home/muc/MUC-Hardware/muc_ws_rpi/install/publish_imu/share/publish_imu/package.dsv'
[10.096s] INFO:colcon.colcon_core.shell:Creating package script '/home/muc/MUC-Hardware/muc_ws_rpi/install/publish_imu/share/publish_imu/package.sh'
[10.099s] INFO:colcon.colcon_core.shell:Creating package script '/home/muc/MUC-Hardware/muc_ws_rpi/install/publish_imu/share/publish_imu/package.bash'
[10.101s] INFO:colcon.colcon_core.shell:Creating package script '/home/muc/MUC-Hardware/muc_ws_rpi/install/publish_imu/share/publish_imu/package.zsh'
[10.103s] Level 1:colcon.colcon_core.environment:create_file_with_runtime_dependencies(/home/muc/MUC-Hardware/muc_ws_rpi/install/publish_imu/share/colcon-core/packages/publish_imu)
[10.105s] Level 1:colcon.colcon_core.environment:checking '/home/muc/MUC-Hardware/muc_ws_rpi/install/motor_control' for CMake module files
[10.109s] DEBUG:colcon.colcon_core.event_handler.log_command:Invoked command in '/home/muc/MUC-Hardware/muc_ws_rpi/src/motor_control' returned '0': PYTHONPATH=/home/muc/MUC-Hardware/muc_ws_rpi/build/motor_control/prefix_override:/usr/lib/python3/dist-packages/colcon_core/task/python/colcon_distutils_commands:/home/muc/MUC-Hardware/muc_ws_rpi/install/motor_control/lib/python3.10/site-packages:${PYTHONPATH} /usr/bin/python3 -W ignore:setup.py install is deprecated setup.py egg_info --egg-base ../../build/motor_control build --build-base /home/muc/MUC-Hardware/muc_ws_rpi/build/motor_control/build install --record /home/muc/MUC-Hardware/muc_ws_rpi/build/motor_control/install.log --single-version-externally-managed install_data
[10.110s] Level 1:colcon.colcon_core.environment:checking '/home/muc/MUC-Hardware/muc_ws_rpi/install/motor_control' for CMake config files
[10.114s] Level 1:colcon.colcon_core.environment:checking '/home/muc/MUC-Hardware/muc_ws_rpi/install/motor_control/lib'
[10.114s] Level 1:colcon.colcon_core.environment:checking '/home/muc/MUC-Hardware/muc_ws_rpi/install/motor_control/bin'
[10.114s] Level 1:colcon.colcon_core.environment:checking '/home/muc/MUC-Hardware/muc_ws_rpi/install/motor_control/lib/pkgconfig/motor_control.pc'
[10.115s] Level 1:colcon.colcon_core.environment:checking '/home/muc/MUC-Hardware/muc_ws_rpi/install/motor_control/lib/python3.10/site-packages'
[10.115s] Level 1:colcon.colcon_core.shell:create_environment_hook('motor_control', 'pythonpath')
[10.116s] INFO:colcon.colcon_core.shell:Creating environment hook '/home/muc/MUC-Hardware/muc_ws_rpi/install/motor_control/share/motor_control/hook/pythonpath.ps1'
[10.118s] INFO:colcon.colcon_core.shell:Creating environment descriptor '/home/muc/MUC-Hardware/muc_ws_rpi/install/motor_control/share/motor_control/hook/pythonpath.dsv'
[10.120s] INFO:colcon.colcon_core.shell:Creating environment hook '/home/muc/MUC-Hardware/muc_ws_rpi/install/motor_control/share/motor_control/hook/pythonpath.sh'
[10.123s] Level 1:colcon.colcon_core.environment:checking '/home/muc/MUC-Hardware/muc_ws_rpi/install/motor_control/bin'
[10.123s] Level 1:colcon.colcon_core.environment:create_environment_scripts_only(motor_control)
[10.125s] INFO:colcon.colcon_core.shell:Creating package script '/home/muc/MUC-Hardware/muc_ws_rpi/install/motor_control/share/motor_control/package.ps1'
[10.127s] INFO:colcon.colcon_core.shell:Creating package descriptor '/home/muc/MUC-Hardware/muc_ws_rpi/install/motor_control/share/motor_control/package.dsv'
[10.129s] INFO:colcon.colcon_core.shell:Creating package script '/home/muc/MUC-Hardware/muc_ws_rpi/install/motor_control/share/motor_control/package.sh'
[10.132s] INFO:colcon.colcon_core.shell:Creating package script '/home/muc/MUC-Hardware/muc_ws_rpi/install/motor_control/share/motor_control/package.bash'
[10.133s] INFO:colcon.colcon_core.shell:Creating package script '/home/muc/MUC-Hardware/muc_ws_rpi/install/motor_control/share/motor_control/package.zsh'
[10.135s] Level 1:colcon.colcon_core.environment:create_file_with_runtime_dependencies(/home/muc/MUC-Hardware/muc_ws_rpi/install/motor_control/share/colcon-core/packages/motor_control)
[10.136s] DEBUG:colcon.colcon_parallel_executor.executor.parallel:closing loop
[10.137s] DEBUG:colcon.colcon_parallel_executor.executor.parallel:loop closed
[10.138s] DEBUG:colcon.colcon_parallel_executor.executor.parallel:run_until_complete finished with '0'
[10.138s] DEBUG:colcon.colcon_core.event_reactor:joining thread
[10.167s] INFO:colcon.colcon_core.plugin_system:Skipping extension 'colcon_notification.desktop_notification.terminal_notifier': Not used on non-Darwin systems
[10.168s] INFO:colcon.colcon_core.plugin_system:Skipping extension 'colcon_notification.desktop_notification.win32': Not used on non-Windows systems
[10.168s] INFO:colcon.colcon_notification.desktop_notification:Sending desktop notification using 'notify2'
[10.168s] DEBUG:colcon.colcon_notification.desktop_notification.notify2:Failed to initialize notify2: org.freedesktop.DBus.Error.NotSupported: Unable to autolaunch a dbus-daemon without a $DISPLAY for X11
[10.168s] DEBUG:colcon.colcon_core.event_reactor:joined thread
[10.169s] INFO:colcon.colcon_core.shell:Creating prefix script '/home/muc/MUC-Hardware/muc_ws_rpi/install/local_setup.ps1'
[10.176s] INFO:colcon.colcon_core.shell:Creating prefix util module '/home/muc/MUC-Hardware/muc_ws_rpi/install/_local_setup_util_ps1.py'
[10.186s] INFO:colcon.colcon_core.shell:Creating prefix chain script '/home/muc/MUC-Hardware/muc_ws_rpi/install/setup.ps1'
[10.194s] INFO:colcon.colcon_core.shell:Creating prefix script '/home/muc/MUC-Hardware/muc_ws_rpi/install/local_setup.sh'
[10.200s] INFO:colcon.colcon_core.shell:Creating prefix util module '/home/muc/MUC-Hardware/muc_ws_rpi/install/_local_setup_util_sh.py'
[10.204s] INFO:colcon.colcon_core.shell:Creating prefix chain script '/home/muc/MUC-Hardware/muc_ws_rpi/install/setup.sh'
[10.210s] INFO:colcon.colcon_core.shell:Creating prefix script '/home/muc/MUC-Hardware/muc_ws_rpi/install/local_setup.bash'
[10.213s] INFO:colcon.colcon_core.shell:Creating prefix chain script '/home/muc/MUC-Hardware/muc_ws_rpi/install/setup.bash'
[10.219s] INFO:colcon.colcon_core.shell:Creating prefix script '/home/muc/MUC-Hardware/muc_ws_rpi/install/local_setup.zsh'
[10.228s] INFO:colcon.colcon_core.shell:Creating prefix chain script '/home/muc/MUC-Hardware/muc_ws_rpi/install/setup.zsh'
