[0.440s] DEBUG:colcon:Command line arguments: ['/usr/bin/colcon', 'build']
[0.440s] DEBUG:colcon:Parsed command line arguments: Namespace(log_base=None, log_level=None, verb_name='build', build_base='build', install_base='install', merge_install=False, symlink_install=False, test_result_base=None, continue_on_error=False, executor='parallel', parallel_workers=4, event_handlers=None, ignore_user_meta=False, metas=['./colcon.meta'], base_paths=['.'], packages_ignore=None, packages_ignore_regex=None, paths=None, packages_up_to=None, packages_up_to_regex=None, packages_above=None, packages_above_and_dependencies=None, packages_above_depth=None, packages_select_by_dep=None, packages_skip_by_dep=None, packages_skip_up_to=None, packages_select_build_failed=False, packages_skip_build_finished=False, packages_select_test_failures=False, packages_skip_test_passed=False, packages_select=None, packages_skip=None, packages_select_regex=None, packages_skip_regex=None, packages_start=None, packages_end=None, allow_overriding=[], cmake_args=None, cmake_target=None, cmake_target_skip_unavailable=False, cmake_clean_cache=False, cmake_clean_first=False, cmake_force_configure=False, ament_cmake_args=None, catkin_cmake_args=None, catkin_skip_building_tests=False, verb_parser=<colcon_defaults.argument_parser.defaults.DefaultArgumentsDecorator object at 0xffffae5a75b0>, verb_extension=<colcon_core.verb.build.BuildVerb object at 0xffffae710220>, main=<bound method BuildVerb.main of <colcon_core.verb.build.BuildVerb object at 0xffffae710220>>)
[1.208s] Level 1:colcon.colcon_core.package_discovery:discover_packages(colcon_meta) check parameters
[1.208s] Level 1:colcon.colcon_core.package_discovery:discover_packages(recursive) check parameters
[1.208s] Level 1:colcon.colcon_core.package_discovery:discover_packages(ignore) check parameters
[1.208s] Level 1:colcon.colcon_core.package_discovery:discover_packages(path) check parameters
[1.208s] Level 1:colcon.colcon_core.package_discovery:discover_packages(colcon_meta) discover
[1.209s] Level 1:colcon.colcon_core.package_discovery:discover_packages(recursive) discover
[1.209s] INFO:colcon.colcon_core.package_discovery:Crawling recursively for packages in '/home/muc/MUC-Hardware/muc_ws_rpi'
[1.209s] Level 1:colcon.colcon_core.package_identification:_identify(.) by extensions ['ignore', 'ignore_ament_install']
[1.210s] Level 1:colcon.colcon_core.package_identification:_identify(.) by extension 'ignore'
[1.210s] Level 1:colcon.colcon_core.package_identification:_identify(.) by extension 'ignore_ament_install'
[1.210s] Level 1:colcon.colcon_core.package_identification:_identify(.) by extensions ['colcon_pkg']
[1.210s] Level 1:colcon.colcon_core.package_identification:_identify(.) by extension 'colcon_pkg'
[1.210s] Level 1:colcon.colcon_core.package_identification:_identify(.) by extensions ['colcon_meta']
[1.210s] Level 1:colcon.colcon_core.package_identification:_identify(.) by extension 'colcon_meta'
[1.211s] Level 1:colcon.colcon_core.package_identification:_identify(.) by extensions ['ros']
[1.211s] Level 1:colcon.colcon_core.package_identification:_identify(.) by extension 'ros'
[1.258s] Level 1:colcon.colcon_core.package_identification:_identify(.) by extensions ['cmake', 'python']
[1.259s] Level 1:colcon.colcon_core.package_identification:_identify(.) by extension 'cmake'
[1.259s] Level 1:colcon.colcon_core.package_identification:_identify(.) by extension 'python'
[1.259s] Level 1:colcon.colcon_core.package_identification:_identify(.) by extensions ['python_setup_py']
[1.259s] Level 1:colcon.colcon_core.package_identification:_identify(.) by extension 'python_setup_py'
[1.260s] Level 1:colcon.colcon_core.package_identification:_identify(build) by extensions ['ignore', 'ignore_ament_install']
[1.260s] Level 1:colcon.colcon_core.package_identification:_identify(build) by extension 'ignore'
[1.260s] Level 1:colcon.colcon_core.package_identification:_identify(build) ignored
[1.261s] Level 1:colcon.colcon_core.package_identification:_identify(install) by extensions ['ignore', 'ignore_ament_install']
[1.261s] Level 1:colcon.colcon_core.package_identification:_identify(install) by extension 'ignore'
[1.261s] Level 1:colcon.colcon_core.package_identification:_identify(install) ignored
[1.262s] Level 1:colcon.colcon_core.package_identification:_identify(log) by extensions ['ignore', 'ignore_ament_install']
[1.262s] Level 1:colcon.colcon_core.package_identification:_identify(log) by extension 'ignore'
[1.262s] Level 1:colcon.colcon_core.package_identification:_identify(log) ignored
[1.263s] Level 1:colcon.colcon_core.package_identification:_identify(src) by extensions ['ignore', 'ignore_ament_install']
[1.263s] Level 1:colcon.colcon_core.package_identification:_identify(src) by extension 'ignore'
[1.263s] Level 1:colcon.colcon_core.package_identification:_identify(src) by extension 'ignore_ament_install'
[1.263s] Level 1:colcon.colcon_core.package_identification:_identify(src) by extensions ['colcon_pkg']
[1.264s] Level 1:colcon.colcon_core.package_identification:_identify(src) by extension 'colcon_pkg'
[1.264s] Level 1:colcon.colcon_core.package_identification:_identify(src) by extensions ['colcon_meta']
[1.264s] Level 1:colcon.colcon_core.package_identification:_identify(src) by extension 'colcon_meta'
[1.264s] Level 1:colcon.colcon_core.package_identification:_identify(src) by extensions ['ros']
[1.264s] Level 1:colcon.colcon_core.package_identification:_identify(src) by extension 'ros'
[1.264s] Level 1:colcon.colcon_core.package_identification:_identify(src) by extensions ['cmake', 'python']
[1.265s] Level 1:colcon.colcon_core.package_identification:_identify(src) by extension 'cmake'
[1.265s] Level 1:colcon.colcon_core.package_identification:_identify(src) by extension 'python'
[1.265s] Level 1:colcon.colcon_core.package_identification:_identify(src) by extensions ['python_setup_py']
[1.265s] Level 1:colcon.colcon_core.package_identification:_identify(src) by extension 'python_setup_py'
[1.265s] Level 1:colcon.colcon_core.package_identification:_identify(src/encoder_reader) by extensions ['ignore', 'ignore_ament_install']
[1.266s] Level 1:colcon.colcon_core.package_identification:_identify(src/encoder_reader) by extension 'ignore'
[1.266s] Level 1:colcon.colcon_core.package_identification:_identify(src/encoder_reader) by extension 'ignore_ament_install'
[1.266s] Level 1:colcon.colcon_core.package_identification:_identify(src/encoder_reader) by extensions ['colcon_pkg']
[1.266s] Level 1:colcon.colcon_core.package_identification:_identify(src/encoder_reader) by extension 'colcon_pkg'
[1.266s] Level 1:colcon.colcon_core.package_identification:_identify(src/encoder_reader) by extensions ['colcon_meta']
[1.267s] Level 1:colcon.colcon_core.package_identification:_identify(src/encoder_reader) by extension 'colcon_meta'
[1.267s] Level 1:colcon.colcon_core.package_identification:_identify(src/encoder_reader) by extensions ['ros']
[1.267s] Level 1:colcon.colcon_core.package_identification:_identify(src/encoder_reader) by extension 'ros'
[1.276s] DEBUG:colcon.colcon_core.package_identification:Package 'src/encoder_reader' with type 'ros.ament_python' and name 'encoder_reader'
[1.277s] Level 1:colcon.colcon_core.package_identification:_identify(src/motor_control) by extensions ['ignore', 'ignore_ament_install']
[1.277s] Level 1:colcon.colcon_core.package_identification:_identify(src/motor_control) by extension 'ignore'
[1.277s] Level 1:colcon.colcon_core.package_identification:_identify(src/motor_control) by extension 'ignore_ament_install'
[1.277s] Level 1:colcon.colcon_core.package_identification:_identify(src/motor_control) by extensions ['colcon_pkg']
[1.277s] Level 1:colcon.colcon_core.package_identification:_identify(src/motor_control) by extension 'colcon_pkg'
[1.278s] Level 1:colcon.colcon_core.package_identification:_identify(src/motor_control) by extensions ['colcon_meta']
[1.278s] Level 1:colcon.colcon_core.package_identification:_identify(src/motor_control) by extension 'colcon_meta'
[1.278s] Level 1:colcon.colcon_core.package_identification:_identify(src/motor_control) by extensions ['ros']
[1.278s] Level 1:colcon.colcon_core.package_identification:_identify(src/motor_control) by extension 'ros'
[1.281s] DEBUG:colcon.colcon_core.package_identification:Package 'src/motor_control' with type 'ros.ament_python' and name 'motor_control'
[1.281s] Level 1:colcon.colcon_core.package_identification:_identify(src/publish_imu) by extensions ['ignore', 'ignore_ament_install']
[1.282s] Level 1:colcon.colcon_core.package_identification:_identify(src/publish_imu) by extension 'ignore'
[1.282s] Level 1:colcon.colcon_core.package_identification:_identify(src/publish_imu) by extension 'ignore_ament_install'
[1.282s] Level 1:colcon.colcon_core.package_identification:_identify(src/publish_imu) by extensions ['colcon_pkg']
[1.282s] Level 1:colcon.colcon_core.package_identification:_identify(src/publish_imu) by extension 'colcon_pkg'
[1.283s] Level 1:colcon.colcon_core.package_identification:_identify(src/publish_imu) by extensions ['colcon_meta']
[1.283s] Level 1:colcon.colcon_core.package_identification:_identify(src/publish_imu) by extension 'colcon_meta'
[1.283s] Level 1:colcon.colcon_core.package_identification:_identify(src/publish_imu) by extensions ['ros']
[1.283s] Level 1:colcon.colcon_core.package_identification:_identify(src/publish_imu) by extension 'ros'
[1.286s] DEBUG:colcon.colcon_core.package_identification:Package 'src/publish_imu' with type 'ros.ament_python' and name 'publish_imu'
[1.286s] Level 1:colcon.colcon_core.package_discovery:discover_packages(recursive) using defaults
[1.286s] Level 1:colcon.colcon_core.package_discovery:discover_packages(ignore) discover
[1.286s] Level 1:colcon.colcon_core.package_discovery:discover_packages(ignore) using defaults
[1.286s] Level 1:colcon.colcon_core.package_discovery:discover_packages(path) discover
[1.286s] Level 1:colcon.colcon_core.package_discovery:discover_packages(path) using defaults
[1.365s] Level 1:colcon.colcon_core.package_discovery:discover_packages(prefix_path) check parameters
[1.365s] Level 1:colcon.colcon_core.package_discovery:discover_packages(prefix_path) discover
[1.373s] DEBUG:colcon.colcon_installed_package_information.package_discovery:Found 3 installed packages in /home/muc/MUC-Hardware/muc_ws_rpi/install
[1.382s] DEBUG:colcon.colcon_installed_package_information.package_discovery:Found 270 installed packages in /opt/ros/humble
[1.388s] Level 1:colcon.colcon_core.package_discovery:discover_packages(prefix_path) using defaults
[1.592s] Level 5:colcon.colcon_core.verb:set package 'encoder_reader' build argument 'cmake_args' from command line to 'None'
[1.593s] Level 5:colcon.colcon_core.verb:set package 'encoder_reader' build argument 'cmake_target' from command line to 'None'
[1.593s] Level 5:colcon.colcon_core.verb:set package 'encoder_reader' build argument 'cmake_target_skip_unavailable' from command line to 'False'
[1.593s] Level 5:colcon.colcon_core.verb:set package 'encoder_reader' build argument 'cmake_clean_cache' from command line to 'False'
[1.593s] Level 5:colcon.colcon_core.verb:set package 'encoder_reader' build argument 'cmake_clean_first' from command line to 'False'
[1.593s] Level 5:colcon.colcon_core.verb:set package 'encoder_reader' build argument 'cmake_force_configure' from command line to 'False'
[1.593s] Level 5:colcon.colcon_core.verb:set package 'encoder_reader' build argument 'ament_cmake_args' from command line to 'None'
[1.593s] Level 5:colcon.colcon_core.verb:set package 'encoder_reader' build argument 'catkin_cmake_args' from command line to 'None'
[1.593s] Level 5:colcon.colcon_core.verb:set package 'encoder_reader' build argument 'catkin_skip_building_tests' from command line to 'False'
[1.593s] DEBUG:colcon.colcon_core.verb:Building package 'encoder_reader' with the following arguments: {'ament_cmake_args': None, 'build_base': '/home/muc/MUC-Hardware/muc_ws_rpi/build/encoder_reader', 'catkin_cmake_args': None, 'catkin_skip_building_tests': False, 'cmake_args': None, 'cmake_clean_cache': False, 'cmake_clean_first': False, 'cmake_force_configure': False, 'cmake_target': None, 'cmake_target_skip_unavailable': False, 'install_base': '/home/muc/MUC-Hardware/muc_ws_rpi/install/encoder_reader', 'merge_install': False, 'path': '/home/muc/MUC-Hardware/muc_ws_rpi/src/encoder_reader', 'symlink_install': False, 'test_result_base': None}
[1.595s] Level 5:colcon.colcon_core.verb:set package 'motor_control' build argument 'cmake_args' from command line to 'None'
[1.595s] Level 5:colcon.colcon_core.verb:set package 'motor_control' build argument 'cmake_target' from command line to 'None'
[1.595s] Level 5:colcon.colcon_core.verb:set package 'motor_control' build argument 'cmake_target_skip_unavailable' from command line to 'False'
[1.595s] Level 5:colcon.colcon_core.verb:set package 'motor_control' build argument 'cmake_clean_cache' from command line to 'False'
[1.595s] Level 5:colcon.colcon_core.verb:set package 'motor_control' build argument 'cmake_clean_first' from command line to 'False'
[1.596s] Level 5:colcon.colcon_core.verb:set package 'motor_control' build argument 'cmake_force_configure' from command line to 'False'
[1.596s] Level 5:colcon.colcon_core.verb:set package 'motor_control' build argument 'ament_cmake_args' from command line to 'None'
[1.596s] Level 5:colcon.colcon_core.verb:set package 'motor_control' build argument 'catkin_cmake_args' from command line to 'None'
[1.596s] Level 5:colcon.colcon_core.verb:set package 'motor_control' build argument 'catkin_skip_building_tests' from command line to 'False'
[1.596s] DEBUG:colcon.colcon_core.verb:Building package 'motor_control' with the following arguments: {'ament_cmake_args': None, 'build_base': '/home/muc/MUC-Hardware/muc_ws_rpi/build/motor_control', 'catkin_cmake_args': None, 'catkin_skip_building_tests': False, 'cmake_args': None, 'cmake_clean_cache': False, 'cmake_clean_first': False, 'cmake_force_configure': False, 'cmake_target': None, 'cmake_target_skip_unavailable': False, 'install_base': '/home/muc/MUC-Hardware/muc_ws_rpi/install/motor_control', 'merge_install': False, 'path': '/home/muc/MUC-Hardware/muc_ws_rpi/src/motor_control', 'symlink_install': False, 'test_result_base': None}
[1.597s] Level 5:colcon.colcon_core.verb:set package 'publish_imu' build argument 'cmake_args' from command line to 'None'
[1.597s] Level 5:colcon.colcon_core.verb:set package 'publish_imu' build argument 'cmake_target' from command line to 'None'
[1.598s] Level 5:colcon.colcon_core.verb:set package 'publish_imu' build argument 'cmake_target_skip_unavailable' from command line to 'False'
[1.598s] Level 5:colcon.colcon_core.verb:set package 'publish_imu' build argument 'cmake_clean_cache' from command line to 'False'
[1.598s] Level 5:colcon.colcon_core.verb:set package 'publish_imu' build argument 'cmake_clean_first' from command line to 'False'
[1.598s] Level 5:colcon.colcon_core.verb:set package 'publish_imu' build argument 'cmake_force_configure' from command line to 'False'
[1.598s] Level 5:colcon.colcon_core.verb:set package 'publish_imu' build argument 'ament_cmake_args' from command line to 'None'
[1.598s] Level 5:colcon.colcon_core.verb:set package 'publish_imu' build argument 'catkin_cmake_args' from command line to 'None'
[1.598s] Level 5:colcon.colcon_core.verb:set package 'publish_imu' build argument 'catkin_skip_building_tests' from command line to 'False'
[1.598s] DEBUG:colcon.colcon_core.verb:Building package 'publish_imu' with the following arguments: {'ament_cmake_args': None, 'build_base': '/home/muc/MUC-Hardware/muc_ws_rpi/build/publish_imu', 'catkin_cmake_args': None, 'catkin_skip_building_tests': False, 'cmake_args': None, 'cmake_clean_cache': False, 'cmake_clean_first': False, 'cmake_force_configure': False, 'cmake_target': None, 'cmake_target_skip_unavailable': False, 'install_base': '/home/muc/MUC-Hardware/muc_ws_rpi/install/publish_imu', 'merge_install': False, 'path': '/home/muc/MUC-Hardware/muc_ws_rpi/src/publish_imu', 'symlink_install': False, 'test_result_base': None}
[1.599s] INFO:colcon.colcon_core.executor:Executing jobs using 'parallel' executor
[1.602s] DEBUG:colcon.colcon_parallel_executor.executor.parallel:run_until_complete
[1.603s] INFO:colcon.colcon_ros.task.ament_python.build:Building ROS package in '/home/muc/MUC-Hardware/muc_ws_rpi/src/encoder_reader' with build type 'ament_python'
[1.603s] Level 1:colcon.colcon_core.shell:create_environment_hook('encoder_reader', 'ament_prefix_path')
[1.612s] INFO:colcon.colcon_core.plugin_system:Skipping extension 'colcon_core.shell.bat': Not used on non-Windows systems
[1.613s] INFO:colcon.colcon_core.shell:Creating environment hook '/home/muc/MUC-Hardware/muc_ws_rpi/install/encoder_reader/share/encoder_reader/hook/ament_prefix_path.ps1'
[1.616s] INFO:colcon.colcon_core.shell:Creating environment descriptor '/home/muc/MUC-Hardware/muc_ws_rpi/install/encoder_reader/share/encoder_reader/hook/ament_prefix_path.dsv'
[1.618s] INFO:colcon.colcon_core.shell:Creating environment hook '/home/muc/MUC-Hardware/muc_ws_rpi/install/encoder_reader/share/encoder_reader/hook/ament_prefix_path.sh'
[1.622s] INFO:colcon.colcon_core.shell:Skip shell extension 'powershell' for command environment: Not usable outside of PowerShell
[1.622s] DEBUG:colcon.colcon_core.shell:Skip shell extension 'dsv' for command environment
[1.640s] INFO:colcon.colcon_ros.task.ament_python.build:Building ROS package in '/home/muc/MUC-Hardware/muc_ws_rpi/src/motor_control' with build type 'ament_python'
[1.641s] Level 1:colcon.colcon_core.shell:create_environment_hook('motor_control', 'ament_prefix_path')
[1.642s] INFO:colcon.colcon_core.shell:Creating environment hook '/home/muc/MUC-Hardware/muc_ws_rpi/install/motor_control/share/motor_control/hook/ament_prefix_path.ps1'
[1.644s] INFO:colcon.colcon_core.shell:Creating environment descriptor '/home/muc/MUC-Hardware/muc_ws_rpi/install/motor_control/share/motor_control/hook/ament_prefix_path.dsv'
[1.646s] INFO:colcon.colcon_core.shell:Creating environment hook '/home/muc/MUC-Hardware/muc_ws_rpi/install/motor_control/share/motor_control/hook/ament_prefix_path.sh'
[1.649s] INFO:colcon.colcon_core.shell:Skip shell extension 'powershell' for command environment: Not usable outside of PowerShell
[1.649s] DEBUG:colcon.colcon_core.shell:Skip shell extension 'dsv' for command environment
[1.667s] INFO:colcon.colcon_ros.task.ament_python.build:Building ROS package in '/home/muc/MUC-Hardware/muc_ws_rpi/src/publish_imu' with build type 'ament_python'
[1.668s] Level 1:colcon.colcon_core.shell:create_environment_hook('publish_imu', 'ament_prefix_path')
[1.669s] INFO:colcon.colcon_core.shell:Creating environment hook '/home/muc/MUC-Hardware/muc_ws_rpi/install/publish_imu/share/publish_imu/hook/ament_prefix_path.ps1'
[1.672s] INFO:colcon.colcon_core.shell:Creating environment descriptor '/home/muc/MUC-Hardware/muc_ws_rpi/install/publish_imu/share/publish_imu/hook/ament_prefix_path.dsv'
[1.674s] INFO:colcon.colcon_core.shell:Creating environment hook '/home/muc/MUC-Hardware/muc_ws_rpi/install/publish_imu/share/publish_imu/hook/ament_prefix_path.sh'
[1.677s] INFO:colcon.colcon_core.shell:Skip shell extension 'powershell' for command environment: Not usable outside of PowerShell
[1.678s] DEBUG:colcon.colcon_core.shell:Skip shell extension 'dsv' for command environment
[2.808s] INFO:colcon.colcon_core.task.python.build:Building Python package in '/home/muc/MUC-Hardware/muc_ws_rpi/src/encoder_reader'
[2.809s] INFO:colcon.colcon_core.shell:Skip shell extension 'powershell' for command environment: Not usable outside of PowerShell
[2.810s] DEBUG:colcon.colcon_core.shell:Skip shell extension 'dsv' for command environment
[3.940s] INFO:colcon.colcon_core.task.python.build:Building Python package in '/home/muc/MUC-Hardware/muc_ws_rpi/src/motor_control'
[3.941s] INFO:colcon.colcon_core.shell:Skip shell extension 'powershell' for command environment: Not usable outside of PowerShell
[3.941s] DEBUG:colcon.colcon_core.shell:Skip shell extension 'dsv' for command environment
[5.079s] INFO:colcon.colcon_core.task.python.build:Building Python package in '/home/muc/MUC-Hardware/muc_ws_rpi/src/publish_imu'
[5.080s] INFO:colcon.colcon_core.shell:Skip shell extension 'powershell' for command environment: Not usable outside of PowerShell
[5.081s] DEBUG:colcon.colcon_core.shell:Skip shell extension 'dsv' for command environment
[7.062s] DEBUG:colcon.colcon_core.event_handler.log_command:Invoking command in '/home/muc/MUC-Hardware/muc_ws_rpi/src/encoder_reader': PYTHONPATH=/home/muc/MUC-Hardware/muc_ws_rpi/build/encoder_reader/prefix_override:/usr/lib/python3/dist-packages/colcon_core/task/python/colcon_distutils_commands:/home/muc/MUC-Hardware/muc_ws_rpi/install/encoder_reader/lib/python3.10/site-packages:${PYTHONPATH} /usr/bin/python3 -W ignore:setup.py install is deprecated setup.py egg_info --egg-base ../../build/encoder_reader build --build-base /home/muc/MUC-Hardware/muc_ws_rpi/build/encoder_reader/build install --record /home/muc/MUC-Hardware/muc_ws_rpi/build/encoder_reader/install.log --single-version-externally-managed install_data
[7.086s] DEBUG:colcon.colcon_core.event_handler.log_command:Invoking command in '/home/muc/MUC-Hardware/muc_ws_rpi/src/motor_control': PYTHONPATH=/home/muc/MUC-Hardware/muc_ws_rpi/build/motor_control/prefix_override:/usr/lib/python3/dist-packages/colcon_core/task/python/colcon_distutils_commands:/home/muc/MUC-Hardware/muc_ws_rpi/install/motor_control/lib/python3.10/site-packages:${PYTHONPATH} /usr/bin/python3 -W ignore:setup.py install is deprecated setup.py egg_info --egg-base ../../build/motor_control build --build-base /home/muc/MUC-Hardware/muc_ws_rpi/build/motor_control/build install --record /home/muc/MUC-Hardware/muc_ws_rpi/build/motor_control/install.log --single-version-externally-managed install_data
[7.104s] DEBUG:colcon.colcon_core.event_handler.log_command:Invoking command in '/home/muc/MUC-Hardware/muc_ws_rpi/src/publish_imu': PYTHONPATH=/home/muc/MUC-Hardware/muc_ws_rpi/build/publish_imu/prefix_override:/usr/lib/python3/dist-packages/colcon_core/task/python/colcon_distutils_commands:/home/muc/MUC-Hardware/muc_ws_rpi/install/publish_imu/lib/python3.10/site-packages:${PYTHONPATH} /usr/bin/python3 -W ignore:setup.py install is deprecated setup.py egg_info --egg-base ../../build/publish_imu build --build-base /home/muc/MUC-Hardware/muc_ws_rpi/build/publish_imu/build install --record /home/muc/MUC-Hardware/muc_ws_rpi/build/publish_imu/install.log --single-version-externally-managed install_data
[8.830s] DEBUG:colcon.colcon_core.event_handler.log_command:Invoked command in '/home/muc/MUC-Hardware/muc_ws_rpi/src/motor_control' returned '0': PYTHONPATH=/home/muc/MUC-Hardware/muc_ws_rpi/build/motor_control/prefix_override:/usr/lib/python3/dist-packages/colcon_core/task/python/colcon_distutils_commands:/home/muc/MUC-Hardware/muc_ws_rpi/install/motor_control/lib/python3.10/site-packages:${PYTHONPATH} /usr/bin/python3 -W ignore:setup.py install is deprecated setup.py egg_info --egg-base ../../build/motor_control build --build-base /home/muc/MUC-Hardware/muc_ws_rpi/build/motor_control/build install --record /home/muc/MUC-Hardware/muc_ws_rpi/build/motor_control/install.log --single-version-externally-managed install_data
[8.848s] Level 1:colcon.colcon_core.environment:checking '/home/muc/MUC-Hardware/muc_ws_rpi/install/motor_control' for CMake module files
[8.852s] Level 1:colcon.colcon_core.environment:checking '/home/muc/MUC-Hardware/muc_ws_rpi/install/motor_control' for CMake config files
[8.858s] Level 1:colcon.colcon_core.environment:checking '/home/muc/MUC-Hardware/muc_ws_rpi/install/motor_control/lib'
[8.860s] Level 1:colcon.colcon_core.environment:checking '/home/muc/MUC-Hardware/muc_ws_rpi/install/motor_control/bin'
[8.861s] Level 1:colcon.colcon_core.environment:checking '/home/muc/MUC-Hardware/muc_ws_rpi/install/motor_control/lib/pkgconfig/motor_control.pc'
[8.862s] Level 1:colcon.colcon_core.environment:checking '/home/muc/MUC-Hardware/muc_ws_rpi/install/motor_control/lib/python3.10/site-packages'
[8.862s] Level 1:colcon.colcon_core.shell:create_environment_hook('motor_control', 'pythonpath')
[8.863s] INFO:colcon.colcon_core.shell:Creating environment hook '/home/muc/MUC-Hardware/muc_ws_rpi/install/motor_control/share/motor_control/hook/pythonpath.ps1'
[8.866s] INFO:colcon.colcon_core.shell:Creating environment descriptor '/home/muc/MUC-Hardware/muc_ws_rpi/install/motor_control/share/motor_control/hook/pythonpath.dsv'
[8.868s] INFO:colcon.colcon_core.shell:Creating environment hook '/home/muc/MUC-Hardware/muc_ws_rpi/install/motor_control/share/motor_control/hook/pythonpath.sh'
[8.871s] Level 1:colcon.colcon_core.environment:checking '/home/muc/MUC-Hardware/muc_ws_rpi/install/motor_control/bin'
[8.872s] Level 1:colcon.colcon_core.environment:create_environment_scripts_only(motor_control)
[8.873s] INFO:colcon.colcon_core.shell:Creating package script '/home/muc/MUC-Hardware/muc_ws_rpi/install/motor_control/share/motor_control/package.ps1'
[8.877s] INFO:colcon.colcon_core.shell:Creating package descriptor '/home/muc/MUC-Hardware/muc_ws_rpi/install/motor_control/share/motor_control/package.dsv'
[8.880s] INFO:colcon.colcon_core.shell:Creating package script '/home/muc/MUC-Hardware/muc_ws_rpi/install/motor_control/share/motor_control/package.sh'
[8.883s] INFO:colcon.colcon_core.shell:Creating package script '/home/muc/MUC-Hardware/muc_ws_rpi/install/motor_control/share/motor_control/package.bash'
[8.886s] INFO:colcon.colcon_core.shell:Creating package script '/home/muc/MUC-Hardware/muc_ws_rpi/install/motor_control/share/motor_control/package.zsh'
[8.890s] Level 1:colcon.colcon_core.environment:create_file_with_runtime_dependencies(/home/muc/MUC-Hardware/muc_ws_rpi/install/motor_control/share/colcon-core/packages/motor_control)
[8.895s] Level 1:colcon.colcon_core.environment:checking '/home/muc/MUC-Hardware/muc_ws_rpi/install/encoder_reader' for CMake module files
[8.897s] DEBUG:colcon.colcon_core.event_handler.log_command:Invoked command in '/home/muc/MUC-Hardware/muc_ws_rpi/src/encoder_reader' returned '0': PYTHONPATH=/home/muc/MUC-Hardware/muc_ws_rpi/build/encoder_reader/prefix_override:/usr/lib/python3/dist-packages/colcon_core/task/python/colcon_distutils_commands:/home/muc/MUC-Hardware/muc_ws_rpi/install/encoder_reader/lib/python3.10/site-packages:${PYTHONPATH} /usr/bin/python3 -W ignore:setup.py install is deprecated setup.py egg_info --egg-base ../../build/encoder_reader build --build-base /home/muc/MUC-Hardware/muc_ws_rpi/build/encoder_reader/build install --record /home/muc/MUC-Hardware/muc_ws_rpi/build/encoder_reader/install.log --single-version-externally-managed install_data
[8.898s] Level 1:colcon.colcon_core.environment:checking '/home/muc/MUC-Hardware/muc_ws_rpi/install/encoder_reader' for CMake config files
[8.903s] Level 1:colcon.colcon_core.environment:checking '/home/muc/MUC-Hardware/muc_ws_rpi/install/encoder_reader/lib'
[8.903s] Level 1:colcon.colcon_core.environment:checking '/home/muc/MUC-Hardware/muc_ws_rpi/install/encoder_reader/bin'
[8.903s] Level 1:colcon.colcon_core.environment:checking '/home/muc/MUC-Hardware/muc_ws_rpi/install/encoder_reader/lib/pkgconfig/encoder_reader.pc'
[8.904s] Level 1:colcon.colcon_core.environment:checking '/home/muc/MUC-Hardware/muc_ws_rpi/install/encoder_reader/lib/python3.10/site-packages'
[8.905s] Level 1:colcon.colcon_core.shell:create_environment_hook('encoder_reader', 'pythonpath')
[8.906s] INFO:colcon.colcon_core.shell:Creating environment hook '/home/muc/MUC-Hardware/muc_ws_rpi/install/encoder_reader/share/encoder_reader/hook/pythonpath.ps1'
[8.908s] INFO:colcon.colcon_core.shell:Creating environment descriptor '/home/muc/MUC-Hardware/muc_ws_rpi/install/encoder_reader/share/encoder_reader/hook/pythonpath.dsv'
[8.910s] INFO:colcon.colcon_core.shell:Creating environment hook '/home/muc/MUC-Hardware/muc_ws_rpi/install/encoder_reader/share/encoder_reader/hook/pythonpath.sh'
[8.913s] Level 1:colcon.colcon_core.environment:checking '/home/muc/MUC-Hardware/muc_ws_rpi/install/encoder_reader/bin'
[8.913s] Level 1:colcon.colcon_core.environment:create_environment_scripts_only(encoder_reader)
[8.915s] INFO:colcon.colcon_core.shell:Creating package script '/home/muc/MUC-Hardware/muc_ws_rpi/install/encoder_reader/share/encoder_reader/package.ps1'
[8.917s] INFO:colcon.colcon_core.shell:Creating package descriptor '/home/muc/MUC-Hardware/muc_ws_rpi/install/encoder_reader/share/encoder_reader/package.dsv'
[8.919s] INFO:colcon.colcon_core.shell:Creating package script '/home/muc/MUC-Hardware/muc_ws_rpi/install/encoder_reader/share/encoder_reader/package.sh'
[8.922s] INFO:colcon.colcon_core.shell:Creating package script '/home/muc/MUC-Hardware/muc_ws_rpi/install/encoder_reader/share/encoder_reader/package.bash'
[8.923s] INFO:colcon.colcon_core.shell:Creating package script '/home/muc/MUC-Hardware/muc_ws_rpi/install/encoder_reader/share/encoder_reader/package.zsh'
[8.925s] Level 1:colcon.colcon_core.environment:create_file_with_runtime_dependencies(/home/muc/MUC-Hardware/muc_ws_rpi/install/encoder_reader/share/colcon-core/packages/encoder_reader)
[8.927s] Level 1:colcon.colcon_core.environment:checking '/home/muc/MUC-Hardware/muc_ws_rpi/install/publish_imu' for CMake module files
[8.931s] DEBUG:colcon.colcon_core.event_handler.log_command:Invoked command in '/home/muc/MUC-Hardware/muc_ws_rpi/src/publish_imu' returned '0': PYTHONPATH=/home/muc/MUC-Hardware/muc_ws_rpi/build/publish_imu/prefix_override:/usr/lib/python3/dist-packages/colcon_core/task/python/colcon_distutils_commands:/home/muc/MUC-Hardware/muc_ws_rpi/install/publish_imu/lib/python3.10/site-packages:${PYTHONPATH} /usr/bin/python3 -W ignore:setup.py install is deprecated setup.py egg_info --egg-base ../../build/publish_imu build --build-base /home/muc/MUC-Hardware/muc_ws_rpi/build/publish_imu/build install --record /home/muc/MUC-Hardware/muc_ws_rpi/build/publish_imu/install.log --single-version-externally-managed install_data
[8.932s] Level 1:colcon.colcon_core.environment:checking '/home/muc/MUC-Hardware/muc_ws_rpi/install/publish_imu' for CMake config files
[8.935s] Level 1:colcon.colcon_core.environment:checking '/home/muc/MUC-Hardware/muc_ws_rpi/install/publish_imu/lib'
[8.936s] Level 1:colcon.colcon_core.environment:checking '/home/muc/MUC-Hardware/muc_ws_rpi/install/publish_imu/bin'
[8.936s] Level 1:colcon.colcon_core.environment:checking '/home/muc/MUC-Hardware/muc_ws_rpi/install/publish_imu/lib/pkgconfig/publish_imu.pc'
[8.937s] Level 1:colcon.colcon_core.environment:checking '/home/muc/MUC-Hardware/muc_ws_rpi/install/publish_imu/lib/python3.10/site-packages'
[8.937s] Level 1:colcon.colcon_core.shell:create_environment_hook('publish_imu', 'pythonpath')
[8.939s] INFO:colcon.colcon_core.shell:Creating environment hook '/home/muc/MUC-Hardware/muc_ws_rpi/install/publish_imu/share/publish_imu/hook/pythonpath.ps1'
[8.941s] INFO:colcon.colcon_core.shell:Creating environment descriptor '/home/muc/MUC-Hardware/muc_ws_rpi/install/publish_imu/share/publish_imu/hook/pythonpath.dsv'
[8.943s] INFO:colcon.colcon_core.shell:Creating environment hook '/home/muc/MUC-Hardware/muc_ws_rpi/install/publish_imu/share/publish_imu/hook/pythonpath.sh'
[8.948s] Level 1:colcon.colcon_core.environment:checking '/home/muc/MUC-Hardware/muc_ws_rpi/install/publish_imu/bin'
[8.948s] Level 1:colcon.colcon_core.environment:create_environment_scripts_only(publish_imu)
[8.950s] INFO:colcon.colcon_core.shell:Creating package script '/home/muc/MUC-Hardware/muc_ws_rpi/install/publish_imu/share/publish_imu/package.ps1'
[8.952s] INFO:colcon.colcon_core.shell:Creating package descriptor '/home/muc/MUC-Hardware/muc_ws_rpi/install/publish_imu/share/publish_imu/package.dsv'
[8.954s] INFO:colcon.colcon_core.shell:Creating package script '/home/muc/MUC-Hardware/muc_ws_rpi/install/publish_imu/share/publish_imu/package.sh'
[8.956s] INFO:colcon.colcon_core.shell:Creating package script '/home/muc/MUC-Hardware/muc_ws_rpi/install/publish_imu/share/publish_imu/package.bash'
[8.958s] INFO:colcon.colcon_core.shell:Creating package script '/home/muc/MUC-Hardware/muc_ws_rpi/install/publish_imu/share/publish_imu/package.zsh'
[8.960s] Level 1:colcon.colcon_core.environment:create_file_with_runtime_dependencies(/home/muc/MUC-Hardware/muc_ws_rpi/install/publish_imu/share/colcon-core/packages/publish_imu)
[8.961s] DEBUG:colcon.colcon_parallel_executor.executor.parallel:closing loop
[8.963s] DEBUG:colcon.colcon_parallel_executor.executor.parallel:loop closed
[8.963s] DEBUG:colcon.colcon_parallel_executor.executor.parallel:run_until_complete finished with '0'
[8.964s] DEBUG:colcon.colcon_core.event_reactor:joining thread
[8.985s] INFO:colcon.colcon_core.plugin_system:Skipping extension 'colcon_notification.desktop_notification.terminal_notifier': Not used on non-Darwin systems
[8.986s] INFO:colcon.colcon_core.plugin_system:Skipping extension 'colcon_notification.desktop_notification.win32': Not used on non-Windows systems
[8.986s] INFO:colcon.colcon_notification.desktop_notification:Sending desktop notification using 'notify2'
[8.986s] DEBUG:colcon.colcon_notification.desktop_notification.notify2:Failed to initialize notify2: org.freedesktop.DBus.Error.NotSupported: Unable to autolaunch a dbus-daemon without a $DISPLAY for X11
[8.986s] DEBUG:colcon.colcon_core.event_reactor:joined thread
[8.987s] INFO:colcon.colcon_core.shell:Creating prefix script '/home/muc/MUC-Hardware/muc_ws_rpi/install/local_setup.ps1'
[8.991s] INFO:colcon.colcon_core.shell:Creating prefix util module '/home/muc/MUC-Hardware/muc_ws_rpi/install/_local_setup_util_ps1.py'
[8.999s] INFO:colcon.colcon_core.shell:Creating prefix chain script '/home/muc/MUC-Hardware/muc_ws_rpi/install/setup.ps1'
[9.005s] INFO:colcon.colcon_core.shell:Creating prefix script '/home/muc/MUC-Hardware/muc_ws_rpi/install/local_setup.sh'
[9.008s] INFO:colcon.colcon_core.shell:Creating prefix util module '/home/muc/MUC-Hardware/muc_ws_rpi/install/_local_setup_util_sh.py'
[9.011s] INFO:colcon.colcon_core.shell:Creating prefix chain script '/home/muc/MUC-Hardware/muc_ws_rpi/install/setup.sh'
[9.016s] INFO:colcon.colcon_core.shell:Creating prefix script '/home/muc/MUC-Hardware/muc_ws_rpi/install/local_setup.bash'
[9.020s] INFO:colcon.colcon_core.shell:Creating prefix chain script '/home/muc/MUC-Hardware/muc_ws_rpi/install/setup.bash'
[9.025s] INFO:colcon.colcon_core.shell:Creating prefix script '/home/muc/MUC-Hardware/muc_ws_rpi/install/local_setup.zsh'
[9.027s] INFO:colcon.colcon_core.shell:Creating prefix chain script '/home/muc/MUC-Hardware/muc_ws_rpi/install/setup.zsh'
