running egg_info
writing ../../build/encoder_reader/encoder_reader.egg-info/PKG-INFO
writing dependency_links to ../../build/encoder_reader/encoder_reader.egg-info/dependency_links.txt
writing entry points to ../../build/encoder_reader/encoder_reader.egg-info/entry_points.txt
writing requirements to ../../build/encoder_reader/encoder_reader.egg-info/requires.txt
writing top-level names to ../../build/encoder_reader/encoder_reader.egg-info/top_level.txt
reading manifest file '../../build/encoder_reader/encoder_reader.egg-info/SOURCES.txt'
writing manifest file '../../build/encoder_reader/encoder_reader.egg-info/SOURCES.txt'
running build
running build_py
copying encoder_reader/encoder_reader_node.py -> /home/muc/MUC-Hardware-/muc_ws_rpi/build/encoder_reader/build/lib/encoder_reader
running install
running install_lib
copying /home/muc/MUC-Hardware-/muc_ws_rpi/build/encoder_reader/build/lib/encoder_reader/encoder_reader_node.py -> /home/muc/MUC-Hardware-/muc_ws_rpi/install/encoder_reader/lib/python3.10/site-packages/encoder_reader
running install_data
running install_egg_info
removing '/home/muc/MUC-Hardware-/muc_ws_rpi/install/encoder_reader/lib/python3.10/site-packages/encoder_reader-0.0.0-py3.10.egg-info' (and everything under it)
Copying ../../build/encoder_reader/encoder_reader.egg-info to /home/muc/MUC-Hardware-/muc_ws_rpi/install/encoder_reader/lib/python3.10/site-packages/encoder_reader-0.0.0-py3.10.egg-info
running install_scripts
Installing encoder_reader_node script to /home/muc/MUC-Hardware-/muc_ws_rpi/install/encoder_reader/lib/encoder_reader
writing list of installed files to '/home/muc/MUC-Hardware-/muc_ws_rpi/build/encoder_reader/install.log'
