[0.920s] Invoking command in '/home/gnanasai/MUC-Hardware/muc_ws/src/odom_publisher': PYTHONPATH=/home/gnanasai/MUC-Hardware/muc_ws/build/odom_publisher/prefix_override:/usr/lib/python3/dist-packages/colcon_core/task/python/colcon_distutils_commands:/home/gnanasai/MUC-Hardware/muc_ws/install/odom_publisher/lib/python3.10/site-packages:${PYTHONPATH} /usr/bin/python3 -W ignore:setup.py install is deprecated -W ignore:easy_install command is deprecated setup.py egg_info --egg-base ../../build/odom_publisher build --build-base /home/gnanasai/MUC-Hardware/muc_ws/build/odom_publisher/build install --record /home/gnanasai/MUC-Hardware/muc_ws/build/odom_publisher/install.log --single-version-externally-managed
[1.078s] running egg_info
[1.078s] writing ../../build/odom_publisher/odom_publisher.egg-info/PKG-INFO
[1.084s] writing dependency_links to ../../build/odom_publisher/odom_publisher.egg-info/dependency_links.txt
[1.084s] writing entry points to ../../build/odom_publisher/odom_publisher.egg-info/entry_points.txt
[1.084s] writing requirements to ../../build/odom_publisher/odom_publisher.egg-info/requires.txt
[1.084s] writing top-level names to ../../build/odom_publisher/odom_publisher.egg-info/top_level.txt
[1.085s] reading manifest file '../../build/odom_publisher/odom_publisher.egg-info/SOURCES.txt'
[1.086s] writing manifest file '../../build/odom_publisher/odom_publisher.egg-info/SOURCES.txt'
[1.086s] running build
[1.086s] running build_py
[1.086s] copying odom_publisher/odom_publisher_node.py -> /home/gnanasai/MUC-Hardware/muc_ws/build/odom_publisher/build/lib/odom_publisher
[1.086s] running install
[1.087s] running install_lib
[1.088s] copying /home/gnanasai/MUC-Hardware/muc_ws/build/odom_publisher/build/lib/odom_publisher/odom_publisher_node.py -> /home/gnanasai/MUC-Hardware/muc_ws/install/odom_publisher/lib/python3.10/site-packages/odom_publisher
[1.088s] byte-compiling /home/gnanasai/MUC-Hardware/muc_ws/install/odom_publisher/lib/python3.10/site-packages/odom_publisher/odom_publisher_node.py to odom_publisher_node.cpython-310.pyc
[1.089s] running install_egg_info
[1.090s] removing '/home/gnanasai/MUC-Hardware/muc_ws/install/odom_publisher/lib/python3.10/site-packages/odom_publisher-0.0.0-py3.10.egg-info' (and everything under it)
[1.090s] Copying ../../build/odom_publisher/odom_publisher.egg-info to /home/gnanasai/MUC-Hardware/muc_ws/install/odom_publisher/lib/python3.10/site-packages/odom_publisher-0.0.0-py3.10.egg-info
[1.091s] running install_scripts
[1.107s] Installing odom_publisher_node script to /home/gnanasai/MUC-Hardware/muc_ws/install/odom_publisher/lib/odom_publisher
[1.107s] writing list of installed files to '/home/gnanasai/MUC-Hardware/muc_ws/build/odom_publisher/install.log'
[1.145s] Invoked command in '/home/gnanasai/MUC-Hardware/muc_ws/src/odom_publisher' returned '0': PYTHONPATH=/home/gnanasai/MUC-Hardware/muc_ws/build/odom_publisher/prefix_override:/usr/lib/python3/dist-packages/colcon_core/task/python/colcon_distutils_commands:/home/gnanasai/MUC-Hardware/muc_ws/install/odom_publisher/lib/python3.10/site-packages:${PYTHONPATH} /usr/bin/python3 -W ignore:setup.py install is deprecated -W ignore:easy_install command is deprecated setup.py egg_info --egg-base ../../build/odom_publisher build --build-base /home/gnanasai/MUC-Hardware/muc_ws/build/odom_publisher/build install --record /home/gnanasai/MUC-Hardware/muc_ws/build/odom_publisher/install.log --single-version-externally-managed
