[5.727s] Invoking command in '/home/muc/MUC-Hardware/muc_ws_rpi/src/motor_control': PYTHONPATH=/home/muc/MUC-Hardware/muc_ws_rpi/build/motor_control/prefix_override:/usr/lib/python3/dist-packages/colcon_core/task/python/colcon_distutils_commands:/home/muc/MUC-Hardware/muc_ws_rpi/install/motor_control/lib/python3.10/site-packages:${PYTHONPATH} /usr/bin/python3 -W ignore:setup.py install is deprecated setup.py egg_info --egg-base ../../build/motor_control build --build-base /home/muc/MUC-Hardware/muc_ws_rpi/build/motor_control/build install --record /home/muc/MUC-Hardware/muc_ws_rpi/build/motor_control/install.log --single-version-externally-managed install_data
[7.070s] running egg_info
[7.074s] writing ../../build/motor_control/motor_control.egg-info/PKG-INFO
[7.078s] writing dependency_links to ../../build/motor_control/motor_control.egg-info/dependency_links.txt
[7.080s] writing entry points to ../../build/motor_control/motor_control.egg-info/entry_points.txt
[7.081s] writing requirements to ../../build/motor_control/motor_control.egg-info/requires.txt
[7.082s] writing top-level names to ../../build/motor_control/motor_control.egg-info/top_level.txt
[7.092s] reading manifest file '../../build/motor_control/motor_control.egg-info/SOURCES.txt'
[7.104s] writing manifest file '../../build/motor_control/motor_control.egg-info/SOURCES.txt'
[7.105s] running build
[7.106s] running build_py
[7.108s] running install
[7.109s] running install_lib
[7.120s] running install_data
[7.123s] running install_egg_info
[7.131s] removing '/home/muc/MUC-Hardware/muc_ws_rpi/install/motor_control/lib/python3.10/site-packages/motor_control-0.0.0-py3.10.egg-info' (and everything under it)
[7.133s] Copying ../../build/motor_control/motor_control.egg-info to /home/muc/MUC-Hardware/muc_ws_rpi/install/motor_control/lib/python3.10/site-packages/motor_control-0.0.0-py3.10.egg-info
[7.167s] running install_scripts
[7.277s] Installing motor_control_node script to /home/muc/MUC-Hardware/muc_ws_rpi/install/motor_control/lib/motor_control
[7.283s] writing list of installed files to '/home/muc/MUC-Hardware/muc_ws_rpi/build/motor_control/install.log'
