[4.134s] Invoking command in '/home/muc/MUC-Hardware/muc_ws_rpi/src/motor_control': PYTHONPATH=/home/muc/MUC-Hardware/muc_ws_rpi/build/motor_control/prefix_override:/usr/lib/python3/dist-packages/colcon_core/task/python/colcon_distutils_commands:/home/muc/MUC-Hardware/muc_ws_rpi/install/motor_control/lib/python3.10/site-packages:${PYTHONPATH} /usr/bin/python3 -W ignore:setup.py install is deprecated setup.py egg_info --egg-base ../../build/motor_control build --build-base /home/muc/MUC-Hardware/muc_ws_rpi/build/motor_control/build install --record /home/muc/MUC-Hardware/muc_ws_rpi/build/motor_control/install.log --single-version-externally-managed install_data
[5.297s] running egg_info
[5.300s] writing ../../build/motor_control/motor_control.egg-info/PKG-INFO
[5.304s] writing dependency_links to ../../build/motor_control/motor_control.egg-info/dependency_links.txt
[5.305s] writing entry points to ../../build/motor_control/motor_control.egg-info/entry_points.txt
[5.306s] writing requirements to ../../build/motor_control/motor_control.egg-info/requires.txt
[5.307s] writing top-level names to ../../build/motor_control/motor_control.egg-info/top_level.txt
[5.316s] reading manifest file '../../build/motor_control/motor_control.egg-info/SOURCES.txt'
[5.323s] writing manifest file '../../build/motor_control/motor_control.egg-info/SOURCES.txt'
[5.325s] running build
[5.325s] running build_py
[5.328s] running install
[5.330s] running install_lib
[5.337s] running install_data
[5.340s] running install_egg_info
[5.348s] removing '/home/muc/MUC-Hardware/muc_ws_rpi/install/motor_control/lib/python3.10/site-packages/motor_control-0.0.0-py3.10.egg-info' (and everything under it)
[5.350s] Copying ../../build/motor_control/motor_control.egg-info to /home/muc/MUC-Hardware/muc_ws_rpi/install/motor_control/lib/python3.10/site-packages/motor_control-0.0.0-py3.10.egg-info
[5.358s] running install_scripts
[5.447s] Installing motor_control_node script to /home/muc/MUC-Hardware/muc_ws_rpi/install/motor_control/lib/motor_control
[5.452s] writing list of installed files to '/home/muc/MUC-Hardware/muc_ws_rpi/build/motor_control/install.log'
[5.617s] Invoked command in '/home/muc/MUC-Hardware/muc_ws_rpi/src/motor_control' returned '0': PYTHONPATH=/home/muc/MUC-Hardware/muc_ws_rpi/build/motor_control/prefix_override:/usr/lib/python3/dist-packages/colcon_core/task/python/colcon_distutils_commands:/home/muc/MUC-Hardware/muc_ws_rpi/install/motor_control/lib/python3.10/site-packages:${PYTHONPATH} /usr/bin/python3 -W ignore:setup.py install is deprecated setup.py egg_info --egg-base ../../build/motor_control build --build-base /home/muc/MUC-Hardware/muc_ws_rpi/build/motor_control/build install --record /home/muc/MUC-Hardware/muc_ws_rpi/build/motor_control/install.log --single-version-externally-managed install_data
