running egg_info
writing ../../build/publish_imu/publish_imu.egg-info/PKG-INFO
writing dependency_links to ../../build/publish_imu/publish_imu.egg-info/dependency_links.txt
writing entry points to ../../build/publish_imu/publish_imu.egg-info/entry_points.txt
writing requirements to ../../build/publish_imu/publish_imu.egg-info/requires.txt
writing top-level names to ../../build/publish_imu/publish_imu.egg-info/top_level.txt
reading manifest file '../../build/publish_imu/publish_imu.egg-info/SOURCES.txt'
writing manifest file '../../build/publish_imu/publish_imu.egg-info/SOURCES.txt'
running build
running build_py
copying publish_imu/imu_publisher.py -> /home/muc/MUC-Hardware/muc_ws_rpi/build/publish_imu/build/lib/publish_imu
running install
running install_lib
copying /home/muc/MUC-Hardware/muc_ws_rpi/build/publish_imu/build/lib/publish_imu/imu_publisher.py -> /home/muc/MUC-Hardware/muc_ws_rpi/install/publish_imu/lib/python3.10/site-packages/publish_imu
byte-compiling /home/muc/MUC-Hardware/muc_ws_rpi/install/publish_imu/lib/python3.10/site-packages/publish_imu/imu_publisher.py to imu_publisher.cpython-310.pyc
running install_data
running install_egg_info
removing '/home/muc/MUC-Hardware/muc_ws_rpi/install/publish_imu/lib/python3.10/site-packages/publish_imu-0.0.0-py3.10.egg-info' (and everything under it)
Copying ../../build/publish_imu/publish_imu.egg-info to /home/muc/MUC-Hardware/muc_ws_rpi/install/publish_imu/lib/python3.10/site-packages/publish_imu-0.0.0-py3.10.egg-info
running install_scripts
Installing imu_publisher script to /home/muc/MUC-Hardware/muc_ws_rpi/install/publish_imu/lib/publish_imu
writing list of installed files to '/home/muc/MUC-Hardware/muc_ws_rpi/build/publish_imu/install.log'
