[0.856s] Invoking command in '/home/gnanasai/MUC-Hardware/muc_ws/src/odom_publisher': PYTHONPATH=/home/gnanasai/MUC-Hardware/muc_ws/build/odom_publisher/prefix_override:/usr/lib/python3/dist-packages/colcon_core/task/python/colcon_distutils_commands:/home/gnanasai/MUC-Hardware/muc_ws/install/odom_publisher/lib/python3.10/site-packages:${PYTHONPATH} /usr/bin/python3 -W ignore:setup.py install is deprecated -W ignore:easy_install command is deprecated setup.py egg_info --egg-base ../../build/odom_publisher build --build-base /home/gnanasai/MUC-Hardware/muc_ws/build/odom_publisher/build install --record /home/gnanasai/MUC-Hardware/muc_ws/build/odom_publisher/install.log --single-version-externally-managed
[1.025s] running egg_info
[1.025s] writing ../../build/odom_publisher/odom_publisher.egg-info/PKG-INFO
[1.025s] writing dependency_links to ../../build/odom_publisher/odom_publisher.egg-info/dependency_links.txt
[1.026s] writing entry points to ../../build/odom_publisher/odom_publisher.egg-info/entry_points.txt
[1.026s] writing requirements to ../../build/odom_publisher/odom_publisher.egg-info/requires.txt
[1.026s] writing top-level names to ../../build/odom_publisher/odom_publisher.egg-info/top_level.txt
[1.027s] reading manifest file '../../build/odom_publisher/odom_publisher.egg-info/SOURCES.txt'
[1.027s] writing manifest file '../../build/odom_publisher/odom_publisher.egg-info/SOURCES.txt'
[1.027s] running build
[1.028s] running build_py
[1.028s] copying odom_publisher/odom_publisher_node.py -> /home/gnanasai/MUC-Hardware/muc_ws/build/odom_publisher/build/lib/odom_publisher
[1.028s] running install
[1.028s] running install_lib
[1.029s] copying /home/gnanasai/MUC-Hardware/muc_ws/build/odom_publisher/build/lib/odom_publisher/odom_publisher_node.py -> /home/gnanasai/MUC-Hardware/muc_ws/install/odom_publisher/lib/python3.10/site-packages/odom_publisher
[1.029s] byte-compiling /home/gnanasai/MUC-Hardware/muc_ws/install/odom_publisher/lib/python3.10/site-packages/odom_publisher/odom_publisher_node.py to odom_publisher_node.cpython-310.pyc
[1.030s] running install_egg_info
[1.031s] removing '/home/gnanasai/MUC-Hardware/muc_ws/install/odom_publisher/lib/python3.10/site-packages/odom_publisher-0.0.0-py3.10.egg-info' (and everything under it)
[1.031s] Copying ../../build/odom_publisher/odom_publisher.egg-info to /home/gnanasai/MUC-Hardware/muc_ws/install/odom_publisher/lib/python3.10/site-packages/odom_publisher-0.0.0-py3.10.egg-info
[1.032s] running install_scripts
[1.048s] Installing odom_publisher_node script to /home/gnanasai/MUC-Hardware/muc_ws/install/odom_publisher/lib/odom_publisher
[1.048s] writing list of installed files to '/home/gnanasai/MUC-Hardware/muc_ws/build/odom_publisher/install.log'
[1.070s] Invoked command in '/home/gnanasai/MUC-Hardware/muc_ws/src/odom_publisher' returned '0': PYTHONPATH=/home/gnanasai/MUC-Hardware/muc_ws/build/odom_publisher/prefix_override:/usr/lib/python3/dist-packages/colcon_core/task/python/colcon_distutils_commands:/home/gnanasai/MUC-Hardware/muc_ws/install/odom_publisher/lib/python3.10/site-packages:${PYTHONPATH} /usr/bin/python3 -W ignore:setup.py install is deprecated -W ignore:easy_install command is deprecated setup.py egg_info --egg-base ../../build/odom_publisher build --build-base /home/gnanasai/MUC-Hardware/muc_ws/build/odom_publisher/build install --record /home/gnanasai/MUC-Hardware/muc_ws/build/odom_publisher/install.log --single-version-externally-managed
