[0.683s] Invoking command in '/home/anirudh/MUC-Hardware/muc_ws/src/odom_publisher': PYTHONPATH=/home/anirudh/MUC-Hardware/muc_ws/build/odom_publisher/prefix_override:/usr/lib/python3/dist-packages/colcon_core/task/python/colcon_distutils_commands:/home/anirudh/MUC-Hardware/muc_ws/install/odom_publisher/lib/python3.10/site-packages:${PYTHONPATH} /usr/bin/python3 -W ignore:setup.py install is deprecated -W ignore:easy_install command is deprecated setup.py egg_info --egg-base ../../build/odom_publisher build --build-base /home/anirudh/MUC-Hardware/muc_ws/build/odom_publisher/build install --record /home/anirudh/MUC-Hardware/muc_ws/build/odom_publisher/install.log --single-version-externally-managed
[0.813s] running egg_info
[0.814s] writing ../../build/odom_publisher/odom_publisher.egg-info/PKG-INFO
[0.814s] writing dependency_links to ../../build/odom_publisher/odom_publisher.egg-info/dependency_links.txt
[0.814s] writing entry points to ../../build/odom_publisher/odom_publisher.egg-info/entry_points.txt
[0.814s] writing requirements to ../../build/odom_publisher/odom_publisher.egg-info/requires.txt
[0.814s] writing top-level names to ../../build/odom_publisher/odom_publisher.egg-info/top_level.txt
[0.814s] reading manifest file '../../build/odom_publisher/odom_publisher.egg-info/SOURCES.txt'
[0.815s] writing manifest file '../../build/odom_publisher/odom_publisher.egg-info/SOURCES.txt'
[0.816s] running build
[0.816s] running build_py
[0.816s] copying odom_publisher/odom_publisher_node.py -> /home/anirudh/MUC-Hardware/muc_ws/build/odom_publisher/build/lib/odom_publisher
[0.816s] running install
[0.816s] running install_lib
[0.816s] copying /home/anirudh/MUC-Hardware/muc_ws/build/odom_publisher/build/lib/odom_publisher/odom_publisher_node.py -> /home/anirudh/MUC-Hardware/muc_ws/install/odom_publisher/lib/python3.10/site-packages/odom_publisher
[0.817s] byte-compiling /home/anirudh/MUC-Hardware/muc_ws/install/odom_publisher/lib/python3.10/site-packages/odom_publisher/odom_publisher_node.py to odom_publisher_node.cpython-310.pyc
[0.817s] running install_egg_info
[0.818s] removing '/home/anirudh/MUC-Hardware/muc_ws/install/odom_publisher/lib/python3.10/site-packages/odom_publisher-0.0.0-py3.10.egg-info' (and everything under it)
[0.818s] Copying ../../build/odom_publisher/odom_publisher.egg-info to /home/anirudh/MUC-Hardware/muc_ws/install/odom_publisher/lib/python3.10/site-packages/odom_publisher-0.0.0-py3.10.egg-info
[0.819s] running install_scripts
[0.831s] Installing odom_publisher_node script to /home/anirudh/MUC-Hardware/muc_ws/install/odom_publisher/lib/odom_publisher
[0.831s] writing list of installed files to '/home/anirudh/MUC-Hardware/muc_ws/build/odom_publisher/install.log'
[0.852s] Invoked command in '/home/anirudh/MUC-Hardware/muc_ws/src/odom_publisher' returned '0': PYTHONPATH=/home/anirudh/MUC-Hardware/muc_ws/build/odom_publisher/prefix_override:/usr/lib/python3/dist-packages/colcon_core/task/python/colcon_distutils_commands:/home/anirudh/MUC-Hardware/muc_ws/install/odom_publisher/lib/python3.10/site-packages:${PYTHONPATH} /usr/bin/python3 -W ignore:setup.py install is deprecated -W ignore:easy_install command is deprecated setup.py egg_info --egg-base ../../build/odom_publisher build --build-base /home/anirudh/MUC-Hardware/muc_ws/build/odom_publisher/build install --record /home/anirudh/MUC-Hardware/muc_ws/build/odom_publisher/install.log --single-version-externally-managed
