[5.704s] Invoking command in '/home/muc/MUC-Hardware/muc_ws_rpi/src/motor_control': PYTHONPATH=/home/muc/MUC-Hardware/muc_ws_rpi/build/motor_control/prefix_override:/usr/lib/python3/dist-packages/colcon_core/task/python/colcon_distutils_commands:/home/muc/MUC-Hardware/muc_ws_rpi/install/motor_control/lib/python3.10/site-packages:${PYTHONPATH} /usr/bin/python3 -W ignore:setup.py install is deprecated setup.py egg_info --egg-base ../../build/motor_control build --build-base /home/muc/MUC-Hardware/muc_ws_rpi/build/motor_control/build install --record /home/muc/MUC-Hardware/muc_ws_rpi/build/motor_control/install.log --single-version-externally-managed install_data
[7.051s] running egg_info
[7.057s] writing ../../build/motor_control/motor_control.egg-info/PKG-INFO
[7.057s] writing dependency_links to ../../build/motor_control/motor_control.egg-info/dependency_links.txt
[7.059s] writing entry points to ../../build/motor_control/motor_control.egg-info/entry_points.txt
[7.061s] writing requirements to ../../build/motor_control/motor_control.egg-info/requires.txt
[7.065s] writing top-level names to ../../build/motor_control/motor_control.egg-info/top_level.txt
[7.073s] reading manifest file '../../build/motor_control/motor_control.egg-info/SOURCES.txt'
[7.079s] writing manifest file '../../build/motor_control/motor_control.egg-info/SOURCES.txt'
[7.081s] running build
[7.081s] running build_py
[7.085s] running install
[7.087s] running install_lib
[7.098s] running install_data
[7.101s] running install_egg_info
[7.111s] removing '/home/muc/MUC-Hardware/muc_ws_rpi/install/motor_control/lib/python3.10/site-packages/motor_control-0.0.0-py3.10.egg-info' (and everything under it)
[7.113s] Copying ../../build/motor_control/motor_control.egg-info to /home/muc/MUC-Hardware/muc_ws_rpi/install/motor_control/lib/python3.10/site-packages/motor_control-0.0.0-py3.10.egg-info
[7.125s] running install_scripts
[7.252s] Installing motor_control_node script to /home/muc/MUC-Hardware/muc_ws_rpi/install/motor_control/lib/motor_control
[7.262s] writing list of installed files to '/home/muc/MUC-Hardware/muc_ws_rpi/build/motor_control/install.log'
[7.573s] Invoked command in '/home/muc/MUC-Hardware/muc_ws_rpi/src/motor_control' returned '0': PYTHONPATH=/home/muc/MUC-Hardware/muc_ws_rpi/build/motor_control/prefix_override:/usr/lib/python3/dist-packages/colcon_core/task/python/colcon_distutils_commands:/home/muc/MUC-Hardware/muc_ws_rpi/install/motor_control/lib/python3.10/site-packages:${PYTHONPATH} /usr/bin/python3 -W ignore:setup.py install is deprecated setup.py egg_info --egg-base ../../build/motor_control build --build-base /home/muc/MUC-Hardware/muc_ws_rpi/build/motor_control/build install --record /home/muc/MUC-Hardware/muc_ws_rpi/build/motor_control/install.log --single-version-externally-managed install_data
