[0.090s] DEBUG:colcon:Command line arguments: ['/usr/bin/colcon', 'build']
[0.090s] DEBUG:colcon:Parsed command line arguments: Namespace(log_base=None, log_level=None, verb_name='build', build_base='build', install_base='install', merge_install=False, symlink_install=False, test_result_base=None, continue_on_error=False, executor='parallel', parallel_workers=16, event_handlers=None, ignore_user_meta=False, metas=['./colcon.meta'], base_paths=['.'], packages_ignore=None, packages_ignore_regex=None, paths=None, packages_up_to=None, packages_up_to_regex=None, packages_above=None, packages_above_and_dependencies=None, packages_above_depth=None, packages_select_by_dep=None, packages_skip_by_dep=None, packages_skip_up_to=None, packages_select_build_failed=False, packages_skip_build_finished=False, packages_select_test_failures=False, packages_skip_test_passed=False, packages_select=None, packages_skip=None, packages_select_regex=None, packages_skip_regex=None, packages_start=None, packages_end=None, allow_overriding=[], cmake_args=None, cmake_target=None, cmake_target_skip_unavailable=False, cmake_clean_cache=False, cmake_clean_first=False, cmake_force_configure=False, ament_cmake_args=None, catkin_cmake_args=None, catkin_skip_building_tests=False, verb_parser=<colcon_defaults.argument_parser.defaults.DefaultArgumentsDecorator object at 0x7ad358d05510>, verb_extension=<colcon_core.verb.build.BuildVerb object at 0x7ad358d04f10>, main=<bound method BuildVerb.main of <colcon_core.verb.build.BuildVerb object at 0x7ad358d04f10>>)
[0.260s] Level 1:colcon.colcon_core.package_discovery:discover_packages(colcon_meta) check parameters
[0.260s] Level 1:colcon.colcon_core.package_discovery:discover_packages(recursive) check parameters
[0.260s] Level 1:colcon.colcon_core.package_discovery:discover_packages(ignore) check parameters
[0.260s] Level 1:colcon.colcon_core.package_discovery:discover_packages(path) check parameters
[0.260s] Level 1:colcon.colcon_core.package_discovery:discover_packages(colcon_meta) discover
[0.260s] Level 1:colcon.colcon_core.package_discovery:discover_packages(recursive) discover
[0.260s] INFO:colcon.colcon_core.package_discovery:Crawling recursively for packages in '/home/gnanasai/MUC-Hardware/muc_ws'
[0.260s] Level 1:colcon.colcon_core.package_identification:_identify(.) by extensions ['ignore', 'ignore_ament_install']
[0.260s] Level 1:colcon.colcon_core.package_identification:_identify(.) by extension 'ignore'
[0.260s] Level 1:colcon.colcon_core.package_identification:_identify(.) by extension 'ignore_ament_install'
[0.260s] Level 1:colcon.colcon_core.package_identification:_identify(.) by extensions ['colcon_pkg']
[0.260s] Level 1:colcon.colcon_core.package_identification:_identify(.) by extension 'colcon_pkg'
[0.260s] Level 1:colcon.colcon_core.package_identification:_identify(.) by extensions ['colcon_meta']
[0.260s] Level 1:colcon.colcon_core.package_identification:_identify(.) by extension 'colcon_meta'
[0.260s] Level 1:colcon.colcon_core.package_identification:_identify(.) by extensions ['ros']
[0.260s] Level 1:colcon.colcon_core.package_identification:_identify(.) by extension 'ros'
[0.269s] Level 1:colcon.colcon_core.package_identification:_identify(.) by extensions ['cmake', 'python']
[0.269s] Level 1:colcon.colcon_core.package_identification:_identify(.) by extension 'cmake'
[0.269s] Level 1:colcon.colcon_core.package_identification:_identify(.) by extension 'python'
[0.269s] Level 1:colcon.colcon_core.package_identification:_identify(.) by extensions ['python_setup_py']
[0.269s] Level 1:colcon.colcon_core.package_identification:_identify(.) by extension 'python_setup_py'
[0.269s] Level 1:colcon.colcon_core.package_identification:_identify(build) by extensions ['ignore', 'ignore_ament_install']
[0.269s] Level 1:colcon.colcon_core.package_identification:_identify(build) by extension 'ignore'
[0.269s] Level 1:colcon.colcon_core.package_identification:_identify(build) ignored
[0.269s] Level 1:colcon.colcon_core.package_identification:_identify(install) by extensions ['ignore', 'ignore_ament_install']
[0.269s] Level 1:colcon.colcon_core.package_identification:_identify(install) by extension 'ignore'
[0.269s] Level 1:colcon.colcon_core.package_identification:_identify(install) ignored
[0.269s] Level 1:colcon.colcon_core.package_identification:_identify(log) by extensions ['ignore', 'ignore_ament_install']
[0.269s] Level 1:colcon.colcon_core.package_identification:_identify(log) by extension 'ignore'
[0.269s] Level 1:colcon.colcon_core.package_identification:_identify(log) ignored
[0.269s] Level 1:colcon.colcon_core.package_identification:_identify(src) by extensions ['ignore', 'ignore_ament_install']
[0.269s] Level 1:colcon.colcon_core.package_identification:_identify(src) by extension 'ignore'
[0.269s] Level 1:colcon.colcon_core.package_identification:_identify(src) by extension 'ignore_ament_install'
[0.269s] Level 1:colcon.colcon_core.package_identification:_identify(src) by extensions ['colcon_pkg']
[0.269s] Level 1:colcon.colcon_core.package_identification:_identify(src) by extension 'colcon_pkg'
[0.269s] Level 1:colcon.colcon_core.package_identification:_identify(src) by extensions ['colcon_meta']
[0.269s] Level 1:colcon.colcon_core.package_identification:_identify(src) by extension 'colcon_meta'
[0.269s] Level 1:colcon.colcon_core.package_identification:_identify(src) by extensions ['ros']
[0.269s] Level 1:colcon.colcon_core.package_identification:_identify(src) by extension 'ros'
[0.269s] Level 1:colcon.colcon_core.package_identification:_identify(src) by extensions ['cmake', 'python']
[0.269s] Level 1:colcon.colcon_core.package_identification:_identify(src) by extension 'cmake'
[0.269s] Level 1:colcon.colcon_core.package_identification:_identify(src) by extension 'python'
[0.269s] Level 1:colcon.colcon_core.package_identification:_identify(src) by extensions ['python_setup_py']
[0.269s] Level 1:colcon.colcon_core.package_identification:_identify(src) by extension 'python_setup_py'
[0.270s] Level 1:colcon.colcon_core.package_identification:_identify(src/dev_sys) by extensions ['ignore', 'ignore_ament_install']
[0.270s] Level 1:colcon.colcon_core.package_identification:_identify(src/dev_sys) by extension 'ignore'
[0.270s] Level 1:colcon.colcon_core.package_identification:_identify(src/dev_sys) by extension 'ignore_ament_install'
[0.270s] Level 1:colcon.colcon_core.package_identification:_identify(src/dev_sys) by extensions ['colcon_pkg']
[0.270s] Level 1:colcon.colcon_core.package_identification:_identify(src/dev_sys) by extension 'colcon_pkg'
[0.270s] Level 1:colcon.colcon_core.package_identification:_identify(src/dev_sys) by extensions ['colcon_meta']
[0.270s] Level 1:colcon.colcon_core.package_identification:_identify(src/dev_sys) by extension 'colcon_meta'
[0.270s] Level 1:colcon.colcon_core.package_identification:_identify(src/dev_sys) by extensions ['ros']
[0.270s] Level 1:colcon.colcon_core.package_identification:_identify(src/dev_sys) by extension 'ros'
[0.272s] DEBUG:colcon.colcon_core.package_identification:Package 'src/dev_sys' with type 'ros.ament_python' and name 'dev_sys'
[0.272s] Level 1:colcon.colcon_core.package_identification:_identify(src/odom_publisher) by extensions ['ignore', 'ignore_ament_install']
[0.272s] Level 1:colcon.colcon_core.package_identification:_identify(src/odom_publisher) by extension 'ignore'
[0.272s] Level 1:colcon.colcon_core.package_identification:_identify(src/odom_publisher) by extension 'ignore_ament_install'
[0.272s] Level 1:colcon.colcon_core.package_identification:_identify(src/odom_publisher) by extensions ['colcon_pkg']
[0.272s] Level 1:colcon.colcon_core.package_identification:_identify(src/odom_publisher) by extension 'colcon_pkg'
[0.272s] Level 1:colcon.colcon_core.package_identification:_identify(src/odom_publisher) by extensions ['colcon_meta']
[0.272s] Level 1:colcon.colcon_core.package_identification:_identify(src/odom_publisher) by extension 'colcon_meta'
[0.273s] Level 1:colcon.colcon_core.package_identification:_identify(src/odom_publisher) by extensions ['ros']
[0.273s] Level 1:colcon.colcon_core.package_identification:_identify(src/odom_publisher) by extension 'ros'
[0.274s] DEBUG:colcon.colcon_core.package_identification:Package 'src/odom_publisher' with type 'ros.ament_python' and name 'odom_publisher'
[0.274s] Level 1:colcon.colcon_core.package_identification:_identify(src/publish_pwm_values) by extensions ['ignore', 'ignore_ament_install']
[0.274s] Level 1:colcon.colcon_core.package_identification:_identify(src/publish_pwm_values) by extension 'ignore'
[0.274s] Level 1:colcon.colcon_core.package_identification:_identify(src/publish_pwm_values) by extension 'ignore_ament_install'
[0.274s] Level 1:colcon.colcon_core.package_identification:_identify(src/publish_pwm_values) by extensions ['colcon_pkg']
[0.274s] Level 1:colcon.colcon_core.package_identification:_identify(src/publish_pwm_values) by extension 'colcon_pkg'
[0.274s] Level 1:colcon.colcon_core.package_identification:_identify(src/publish_pwm_values) by extensions ['colcon_meta']
[0.274s] Level 1:colcon.colcon_core.package_identification:_identify(src/publish_pwm_values) by extension 'colcon_meta'
[0.274s] Level 1:colcon.colcon_core.package_identification:_identify(src/publish_pwm_values) by extensions ['ros']
[0.274s] Level 1:colcon.colcon_core.package_identification:_identify(src/publish_pwm_values) by extension 'ros'
[0.275s] DEBUG:colcon.colcon_core.package_identification:Package 'src/publish_pwm_values' with type 'ros.ament_python' and name 'publish_pwm_values'
[0.275s] Level 1:colcon.colcon_core.package_identification:_identify(src/subscribe_encoder_values) by extensions ['ignore', 'ignore_ament_install']
[0.275s] Level 1:colcon.colcon_core.package_identification:_identify(src/subscribe_encoder_values) by extension 'ignore'
[0.275s] Level 1:colcon.colcon_core.package_identification:_identify(src/subscribe_encoder_values) by extension 'ignore_ament_install'
[0.275s] Level 1:colcon.colcon_core.package_identification:_identify(src/subscribe_encoder_values) by extensions ['colcon_pkg']
[0.275s] Level 1:colcon.colcon_core.package_identification:_identify(src/subscribe_encoder_values) by extension 'colcon_pkg'
[0.275s] Level 1:colcon.colcon_core.package_identification:_identify(src/subscribe_encoder_values) by extensions ['colcon_meta']
[0.275s] Level 1:colcon.colcon_core.package_identification:_identify(src/subscribe_encoder_values) by extension 'colcon_meta'
[0.275s] Level 1:colcon.colcon_core.package_identification:_identify(src/subscribe_encoder_values) by extensions ['ros']
[0.275s] Level 1:colcon.colcon_core.package_identification:_identify(src/subscribe_encoder_values) by extension 'ros'
[0.276s] DEBUG:colcon.colcon_core.package_identification:Package 'src/subscribe_encoder_values' with type 'ros.ament_python' and name 'subscribe_encoder_values'
[0.276s] Level 1:colcon.colcon_core.package_discovery:discover_packages(recursive) using defaults
[0.276s] Level 1:colcon.colcon_core.package_discovery:discover_packages(ignore) discover
[0.276s] Level 1:colcon.colcon_core.package_discovery:discover_packages(ignore) using defaults
[0.276s] Level 1:colcon.colcon_core.package_discovery:discover_packages(path) discover
[0.276s] Level 1:colcon.colcon_core.package_discovery:discover_packages(path) using defaults
[0.301s] Level 1:colcon.colcon_core.package_discovery:discover_packages(prefix_path) check parameters
[0.301s] Level 1:colcon.colcon_core.package_discovery:discover_packages(prefix_path) discover
[0.303s] DEBUG:colcon.colcon_installed_package_information.package_discovery:Found 4 installed packages in /home/gnanasai/MUC-Hardware/muc_ws/install
[0.303s] DEBUG:colcon.colcon_installed_package_information.package_discovery:Found 1 installed packages in /home/gnanasai/articu_bot/install
[0.304s] DEBUG:colcon.colcon_installed_package_information.package_discovery:Found 320 installed packages in /opt/ros/humble
[0.305s] Level 1:colcon.colcon_core.package_discovery:discover_packages(prefix_path) using defaults
[0.327s] Level 5:colcon.colcon_core.verb:set package 'dev_sys' build argument 'cmake_args' from command line to 'None'
[0.327s] Level 5:colcon.colcon_core.verb:set package 'dev_sys' build argument 'cmake_target' from command line to 'None'
[0.327s] Level 5:colcon.colcon_core.verb:set package 'dev_sys' build argument 'cmake_target_skip_unavailable' from command line to 'False'
[0.327s] Level 5:colcon.colcon_core.verb:set package 'dev_sys' build argument 'cmake_clean_cache' from command line to 'False'
[0.327s] Level 5:colcon.colcon_core.verb:set package 'dev_sys' build argument 'cmake_clean_first' from command line to 'False'
[0.327s] Level 5:colcon.colcon_core.verb:set package 'dev_sys' build argument 'cmake_force_configure' from command line to 'False'
[0.327s] Level 5:colcon.colcon_core.verb:set package 'dev_sys' build argument 'ament_cmake_args' from command line to 'None'
[0.327s] Level 5:colcon.colcon_core.verb:set package 'dev_sys' build argument 'catkin_cmake_args' from command line to 'None'
[0.327s] Level 5:colcon.colcon_core.verb:set package 'dev_sys' build argument 'catkin_skip_building_tests' from command line to 'False'
[0.327s] DEBUG:colcon.colcon_core.verb:Building package 'dev_sys' with the following arguments: {'ament_cmake_args': None, 'build_base': '/home/gnanasai/MUC-Hardware/muc_ws/build/dev_sys', 'catkin_cmake_args': None, 'catkin_skip_building_tests': False, 'cmake_args': None, 'cmake_clean_cache': False, 'cmake_clean_first': False, 'cmake_force_configure': False, 'cmake_target': None, 'cmake_target_skip_unavailable': False, 'install_base': '/home/gnanasai/MUC-Hardware/muc_ws/install/dev_sys', 'merge_install': False, 'path': '/home/gnanasai/MUC-Hardware/muc_ws/src/dev_sys', 'symlink_install': False, 'test_result_base': None}
[0.328s] Level 5:colcon.colcon_core.verb:set package 'odom_publisher' build argument 'cmake_args' from command line to 'None'
[0.328s] Level 5:colcon.colcon_core.verb:set package 'odom_publisher' build argument 'cmake_target' from command line to 'None'
[0.328s] Level 5:colcon.colcon_core.verb:set package 'odom_publisher' build argument 'cmake_target_skip_unavailable' from command line to 'False'
[0.328s] Level 5:colcon.colcon_core.verb:set package 'odom_publisher' build argument 'cmake_clean_cache' from command line to 'False'
[0.328s] Level 5:colcon.colcon_core.verb:set package 'odom_publisher' build argument 'cmake_clean_first' from command line to 'False'
[0.328s] Level 5:colcon.colcon_core.verb:set package 'odom_publisher' build argument 'cmake_force_configure' from command line to 'False'
[0.328s] Level 5:colcon.colcon_core.verb:set package 'odom_publisher' build argument 'ament_cmake_args' from command line to 'None'
[0.328s] Level 5:colcon.colcon_core.verb:set package 'odom_publisher' build argument 'catkin_cmake_args' from command line to 'None'
[0.328s] Level 5:colcon.colcon_core.verb:set package 'odom_publisher' build argument 'catkin_skip_building_tests' from command line to 'False'
[0.328s] DEBUG:colcon.colcon_core.verb:Building package 'odom_publisher' with the following arguments: {'ament_cmake_args': None, 'build_base': '/home/gnanasai/MUC-Hardware/muc_ws/build/odom_publisher', 'catkin_cmake_args': None, 'catkin_skip_building_tests': False, 'cmake_args': None, 'cmake_clean_cache': False, 'cmake_clean_first': False, 'cmake_force_configure': False, 'cmake_target': None, 'cmake_target_skip_unavailable': False, 'install_base': '/home/gnanasai/MUC-Hardware/muc_ws/install/odom_publisher', 'merge_install': False, 'path': '/home/gnanasai/MUC-Hardware/muc_ws/src/odom_publisher', 'symlink_install': False, 'test_result_base': None}
[0.328s] Level 5:colcon.colcon_core.verb:set package 'publish_pwm_values' build argument 'cmake_args' from command line to 'None'
[0.328s] Level 5:colcon.colcon_core.verb:set package 'publish_pwm_values' build argument 'cmake_target' from command line to 'None'
[0.328s] Level 5:colcon.colcon_core.verb:set package 'publish_pwm_values' build argument 'cmake_target_skip_unavailable' from command line to 'False'
[0.328s] Level 5:colcon.colcon_core.verb:set package 'publish_pwm_values' build argument 'cmake_clean_cache' from command line to 'False'
[0.328s] Level 5:colcon.colcon_core.verb:set package 'publish_pwm_values' build argument 'cmake_clean_first' from command line to 'False'
[0.328s] Level 5:colcon.colcon_core.verb:set package 'publish_pwm_values' build argument 'cmake_force_configure' from command line to 'False'
[0.328s] Level 5:colcon.colcon_core.verb:set package 'publish_pwm_values' build argument 'ament_cmake_args' from command line to 'None'
[0.328s] Level 5:colcon.colcon_core.verb:set package 'publish_pwm_values' build argument 'catkin_cmake_args' from command line to 'None'
[0.328s] Level 5:colcon.colcon_core.verb:set package 'publish_pwm_values' build argument 'catkin_skip_building_tests' from command line to 'False'
[0.328s] DEBUG:colcon.colcon_core.verb:Building package 'publish_pwm_values' with the following arguments: {'ament_cmake_args': None, 'build_base': '/home/gnanasai/MUC-Hardware/muc_ws/build/publish_pwm_values', 'catkin_cmake_args': None, 'catkin_skip_building_tests': False, 'cmake_args': None, 'cmake_clean_cache': False, 'cmake_clean_first': False, 'cmake_force_configure': False, 'cmake_target': None, 'cmake_target_skip_unavailable': False, 'install_base': '/home/gnanasai/MUC-Hardware/muc_ws/install/publish_pwm_values', 'merge_install': False, 'path': '/home/gnanasai/MUC-Hardware/muc_ws/src/publish_pwm_values', 'symlink_install': False, 'test_result_base': None}
[0.328s] Level 5:colcon.colcon_core.verb:set package 'subscribe_encoder_values' build argument 'cmake_args' from command line to 'None'
[0.328s] Level 5:colcon.colcon_core.verb:set package 'subscribe_encoder_values' build argument 'cmake_target' from command line to 'None'
[0.328s] Level 5:colcon.colcon_core.verb:set package 'subscribe_encoder_values' build argument 'cmake_target_skip_unavailable' from command line to 'False'
[0.328s] Level 5:colcon.colcon_core.verb:set package 'subscribe_encoder_values' build argument 'cmake_clean_cache' from command line to 'False'
[0.328s] Level 5:colcon.colcon_core.verb:set package 'subscribe_encoder_values' build argument 'cmake_clean_first' from command line to 'False'
[0.328s] Level 5:colcon.colcon_core.verb:set package 'subscribe_encoder_values' build argument 'cmake_force_configure' from command line to 'False'
[0.328s] Level 5:colcon.colcon_core.verb:set package 'subscribe_encoder_values' build argument 'ament_cmake_args' from command line to 'None'
[0.328s] Level 5:colcon.colcon_core.verb:set package 'subscribe_encoder_values' build argument 'catkin_cmake_args' from command line to 'None'
[0.328s] Level 5:colcon.colcon_core.verb:set package 'subscribe_encoder_values' build argument 'catkin_skip_building_tests' from command line to 'False'
[0.328s] DEBUG:colcon.colcon_core.verb:Building package 'subscribe_encoder_values' with the following arguments: {'ament_cmake_args': None, 'build_base': '/home/gnanasai/MUC-Hardware/muc_ws/build/subscribe_encoder_values', 'catkin_cmake_args': None, 'catkin_skip_building_tests': False, 'cmake_args': None, 'cmake_clean_cache': False, 'cmake_clean_first': False, 'cmake_force_configure': False, 'cmake_target': None, 'cmake_target_skip_unavailable': False, 'install_base': '/home/gnanasai/MUC-Hardware/muc_ws/install/subscribe_encoder_values', 'merge_install': False, 'path': '/home/gnanasai/MUC-Hardware/muc_ws/src/subscribe_encoder_values', 'symlink_install': False, 'test_result_base': None}
[0.328s] INFO:colcon.colcon_core.executor:Executing jobs using 'parallel' executor
[0.329s] DEBUG:colcon.colcon_parallel_executor.executor.parallel:run_until_complete
[0.329s] INFO:colcon.colcon_ros.task.ament_python.build:Building ROS package in '/home/gnanasai/MUC-Hardware/muc_ws/src/dev_sys' with build type 'ament_python'
[0.329s] Level 1:colcon.colcon_core.shell:create_environment_hook('dev_sys', 'ament_prefix_path')
[0.333s] INFO:colcon.colcon_core.plugin_system:Skipping extension 'colcon_core.shell.bat': Not used on non-Windows systems
[0.333s] INFO:colcon.colcon_core.shell:Creating environment hook '/home/gnanasai/MUC-Hardware/muc_ws/install/dev_sys/share/dev_sys/hook/ament_prefix_path.ps1'
[0.334s] INFO:colcon.colcon_core.shell:Creating environment descriptor '/home/gnanasai/MUC-Hardware/muc_ws/install/dev_sys/share/dev_sys/hook/ament_prefix_path.dsv'
[0.334s] INFO:colcon.colcon_core.shell:Creating environment hook '/home/gnanasai/MUC-Hardware/muc_ws/install/dev_sys/share/dev_sys/hook/ament_prefix_path.sh'
[0.334s] INFO:colcon.colcon_core.shell:Skip shell extension 'powershell' for command environment: Not usable outside of PowerShell
[0.334s] DEBUG:colcon.colcon_core.shell:Skip shell extension 'dsv' for command environment
[0.337s] INFO:colcon.colcon_ros.task.ament_python.build:Building ROS package in '/home/gnanasai/MUC-Hardware/muc_ws/src/odom_publisher' with build type 'ament_python'
[0.337s] Level 1:colcon.colcon_core.shell:create_environment_hook('odom_publisher', 'ament_prefix_path')
[0.337s] INFO:colcon.colcon_core.shell:Creating environment hook '/home/gnanasai/MUC-Hardware/muc_ws/install/odom_publisher/share/odom_publisher/hook/ament_prefix_path.ps1'
[0.337s] INFO:colcon.colcon_core.shell:Creating environment descriptor '/home/gnanasai/MUC-Hardware/muc_ws/install/odom_publisher/share/odom_publisher/hook/ament_prefix_path.dsv'
[0.337s] INFO:colcon.colcon_core.shell:Creating environment hook '/home/gnanasai/MUC-Hardware/muc_ws/install/odom_publisher/share/odom_publisher/hook/ament_prefix_path.sh'
[0.338s] INFO:colcon.colcon_core.shell:Skip shell extension 'powershell' for command environment: Not usable outside of PowerShell
[0.338s] DEBUG:colcon.colcon_core.shell:Skip shell extension 'dsv' for command environment
[0.340s] INFO:colcon.colcon_ros.task.ament_python.build:Building ROS package in '/home/gnanasai/MUC-Hardware/muc_ws/src/publish_pwm_values' with build type 'ament_python'
[0.340s] Level 1:colcon.colcon_core.shell:create_environment_hook('publish_pwm_values', 'ament_prefix_path')
[0.340s] INFO:colcon.colcon_core.shell:Creating environment hook '/home/gnanasai/MUC-Hardware/muc_ws/install/publish_pwm_values/share/publish_pwm_values/hook/ament_prefix_path.ps1'
[0.340s] INFO:colcon.colcon_core.shell:Creating environment descriptor '/home/gnanasai/MUC-Hardware/muc_ws/install/publish_pwm_values/share/publish_pwm_values/hook/ament_prefix_path.dsv'
[0.340s] INFO:colcon.colcon_core.shell:Creating environment hook '/home/gnanasai/MUC-Hardware/muc_ws/install/publish_pwm_values/share/publish_pwm_values/hook/ament_prefix_path.sh'
[0.341s] INFO:colcon.colcon_core.shell:Skip shell extension 'powershell' for command environment: Not usable outside of PowerShell
[0.341s] DEBUG:colcon.colcon_core.shell:Skip shell extension 'dsv' for command environment
[0.343s] INFO:colcon.colcon_ros.task.ament_python.build:Building ROS package in '/home/gnanasai/MUC-Hardware/muc_ws/src/subscribe_encoder_values' with build type 'ament_python'
[0.343s] Level 1:colcon.colcon_core.shell:create_environment_hook('subscribe_encoder_values', 'ament_prefix_path')
[0.343s] INFO:colcon.colcon_core.shell:Creating environment hook '/home/gnanasai/MUC-Hardware/muc_ws/install/subscribe_encoder_values/share/subscribe_encoder_values/hook/ament_prefix_path.ps1'
[0.344s] INFO:colcon.colcon_core.shell:Creating environment descriptor '/home/gnanasai/MUC-Hardware/muc_ws/install/subscribe_encoder_values/share/subscribe_encoder_values/hook/ament_prefix_path.dsv'
[0.344s] INFO:colcon.colcon_core.shell:Creating environment hook '/home/gnanasai/MUC-Hardware/muc_ws/install/subscribe_encoder_values/share/subscribe_encoder_values/hook/ament_prefix_path.sh'
[0.344s] INFO:colcon.colcon_core.shell:Skip shell extension 'powershell' for command environment: Not usable outside of PowerShell
[0.344s] DEBUG:colcon.colcon_core.shell:Skip shell extension 'dsv' for command environment
[0.661s] WARNING:colcon.colcon_ros.task.ament_python.build:Package 'odom_publisher' doesn't explicitly install a marker in the package index (colcon-ros currently does it implicitly but that fallback will be removed in the future)
[0.661s] WARNING:colcon.colcon_ros.task.ament_python.build:Package 'odom_publisher' doesn't explicitly install the 'package.xml' file (colcon-ros currently does it implicitly but that fallback will be removed in the future)
[0.662s] INFO:colcon.colcon_core.task.python.build:Building Python package in '/home/gnanasai/MUC-Hardware/muc_ws/src/odom_publisher'
[0.662s] INFO:colcon.colcon_core.shell:Skip shell extension 'powershell' for command environment: Not usable outside of PowerShell
[0.662s] DEBUG:colcon.colcon_core.shell:Skip shell extension 'dsv' for command environment
[0.813s] INFO:colcon.colcon_core.task.python.build:Building Python package in '/home/gnanasai/MUC-Hardware/muc_ws/src/publish_pwm_values'
[0.813s] INFO:colcon.colcon_core.shell:Skip shell extension 'powershell' for command environment: Not usable outside of PowerShell
[0.813s] DEBUG:colcon.colcon_core.shell:Skip shell extension 'dsv' for command environment
[0.826s] DEBUG:colcon.colcon_parallel_executor.executor.parallel:closing loop
[0.826s] DEBUG:colcon.colcon_parallel_executor.executor.parallel:loop closed
[0.826s] DEBUG:colcon.colcon_parallel_executor.executor.parallel:run_until_complete finished with 'Command '['/usr/bin/python3', '-c', 'import sys;from contextlib import suppress;exec("with suppress(ImportError):    from setuptools.extern.packaging.specifiers    import SpecifierSet");exec("with suppress(ImportError):    from packaging.specifiers import SpecifierSet");from distutils.core import run_setup;dist = run_setup(    \'setup.py\', script_args=(\'--dry-run\',), stop_after=\'config\');skip_keys = (\'cmdclass\', \'distclass\', \'ext_modules\', \'metadata\');data = {    key: value for key, value in dist.__dict__.items()     if (        not key.startswith(\'_\') and         not callable(value) and         key not in skip_keys and         key not in dist.display_option_names    )};data[\'metadata\'] = {    k: v for k, v in dist.metadata.__dict__.items()     if k not in (\'license_files\', \'provides_extras\')};sys.stdout.buffer.write(repr(data).encode(\'utf-8\'))']' returned non-zero exit status 1.'
[0.826s] DEBUG:colcon.colcon_core.event_reactor:joining thread
[0.831s] INFO:colcon.colcon_core.plugin_system:Skipping extension 'colcon_notification.desktop_notification.terminal_notifier': Not used on non-Darwin systems
[0.832s] INFO:colcon.colcon_core.plugin_system:Skipping extension 'colcon_notification.desktop_notification.win32': Not used on non-Windows systems
[0.832s] INFO:colcon.colcon_notification.desktop_notification:Sending desktop notification using 'notify2'
[0.844s] DEBUG:colcon.colcon_core.event_reactor:joined thread
[0.845s] INFO:colcon.colcon_core.shell:Creating prefix script '/home/gnanasai/MUC-Hardware/muc_ws/install/local_setup.ps1'
[0.846s] INFO:colcon.colcon_core.shell:Creating prefix util module '/home/gnanasai/MUC-Hardware/muc_ws/install/_local_setup_util_ps1.py'
[0.848s] INFO:colcon.colcon_core.shell:Creating prefix chain script '/home/gnanasai/MUC-Hardware/muc_ws/install/setup.ps1'
[0.849s] INFO:colcon.colcon_core.shell:Creating prefix script '/home/gnanasai/MUC-Hardware/muc_ws/install/local_setup.sh'
[0.850s] INFO:colcon.colcon_core.shell:Creating prefix util module '/home/gnanasai/MUC-Hardware/muc_ws/install/_local_setup_util_sh.py'
[0.850s] INFO:colcon.colcon_core.shell:Creating prefix chain script '/home/gnanasai/MUC-Hardware/muc_ws/install/setup.sh'
[0.851s] INFO:colcon.colcon_core.shell:Creating prefix script '/home/gnanasai/MUC-Hardware/muc_ws/install/local_setup.bash'
[0.852s] INFO:colcon.colcon_core.shell:Creating prefix chain script '/home/gnanasai/MUC-Hardware/muc_ws/install/setup.bash'
[0.853s] INFO:colcon.colcon_core.shell:Creating prefix script '/home/gnanasai/MUC-Hardware/muc_ws/install/local_setup.zsh'
[0.853s] INFO:colcon.colcon_core.shell:Creating prefix chain script '/home/gnanasai/MUC-Hardware/muc_ws/install/setup.zsh'
