[3.928s] Invoking command in '/home/muc/MUC-Hardware-/muc_ws_rpi/src/motor_control': PYTHONPATH=/home/muc/MUC-Hardware-/muc_ws_rpi/build/motor_control/prefix_override:/usr/lib/python3/dist-packages/colcon_core/task/python/colcon_distutils_commands:/home/muc/MUC-Hardware-/muc_ws_rpi/install/motor_control/lib/python3.10/site-packages:${PYTHONPATH} /usr/bin/python3 -W ignore:setup.py install is deprecated setup.py egg_info --egg-base ../../build/motor_control build --build-base /home/muc/MUC-Hardware-/muc_ws_rpi/build/motor_control/build install --record /home/muc/MUC-Hardware-/muc_ws_rpi/build/motor_control/install.log --single-version-externally-managed install_data
[5.082s] running egg_info
[5.085s] writing ../../build/motor_control/motor_control.egg-info/PKG-INFO
[5.087s] writing dependency_links to ../../build/motor_control/motor_control.egg-info/dependency_links.txt
[5.088s] writing entry points to ../../build/motor_control/motor_control.egg-info/entry_points.txt
[5.088s] writing requirements to ../../build/motor_control/motor_control.egg-info/requires.txt
[5.089s] writing top-level names to ../../build/motor_control/motor_control.egg-info/top_level.txt
[5.097s] reading manifest file '../../build/motor_control/motor_control.egg-info/SOURCES.txt'
[5.103s] writing manifest file '../../build/motor_control/motor_control.egg-info/SOURCES.txt'
[5.103s] running build
[5.104s] running build_py
[5.105s] running install
[5.106s] running install_lib
[5.112s] running install_data
[5.112s] running install_egg_info
[5.121s] removing '/home/muc/MUC-Hardware-/muc_ws_rpi/install/motor_control/lib/python3.10/site-packages/motor_control-0.0.0-py3.10.egg-info' (and everything under it)
[5.123s] Copying ../../build/motor_control/motor_control.egg-info to /home/muc/MUC-Hardware-/muc_ws_rpi/install/motor_control/lib/python3.10/site-packages/motor_control-0.0.0-py3.10.egg-info
[5.129s] running install_scripts
[5.218s] Installing motor_control_node script to /home/muc/MUC-Hardware-/muc_ws_rpi/install/motor_control/lib/motor_control
[5.219s] writing list of installed files to '/home/muc/MUC-Hardware-/muc_ws_rpi/build/motor_control/install.log'
[5.390s] Invoked command in '/home/muc/MUC-Hardware-/muc_ws_rpi/src/motor_control' returned '0': PYTHONPATH=/home/muc/MUC-Hardware-/muc_ws_rpi/build/motor_control/prefix_override:/usr/lib/python3/dist-packages/colcon_core/task/python/colcon_distutils_commands:/home/muc/MUC-Hardware-/muc_ws_rpi/install/motor_control/lib/python3.10/site-packages:${PYTHONPATH} /usr/bin/python3 -W ignore:setup.py install is deprecated setup.py egg_info --egg-base ../../build/motor_control build --build-base /home/muc/MUC-Hardware-/muc_ws_rpi/build/motor_control/build install --record /home/muc/MUC-Hardware-/muc_ws_rpi/build/motor_control/install.log --single-version-externally-managed install_data
