[0.733s] DEBUG:colcon:Command line arguments: ['/usr/bin/colcon', 'build']
[0.734s] DEBUG:colcon:Parsed command line arguments: Namespace(log_base=None, log_level=None, verb_name='build', build_base='build', install_base='install', merge_install=False, symlink_install=False, test_result_base=None, continue_on_error=False, executor='parallel', parallel_workers=4, event_handlers=None, ignore_user_meta=False, metas=['./colcon.meta'], base_paths=['.'], packages_ignore=None, packages_ignore_regex=None, paths=None, packages_up_to=None, packages_up_to_regex=None, packages_above=None, packages_above_and_dependencies=None, packages_above_depth=None, packages_select_by_dep=None, packages_skip_by_dep=None, packages_skip_up_to=None, packages_select_build_failed=False, packages_skip_build_finished=False, packages_select_test_failures=False, packages_skip_test_passed=False, packages_select=None, packages_skip=None, packages_select_regex=None, packages_skip_regex=None, packages_start=None, packages_end=None, allow_overriding=[], cmake_args=None, cmake_target=None, cmake_target_skip_unavailable=False, cmake_clean_cache=False, cmake_clean_first=False, cmake_force_configure=False, ament_cmake_args=None, catkin_cmake_args=None, catkin_skip_building_tests=False, verb_parser=<colcon_defaults.argument_parser.defaults.DefaultArgumentsDecorator object at 0xffff8a27f9d0>, verb_extension=<colcon_core.verb.build.BuildVerb object at 0xffff8a404640>, main=<bound method BuildVerb.main of <colcon_core.verb.build.BuildVerb object at 0xffff8a404640>>)
[1.983s] Level 1:colcon.colcon_core.package_discovery:discover_packages(colcon_meta) check parameters
[1.984s] Level 1:colcon.colcon_core.package_discovery:discover_packages(recursive) check parameters
[1.984s] Level 1:colcon.colcon_core.package_discovery:discover_packages(ignore) check parameters
[1.984s] Level 1:colcon.colcon_core.package_discovery:discover_packages(path) check parameters
[1.984s] Level 1:colcon.colcon_core.package_discovery:discover_packages(colcon_meta) discover
[1.985s] Level 1:colcon.colcon_core.package_discovery:discover_packages(recursive) discover
[1.985s] INFO:colcon.colcon_core.package_discovery:Crawling recursively for packages in '/home/muc/MUC-Hardware-/muc_ws_rpi'
[1.986s] Level 1:colcon.colcon_core.package_identification:_identify(.) by extensions ['ignore', 'ignore_ament_install']
[1.986s] Level 1:colcon.colcon_core.package_identification:_identify(.) by extension 'ignore'
[1.986s] Level 1:colcon.colcon_core.package_identification:_identify(.) by extension 'ignore_ament_install'
[1.987s] Level 1:colcon.colcon_core.package_identification:_identify(.) by extensions ['colcon_pkg']
[1.987s] Level 1:colcon.colcon_core.package_identification:_identify(.) by extension 'colcon_pkg'
[1.987s] Level 1:colcon.colcon_core.package_identification:_identify(.) by extensions ['colcon_meta']
[1.988s] Level 1:colcon.colcon_core.package_identification:_identify(.) by extension 'colcon_meta'
[1.988s] Level 1:colcon.colcon_core.package_identification:_identify(.) by extensions ['ros']
[1.988s] Level 1:colcon.colcon_core.package_identification:_identify(.) by extension 'ros'
[2.065s] Level 1:colcon.colcon_core.package_identification:_identify(.) by extensions ['cmake', 'python']
[2.065s] Level 1:colcon.colcon_core.package_identification:_identify(.) by extension 'cmake'
[2.066s] Level 1:colcon.colcon_core.package_identification:_identify(.) by extension 'python'
[2.066s] Level 1:colcon.colcon_core.package_identification:_identify(.) by extensions ['python_setup_py']
[2.066s] Level 1:colcon.colcon_core.package_identification:_identify(.) by extension 'python_setup_py'
[2.066s] Level 1:colcon.colcon_core.package_identification:_identify(build) by extensions ['ignore', 'ignore_ament_install']
[2.067s] Level 1:colcon.colcon_core.package_identification:_identify(build) by extension 'ignore'
[2.067s] Level 1:colcon.colcon_core.package_identification:_identify(build) ignored
[2.068s] Level 1:colcon.colcon_core.package_identification:_identify(install) by extensions ['ignore', 'ignore_ament_install']
[2.068s] Level 1:colcon.colcon_core.package_identification:_identify(install) by extension 'ignore'
[2.068s] Level 1:colcon.colcon_core.package_identification:_identify(install) ignored
[2.069s] Level 1:colcon.colcon_core.package_identification:_identify(log) by extensions ['ignore', 'ignore_ament_install']
[2.069s] Level 1:colcon.colcon_core.package_identification:_identify(log) by extension 'ignore'
[2.069s] Level 1:colcon.colcon_core.package_identification:_identify(log) ignored
[2.069s] Level 1:colcon.colcon_core.package_identification:_identify(src) by extensions ['ignore', 'ignore_ament_install']
[2.070s] Level 1:colcon.colcon_core.package_identification:_identify(src) by extension 'ignore'
[2.070s] Level 1:colcon.colcon_core.package_identification:_identify(src) by extension 'ignore_ament_install'
[2.070s] Level 1:colcon.colcon_core.package_identification:_identify(src) by extensions ['colcon_pkg']
[2.070s] Level 1:colcon.colcon_core.package_identification:_identify(src) by extension 'colcon_pkg'
[2.070s] Level 1:colcon.colcon_core.package_identification:_identify(src) by extensions ['colcon_meta']
[2.071s] Level 1:colcon.colcon_core.package_identification:_identify(src) by extension 'colcon_meta'
[2.071s] Level 1:colcon.colcon_core.package_identification:_identify(src) by extensions ['ros']
[2.071s] Level 1:colcon.colcon_core.package_identification:_identify(src) by extension 'ros'
[2.071s] Level 1:colcon.colcon_core.package_identification:_identify(src) by extensions ['cmake', 'python']
[2.071s] Level 1:colcon.colcon_core.package_identification:_identify(src) by extension 'cmake'
[2.072s] Level 1:colcon.colcon_core.package_identification:_identify(src) by extension 'python'
[2.072s] Level 1:colcon.colcon_core.package_identification:_identify(src) by extensions ['python_setup_py']
[2.072s] Level 1:colcon.colcon_core.package_identification:_identify(src) by extension 'python_setup_py'
[2.072s] Level 1:colcon.colcon_core.package_identification:_identify(src/encoder_reader) by extensions ['ignore', 'ignore_ament_install']
[2.073s] Level 1:colcon.colcon_core.package_identification:_identify(src/encoder_reader) by extension 'ignore'
[2.073s] Level 1:colcon.colcon_core.package_identification:_identify(src/encoder_reader) by extension 'ignore_ament_install'
[2.073s] Level 1:colcon.colcon_core.package_identification:_identify(src/encoder_reader) by extensions ['colcon_pkg']
[2.073s] Level 1:colcon.colcon_core.package_identification:_identify(src/encoder_reader) by extension 'colcon_pkg'
[2.073s] Level 1:colcon.colcon_core.package_identification:_identify(src/encoder_reader) by extensions ['colcon_meta']
[2.073s] Level 1:colcon.colcon_core.package_identification:_identify(src/encoder_reader) by extension 'colcon_meta'
[2.074s] Level 1:colcon.colcon_core.package_identification:_identify(src/encoder_reader) by extensions ['ros']
[2.074s] Level 1:colcon.colcon_core.package_identification:_identify(src/encoder_reader) by extension 'ros'
[2.089s] DEBUG:colcon.colcon_core.package_identification:Package 'src/encoder_reader' with type 'ros.ament_python' and name 'encoder_reader'
[2.091s] Level 1:colcon.colcon_core.package_identification:_identify(src/motor_control) by extensions ['ignore', 'ignore_ament_install']
[2.092s] Level 1:colcon.colcon_core.package_identification:_identify(src/motor_control) by extension 'ignore'
[2.092s] Level 1:colcon.colcon_core.package_identification:_identify(src/motor_control) by extension 'ignore_ament_install'
[2.092s] Level 1:colcon.colcon_core.package_identification:_identify(src/motor_control) by extensions ['colcon_pkg']
[2.092s] Level 1:colcon.colcon_core.package_identification:_identify(src/motor_control) by extension 'colcon_pkg'
[2.093s] Level 1:colcon.colcon_core.package_identification:_identify(src/motor_control) by extensions ['colcon_meta']
[2.093s] Level 1:colcon.colcon_core.package_identification:_identify(src/motor_control) by extension 'colcon_meta'
[2.093s] Level 1:colcon.colcon_core.package_identification:_identify(src/motor_control) by extensions ['ros']
[2.093s] Level 1:colcon.colcon_core.package_identification:_identify(src/motor_control) by extension 'ros'
[2.097s] DEBUG:colcon.colcon_core.package_identification:Package 'src/motor_control' with type 'ros.ament_python' and name 'motor_control'
[2.098s] Level 1:colcon.colcon_core.package_discovery:discover_packages(recursive) using defaults
[2.098s] Level 1:colcon.colcon_core.package_discovery:discover_packages(ignore) discover
[2.098s] Level 1:colcon.colcon_core.package_discovery:discover_packages(ignore) using defaults
[2.098s] Level 1:colcon.colcon_core.package_discovery:discover_packages(path) discover
[2.098s] Level 1:colcon.colcon_core.package_discovery:discover_packages(path) using defaults
[2.219s] Level 1:colcon.colcon_core.package_discovery:discover_packages(prefix_path) check parameters
[2.219s] Level 1:colcon.colcon_core.package_discovery:discover_packages(prefix_path) discover
[2.235s] DEBUG:colcon.colcon_installed_package_information.package_discovery:Found 2 installed packages in /home/muc/MUC-Hardware-/muc_ws_rpi/install
[2.245s] DEBUG:colcon.colcon_installed_package_information.package_discovery:Found 270 installed packages in /opt/ros/humble
[2.252s] Level 1:colcon.colcon_core.package_discovery:discover_packages(prefix_path) using defaults
[2.459s] Level 5:colcon.colcon_core.verb:set package 'encoder_reader' build argument 'cmake_args' from command line to 'None'
[2.459s] Level 5:colcon.colcon_core.verb:set package 'encoder_reader' build argument 'cmake_target' from command line to 'None'
[2.459s] Level 5:colcon.colcon_core.verb:set package 'encoder_reader' build argument 'cmake_target_skip_unavailable' from command line to 'False'
[2.459s] Level 5:colcon.colcon_core.verb:set package 'encoder_reader' build argument 'cmake_clean_cache' from command line to 'False'
[2.460s] Level 5:colcon.colcon_core.verb:set package 'encoder_reader' build argument 'cmake_clean_first' from command line to 'False'
[2.460s] Level 5:colcon.colcon_core.verb:set package 'encoder_reader' build argument 'cmake_force_configure' from command line to 'False'
[2.460s] Level 5:colcon.colcon_core.verb:set package 'encoder_reader' build argument 'ament_cmake_args' from command line to 'None'
[2.460s] Level 5:colcon.colcon_core.verb:set package 'encoder_reader' build argument 'catkin_cmake_args' from command line to 'None'
[2.460s] Level 5:colcon.colcon_core.verb:set package 'encoder_reader' build argument 'catkin_skip_building_tests' from command line to 'False'
[2.460s] DEBUG:colcon.colcon_core.verb:Building package 'encoder_reader' with the following arguments: {'ament_cmake_args': None, 'build_base': '/home/muc/MUC-Hardware-/muc_ws_rpi/build/encoder_reader', 'catkin_cmake_args': None, 'catkin_skip_building_tests': False, 'cmake_args': None, 'cmake_clean_cache': False, 'cmake_clean_first': False, 'cmake_force_configure': False, 'cmake_target': None, 'cmake_target_skip_unavailable': False, 'install_base': '/home/muc/MUC-Hardware-/muc_ws_rpi/install/encoder_reader', 'merge_install': False, 'path': '/home/muc/MUC-Hardware-/muc_ws_rpi/src/encoder_reader', 'symlink_install': False, 'test_result_base': None}
[2.461s] Level 5:colcon.colcon_core.verb:set package 'motor_control' build argument 'cmake_args' from command line to 'None'
[2.462s] Level 5:colcon.colcon_core.verb:set package 'motor_control' build argument 'cmake_target' from command line to 'None'
[2.462s] Level 5:colcon.colcon_core.verb:set package 'motor_control' build argument 'cmake_target_skip_unavailable' from command line to 'False'
[2.462s] Level 5:colcon.colcon_core.verb:set package 'motor_control' build argument 'cmake_clean_cache' from command line to 'False'
[2.462s] Level 5:colcon.colcon_core.verb:set package 'motor_control' build argument 'cmake_clean_first' from command line to 'False'
[2.462s] Level 5:colcon.colcon_core.verb:set package 'motor_control' build argument 'cmake_force_configure' from command line to 'False'
[2.462s] Level 5:colcon.colcon_core.verb:set package 'motor_control' build argument 'ament_cmake_args' from command line to 'None'
[2.462s] Level 5:colcon.colcon_core.verb:set package 'motor_control' build argument 'catkin_cmake_args' from command line to 'None'
[2.462s] Level 5:colcon.colcon_core.verb:set package 'motor_control' build argument 'catkin_skip_building_tests' from command line to 'False'
[2.463s] DEBUG:colcon.colcon_core.verb:Building package 'motor_control' with the following arguments: {'ament_cmake_args': None, 'build_base': '/home/muc/MUC-Hardware-/muc_ws_rpi/build/motor_control', 'catkin_cmake_args': None, 'catkin_skip_building_tests': False, 'cmake_args': None, 'cmake_clean_cache': False, 'cmake_clean_first': False, 'cmake_force_configure': False, 'cmake_target': None, 'cmake_target_skip_unavailable': False, 'install_base': '/home/muc/MUC-Hardware-/muc_ws_rpi/install/motor_control', 'merge_install': False, 'path': '/home/muc/MUC-Hardware-/muc_ws_rpi/src/motor_control', 'symlink_install': False, 'test_result_base': None}
[2.463s] INFO:colcon.colcon_core.executor:Executing jobs using 'parallel' executor
[2.466s] DEBUG:colcon.colcon_parallel_executor.executor.parallel:run_until_complete
[2.467s] INFO:colcon.colcon_ros.task.ament_python.build:Building ROS package in '/home/muc/MUC-Hardware-/muc_ws_rpi/src/encoder_reader' with build type 'ament_python'
[2.468s] Level 1:colcon.colcon_core.shell:create_environment_hook('encoder_reader', 'ament_prefix_path')
[2.491s] INFO:colcon.colcon_core.plugin_system:Skipping extension 'colcon_core.shell.bat': Not used on non-Windows systems
[2.492s] INFO:colcon.colcon_core.shell:Creating environment hook '/home/muc/MUC-Hardware-/muc_ws_rpi/install/encoder_reader/share/encoder_reader/hook/ament_prefix_path.ps1'
[2.497s] INFO:colcon.colcon_core.shell:Creating environment descriptor '/home/muc/MUC-Hardware-/muc_ws_rpi/install/encoder_reader/share/encoder_reader/hook/ament_prefix_path.dsv'
[2.502s] INFO:colcon.colcon_core.shell:Creating environment hook '/home/muc/MUC-Hardware-/muc_ws_rpi/install/encoder_reader/share/encoder_reader/hook/ament_prefix_path.sh'
[2.508s] INFO:colcon.colcon_core.shell:Skip shell extension 'powershell' for command environment: Not usable outside of PowerShell
[2.508s] DEBUG:colcon.colcon_core.shell:Skip shell extension 'dsv' for command environment
[2.531s] INFO:colcon.colcon_ros.task.ament_python.build:Building ROS package in '/home/muc/MUC-Hardware-/muc_ws_rpi/src/motor_control' with build type 'ament_python'
[2.531s] Level 1:colcon.colcon_core.shell:create_environment_hook('motor_control', 'ament_prefix_path')
[2.533s] INFO:colcon.colcon_core.shell:Creating environment hook '/home/muc/MUC-Hardware-/muc_ws_rpi/install/motor_control/share/motor_control/hook/ament_prefix_path.ps1'
[2.536s] INFO:colcon.colcon_core.shell:Creating environment descriptor '/home/muc/MUC-Hardware-/muc_ws_rpi/install/motor_control/share/motor_control/hook/ament_prefix_path.dsv'
[2.538s] INFO:colcon.colcon_core.shell:Creating environment hook '/home/muc/MUC-Hardware-/muc_ws_rpi/install/motor_control/share/motor_control/hook/ament_prefix_path.sh'
[2.541s] INFO:colcon.colcon_core.shell:Skip shell extension 'powershell' for command environment: Not usable outside of PowerShell
[2.541s] DEBUG:colcon.colcon_core.shell:Skip shell extension 'dsv' for command environment
[3.693s] INFO:colcon.colcon_core.task.python.build:Building Python package in '/home/muc/MUC-Hardware-/muc_ws_rpi/src/encoder_reader'
[3.694s] INFO:colcon.colcon_core.shell:Skip shell extension 'powershell' for command environment: Not usable outside of PowerShell
[3.694s] DEBUG:colcon.colcon_core.shell:Skip shell extension 'dsv' for command environment
[4.831s] INFO:colcon.colcon_core.task.python.build:Building Python package in '/home/muc/MUC-Hardware-/muc_ws_rpi/src/motor_control'
[4.832s] INFO:colcon.colcon_core.shell:Skip shell extension 'powershell' for command environment: Not usable outside of PowerShell
[4.832s] DEBUG:colcon.colcon_core.shell:Skip shell extension 'dsv' for command environment
[6.711s] DEBUG:colcon.colcon_core.event_handler.log_command:Invoking command in '/home/muc/MUC-Hardware-/muc_ws_rpi/src/encoder_reader': PYTHONPATH=/home/muc/MUC-Hardware-/muc_ws_rpi/build/encoder_reader/prefix_override:/usr/lib/python3/dist-packages/colcon_core/task/python/colcon_distutils_commands:/home/muc/MUC-Hardware-/muc_ws_rpi/install/encoder_reader/lib/python3.10/site-packages:${PYTHONPATH} /usr/bin/python3 -W ignore:setup.py install is deprecated setup.py egg_info --egg-base ../../build/encoder_reader build --build-base /home/muc/MUC-Hardware-/muc_ws_rpi/build/encoder_reader/build install --record /home/muc/MUC-Hardware-/muc_ws_rpi/build/encoder_reader/install.log --single-version-externally-managed install_data
[6.734s] DEBUG:colcon.colcon_core.event_handler.log_command:Invoking command in '/home/muc/MUC-Hardware-/muc_ws_rpi/src/motor_control': PYTHONPATH=/home/muc/MUC-Hardware-/muc_ws_rpi/build/motor_control/prefix_override:/usr/lib/python3/dist-packages/colcon_core/task/python/colcon_distutils_commands:/home/muc/MUC-Hardware-/muc_ws_rpi/install/motor_control/lib/python3.10/site-packages:${PYTHONPATH} /usr/bin/python3 -W ignore:setup.py install is deprecated setup.py egg_info --egg-base ../../build/motor_control build --build-base /home/muc/MUC-Hardware-/muc_ws_rpi/build/motor_control/build install --record /home/muc/MUC-Hardware-/muc_ws_rpi/build/motor_control/install.log --single-version-externally-managed install_data
[8.216s] DEBUG:colcon.colcon_core.event_handler.log_command:Invoked command in '/home/muc/MUC-Hardware-/muc_ws_rpi/src/encoder_reader' returned '0': PYTHONPATH=/home/muc/MUC-Hardware-/muc_ws_rpi/build/encoder_reader/prefix_override:/usr/lib/python3/dist-packages/colcon_core/task/python/colcon_distutils_commands:/home/muc/MUC-Hardware-/muc_ws_rpi/install/encoder_reader/lib/python3.10/site-packages:${PYTHONPATH} /usr/bin/python3 -W ignore:setup.py install is deprecated setup.py egg_info --egg-base ../../build/encoder_reader build --build-base /home/muc/MUC-Hardware-/muc_ws_rpi/build/encoder_reader/build install --record /home/muc/MUC-Hardware-/muc_ws_rpi/build/encoder_reader/install.log --single-version-externally-managed install_data
[8.245s] Level 1:colcon.colcon_core.environment:checking '/home/muc/MUC-Hardware-/muc_ws_rpi/install/encoder_reader' for CMake module files
[8.248s] Level 1:colcon.colcon_core.environment:checking '/home/muc/MUC-Hardware-/muc_ws_rpi/install/encoder_reader' for CMake config files
[8.253s] Level 1:colcon.colcon_core.environment:checking '/home/muc/MUC-Hardware-/muc_ws_rpi/install/encoder_reader/lib'
[8.254s] Level 1:colcon.colcon_core.environment:checking '/home/muc/MUC-Hardware-/muc_ws_rpi/install/encoder_reader/bin'
[8.254s] Level 1:colcon.colcon_core.environment:checking '/home/muc/MUC-Hardware-/muc_ws_rpi/install/encoder_reader/lib/pkgconfig/encoder_reader.pc'
[8.255s] Level 1:colcon.colcon_core.environment:checking '/home/muc/MUC-Hardware-/muc_ws_rpi/install/encoder_reader/lib/python3.10/site-packages'
[8.255s] Level 1:colcon.colcon_core.shell:create_environment_hook('encoder_reader', 'pythonpath')
[8.257s] INFO:colcon.colcon_core.shell:Creating environment hook '/home/muc/MUC-Hardware-/muc_ws_rpi/install/encoder_reader/share/encoder_reader/hook/pythonpath.ps1'
[8.259s] INFO:colcon.colcon_core.shell:Creating environment descriptor '/home/muc/MUC-Hardware-/muc_ws_rpi/install/encoder_reader/share/encoder_reader/hook/pythonpath.dsv'
[8.261s] INFO:colcon.colcon_core.shell:Creating environment hook '/home/muc/MUC-Hardware-/muc_ws_rpi/install/encoder_reader/share/encoder_reader/hook/pythonpath.sh'
[8.263s] Level 1:colcon.colcon_core.environment:checking '/home/muc/MUC-Hardware-/muc_ws_rpi/install/encoder_reader/bin'
[8.264s] Level 1:colcon.colcon_core.environment:create_environment_scripts_only(encoder_reader)
[8.265s] INFO:colcon.colcon_core.shell:Creating package script '/home/muc/MUC-Hardware-/muc_ws_rpi/install/encoder_reader/share/encoder_reader/package.ps1'
[8.270s] INFO:colcon.colcon_core.shell:Creating package descriptor '/home/muc/MUC-Hardware-/muc_ws_rpi/install/encoder_reader/share/encoder_reader/package.dsv'
[8.274s] INFO:colcon.colcon_core.shell:Creating package script '/home/muc/MUC-Hardware-/muc_ws_rpi/install/encoder_reader/share/encoder_reader/package.sh'
[8.278s] INFO:colcon.colcon_core.shell:Creating package script '/home/muc/MUC-Hardware-/muc_ws_rpi/install/encoder_reader/share/encoder_reader/package.bash'
[8.283s] INFO:colcon.colcon_core.shell:Creating package script '/home/muc/MUC-Hardware-/muc_ws_rpi/install/encoder_reader/share/encoder_reader/package.zsh'
[8.287s] Level 1:colcon.colcon_core.environment:create_file_with_runtime_dependencies(/home/muc/MUC-Hardware-/muc_ws_rpi/install/encoder_reader/share/colcon-core/packages/encoder_reader)
[8.292s] Level 1:colcon.colcon_core.environment:checking '/home/muc/MUC-Hardware-/muc_ws_rpi/install/motor_control' for CMake module files
[8.295s] DEBUG:colcon.colcon_core.event_handler.log_command:Invoked command in '/home/muc/MUC-Hardware-/muc_ws_rpi/src/motor_control' returned '0': PYTHONPATH=/home/muc/MUC-Hardware-/muc_ws_rpi/build/motor_control/prefix_override:/usr/lib/python3/dist-packages/colcon_core/task/python/colcon_distutils_commands:/home/muc/MUC-Hardware-/muc_ws_rpi/install/motor_control/lib/python3.10/site-packages:${PYTHONPATH} /usr/bin/python3 -W ignore:setup.py install is deprecated setup.py egg_info --egg-base ../../build/motor_control build --build-base /home/muc/MUC-Hardware-/muc_ws_rpi/build/motor_control/build install --record /home/muc/MUC-Hardware-/muc_ws_rpi/build/motor_control/install.log --single-version-externally-managed install_data
[8.297s] Level 1:colcon.colcon_core.environment:checking '/home/muc/MUC-Hardware-/muc_ws_rpi/install/motor_control' for CMake config files
[8.300s] Level 1:colcon.colcon_core.environment:checking '/home/muc/MUC-Hardware-/muc_ws_rpi/install/motor_control/lib'
[8.301s] Level 1:colcon.colcon_core.environment:checking '/home/muc/MUC-Hardware-/muc_ws_rpi/install/motor_control/bin'
[8.301s] Level 1:colcon.colcon_core.environment:checking '/home/muc/MUC-Hardware-/muc_ws_rpi/install/motor_control/lib/pkgconfig/motor_control.pc'
[8.302s] Level 1:colcon.colcon_core.environment:checking '/home/muc/MUC-Hardware-/muc_ws_rpi/install/motor_control/lib/python3.10/site-packages'
[8.302s] Level 1:colcon.colcon_core.shell:create_environment_hook('motor_control', 'pythonpath')
[8.303s] INFO:colcon.colcon_core.shell:Creating environment hook '/home/muc/MUC-Hardware-/muc_ws_rpi/install/motor_control/share/motor_control/hook/pythonpath.ps1'
[8.305s] INFO:colcon.colcon_core.shell:Creating environment descriptor '/home/muc/MUC-Hardware-/muc_ws_rpi/install/motor_control/share/motor_control/hook/pythonpath.dsv'
[8.307s] INFO:colcon.colcon_core.shell:Creating environment hook '/home/muc/MUC-Hardware-/muc_ws_rpi/install/motor_control/share/motor_control/hook/pythonpath.sh'
[8.311s] Level 1:colcon.colcon_core.environment:checking '/home/muc/MUC-Hardware-/muc_ws_rpi/install/motor_control/bin'
[8.311s] Level 1:colcon.colcon_core.environment:create_environment_scripts_only(motor_control)
[8.313s] INFO:colcon.colcon_core.shell:Creating package script '/home/muc/MUC-Hardware-/muc_ws_rpi/install/motor_control/share/motor_control/package.ps1'
[8.315s] INFO:colcon.colcon_core.shell:Creating package descriptor '/home/muc/MUC-Hardware-/muc_ws_rpi/install/motor_control/share/motor_control/package.dsv'
[8.317s] INFO:colcon.colcon_core.shell:Creating package script '/home/muc/MUC-Hardware-/muc_ws_rpi/install/motor_control/share/motor_control/package.sh'
[8.319s] INFO:colcon.colcon_core.shell:Creating package script '/home/muc/MUC-Hardware-/muc_ws_rpi/install/motor_control/share/motor_control/package.bash'
[8.321s] INFO:colcon.colcon_core.shell:Creating package script '/home/muc/MUC-Hardware-/muc_ws_rpi/install/motor_control/share/motor_control/package.zsh'
[8.323s] Level 1:colcon.colcon_core.environment:create_file_with_runtime_dependencies(/home/muc/MUC-Hardware-/muc_ws_rpi/install/motor_control/share/colcon-core/packages/motor_control)
[8.324s] DEBUG:colcon.colcon_parallel_executor.executor.parallel:closing loop
[8.326s] DEBUG:colcon.colcon_parallel_executor.executor.parallel:loop closed
[8.326s] DEBUG:colcon.colcon_parallel_executor.executor.parallel:run_until_complete finished with '0'
[8.326s] DEBUG:colcon.colcon_core.event_reactor:joining thread
[8.354s] INFO:colcon.colcon_core.plugin_system:Skipping extension 'colcon_notification.desktop_notification.terminal_notifier': Not used on non-Darwin systems
[8.354s] INFO:colcon.colcon_core.plugin_system:Skipping extension 'colcon_notification.desktop_notification.win32': Not used on non-Windows systems
[8.354s] INFO:colcon.colcon_notification.desktop_notification:Sending desktop notification using 'notify2'
[8.355s] DEBUG:colcon.colcon_notification.desktop_notification.notify2:Failed to initialize notify2: org.freedesktop.DBus.Error.NotSupported: Unable to autolaunch a dbus-daemon without a $DISPLAY for X11
[8.355s] DEBUG:colcon.colcon_core.event_reactor:joined thread
[8.356s] INFO:colcon.colcon_core.shell:Creating prefix script '/home/muc/MUC-Hardware-/muc_ws_rpi/install/local_setup.ps1'
[8.363s] INFO:colcon.colcon_core.shell:Creating prefix util module '/home/muc/MUC-Hardware-/muc_ws_rpi/install/_local_setup_util_ps1.py'
[8.372s] INFO:colcon.colcon_core.shell:Creating prefix chain script '/home/muc/MUC-Hardware-/muc_ws_rpi/install/setup.ps1'
[8.380s] INFO:colcon.colcon_core.shell:Creating prefix script '/home/muc/MUC-Hardware-/muc_ws_rpi/install/local_setup.sh'
[8.384s] INFO:colcon.colcon_core.shell:Creating prefix util module '/home/muc/MUC-Hardware-/muc_ws_rpi/install/_local_setup_util_sh.py'
[8.386s] INFO:colcon.colcon_core.shell:Creating prefix chain script '/home/muc/MUC-Hardware-/muc_ws_rpi/install/setup.sh'
[8.392s] INFO:colcon.colcon_core.shell:Creating prefix script '/home/muc/MUC-Hardware-/muc_ws_rpi/install/local_setup.bash'
[8.396s] INFO:colcon.colcon_core.shell:Creating prefix chain script '/home/muc/MUC-Hardware-/muc_ws_rpi/install/setup.bash'
[8.401s] INFO:colcon.colcon_core.shell:Creating prefix script '/home/muc/MUC-Hardware-/muc_ws_rpi/install/local_setup.zsh'
[8.404s] INFO:colcon.colcon_core.shell:Creating prefix chain script '/home/muc/MUC-Hardware-/muc_ws_rpi/install/setup.zsh'
