[0.056s] DEBUG:colcon:Command line arguments: ['/usr/bin/colcon', 'build']
[0.056s] DEBUG:colcon:Parsed command line arguments: Namespace(log_base=None, log_level=None, verb_name='build', build_base='build', install_base='install', merge_install=False, symlink_install=False, test_result_base=None, continue_on_error=False, executor='parallel', parallel_workers=16, event_handlers=None, ignore_user_meta=False, metas=['./colcon.meta'], base_paths=['.'], packages_ignore=None, packages_ignore_regex=None, paths=None, packages_up_to=None, packages_up_to_regex=None, packages_above=None, packages_above_and_dependencies=None, packages_above_depth=None, packages_select_by_dep=None, packages_skip_by_dep=None, packages_skip_up_to=None, packages_select_build_failed=False, packages_skip_build_finished=False, packages_select_test_failures=False, packages_skip_test_passed=False, packages_select=None, packages_skip=None, packages_select_regex=None, packages_skip_regex=None, packages_start=None, packages_end=None, allow_overriding=[], cmake_args=None, cmake_target=None, cmake_target_skip_unavailable=False, cmake_clean_cache=False, cmake_clean_first=False, cmake_force_configure=False, ament_cmake_args=None, catkin_cmake_args=None, catkin_skip_building_tests=False, mixin_files=None, mixin=None, verb_parser=<colcon_mixin.mixin.mixin_argument.MixinArgumentDecorator object at 0x7ade0e03f220>, verb_extension=<colcon_core.verb.build.BuildVerb object at 0x7ade0e03ec50>, main=<bound method BuildVerb.main of <colcon_core.verb.build.BuildVerb object at 0x7ade0e03ec50>>, mixin_verb=('build',))
[0.143s] Level 1:colcon.colcon_core.package_discovery:discover_packages(colcon_meta) check parameters
[0.143s] Level 1:colcon.colcon_core.package_discovery:discover_packages(recursive) check parameters
[0.143s] Level 1:colcon.colcon_core.package_discovery:discover_packages(ignore) check parameters
[0.143s] Level 1:colcon.colcon_core.package_discovery:discover_packages(path) check parameters
[0.143s] Level 1:colcon.colcon_core.package_discovery:discover_packages(colcon_meta) discover
[0.143s] Level 1:colcon.colcon_core.package_discovery:discover_packages(recursive) discover
[0.143s] INFO:colcon.colcon_core.package_discovery:Crawling recursively for packages in '/home/anirudh/MUC-Hardware/rplidar_ros'
[0.144s] Level 1:colcon.colcon_core.package_identification:_identify(.) by extensions ['ignore', 'ignore_ament_install']
[0.144s] Level 1:colcon.colcon_core.package_identification:_identify(.) by extension 'ignore'
[0.144s] Level 1:colcon.colcon_core.package_identification:_identify(.) by extension 'ignore_ament_install'
[0.144s] Level 1:colcon.colcon_core.package_identification:_identify(.) by extensions ['colcon_pkg']
[0.144s] Level 1:colcon.colcon_core.package_identification:_identify(.) by extension 'colcon_pkg'
[0.144s] Level 1:colcon.colcon_core.package_identification:_identify(.) by extensions ['colcon_meta']
[0.144s] Level 1:colcon.colcon_core.package_identification:_identify(.) by extension 'colcon_meta'
[0.144s] Level 1:colcon.colcon_core.package_identification:_identify(.) by extensions ['ros']
[0.144s] Level 1:colcon.colcon_core.package_identification:_identify(.) by extension 'ros'
[0.151s] DEBUG:colcon.colcon_core.package_identification:Package '.' with type 'ros.ament_cmake' and name 'rplidar_ros'
[0.151s] Level 1:colcon.colcon_core.package_discovery:discover_packages(recursive) using defaults
[0.151s] Level 1:colcon.colcon_core.package_discovery:discover_packages(ignore) discover
[0.151s] Level 1:colcon.colcon_core.package_discovery:discover_packages(ignore) using defaults
[0.151s] Level 1:colcon.colcon_core.package_discovery:discover_packages(path) discover
[0.151s] Level 1:colcon.colcon_core.package_discovery:discover_packages(path) using defaults
[0.167s] Level 1:colcon.colcon_core.package_discovery:discover_packages(prefix_path) check parameters
[0.167s] Level 1:colcon.colcon_core.package_discovery:discover_packages(prefix_path) discover
[0.168s] DEBUG:colcon.colcon_installed_package_information.package_discovery:Found 1 installed packages in /home/anirudh/cognipilot/electrode/install
[0.168s] DEBUG:colcon.colcon_installed_package_information.package_discovery:Found 17 installed packages in /home/anirudh/cognipilot/cranium/install
[0.169s] DEBUG:colcon.colcon_installed_package_information.package_discovery:Found 329 installed packages in /opt/ros/humble
[0.170s] Level 1:colcon.colcon_core.package_discovery:discover_packages(prefix_path) using defaults
[0.190s] Level 5:colcon.colcon_core.verb:set package 'rplidar_ros' build argument 'cmake_args' from command line to 'None'
[0.190s] Level 5:colcon.colcon_core.verb:set package 'rplidar_ros' build argument 'cmake_target' from command line to 'None'
[0.190s] Level 5:colcon.colcon_core.verb:set package 'rplidar_ros' build argument 'cmake_target_skip_unavailable' from command line to 'False'
[0.190s] Level 5:colcon.colcon_core.verb:set package 'rplidar_ros' build argument 'cmake_clean_cache' from command line to 'False'
[0.190s] Level 5:colcon.colcon_core.verb:set package 'rplidar_ros' build argument 'cmake_clean_first' from command line to 'False'
[0.190s] Level 5:colcon.colcon_core.verb:set package 'rplidar_ros' build argument 'cmake_force_configure' from command line to 'False'
[0.190s] Level 5:colcon.colcon_core.verb:set package 'rplidar_ros' build argument 'ament_cmake_args' from command line to 'None'
[0.190s] Level 5:colcon.colcon_core.verb:set package 'rplidar_ros' build argument 'catkin_cmake_args' from command line to 'None'
[0.190s] Level 5:colcon.colcon_core.verb:set package 'rplidar_ros' build argument 'catkin_skip_building_tests' from command line to 'False'
[0.190s] DEBUG:colcon.colcon_core.verb:Building package 'rplidar_ros' with the following arguments: {'ament_cmake_args': None, 'build_base': '/home/anirudh/MUC-Hardware/rplidar_ros/build/rplidar_ros', 'catkin_cmake_args': None, 'catkin_skip_building_tests': False, 'cmake_args': None, 'cmake_clean_cache': False, 'cmake_clean_first': False, 'cmake_force_configure': False, 'cmake_target': None, 'cmake_target_skip_unavailable': False, 'install_base': '/home/anirudh/MUC-Hardware/rplidar_ros/install/rplidar_ros', 'merge_install': False, 'path': '/home/anirudh/MUC-Hardware/rplidar_ros', 'symlink_install': False, 'test_result_base': None}
[0.190s] INFO:colcon.colcon_core.executor:Executing jobs using 'parallel' executor
[0.191s] DEBUG:colcon.colcon_parallel_executor.executor.parallel:run_until_complete
[0.191s] INFO:colcon.colcon_ros.task.ament_cmake.build:Building ROS package in '/home/anirudh/MUC-Hardware/rplidar_ros' with build type 'ament_cmake'
[0.191s] INFO:colcon.colcon_cmake.task.cmake.build:Building CMake package in '/home/anirudh/MUC-Hardware/rplidar_ros'
[0.192s] INFO:colcon.colcon_core.plugin_system:Skipping extension 'colcon_core.shell.bat': Not used on non-Windows systems
[0.192s] INFO:colcon.colcon_core.shell:Skip shell extension 'powershell' for command environment: Not usable outside of PowerShell
[0.192s] DEBUG:colcon.colcon_core.shell:Skip shell extension 'dsv' for command environment
[0.207s] DEBUG:colcon.colcon_core.event_handler.log_command:Invoking command in '/home/anirudh/MUC-Hardware/rplidar_ros/build/rplidar_ros': CMAKE_PREFIX_PATH=${CMAKE_PREFIX_PATH}:/home/anirudh/cognipilot/cranium/install/nxp_cup_vision:/home/anirudh/cognipilot/cranium/install/b3rb_ros_line_follower:/opt/ros/humble /usr/bin/cmake /home/anirudh/MUC-Hardware/rplidar_ros -DCMAKE_INSTALL_PREFIX=/home/anirudh/MUC-Hardware/rplidar_ros/install/rplidar_ros
[1.283s] DEBUG:colcon.colcon_core.event_handler.log_command:Invoked command in '/home/anirudh/MUC-Hardware/rplidar_ros/build/rplidar_ros' returned '0': CMAKE_PREFIX_PATH=${CMAKE_PREFIX_PATH}:/home/anirudh/cognipilot/cranium/install/nxp_cup_vision:/home/anirudh/cognipilot/cranium/install/b3rb_ros_line_follower:/opt/ros/humble /usr/bin/cmake /home/anirudh/MUC-Hardware/rplidar_ros -DCMAKE_INSTALL_PREFIX=/home/anirudh/MUC-Hardware/rplidar_ros/install/rplidar_ros
[1.284s] DEBUG:colcon.colcon_core.event_handler.log_command:Invoking command in '/home/anirudh/MUC-Hardware/rplidar_ros/build/rplidar_ros': CMAKE_PREFIX_PATH=${CMAKE_PREFIX_PATH}:/home/anirudh/cognipilot/cranium/install/nxp_cup_vision:/home/anirudh/cognipilot/cranium/install/b3rb_ros_line_follower:/opt/ros/humble /usr/bin/cmake --build /home/anirudh/MUC-Hardware/rplidar_ros/build/rplidar_ros -- -j16 -l16
[6.464s] DEBUG:colcon.colcon_core.event_handler.log_command:Invoked command in '/home/anirudh/MUC-Hardware/rplidar_ros/build/rplidar_ros' returned '0': CMAKE_PREFIX_PATH=${CMAKE_PREFIX_PATH}:/home/anirudh/cognipilot/cranium/install/nxp_cup_vision:/home/anirudh/cognipilot/cranium/install/b3rb_ros_line_follower:/opt/ros/humble /usr/bin/cmake --build /home/anirudh/MUC-Hardware/rplidar_ros/build/rplidar_ros -- -j16 -l16
[6.470s] DEBUG:colcon.colcon_core.event_handler.log_command:Invoking command in '/home/anirudh/MUC-Hardware/rplidar_ros/build/rplidar_ros': CMAKE_PREFIX_PATH=${CMAKE_PREFIX_PATH}:/home/anirudh/cognipilot/cranium/install/nxp_cup_vision:/home/anirudh/cognipilot/cranium/install/b3rb_ros_line_follower:/opt/ros/humble /usr/bin/cmake --install /home/anirudh/MUC-Hardware/rplidar_ros/build/rplidar_ros
[6.483s] Level 1:colcon.colcon_core.environment:create_environment_scripts_only(rplidar_ros)
[6.484s] DEBUG:colcon.colcon_core.event_handler.log_command:Invoked command in '/home/anirudh/MUC-Hardware/rplidar_ros/build/rplidar_ros' returned '0': CMAKE_PREFIX_PATH=${CMAKE_PREFIX_PATH}:/home/anirudh/cognipilot/cranium/install/nxp_cup_vision:/home/anirudh/cognipilot/cranium/install/b3rb_ros_line_follower:/opt/ros/humble /usr/bin/cmake --install /home/anirudh/MUC-Hardware/rplidar_ros/build/rplidar_ros
[6.485s] Level 1:colcon.colcon_core.environment:checking '/home/anirudh/MUC-Hardware/rplidar_ros/install/rplidar_ros' for CMake module files
[6.486s] Level 1:colcon.colcon_core.environment:checking '/home/anirudh/MUC-Hardware/rplidar_ros/install/rplidar_ros' for CMake config files
[6.486s] Level 1:colcon.colcon_core.shell:create_environment_hook('rplidar_ros', 'cmake_prefix_path')
[6.486s] INFO:colcon.colcon_core.shell:Creating environment hook '/home/anirudh/MUC-Hardware/rplidar_ros/install/rplidar_ros/share/rplidar_ros/hook/cmake_prefix_path.ps1'
[6.487s] INFO:colcon.colcon_core.shell:Creating environment descriptor '/home/anirudh/MUC-Hardware/rplidar_ros/install/rplidar_ros/share/rplidar_ros/hook/cmake_prefix_path.dsv'
[6.487s] INFO:colcon.colcon_core.shell:Creating environment hook '/home/anirudh/MUC-Hardware/rplidar_ros/install/rplidar_ros/share/rplidar_ros/hook/cmake_prefix_path.sh'
[6.488s] Level 1:colcon.colcon_core.environment:checking '/home/anirudh/MUC-Hardware/rplidar_ros/install/rplidar_ros/lib'
[6.488s] Level 1:colcon.colcon_core.environment:checking '/home/anirudh/MUC-Hardware/rplidar_ros/install/rplidar_ros/bin'
[6.488s] Level 1:colcon.colcon_core.environment:checking '/home/anirudh/MUC-Hardware/rplidar_ros/install/rplidar_ros/lib/pkgconfig/rplidar_ros.pc'
[6.489s] Level 1:colcon.colcon_core.environment:checking '/home/anirudh/MUC-Hardware/rplidar_ros/install/rplidar_ros/lib/python3.10/site-packages'
[6.489s] Level 1:colcon.colcon_core.environment:checking '/home/anirudh/MUC-Hardware/rplidar_ros/install/rplidar_ros/bin'
[6.489s] INFO:colcon.colcon_core.shell:Creating package script '/home/anirudh/MUC-Hardware/rplidar_ros/install/rplidar_ros/share/rplidar_ros/package.ps1'
[6.489s] INFO:colcon.colcon_core.shell:Creating package descriptor '/home/anirudh/MUC-Hardware/rplidar_ros/install/rplidar_ros/share/rplidar_ros/package.dsv'
[6.490s] INFO:colcon.colcon_core.shell:Creating package script '/home/anirudh/MUC-Hardware/rplidar_ros/install/rplidar_ros/share/rplidar_ros/package.sh'
[6.490s] INFO:colcon.colcon_core.shell:Creating package script '/home/anirudh/MUC-Hardware/rplidar_ros/install/rplidar_ros/share/rplidar_ros/package.bash'
[6.490s] INFO:colcon.colcon_core.shell:Creating package script '/home/anirudh/MUC-Hardware/rplidar_ros/install/rplidar_ros/share/rplidar_ros/package.zsh'
[6.490s] Level 1:colcon.colcon_core.environment:create_file_with_runtime_dependencies(/home/anirudh/MUC-Hardware/rplidar_ros/install/rplidar_ros/share/colcon-core/packages/rplidar_ros)
[6.491s] Level 1:colcon.colcon_core.environment:create_environment_scripts_only(rplidar_ros)
[6.491s] Level 1:colcon.colcon_core.environment:checking '/home/anirudh/MUC-Hardware/rplidar_ros/install/rplidar_ros' for CMake module files
[6.491s] Level 1:colcon.colcon_core.environment:checking '/home/anirudh/MUC-Hardware/rplidar_ros/install/rplidar_ros' for CMake config files
[6.491s] Level 1:colcon.colcon_core.shell:create_environment_hook('rplidar_ros', 'cmake_prefix_path')
[6.491s] INFO:colcon.colcon_core.shell:Creating environment hook '/home/anirudh/MUC-Hardware/rplidar_ros/install/rplidar_ros/share/rplidar_ros/hook/cmake_prefix_path.ps1'
[6.491s] INFO:colcon.colcon_core.shell:Creating environment descriptor '/home/anirudh/MUC-Hardware/rplidar_ros/install/rplidar_ros/share/rplidar_ros/hook/cmake_prefix_path.dsv'
[6.492s] INFO:colcon.colcon_core.shell:Creating environment hook '/home/anirudh/MUC-Hardware/rplidar_ros/install/rplidar_ros/share/rplidar_ros/hook/cmake_prefix_path.sh'
[6.492s] Level 1:colcon.colcon_core.environment:checking '/home/anirudh/MUC-Hardware/rplidar_ros/install/rplidar_ros/lib'
[6.492s] Level 1:colcon.colcon_core.environment:checking '/home/anirudh/MUC-Hardware/rplidar_ros/install/rplidar_ros/bin'
[6.492s] Level 1:colcon.colcon_core.environment:checking '/home/anirudh/MUC-Hardware/rplidar_ros/install/rplidar_ros/lib/pkgconfig/rplidar_ros.pc'
[6.492s] Level 1:colcon.colcon_core.environment:checking '/home/anirudh/MUC-Hardware/rplidar_ros/install/rplidar_ros/lib/python3.10/site-packages'
[6.492s] Level 1:colcon.colcon_core.environment:checking '/home/anirudh/MUC-Hardware/rplidar_ros/install/rplidar_ros/bin'
[6.492s] INFO:colcon.colcon_core.shell:Creating package script '/home/anirudh/MUC-Hardware/rplidar_ros/install/rplidar_ros/share/rplidar_ros/package.ps1'
[6.492s] INFO:colcon.colcon_core.shell:Creating package descriptor '/home/anirudh/MUC-Hardware/rplidar_ros/install/rplidar_ros/share/rplidar_ros/package.dsv'
[6.493s] INFO:colcon.colcon_core.shell:Creating package script '/home/anirudh/MUC-Hardware/rplidar_ros/install/rplidar_ros/share/rplidar_ros/package.sh'
[6.493s] INFO:colcon.colcon_core.shell:Creating package script '/home/anirudh/MUC-Hardware/rplidar_ros/install/rplidar_ros/share/rplidar_ros/package.bash'
[6.493s] INFO:colcon.colcon_core.shell:Creating package script '/home/anirudh/MUC-Hardware/rplidar_ros/install/rplidar_ros/share/rplidar_ros/package.zsh'
[6.493s] Level 1:colcon.colcon_core.environment:create_file_with_runtime_dependencies(/home/anirudh/MUC-Hardware/rplidar_ros/install/rplidar_ros/share/colcon-core/packages/rplidar_ros)
[6.493s] DEBUG:colcon.colcon_parallel_executor.executor.parallel:closing loop
[6.493s] DEBUG:colcon.colcon_parallel_executor.executor.parallel:loop closed
[6.494s] DEBUG:colcon.colcon_parallel_executor.executor.parallel:run_until_complete finished with '0'
[6.494s] DEBUG:colcon.colcon_core.event_reactor:joining thread
[6.525s] INFO:colcon.colcon_core.plugin_system:Skipping extension 'colcon_notification.desktop_notification.terminal_notifier': Not used on non-Darwin systems
[6.525s] INFO:colcon.colcon_core.plugin_system:Skipping extension 'colcon_notification.desktop_notification.win32': Not used on non-Windows systems
[6.525s] INFO:colcon.colcon_notification.desktop_notification:Sending desktop notification using 'notify2'
[6.532s] DEBUG:colcon.colcon_core.event_reactor:joined thread
[6.532s] INFO:colcon.colcon_core.shell:Creating prefix script '/home/anirudh/MUC-Hardware/rplidar_ros/install/local_setup.ps1'
[6.533s] INFO:colcon.colcon_core.shell:Creating prefix util module '/home/anirudh/MUC-Hardware/rplidar_ros/install/_local_setup_util_ps1.py'
[6.533s] INFO:colcon.colcon_core.shell:Creating prefix chain script '/home/anirudh/MUC-Hardware/rplidar_ros/install/setup.ps1'
[6.534s] INFO:colcon.colcon_core.shell:Creating prefix script '/home/anirudh/MUC-Hardware/rplidar_ros/install/local_setup.sh'
[6.534s] INFO:colcon.colcon_core.shell:Creating prefix util module '/home/anirudh/MUC-Hardware/rplidar_ros/install/_local_setup_util_sh.py'
[6.535s] INFO:colcon.colcon_core.shell:Creating prefix chain script '/home/anirudh/MUC-Hardware/rplidar_ros/install/setup.sh'
[6.535s] INFO:colcon.colcon_core.shell:Creating prefix script '/home/anirudh/MUC-Hardware/rplidar_ros/install/local_setup.bash'
[6.536s] INFO:colcon.colcon_core.shell:Creating prefix chain script '/home/anirudh/MUC-Hardware/rplidar_ros/install/setup.bash'
[6.536s] INFO:colcon.colcon_core.shell:Creating prefix script '/home/anirudh/MUC-Hardware/rplidar_ros/install/local_setup.zsh'
[6.536s] INFO:colcon.colcon_core.shell:Creating prefix chain script '/home/anirudh/MUC-Hardware/rplidar_ros/install/setup.zsh'
