[0.800s] Invoking command in '/home/gnanasai/MUC-Hardware-/muc_ws_rpi/src/encoder_reader': PYTHONPATH=/home/gnanasai/MUC-Hardware-/build/encoder_reader/prefix_override:/usr/lib/python3/dist-packages/colcon_core/task/python/colcon_distutils_commands:/home/gnanasai/MUC-Hardware-/install/encoder_reader/lib/python3.10/site-packages:${PYTHONPATH} /usr/bin/python3 -W ignore:setup.py install is deprecated -W ignore:easy_install command is deprecated setup.py egg_info --egg-base ../../../build/encoder_reader build --build-base /home/gnanasai/MUC-Hardware-/build/encoder_reader/build install --record /home/gnanasai/MUC-Hardware-/build/encoder_reader/install.log --single-version-externally-managed install_data
[0.944s] running egg_info
[0.945s] creating ../../../build/encoder_reader/encoder_reader.egg-info
[0.946s] writing ../../../build/encoder_reader/encoder_reader.egg-info/PKG-INFO
[0.946s] writing dependency_links to ../../../build/encoder_reader/encoder_reader.egg-info/dependency_links.txt
[0.946s] writing entry points to ../../../build/encoder_reader/encoder_reader.egg-info/entry_points.txt
[0.946s] writing requirements to ../../../build/encoder_reader/encoder_reader.egg-info/requires.txt
[0.946s] writing top-level names to ../../../build/encoder_reader/encoder_reader.egg-info/top_level.txt
[0.946s] writing manifest file '../../../build/encoder_reader/encoder_reader.egg-info/SOURCES.txt'
[0.947s] reading manifest file '../../../build/encoder_reader/encoder_reader.egg-info/SOURCES.txt'
[0.948s] writing manifest file '../../../build/encoder_reader/encoder_reader.egg-info/SOURCES.txt'
[0.948s] running build
[0.948s] running build_py
[0.948s] creating /home/gnanasai/MUC-Hardware-/build/encoder_reader/build
[0.948s] creating /home/gnanasai/MUC-Hardware-/build/encoder_reader/build/lib
[0.949s] creating /home/gnanasai/MUC-Hardware-/build/encoder_reader/build/lib/encoder_reader
[0.949s] copying encoder_reader/__init__.py -> /home/gnanasai/MUC-Hardware-/build/encoder_reader/build/lib/encoder_reader
[0.949s] copying encoder_reader/encoder_reader_node.py -> /home/gnanasai/MUC-Hardware-/build/encoder_reader/build/lib/encoder_reader
[0.949s] running install
[0.950s] running install_lib
[0.951s] creating /home/gnanasai/MUC-Hardware-/install/encoder_reader/lib/python3.10/site-packages/encoder_reader
[0.951s] copying /home/gnanasai/MUC-Hardware-/build/encoder_reader/build/lib/encoder_reader/__init__.py -> /home/gnanasai/MUC-Hardware-/install/encoder_reader/lib/python3.10/site-packages/encoder_reader
[0.951s] copying /home/gnanasai/MUC-Hardware-/build/encoder_reader/build/lib/encoder_reader/encoder_reader_node.py -> /home/gnanasai/MUC-Hardware-/install/encoder_reader/lib/python3.10/site-packages/encoder_reader
[0.951s] byte-compiling /home/gnanasai/MUC-Hardware-/install/encoder_reader/lib/python3.10/site-packages/encoder_reader/__init__.py to __init__.cpython-310.pyc
[0.952s] byte-compiling /home/gnanasai/MUC-Hardware-/install/encoder_reader/lib/python3.10/site-packages/encoder_reader/encoder_reader_node.py to encoder_reader_node.cpython-310.pyc
[0.952s] running install_data
[0.953s] creating /home/gnanasai/MUC-Hardware-/install/encoder_reader/share/ament_index
[0.953s] creating /home/gnanasai/MUC-Hardware-/install/encoder_reader/share/ament_index/resource_index
[0.953s] creating /home/gnanasai/MUC-Hardware-/install/encoder_reader/share/ament_index/resource_index/packages
[0.953s] copying resource/encoder_reader -> /home/gnanasai/MUC-Hardware-/install/encoder_reader/share/ament_index/resource_index/packages
[0.953s] copying package.xml -> /home/gnanasai/MUC-Hardware-/install/encoder_reader/share/encoder_reader
[0.953s] running install_egg_info
[0.954s] Copying ../../../build/encoder_reader/encoder_reader.egg-info to /home/gnanasai/MUC-Hardware-/install/encoder_reader/lib/python3.10/site-packages/encoder_reader-0.0.0-py3.10.egg-info
[0.954s] running install_scripts
[0.966s] Installing encoder_reader_node script to /home/gnanasai/MUC-Hardware-/install/encoder_reader/lib/encoder_reader
[0.966s] writing list of installed files to '/home/gnanasai/MUC-Hardware-/build/encoder_reader/install.log'
[0.994s] Invoked command in '/home/gnanasai/MUC-Hardware-/muc_ws_rpi/src/encoder_reader' returned '0': PYTHONPATH=/home/gnanasai/MUC-Hardware-/build/encoder_reader/prefix_override:/usr/lib/python3/dist-packages/colcon_core/task/python/colcon_distutils_commands:/home/gnanasai/MUC-Hardware-/install/encoder_reader/lib/python3.10/site-packages:${PYTHONPATH} /usr/bin/python3 -W ignore:setup.py install is deprecated -W ignore:easy_install command is deprecated setup.py egg_info --egg-base ../../../build/encoder_reader build --build-base /home/gnanasai/MUC-Hardware-/build/encoder_reader/build install --record /home/gnanasai/MUC-Hardware-/build/encoder_reader/install.log --single-version-externally-managed install_data
