[1.237s] Invoking command in '/home/gnanasai/MUC-Hardware/muc_ws/src/odom_publisher': PYTHONPATH=/home/gnanasai/MUC-Hardware/muc_ws/build/odom_publisher/prefix_override:/usr/lib/python3/dist-packages/colcon_core/task/python/colcon_distutils_commands:/home/gnanasai/MUC-Hardware/muc_ws/install/odom_publisher/lib/python3.10/site-packages:${PYTHONPATH} /usr/bin/python3 -W ignore:setup.py install is deprecated -W ignore:easy_install command is deprecated setup.py egg_info --egg-base ../../build/odom_publisher build --build-base /home/gnanasai/MUC-Hardware/muc_ws/build/odom_publisher/build install --record /home/gnanasai/MUC-Hardware/muc_ws/build/odom_publisher/install.log --single-version-externally-managed
[1.487s] running egg_info
[1.488s] writing ../../build/odom_publisher/odom_publisher.egg-info/PKG-INFO
[1.488s] writing dependency_links to ../../build/odom_publisher/odom_publisher.egg-info/dependency_links.txt
[1.488s] writing entry points to ../../build/odom_publisher/odom_publisher.egg-info/entry_points.txt
[1.488s] writing requirements to ../../build/odom_publisher/odom_publisher.egg-info/requires.txt
[1.489s] writing top-level names to ../../build/odom_publisher/odom_publisher.egg-info/top_level.txt
[1.490s] reading manifest file '../../build/odom_publisher/odom_publisher.egg-info/SOURCES.txt'
[1.491s] writing manifest file '../../build/odom_publisher/odom_publisher.egg-info/SOURCES.txt'
[1.491s] running build
[1.492s] running build_py
[1.492s] running install
[1.492s] running install_lib
[1.494s] running install_egg_info
[1.497s] removing '/home/gnanasai/MUC-Hardware/muc_ws/install/odom_publisher/lib/python3.10/site-packages/odom_publisher-0.0.0-py3.10.egg-info' (and everything under it)
[1.497s] Copying ../../build/odom_publisher/odom_publisher.egg-info to /home/gnanasai/MUC-Hardware/muc_ws/install/odom_publisher/lib/python3.10/site-packages/odom_publisher-0.0.0-py3.10.egg-info
[1.497s] running install_scripts
[1.523s] Installing odom_publisher_node script to /home/gnanasai/MUC-Hardware/muc_ws/install/odom_publisher/lib/odom_publisher
[1.524s] writing list of installed files to '/home/gnanasai/MUC-Hardware/muc_ws/build/odom_publisher/install.log'
[1.570s] Invoked command in '/home/gnanasai/MUC-Hardware/muc_ws/src/odom_publisher' returned '0': PYTHONPATH=/home/gnanasai/MUC-Hardware/muc_ws/build/odom_publisher/prefix_override:/usr/lib/python3/dist-packages/colcon_core/task/python/colcon_distutils_commands:/home/gnanasai/MUC-Hardware/muc_ws/install/odom_publisher/lib/python3.10/site-packages:${PYTHONPATH} /usr/bin/python3 -W ignore:setup.py install is deprecated -W ignore:easy_install command is deprecated setup.py egg_info --egg-base ../../build/odom_publisher build --build-base /home/gnanasai/MUC-Hardware/muc_ws/build/odom_publisher/build install --record /home/gnanasai/MUC-Hardware/muc_ws/build/odom_publisher/install.log --single-version-externally-managed
