running egg_info
creating ../../build/publish_imu/publish_imu.egg-info
writing ../../build/publish_imu/publish_imu.egg-info/PKG-INFO
writing dependency_links to ../../build/publish_imu/publish_imu.egg-info/dependency_links.txt
writing entry points to ../../build/publish_imu/publish_imu.egg-info/entry_points.txt
writing requirements to ../../build/publish_imu/publish_imu.egg-info/requires.txt
writing top-level names to ../../build/publish_imu/publish_imu.egg-info/top_level.txt
writing manifest file '../../build/publish_imu/publish_imu.egg-info/SOURCES.txt'
reading manifest file '../../build/publish_imu/publish_imu.egg-info/SOURCES.txt'
writing manifest file '../../build/publish_imu/publish_imu.egg-info/SOURCES.txt'
running build
running build_py
creating /home/muc/MUC-Hardware/muc_ws_rpi/build/publish_imu/build
creating /home/muc/MUC-Hardware/muc_ws_rpi/build/publish_imu/build/lib
creating /home/muc/MUC-Hardware/muc_ws_rpi/build/publish_imu/build/lib/publish_imu
copying publish_imu/__init__.py -> /home/muc/MUC-Hardware/muc_ws_rpi/build/publish_imu/build/lib/publish_imu
copying publish_imu/imu_publisher.py -> /home/muc/MUC-Hardware/muc_ws_rpi/build/publish_imu/build/lib/publish_imu
running install
running install_lib
creating /home/muc/MUC-Hardware/muc_ws_rpi/install/publish_imu/lib/python3.10/site-packages/publish_imu
copying /home/muc/MUC-Hardware/muc_ws_rpi/build/publish_imu/build/lib/publish_imu/__init__.py -> /home/muc/MUC-Hardware/muc_ws_rpi/install/publish_imu/lib/python3.10/site-packages/publish_imu
copying /home/muc/MUC-Hardware/muc_ws_rpi/build/publish_imu/build/lib/publish_imu/imu_publisher.py -> /home/muc/MUC-Hardware/muc_ws_rpi/install/publish_imu/lib/python3.10/site-packages/publish_imu
byte-compiling /home/muc/MUC-Hardware/muc_ws_rpi/install/publish_imu/lib/python3.10/site-packages/publish_imu/__init__.py to __init__.cpython-310.pyc
byte-compiling /home/muc/MUC-Hardware/muc_ws_rpi/install/publish_imu/lib/python3.10/site-packages/publish_imu/imu_publisher.py to imu_publisher.cpython-310.pyc
running install_data
creating /home/muc/MUC-Hardware/muc_ws_rpi/install/publish_imu/share/ament_index
creating /home/muc/MUC-Hardware/muc_ws_rpi/install/publish_imu/share/ament_index/resource_index
creating /home/muc/MUC-Hardware/muc_ws_rpi/install/publish_imu/share/ament_index/resource_index/packages
copying resource/publish_imu -> /home/muc/MUC-Hardware/muc_ws_rpi/install/publish_imu/share/ament_index/resource_index/packages
copying package.xml -> /home/muc/MUC-Hardware/muc_ws_rpi/install/publish_imu/share/publish_imu
creating /home/muc/MUC-Hardware/muc_ws_rpi/install/publish_imu/share/publish_imu/launch
