[5.733s] Invoking command in '/home/muc/MUC-Hardware/muc_ws_rpi/src/publish_imu': PYTHONPATH=/home/muc/MUC-Hardware/muc_ws_rpi/build/publish_imu/prefix_override:/usr/lib/python3/dist-packages/colcon_core/task/python/colcon_distutils_commands:/home/muc/MUC-Hardware/muc_ws_rpi/install/publish_imu/lib/python3.10/site-packages:${PYTHONPATH} /usr/bin/python3 -W ignore:setup.py install is deprecated setup.py egg_info --egg-base ../../build/publish_imu build --build-base /home/muc/MUC-Hardware/muc_ws_rpi/build/publish_imu/build install --record /home/muc/MUC-Hardware/muc_ws_rpi/build/publish_imu/install.log --single-version-externally-managed install_data
[7.059s] running egg_info
[7.061s] creating ../../build/publish_imu/publish_imu.egg-info
[7.062s] writing ../../build/publish_imu/publish_imu.egg-info/PKG-INFO
[7.064s] writing dependency_links to ../../build/publish_imu/publish_imu.egg-info/dependency_links.txt
[7.067s] writing entry points to ../../build/publish_imu/publish_imu.egg-info/entry_points.txt
[7.068s] writing requirements to ../../build/publish_imu/publish_imu.egg-info/requires.txt
[7.069s] writing top-level names to ../../build/publish_imu/publish_imu.egg-info/top_level.txt
[7.070s] writing manifest file '../../build/publish_imu/publish_imu.egg-info/SOURCES.txt'
[7.077s] reading manifest file '../../build/publish_imu/publish_imu.egg-info/SOURCES.txt'
[7.080s] writing manifest file '../../build/publish_imu/publish_imu.egg-info/SOURCES.txt'
[7.081s] running build
[7.081s] running build_py
[7.082s] creating /home/muc/MUC-Hardware/muc_ws_rpi/build/publish_imu/build
[7.083s] creating /home/muc/MUC-Hardware/muc_ws_rpi/build/publish_imu/build/lib
[7.083s] creating /home/muc/MUC-Hardware/muc_ws_rpi/build/publish_imu/build/lib/publish_imu
[7.084s] copying publish_imu/__init__.py -> /home/muc/MUC-Hardware/muc_ws_rpi/build/publish_imu/build/lib/publish_imu
[7.085s] copying publish_imu/imu_publisher.py -> /home/muc/MUC-Hardware/muc_ws_rpi/build/publish_imu/build/lib/publish_imu
[7.086s] running install
[7.086s] running install_lib
[7.091s] creating /home/muc/MUC-Hardware/muc_ws_rpi/install/publish_imu/lib/python3.10/site-packages/publish_imu
[7.092s] copying /home/muc/MUC-Hardware/muc_ws_rpi/build/publish_imu/build/lib/publish_imu/__init__.py -> /home/muc/MUC-Hardware/muc_ws_rpi/install/publish_imu/lib/python3.10/site-packages/publish_imu
[7.093s] copying /home/muc/MUC-Hardware/muc_ws_rpi/build/publish_imu/build/lib/publish_imu/imu_publisher.py -> /home/muc/MUC-Hardware/muc_ws_rpi/install/publish_imu/lib/python3.10/site-packages/publish_imu
[7.097s] byte-compiling /home/muc/MUC-Hardware/muc_ws_rpi/install/publish_imu/lib/python3.10/site-packages/publish_imu/__init__.py to __init__.cpython-310.pyc
[7.099s] byte-compiling /home/muc/MUC-Hardware/muc_ws_rpi/install/publish_imu/lib/python3.10/site-packages/publish_imu/imu_publisher.py to imu_publisher.cpython-310.pyc
[7.101s] running install_data
[7.102s] creating /home/muc/MUC-Hardware/muc_ws_rpi/install/publish_imu/share/ament_index
[7.102s] creating /home/muc/MUC-Hardware/muc_ws_rpi/install/publish_imu/share/ament_index/resource_index
[7.103s] creating /home/muc/MUC-Hardware/muc_ws_rpi/install/publish_imu/share/ament_index/resource_index/packages
[7.104s] copying resource/publish_imu -> /home/muc/MUC-Hardware/muc_ws_rpi/install/publish_imu/share/ament_index/resource_index/packages
[7.104s] copying package.xml -> /home/muc/MUC-Hardware/muc_ws_rpi/install/publish_imu/share/publish_imu
[7.105s] creating /home/muc/MUC-Hardware/muc_ws_rpi/install/publish_imu/share/publish_imu/launch
[7.107s] error: can't copy 'launch/imu_publisher.launch.py': doesn't exist or not a regular file
[7.233s] Invoked command in '/home/muc/MUC-Hardware/muc_ws_rpi/src/publish_imu' returned '1': PYTHONPATH=/home/muc/MUC-Hardware/muc_ws_rpi/build/publish_imu/prefix_override:/usr/lib/python3/dist-packages/colcon_core/task/python/colcon_distutils_commands:/home/muc/MUC-Hardware/muc_ws_rpi/install/publish_imu/lib/python3.10/site-packages:${PYTHONPATH} /usr/bin/python3 -W ignore:setup.py install is deprecated setup.py egg_info --egg-base ../../build/publish_imu build --build-base /home/muc/MUC-Hardware/muc_ws_rpi/build/publish_imu/build install --record /home/muc/MUC-Hardware/muc_ws_rpi/build/publish_imu/install.log --single-version-externally-managed install_data
