[5.572s] Invoking command in '/home/muc/MUC-Hardware/muc_ws/src/publish_pwm_values': PYTHONPATH=/home/muc/MUC-Hardware/muc_ws/build/publish_pwm_values/prefix_override:/usr/lib/python3/dist-packages/colcon_core/task/python/colcon_distutils_commands:/home/muc/MUC-Hardware/muc_ws/install/publish_pwm_values/lib/python3.10/site-packages:${PYTHONPATH} /usr/bin/python3 -W ignore:setup.py install is deprecated setup.py egg_info --egg-base ../../build/publish_pwm_values build --build-base /home/muc/MUC-Hardware/muc_ws/build/publish_pwm_values/build install --record /home/muc/MUC-Hardware/muc_ws/build/publish_pwm_values/install.log --single-version-externally-managed install_data
[6.989s] running egg_info
[6.992s] writing ../../build/publish_pwm_values/publish_pwm_values.egg-info/PKG-INFO
[6.994s] writing dependency_links to ../../build/publish_pwm_values/publish_pwm_values.egg-info/dependency_links.txt
[6.995s] writing entry points to ../../build/publish_pwm_values/publish_pwm_values.egg-info/entry_points.txt
[6.996s] writing requirements to ../../build/publish_pwm_values/publish_pwm_values.egg-info/requires.txt
[6.997s] writing top-level names to ../../build/publish_pwm_values/publish_pwm_values.egg-info/top_level.txt
[7.005s] reading manifest file '../../build/publish_pwm_values/publish_pwm_values.egg-info/SOURCES.txt'
[7.011s] writing manifest file '../../build/publish_pwm_values/publish_pwm_values.egg-info/SOURCES.txt'
[7.011s] running build
[7.012s] running build_py
[7.013s] running install
[7.015s] running install_lib
[7.022s] running install_data
[7.023s] running install_egg_info
[7.032s] removing '/home/muc/MUC-Hardware/muc_ws/install/publish_pwm_values/lib/python3.10/site-packages/publish_pwm_values-0.0.0-py3.10.egg-info' (and everything under it)
[7.035s] Copying ../../build/publish_pwm_values/publish_pwm_values.egg-info to /home/muc/MUC-Hardware/muc_ws/install/publish_pwm_values/lib/python3.10/site-packages/publish_pwm_values-0.0.0-py3.10.egg-info
[7.043s] running install_scripts
[7.202s] Installing publish_pwm_values script to /home/muc/MUC-Hardware/muc_ws/install/publish_pwm_values/lib/publish_pwm_values
[7.213s] writing list of installed files to '/home/muc/MUC-Hardware/muc_ws/build/publish_pwm_values/install.log'
[7.447s] Invoked command in '/home/muc/MUC-Hardware/muc_ws/src/publish_pwm_values' returned '0': PYTHONPATH=/home/muc/MUC-Hardware/muc_ws/build/publish_pwm_values/prefix_override:/usr/lib/python3/dist-packages/colcon_core/task/python/colcon_distutils_commands:/home/muc/MUC-Hardware/muc_ws/install/publish_pwm_values/lib/python3.10/site-packages:${PYTHONPATH} /usr/bin/python3 -W ignore:setup.py install is deprecated setup.py egg_info --egg-base ../../build/publish_pwm_values build --build-base /home/muc/MUC-Hardware/muc_ws/build/publish_pwm_values/build install --record /home/muc/MUC-Hardware/muc_ws/build/publish_pwm_values/install.log --single-version-externally-managed install_data
